Input ellipse file:  n5128_op_overmos_sky_gauss5_logscale.ell
Excluded data:  [[47.916018612, 188.52023559600002]]
Axis Used:  maj
x-Axis units: pixel
pixels to arcsec scale:  1.2232836
Settings.zeropoint:  17.25585
Sky RMS:  0.03
Delta:  0.0219896142543
Convolution done?  True
PSF:  gaussian
Fit weighted with errors?  False
--------------------------------------------
Results from fit:
--------------------------------------------
Number of iterations: 70
Chisq:  0.000143317261701
Reduced chisq:  2.51433792459e-06
N_free:  57
Component 1: sersic.
R_e [pixel] =  60.05 +/- 2.98 	[initial value = 60.0 ]
mu_e [mag/pixel^2] =  15.70 +/- 0.06 	 [initial value = 15.7 ]
n =  1.20 +/- 0.08        [initial value = 1.3 ]
b_n =  2.08
m_tot [mag] =  4.03

Component 2: disc.
h [pixel] =  256.50 +/- 0.00        [initial value = 256.5 ]
mu_0 [mag/pixel^2] =  17.09 +/- 0.00 	 [initial value = 17.09 ]
m_tot [mag] =  3.05

Component 4: gaussian.
fwhm [pixel] =  21.75 +/- 0.80 	 [initial value = 13.0 ]
mu_0 [mag/pixel^2] =  13.66 +/- 0.15 	[initial value = 13.0 ]
m_tot [mag] =  6.84

--------------------------------------------
--------------------------------------------

Input ellipse file:  n5128_op_overmos_sky_gauss5_logscale.ell
Excluded data:  [[47.916018612, 188.52023559600002]]
Axis Used:  eq
x-Axis units: pixel
pixels to arcsec scale:  1.2232836
Settings.zeropoint:  17.25585
Sky RMS:  0.03
Delta:  0.109797569605
Convolution done?  True
PSF:  gaussian
Fit weighted with errors?  False
--------------------------------------------
Results from fit:
--------------------------------------------
Number of iterations: 72
Chisq:  0.0117398704933
Reduced chisq:  0.000205962640234
N_free:  57
Component 1: sersic.
R_e [pixel] =  49.47 +/- 0.00 	[initial value = 61.0 ]
mu_e [mag/pixel^2] =  15.42 +/- 0.00 	 [initial value = 16.0 ]
n =  1.50 +/- 0.00        [initial value = 2.2 ]
b_n =  2.68
m_tot [mag] =  4.06

Component 2: disc.
h [pixel] =  218.90 +/- 0.00        [initial value = 218.9 ]
mu_0 [mag/pixel^2] =  17.13 +/- 0.00 	 [initial value = 17.13 ]
m_tot [mag] =  3.43

Component 4: gaussian.
fwhm [pixel] =  22.28 +/- 0.00 	 [initial value = 4.0 ]
mu_0 [mag/pixel^2] =  27.17 +/- 0.00 	[initial value = 14.3 ]
m_tot [mag] =  20.29

--------------------------------------------
--------------------------------------------

Input ellipse file:  n5128_op_overmos_sky_gauss5_logscale.ell
Excluded data:  [[47.916018612, 188.52023559600002]]
Axis Used:  maj
x-Axis units: pixel
pixels to arcsec scale:  1.2232836
Settings.zeropoint:  17.25585
Sky RMS:  0.03
Delta:  0.0217356462062
Convolution done?  True
PSF:  moffat
Fit weighted with errors?  False
--------------------------------------------
Results from fit:
--------------------------------------------
Number of iterations: 85
Chisq:  0.00014304691629
Reduced chisq:  2.50959502264e-06
N_free:  57
Component 1: sersic.
R_e [pixel] =  59.88 +/- 3.02 	[initial value = 60.0 ]
mu_e [mag/pixel^2] =  15.70 +/- 0.06 	 [initial value = 15.7 ]
n =  1.21 +/- 0.08        [initial value = 1.3 ]
b_n =  2.09
m_tot [mag] =  4.03

Component 2: disc.
h [pixel] =  256.50 +/- 0.00        [initial value = 256.5 ]
mu_0 [mag/pixel^2] =  17.09 +/- 0.00 	 [initial value = 17.09 ]
m_tot [mag] =  3.05

Component 4: gaussian.
fwhm [pixel] =  21.71 +/- 0.86 	 [initial value = 13.0 ]
mu_0 [mag/pixel^2] =  13.68 +/- 0.16 	[initial value = 13.0 ]
m_tot [mag] =  6.86

--------------------------------------------
--------------------------------------------

Input ellipse file:  n5128_op_overmos_sky_gauss5_logscale.ell
Excluded data:  [[47.916018612, 188.52023559600002]]
Axis Used:  eq
x-Axis units: pixel
pixels to arcsec scale:  1.2232836
Settings.zeropoint:  17.25585
Sky RMS:  0.03
Delta:  0.10784021318
Convolution done?  True
PSF:  moffat
Fit weighted with errors?  False
--------------------------------------------
Results from fit:
--------------------------------------------
Number of iterations: 72
Chisq:  0.0110229351915
Reduced chisq:  0.000193384827921
N_free:  57
Component 1: sersic.
R_e [pixel] =  49.71 +/- 0.00 	[initial value = 61.0 ]
mu_e [mag/pixel^2] =  15.43 +/- 0.00 	 [initial value = 16.0 ]
n =  1.51 +/- 0.00        [initial value = 2.2 ]
b_n =  2.69
m_tot [mag] =  4.06

Component 2: disc.
h [pixel] =  218.90 +/- 0.00        [initial value = 218.9 ]
mu_0 [mag/pixel^2] =  17.13 +/- 0.00 	 [initial value = 17.13 ]
m_tot [mag] =  3.43

Component 4: gaussian.
fwhm [pixel] =  23.90 +/- 0.00 	 [initial value = 4.0 ]
mu_0 [mag/pixel^2] =  28.55 +/- 0.00 	[initial value = 14.3 ]
m_tot [mag] =  21.52

--------------------------------------------
--------------------------------------------

Input ellipse file:  n5128_op_overmos_sky_gauss5_combscale.ell
Excluded data:  [[47.916018612, 188.52023559600002]]
Axis Used:  maj
x-Axis units: pixel
pixels to arcsec scale:  1.2232836
Settings.zeropoint:  17.25585
Sky RMS:  0.03
Delta:  0.0331342931717
Convolution done?  True
PSF:  gaussian
Fit weighted with errors?  False
--------------------------------------------
Results from fit:
--------------------------------------------
Number of iterations: 82
Chisq:  0.00400639133786
Reduced chisq:  6.07950127141e-06
N_free:  659
Component 1: sersic.
R_e [pixel] =  61.44 +/- 1.96 	[initial value = 60.0 ]
mu_e [mag/pixel^2] =  15.72 +/- 0.03 	 [initial value = 15.7 ]
n =  1.15 +/- 0.08        [initial value = 1.3 ]
b_n =  1.97
m_tot [mag] =  4.02

Component 2: disc.
h [pixel] =  256.50 +/- 0.00        [initial value = 256.5 ]
mu_0 [mag/pixel^2] =  17.09 +/- 0.00 	 [initial value = 17.09 ]
m_tot [mag] =  3.05

Component 4: gaussian.
fwhm [pixel] =  22.11 +/- 0.94 	 [initial value = 13.0 ]
mu_0 [mag/pixel^2] =  13.58 +/- 0.12 	[initial value = 13.0 ]
m_tot [mag] =  6.72

--------------------------------------------
--------------------------------------------

Input ellipse file:  n5128_op_overmos_sky_gauss5_logscale.ell
Excluded data:  [[47.916018612, 188.52023559600002]]
Axis Used:  maj
x-Axis units: pixel
pixels to arcsec scale:  1.2232836
Smoothing:  True sigma =  5.0
Zeropoint:  17.25585
Sky RMS:  0.03
Delta:  0.0257330098873
Convolution done?  True
PSF:  gaussian
Fit weighted with errors?  False
--------------------------------------------
Results from fit:
--------------------------------------------
Number of iterations: 83
Chisq:  0.000154708039669
Reduced chisq:  2.71417613454e-06
N_free:  57
Component 1: sersic.
R_e [pixel] =  60.30 +/- 2.46 	[initial value = 60.0 ]
mu_e [mag/pixel^2] =  15.76 +/- 0.06 	 [initial value = 15.7 ]
n =  1.22 +/- 0.05        [initial value = 1.3 ]
b_n =  2.13
m_tot [mag] =  4.07

Component 2: disc.
h [pixel] =  256.50 +/- 0.00        [initial value = 256.5 ]
mu_0 [mag/pixel^2] =  17.09 +/- 0.00 	 [initial value = 17.09 ]
m_tot [mag] =  3.05

Component 4: gaussian.
fwhm [pixel] =  2.06 +/- 0.64 	 [initial value = 13.0 ]
mu_0 [mag/pixel^2] =  11.81 +/- 0.55 	[initial value = 13.0 ]
m_tot [mag] =  10.11

--------------------------------------------
--------------------------------------------

Input ellipse file:  n5128_op_overmos_sky_gauss5_logscale.ell
Excluded data:  [[47.916018612, 188.52023559600002]]
Axis Used:  eq
x-Axis units: pixel
pixels to arcsec scale:  1.2232836
Smoothing:  True sigma =  5.0
Zeropoint:  17.25585
Sky RMS:  0.03
Delta:  0.0247620599601
Convolution done?  True
PSF:  gaussian
Fit weighted with errors?  False
--------------------------------------------
Results from fit:
--------------------------------------------
Number of iterations: 100
Chisq:  8.97536328561e-05
Reduced chisq:  1.57462513783e-06
N_free:  57
Component 1: sersic.
R_e [pixel] =  68.41 +/- 1.06 	[initial value = 61.0 ]
mu_e [mag/pixel^2] =  16.08 +/- 0.03 	 [initial value = 16.0 ]
n =  1.53 +/- 0.04        [initial value = 2.2 ]
b_n =  2.73
m_tot [mag] =  4.01

Component 2: disc.
h [pixel] =  218.90 +/- 0.00        [initial value = 218.9 ]
mu_0 [mag/pixel^2] =  17.13 +/- 0.00 	 [initial value = 17.13 ]
m_tot [mag] =  3.43

Component 4: gaussian.
fwhm [pixel] =  1.79 +/- 0.67 	 [initial value = 4.0 ]
mu_0 [mag/pixel^2] =  12.06 +/- 0.62 	[initial value = 14.3 ]
m_tot [mag] =  10.65

--------------------------------------------
--------------------------------------------

Input ellipse file:  n5128_op_overmos_sky_gauss5_logscale.ell
Excluded data:  [[47.916018612, 188.52023559600002]]
Axis Used:  maj
x-Axis units: pixel
pixels to arcsec scale:  1.2232836
Smoothing:  True sigma =  5.0
Zeropoint:  17.25585
Sky RMS:  0.03
Delta:  0.0263620859865
Convolution done?  True
PSF:  moffat
Fit weighted with errors?  False
--------------------------------------------
Results from fit:
--------------------------------------------
Number of iterations: 82
Chisq:  0.000157954512259
Reduced chisq:  2.77113179401e-06
N_free:  57
Component 1: sersic.
R_e [pixel] =  60.49 +/- 2.52 	[initial value = 60.0 ]
mu_e [mag/pixel^2] =  15.76 +/- 0.06 	 [initial value = 15.7 ]
n =  1.22 +/- 0.05        [initial value = 1.3 ]
b_n =  2.11
m_tot [mag] =  4.07

Component 2: disc.
h [pixel] =  256.50 +/- 0.00        [initial value = 256.5 ]
mu_0 [mag/pixel^2] =  17.09 +/- 0.00 	 [initial value = 17.09 ]
m_tot [mag] =  3.05

Component 4: gaussian.
fwhm [pixel] =  2.24 +/- 0.82 	 [initial value = 13.0 ]
mu_0 [mag/pixel^2] =  11.95 +/- 0.60 	[initial value = 13.0 ]
m_tot [mag] =  10.06

--------------------------------------------
--------------------------------------------

Input ellipse file:  n5128_op_overmos_sky_gauss5_logscale.ell
Excluded data:  [[47.916018612, 188.52023559600002]]
Axis Used:  eq
x-Axis units: pixel
pixels to arcsec scale:  1.2232836
Smoothing:  True sigma =  5.0
Zeropoint:  17.25585
Sky RMS:  0.03
Delta:  0.025252957386
Convolution done?  True
PSF:  moffat
Fit weighted with errors?  False
--------------------------------------------
Results from fit:
--------------------------------------------
Number of iterations: 115
Chisq:  9.26673893799e-05
Reduced chisq:  1.62574367333e-06
N_free:  57
Component 1: sersic.
R_e [pixel] =  68.59 +/- 1.04 	[initial value = 61.0 ]
mu_e [mag/pixel^2] =  16.09 +/- 0.03 	 [initial value = 16.0 ]
n =  1.52 +/- 0.04        [initial value = 2.2 ]
b_n =  2.72
m_tot [mag] =  4.01

Component 2: disc.
h [pixel] =  218.90 +/- 0.00        [initial value = 218.9 ]
mu_0 [mag/pixel^2] =  17.13 +/- 0.00 	 [initial value = 17.13 ]
m_tot [mag] =  3.43

Component 4: gaussian.
fwhm [pixel] =  1.82 +/- 0.74 	 [initial value = 4.0 ]
mu_0 [mag/pixel^2] =  12.09 +/- 0.65 	[initial value = 14.3 ]
m_tot [mag] =  10.64

--------------------------------------------
--------------------------------------------

Input ellipse file:  n5128_op_overmos_sky_gauss5_combscale.ell
Excluded data:  [[47.916018612, 188.52023559600002]]
Axis Used:  maj
x-Axis units: pixel
pixels to arcsec scale:  1.2232836
Smoothing:  True sigma =  5.0
Zeropoint:  17.25585
Sky RMS:  0.03
Delta:  0.0346641119934
Convolution done?  True
PSF:  gaussian
Fit weighted with errors?  False
--------------------------------------------
Results from fit:
--------------------------------------------
Number of iterations: 67
Chisq:  0.00085652022939
Reduced chisq:  6.74425377473e-06
N_free:  127
Component 1: sersic.
R_e [pixel] =  61.27 +/- 4.06 	[initial value = 60.0 ]
mu_e [mag/pixel^2] =  15.73 +/- 0.06 	 [initial value = 15.7 ]
n =  1.17 +/- 0.18        [initial value = 1.3 ]
b_n =  2.02
m_tot [mag] =  4.03

Component 2: disc.
h [pixel] =  256.50 +/- 0.00        [initial value = 256.5 ]
mu_0 [mag/pixel^2] =  17.09 +/- 0.00 	 [initial value = 17.09 ]
m_tot [mag] =  3.05

Component 4: gaussian.
fwhm [pixel] =  14.68 +/- 3.90 	 [initial value = 13.0 ]
mu_0 [mag/pixel^2] =  13.01 +/- 0.25 	[initial value = 13.0 ]
m_tot [mag] =  7.04

--------------------------------------------
--------------------------------------------

Input ellipse file:  n5128_op_overmos_sky_gauss5_combscale.ell
Excluded data:  [[47.916018612, 188.52023559600002]]
Axis Used:  eq
x-Axis units: pixel
pixels to arcsec scale:  1.2232836
Smoothing:  True sigma =  5.0
Zeropoint:  17.25585
Sky RMS:  0.03
Delta:  0.0301761323691
Convolution done?  True
PSF:  gaussian
Fit weighted with errors?  False
--------------------------------------------
Results from fit:
--------------------------------------------
Number of iterations: 68
Chisq:  0.000307591855532
Reduced chisq:  2.42198311442e-06
N_free:  127
Component 1: sersic.
R_e [pixel] =  60.76 +/- 0.91 	[initial value = 61.0 ]
mu_e [mag/pixel^2] =  16.01 +/- 0.03 	 [initial value = 16.0 ]
n =  2.20 +/- 0.07        [initial value = 2.2 ]
b_n =  4.07
m_tot [mag] =  4.01

Component 2: disc.
h [pixel] =  218.90 +/- 0.00        [initial value = 218.9 ]
mu_0 [mag/pixel^2] =  17.13 +/- 0.00 	 [initial value = 17.13 ]
m_tot [mag] =  3.43

Component 4: gaussian.
fwhm [pixel] =  1.39 +/- 171.20 	 [initial value = 4.0 ]
mu_0 [mag/pixel^2] =  11.04 +/- 477.41 	[initial value = 14.3 ]
m_tot [mag] =  10.18

--------------------------------------------
--------------------------------------------

Input ellipse file:  n5128_op_overmos_sky_gauss5_combscale.ell
Excluded data:  [[47.916018612, 188.52023559600002]]
Axis Used:  maj
x-Axis units: pixel
pixels to arcsec scale:  1.2232836
Smoothing:  True sigma =  5.0
Zeropoint:  17.25585
Sky RMS:  0.03
Delta:  0.0346624059453
Convolution done?  True
PSF:  moffat
Fit weighted with errors?  False
--------------------------------------------
Results from fit:
--------------------------------------------
Number of iterations: 73
Chisq:  0.000856523659764
Reduced chisq:  6.74428078555e-06
N_free:  127
Component 1: sersic.
R_e [pixel] =  61.31 +/- 4.06 	[initial value = 60.0 ]
mu_e [mag/pixel^2] =  15.73 +/- 0.06 	 [initial value = 15.7 ]
n =  1.17 +/- 0.18        [initial value = 1.3 ]
b_n =  2.02
m_tot [mag] =  4.03

Component 2: disc.
h [pixel] =  256.50 +/- 0.00        [initial value = 256.5 ]
mu_0 [mag/pixel^2] =  17.09 +/- 0.00 	 [initial value = 17.09 ]
m_tot [mag] =  3.05

Component 4: gaussian.
fwhm [pixel] =  14.66 +/- 3.89 	 [initial value = 13.0 ]
mu_0 [mag/pixel^2] =  13.01 +/- 0.25 	[initial value = 13.0 ]
m_tot [mag] =  7.04

--------------------------------------------
--------------------------------------------

Input ellipse file:  n5128_op_overmos_sky_gauss5_combscale.ell
Excluded data:  [[47.916018612, 188.52023559600002]]
Axis Used:  eq
x-Axis units: pixel
pixels to arcsec scale:  1.2232836
Smoothing:  True sigma =  5.0
Zeropoint:  17.25585
Sky RMS:  0.03
Delta:  0.0301882991548
Convolution done?  True
PSF:  moffat
Fit weighted with errors?  False
--------------------------------------------
Results from fit:
--------------------------------------------
Number of iterations: 59
Chisq:  0.000307728545589
Reduced chisq:  2.42305941409e-06
N_free:  127
Component 1: sersic.
R_e [pixel] =  60.78 +/- 1.11 	[initial value = 61.0 ]
mu_e [mag/pixel^2] =  16.01 +/- 0.03 	 [initial value = 16.0 ]
n =  2.20 +/- 0.08        [initial value = 2.2 ]
b_n =  4.07
m_tot [mag] =  4.01

Component 2: disc.
h [pixel] =  218.90 +/- 0.00        [initial value = 218.9 ]
mu_0 [mag/pixel^2] =  17.13 +/- 0.00 	 [initial value = 17.13 ]
m_tot [mag] =  3.43

Component 4: gaussian.
fwhm [pixel] =  2.33 +/- 131.84 	 [initial value = 4.0 ]
mu_0 [mag/pixel^2] =  12.43 +/- 113.98 	[initial value = 14.3 ]
m_tot [mag] =  10.46

--------------------------------------------
--------------------------------------------

Input ellipse file:  n5128_op_overmos_sky_gauss5_logscale.ell
Excluded data:  [[47.916018612, 188.52023559600002]]
Axis Used:  maj
x-Axis units: pixel
pixels to arcsec scale:  1.2232836
Smoothing:  True sigma =  5.0
Zeropoint:  17.25585
Sky RMS:  0.03
Delta:  0.0257330098873
Convolution done?  True
PSF:  gaussian
Fit weighted with errors?  False
--------------------------------------------
Results from fit:
--------------------------------------------
Number of iterations: 83
Chisq:  0.000154708039669
Reduced chisq:  2.71417613454e-06
N_free:  57
Component 1: sersic.
R_e [pixel] =  60.30 +/- 2.46 	[initial value = 60.0 ]
mu_e [mag/pixel^2] =  15.76 +/- 0.06 	 [initial value = 15.7 ]
n =  1.22 +/- 0.05        [initial value = 1.3 ]
b_n =  2.13
m_tot [mag] =  4.07

Component 2: disc.
h [pixel] =  256.50 +/- 0.00        [initial value = 256.5 ]
mu_0 [mag/pixel^2] =  17.09 +/- 0.00 	 [initial value = 17.09 ]
m_tot [mag] =  3.05

Component 4: gaussian.
fwhm [pixel] =  2.06 +/- 0.64 	 [initial value = 13.0 ]
mu_0 [mag/pixel^2] =  11.81 +/- 0.55 	[initial value = 13.0 ]
m_tot [mag] =  10.11

--------------------------------------------
--------------------------------------------

Input ellipse file:  n5128_op_overmos_sky_gauss5_logscale.ell
Excluded data:  [[47.916018612, 188.52023559600002]]
Axis Used:  eq
x-Axis units: pixel
pixels to arcsec scale:  1.2232836
Smoothing:  True sigma =  5.0
Zeropoint:  17.25585
Sky RMS:  0.03
Delta:  0.0247620599601
Convolution done?  True
PSF:  gaussian
Fit weighted with errors?  False
--------------------------------------------
Results from fit:
--------------------------------------------
Number of iterations: 100
Chisq:  8.97536328561e-05
Reduced chisq:  1.57462513783e-06
N_free:  57
Component 1: sersic.
R_e [pixel] =  68.41 +/- 1.06 	[initial value = 61.0 ]
mu_e [mag/pixel^2] =  16.08 +/- 0.03 	 [initial value = 16.0 ]
n =  1.53 +/- 0.04        [initial value = 2.2 ]
b_n =  2.73
m_tot [mag] =  4.01

Component 2: disc.
h [pixel] =  218.90 +/- 0.00        [initial value = 218.9 ]
mu_0 [mag/pixel^2] =  17.13 +/- 0.00 	 [initial value = 17.13 ]
m_tot [mag] =  3.43

Component 4: gaussian.
fwhm [pixel] =  1.79 +/- 0.67 	 [initial value = 4.0 ]
mu_0 [mag/pixel^2] =  12.06 +/- 0.62 	[initial value = 14.3 ]
m_tot [mag] =  10.65

--------------------------------------------
--------------------------------------------

Input ellipse file:  n5128_op_overmos_sky_gauss5_logscale.ell
Excluded data:  [[47.916018612, 188.52023559600002]]
Axis Used:  maj
x-Axis units: pixel
pixels to arcsec scale:  1.2232836
Smoothing:  True sigma =  5.0
Zeropoint:  17.25585
Sky RMS:  0.03
Delta:  0.0263620859865
Convolution done?  True
PSF:  moffat
Fit weighted with errors?  False
--------------------------------------------
Results from fit:
--------------------------------------------
Number of iterations: 82
Chisq:  0.000157954512259
Reduced chisq:  2.77113179401e-06
N_free:  57
Component 1: sersic.
R_e [pixel] =  60.49 +/- 2.52 	[initial value = 60.0 ]
mu_e [mag/pixel^2] =  15.76 +/- 0.06 	 [initial value = 15.7 ]
n =  1.22 +/- 0.05        [initial value = 1.3 ]
b_n =  2.11
m_tot [mag] =  4.07

Component 2: disc.
h [pixel] =  256.50 +/- 0.00        [initial value = 256.5 ]
mu_0 [mag/pixel^2] =  17.09 +/- 0.00 	 [initial value = 17.09 ]
m_tot [mag] =  3.05

Component 4: gaussian.
fwhm [pixel] =  2.24 +/- 0.82 	 [initial value = 13.0 ]
mu_0 [mag/pixel^2] =  11.95 +/- 0.60 	[initial value = 13.0 ]
m_tot [mag] =  10.06

--------------------------------------------
--------------------------------------------

Input ellipse file:  n5128_op_overmos_sky_gauss5_logscale.ell
Excluded data:  [[47.916018612, 188.52023559600002]]
Axis Used:  eq
x-Axis units: pixel
pixels to arcsec scale:  1.2232836
Smoothing:  True sigma =  5.0
Zeropoint:  17.25585
Sky RMS:  0.03
Delta:  0.025252957386
Convolution done?  True
PSF:  moffat
Fit weighted with errors?  False
--------------------------------------------
Results from fit:
--------------------------------------------
Number of iterations: 115
Chisq:  9.26673893799e-05
Reduced chisq:  1.62574367333e-06
N_free:  57
Component 1: sersic.
R_e [pixel] =  68.59 +/- 1.04 	[initial value = 61.0 ]
mu_e [mag/pixel^2] =  16.09 +/- 0.03 	 [initial value = 16.0 ]
n =  1.52 +/- 0.04        [initial value = 2.2 ]
b_n =  2.72
m_tot [mag] =  4.01

Component 2: disc.
h [pixel] =  218.90 +/- 0.00        [initial value = 218.9 ]
mu_0 [mag/pixel^2] =  17.13 +/- 0.00 	 [initial value = 17.13 ]
m_tot [mag] =  3.43

Component 4: gaussian.
fwhm [pixel] =  1.82 +/- 0.74 	 [initial value = 4.0 ]
mu_0 [mag/pixel^2] =  12.09 +/- 0.65 	[initial value = 14.3 ]
m_tot [mag] =  10.64

--------------------------------------------
--------------------------------------------

Input ellipse file:  n5128_op_overmos_sky_gauss5_combscale.ell
Excluded data:  [[47.916018612, 188.52023559600002]]
Axis Used:  maj
x-Axis units: pixel
pixels to arcsec scale:  1.2232836
Smoothing:  True sigma =  5.0
Zeropoint:  17.25585
Sky RMS:  0.03
Delta:  0.0346641119934
Convolution done?  True
PSF:  gaussian
Fit weighted with errors?  False
--------------------------------------------
Results from fit:
--------------------------------------------
Number of iterations: 67
Chisq:  0.00085652022939
Reduced chisq:  6.74425377473e-06
N_free:  127
Component 1: sersic.
R_e [pixel] =  61.27 +/- 4.06 	[initial value = 60.0 ]
mu_e [mag/pixel^2] =  15.73 +/- 0.06 	 [initial value = 15.7 ]
n =  1.17 +/- 0.18        [initial value = 1.3 ]
b_n =  2.02
m_tot [mag] =  4.03

Component 2: disc.
h [pixel] =  256.50 +/- 0.00        [initial value = 256.5 ]
mu_0 [mag/pixel^2] =  17.09 +/- 0.00 	 [initial value = 17.09 ]
m_tot [mag] =  3.05

Component 4: gaussian.
fwhm [pixel] =  14.68 +/- 3.90 	 [initial value = 13.0 ]
mu_0 [mag/pixel^2] =  13.01 +/- 0.25 	[initial value = 13.0 ]
m_tot [mag] =  7.04

--------------------------------------------
--------------------------------------------

Input ellipse file:  n5128_op_overmos_sky_gauss5_combscale.ell
Excluded data:  [[47.916018612, 188.52023559600002]]
Axis Used:  eq
x-Axis units: pixel
pixels to arcsec scale:  1.2232836
Smoothing:  True sigma =  5.0
Zeropoint:  17.25585
Sky RMS:  0.03
Delta:  0.0301761323691
Convolution done?  True
PSF:  gaussian
Fit weighted with errors?  False
--------------------------------------------
Results from fit:
--------------------------------------------
Number of iterations: 68
Chisq:  0.000307591855532
Reduced chisq:  2.42198311442e-06
N_free:  127
Component 1: sersic.
R_e [pixel] =  60.76 +/- 0.91 	[initial value = 61.0 ]
mu_e [mag/pixel^2] =  16.01 +/- 0.03 	 [initial value = 16.0 ]
n =  2.20 +/- 0.07        [initial value = 2.2 ]
b_n =  4.07
m_tot [mag] =  4.01

Component 2: disc.
h [pixel] =  218.90 +/- 0.00        [initial value = 218.9 ]
mu_0 [mag/pixel^2] =  17.13 +/- 0.00 	 [initial value = 17.13 ]
m_tot [mag] =  3.43

Component 4: gaussian.
fwhm [pixel] =  1.39 +/- 171.20 	 [initial value = 4.0 ]
mu_0 [mag/pixel^2] =  11.04 +/- 477.41 	[initial value = 14.3 ]
m_tot [mag] =  10.18

--------------------------------------------
--------------------------------------------

Input ellipse file:  n5128_op_overmos_sky_gauss5_combscale.ell
Excluded data:  [[47.916018612, 188.52023559600002]]
Axis Used:  maj
x-Axis units: pixel
pixels to arcsec scale:  1.2232836
Smoothing:  True sigma =  5.0
Zeropoint:  17.25585
Sky RMS:  0.03
Delta:  0.0346624059453
Convolution done?  True
PSF:  moffat
Fit weighted with errors?  False
--------------------------------------------
Results from fit:
--------------------------------------------
Number of iterations: 73
Chisq:  0.000856523659764
Reduced chisq:  6.74428078555e-06
N_free:  127
Component 1: sersic.
R_e [pixel] =  61.31 +/- 4.06 	[initial value = 60.0 ]
mu_e [mag/pixel^2] =  15.73 +/- 0.06 	 [initial value = 15.7 ]
n =  1.17 +/- 0.18        [initial value = 1.3 ]
b_n =  2.02
m_tot [mag] =  4.03

Component 2: disc.
h [pixel] =  256.50 +/- 0.00        [initial value = 256.5 ]
mu_0 [mag/pixel^2] =  17.09 +/- 0.00 	 [initial value = 17.09 ]
m_tot [mag] =  3.05

Component 4: gaussian.
fwhm [pixel] =  14.66 +/- 3.89 	 [initial value = 13.0 ]
mu_0 [mag/pixel^2] =  13.01 +/- 0.25 	[initial value = 13.0 ]
m_tot [mag] =  7.04

--------------------------------------------
--------------------------------------------

Input ellipse file:  n5128_op_overmos_sky_gauss5_combscale.ell
Excluded data:  [[47.916018612, 188.52023559600002]]
Axis Used:  eq
x-Axis units: pixel
pixels to arcsec scale:  1.2232836
Smoothing:  True sigma =  5.0
Zeropoint:  17.25585
Sky RMS:  0.03
Delta:  0.0301882991548
Convolution done?  True
PSF:  moffat
Fit weighted with errors?  False
--------------------------------------------
Results from fit:
--------------------------------------------
Number of iterations: 59
Chisq:  0.000307728545589
Reduced chisq:  2.42305941409e-06
N_free:  127
Component 1: sersic.
R_e [pixel] =  60.78 +/- 1.11 	[initial value = 61.0 ]
mu_e [mag/pixel^2] =  16.01 +/- 0.03 	 [initial value = 16.0 ]
n =  2.20 +/- 0.08        [initial value = 2.2 ]
b_n =  4.07
m_tot [mag] =  4.01

Component 2: disc.
h [pixel] =  218.90 +/- 0.00        [initial value = 218.9 ]
mu_0 [mag/pixel^2] =  17.13 +/- 0.00 	 [initial value = 17.13 ]
m_tot [mag] =  3.43

Component 4: gaussian.
fwhm [pixel] =  2.33 +/- 131.84 	 [initial value = 4.0 ]
mu_0 [mag/pixel^2] =  12.43 +/- 113.98 	[initial value = 14.3 ]
m_tot [mag] =  10.46

--------------------------------------------
--------------------------------------------

