Input ellipse file:  m60_op_mos_galfitsky_logscale.ell
Excluded data:  [[-1.2232836, 8.648615052]]
Axis Used:  maj
x-Axis units: pixel
pixels to arcsec scale:  1.2232836
Settings.zeropoint:  17.25585
Sky RMS:  0.06
Delta:  0.0395410916166
Convolution done?  True
PSF:  gaussian
Fit weighted with errors?  False
--------------------------------------------
Results from fit:
--------------------------------------------
Number of iterations: 103
Chisq:  8.89801215831e-05
Reduced chisq:  3.8687009384e-06
N_free:  23
Component 1: sersic.
R_e [pixel] =  178.98 +/- 16.46 	[initial value = 130.0 ]
mu_e [mag/pixel^2] =  19.43 +/- 0.18 	 [initial value = 18.8 ]
n =  7.24 +/- 0.35        [initial value = 6.0 ]
b_n =  14.15
m_tot [mag] =  4.46

--------------------------------------------
--------------------------------------------

Input ellipse file:  m60_op_mos_galfitsky_logscale.ell
Excluded data:  [[-1.2232836, 8.648615052]]
Axis Used:  eq
x-Axis units: pixel
pixels to arcsec scale:  1.2232836
Settings.zeropoint:  17.25585
Sky RMS:  0.06
Delta:  0.0319584887531
Convolution done?  True
PSF:  gaussian
Fit weighted with errors?  False
--------------------------------------------
Results from fit:
--------------------------------------------
Number of iterations: 59
Chisq:  3.70029696556e-05
Reduced chisq:  1.60882476764e-06
N_free:  23
Component 1: sersic.
R_e [pixel] =  160.09 +/- 10.65 	[initial value = 130.0 ]
mu_e [mag/pixel^2] =  19.45 +/- 0.13 	 [initial value = 19.0 ]
n =  7.95 +/- 0.29        [initial value = 7.0 ]
b_n =  15.56
m_tot [mag] =  4.68

--------------------------------------------
--------------------------------------------

Input ellipse file:  m60_op_mos_galfitsky_logscale.ell
Excluded data:  [[-1.2232836, 8.648615052]]
Axis Used:  maj
x-Axis units: pixel
pixels to arcsec scale:  1.2232836
Settings.zeropoint:  17.25585
Sky RMS:  0.06
Delta:  0.0393691063086
Convolution done?  True
PSF:  moffat
Fit weighted with errors?  False
--------------------------------------------
Results from fit:
--------------------------------------------
Number of iterations: 72
Chisq:  8.79460507058e-05
Reduced chisq:  3.82374133503e-06
N_free:  23
Component 1: sersic.
R_e [pixel] =  179.77 +/- 15.95 	[initial value = 130.0 ]
mu_e [mag/pixel^2] =  19.43 +/- 0.17 	 [initial value = 18.8 ]
n =  7.23 +/- 0.33        [initial value = 6.0 ]
b_n =  14.14
m_tot [mag] =  4.46

--------------------------------------------
--------------------------------------------

Input ellipse file:  m60_op_mos_galfitsky_logscale.ell
Excluded data:  [[-1.2232836, 8.648615052]]
Axis Used:  eq
x-Axis units: pixel
pixels to arcsec scale:  1.2232836
Settings.zeropoint:  17.25585
Sky RMS:  0.06
Delta:  0.0321043769283
Convolution done?  True
PSF:  moffat
Fit weighted with errors?  False
--------------------------------------------
Results from fit:
--------------------------------------------
Number of iterations: 49
Chisq:  3.72367004058e-05
Reduced chisq:  1.61898697417e-06
N_free:  23
Component 1: sersic.
R_e [pixel] =  157.56 +/- 9.92 	[initial value = 130.0 ]
mu_e [mag/pixel^2] =  19.42 +/- 0.12 	 [initial value = 19.0 ]
n =  7.84 +/- 0.27        [initial value = 7.0 ]
b_n =  15.34
m_tot [mag] =  4.69

--------------------------------------------
--------------------------------------------

Input ellipse file:  m60_op_mos_galfitsky_combscale.ell
Excluded data:  [[-1.2232836, 8.648615052]]
Axis Used:  maj
x-Axis units: pixel
pixels to arcsec scale:  1.2232836
Settings.zeropoint:  17.25585
Sky RMS:  0.06
Delta:  0.0448648736802
Convolution done?  True
PSF:  gaussian
Fit weighted with errors?  False
--------------------------------------------
Results from fit:
--------------------------------------------
Number of iterations: 34
Chisq:  0.000493364837484
Reduced chisq:  6.16706046855e-06
N_free:  80
Component 1: sersic.
R_e [pixel] =  137.20 +/- 7.76 	[initial value = 130.0 ]
mu_e [mag/pixel^2] =  18.92 +/- 0.11 	 [initial value = 18.8 ]
n =  6.30 +/- 0.25        [initial value = 6.0 ]
b_n =  12.27
m_tot [mag] =  4.61

--------------------------------------------
--------------------------------------------

Input ellipse file:  m60_op_mos_galfitsky_combscale.ell
Excluded data:  [[-1.2232836, 8.648615052]]
Axis Used:  eq
x-Axis units: pixel
pixels to arcsec scale:  1.2232836
Settings.zeropoint:  17.25585
Sky RMS:  0.06
Delta:  0.0369495737013
Convolution done?  True
PSF:  gaussian
Fit weighted with errors?  False
--------------------------------------------
Results from fit:
--------------------------------------------
Number of iterations: 37
Chisq:  0.000234839171552
Reduced chisq:  2.9354896444e-06
N_free:  80
Component 1: sersic.
R_e [pixel] =  119.46 +/- 5.08 	[initial value = 130.0 ]
mu_e [mag/pixel^2] =  18.89 +/- 0.09 	 [initial value = 19.0 ]
n =  6.82 +/- 0.23        [initial value = 7.0 ]
b_n =  13.32
m_tot [mag] =  4.83

--------------------------------------------
--------------------------------------------

Input ellipse file:  m60_op_mos_galfitsky_combscale.ell
Excluded data:  [[-1.2232836, 8.648615052]]
Axis Used:  maj
x-Axis units: pixel
pixels to arcsec scale:  1.2232836
Settings.zeropoint:  17.25585
Sky RMS:  0.06
Delta:  0.0448505703463
Convolution done?  True
PSF:  moffat
Fit weighted with errors?  False
--------------------------------------------
Results from fit:
--------------------------------------------
Number of iterations: 38
Chisq:  0.000493948140166
Reduced chisq:  6.17435175207e-06
N_free:  80
Component 1: sersic.
R_e [pixel] =  137.36 +/- 7.76 	[initial value = 130.0 ]
mu_e [mag/pixel^2] =  18.92 +/- 0.11 	 [initial value = 18.8 ]
n =  6.30 +/- 0.26        [initial value = 6.0 ]
b_n =  12.27
m_tot [mag] =  4.61

--------------------------------------------
--------------------------------------------

Input ellipse file:  m60_op_mos_galfitsky_combscale.ell
Excluded data:  [[-1.2232836, 8.648615052]]
Axis Used:  eq
x-Axis units: pixel
pixels to arcsec scale:  1.2232836
Settings.zeropoint:  17.25585
Sky RMS:  0.06
Delta:  0.0369628122067
Convolution done?  True
PSF:  moffat
Fit weighted with errors?  False
--------------------------------------------
Results from fit:
--------------------------------------------
Number of iterations: 38
Chisq:  0.000236488375158
Reduced chisq:  2.95610468947e-06
N_free:  80
Component 1: sersic.
R_e [pixel] =  120.36 +/- 5.22 	[initial value = 130.0 ]
mu_e [mag/pixel^2] =  18.90 +/- 0.09 	 [initial value = 19.0 ]
n =  6.85 +/- 0.23        [initial value = 7.0 ]
b_n =  13.36
m_tot [mag] =  4.83

--------------------------------------------
--------------------------------------------

Input ellipse file:  m60_op_mos_galfitsky_logscale.ell
Excluded data:  [[-1.2232836, 8.648615052]]
Axis Used:  maj
x-Axis units: pixel
pixels to arcsec scale:  1.2232836
Settings.zeropoint:  17.25585
Sky RMS:  0.06
Delta:  0.0392033647353
Convolution done?  True
PSF:  gaussian
Fit weighted with errors?  False
--------------------------------------------
Results from fit:
--------------------------------------------
Number of iterations: 78
Chisq:  8.6883746556e-05
Reduced chisq:  3.77755419809e-06
N_free:  23
Component 1: sersic.
R_e [pixel] =  179.02 +/- 15.51 	[initial value = 130.0 ]
mu_e [mag/pixel^2] =  19.43 +/- 0.17 	 [initial value = 18.8 ]
n =  7.21 +/- 0.33        [initial value = 6.0 ]
b_n =  14.08
m_tot [mag] =  4.46

--------------------------------------------
--------------------------------------------

Input ellipse file:  m60_op_mos_galfitsky_logscale.ell
Excluded data:  [[-1.2232836, 8.648615052]]
Axis Used:  eq
x-Axis units: pixel
pixels to arcsec scale:  1.2232836
Settings.zeropoint:  17.25585
Sky RMS:  0.06
Delta:  0.0319927736467
Convolution done?  True
PSF:  gaussian
Fit weighted with errors?  False
--------------------------------------------
Results from fit:
--------------------------------------------
Number of iterations: 56
Chisq:  3.67294370398e-05
Reduced chisq:  1.59693204521e-06
N_free:  23
Component 1: sersic.
R_e [pixel] =  158.70 +/- 10.54 	[initial value = 130.0 ]
mu_e [mag/pixel^2] =  19.43 +/- 0.13 	 [initial value = 19.0 ]
n =  7.85 +/- 0.29        [initial value = 7.0 ]
b_n =  15.36
m_tot [mag] =  4.69

--------------------------------------------
--------------------------------------------

Input ellipse file:  m60_op_mos_galfitsky_logscale.ell
Excluded data:  [[-1.2232836, 8.648615052]]
Axis Used:  maj
x-Axis units: pixel
pixels to arcsec scale:  1.2232836
Settings.zeropoint:  17.25585
Sky RMS:  0.06
Delta:  0.0392647206429
Convolution done?  True
PSF:  moffat
Fit weighted with errors?  False
--------------------------------------------
Results from fit:
--------------------------------------------
Number of iterations: 96
Chisq:  8.7153703716e-05
Reduced chisq:  3.78929146591e-06
N_free:  23
Component 1: sersic.
R_e [pixel] =  174.13 +/- 16.40 	[initial value = 130.0 ]
mu_e [mag/pixel^2] =  19.37 +/- 0.18 	 [initial value = 18.8 ]
n =  7.05 +/- 0.36        [initial value = 6.0 ]
b_n =  13.77
m_tot [mag] =  4.48

--------------------------------------------
--------------------------------------------

Input ellipse file:  m60_op_mos_galfitsky_logscale.ell
Excluded data:  [[-1.2232836, 8.648615052]]
Axis Used:  eq
x-Axis units: pixel
pixels to arcsec scale:  1.2232836
Settings.zeropoint:  17.25585
Sky RMS:  0.06
Delta:  0.032237357927
Convolution done?  True
PSF:  moffat
Fit weighted with errors?  False
--------------------------------------------
Results from fit:
--------------------------------------------
Number of iterations: 50
Chisq:  3.65105181061e-05
Reduced chisq:  1.5874138307e-06
N_free:  23
Component 1: sersic.
R_e [pixel] =  166.39 +/- 11.81 	[initial value = 130.0 ]
mu_e [mag/pixel^2] =  19.52 +/- 0.14 	 [initial value = 19.0 ]
n =  7.95 +/- 0.30        [initial value = 7.0 ]
b_n =  15.58
m_tot [mag] =  4.67

--------------------------------------------
--------------------------------------------

Input ellipse file:  m60_op_mos_galfitsky_combscale.ell
Excluded data:  [[-1.2232836, 8.648615052]]
Axis Used:  maj
x-Axis units: pixel
pixels to arcsec scale:  1.2232836
Settings.zeropoint:  17.25585
Sky RMS:  0.06
Delta:  0.0448865901735
Convolution done?  True
PSF:  gaussian
Fit weighted with errors?  False
--------------------------------------------
Results from fit:
--------------------------------------------
Number of iterations: 39
Chisq:  0.00049592086581
Reduced chisq:  6.19901082262e-06
N_free:  80
Component 1: sersic.
R_e [pixel] =  137.63 +/- 7.79 	[initial value = 130.0 ]
mu_e [mag/pixel^2] =  18.93 +/- 0.11 	 [initial value = 18.8 ]
n =  6.30 +/- 0.26        [initial value = 6.0 ]
b_n =  12.27
m_tot [mag] =  4.60

--------------------------------------------
--------------------------------------------

Input ellipse file:  m60_op_mos_galfitsky_combscale.ell
Excluded data:  [[-1.2232836, 8.648615052]]
Axis Used:  eq
x-Axis units: pixel
pixels to arcsec scale:  1.2232836
Settings.zeropoint:  17.25585
Sky RMS:  0.06
Delta:  0.0369415438468
Convolution done?  True
PSF:  gaussian
Fit weighted with errors?  False
--------------------------------------------
Results from fit:
--------------------------------------------
Number of iterations: 41
Chisq:  0.000236975502887
Reduced chisq:  2.96219378608e-06
N_free:  80
Component 1: sersic.
R_e [pixel] =  119.61 +/- 5.21 	[initial value = 130.0 ]
mu_e [mag/pixel^2] =  18.89 +/- 0.09 	 [initial value = 19.0 ]
n =  6.81 +/- 0.23        [initial value = 7.0 ]
b_n =  13.29
m_tot [mag] =  4.83

--------------------------------------------
--------------------------------------------

Input ellipse file:  m60_op_mos_galfitsky_combscale.ell
Excluded data:  [[-1.2232836, 8.648615052]]
Axis Used:  maj
x-Axis units: pixel
pixels to arcsec scale:  1.2232836
Settings.zeropoint:  17.25585
Sky RMS:  0.06
Delta:  0.0448549044641
Convolution done?  True
PSF:  moffat
Fit weighted with errors?  False
--------------------------------------------
Results from fit:
--------------------------------------------
Number of iterations: 39
Chisq:  0.000496259294656
Reduced chisq:  6.2032411832e-06
N_free:  80
Component 1: sersic.
R_e [pixel] =  137.50 +/- 7.90 	[initial value = 130.0 ]
mu_e [mag/pixel^2] =  18.92 +/- 0.11 	 [initial value = 18.8 ]
n =  6.28 +/- 0.26        [initial value = 6.0 ]
b_n =  12.24
m_tot [mag] =  4.61

--------------------------------------------
--------------------------------------------

Input ellipse file:  m60_op_mos_galfitsky_combscale.ell
Excluded data:  [[-1.2232836, 8.648615052]]
Axis Used:  eq
x-Axis units: pixel
pixels to arcsec scale:  1.2232836
Settings.zeropoint:  17.25585
Sky RMS:  0.06
Delta:  0.0367356570365
Convolution done?  True
PSF:  moffat
Fit weighted with errors?  False
--------------------------------------------
Results from fit:
--------------------------------------------
Number of iterations: 39
Chisq:  0.000229724910246
Reduced chisq:  2.87156137807e-06
N_free:  80
Component 1: sersic.
R_e [pixel] =  111.03 +/- 4.35 	[initial value = 130.0 ]
mu_e [mag/pixel^2] =  18.74 +/- 0.08 	 [initial value = 19.0 ]
n =  6.41 +/- 0.20        [initial value = 7.0 ]
b_n =  12.49
m_tot [mag] =  4.88

--------------------------------------------
--------------------------------------------

Input ellipse file:  m60_op_mos_galfitsky_logscale.ell
Excluded data:  [[-1.2232836, 8.648615052]]
Axis Used:  maj
x-Axis units: pixel
pixels to arcsec scale:  1.2232836
Smoothing:  False sigma =  3.0
Zeropoint:  17.25585
Sky RMS:  0.06
Delta:  0.0392033647353
Convolution done?  True
PSF:  gaussian
Fit weighted with errors?  False
--------------------------------------------
Results from fit:
--------------------------------------------
Number of iterations: 78
Chisq:  8.6883746556e-05
Reduced chisq:  3.77755419809e-06
N_free:  23
Component 1: sersic.
R_e [pixel] =  179.02 +/- 15.51 	[initial value = 130.0 ]
mu_e [mag/pixel^2] =  19.43 +/- 0.17 	 [initial value = 18.8 ]
n =  7.21 +/- 0.33        [initial value = 6.0 ]
b_n =  14.08
m_tot [mag] =  4.46

--------------------------------------------
--------------------------------------------

Input ellipse file:  m60_op_mos_galfitsky_logscale.ell
Excluded data:  [[-1.2232836, 8.648615052]]
Axis Used:  eq
x-Axis units: pixel
pixels to arcsec scale:  1.2232836
Smoothing:  False sigma =  3.0
Zeropoint:  17.25585
Sky RMS:  0.06
Delta:  0.0319927736467
Convolution done?  True
PSF:  gaussian
Fit weighted with errors?  False
--------------------------------------------
Results from fit:
--------------------------------------------
Number of iterations: 56
Chisq:  3.67294370398e-05
Reduced chisq:  1.59693204521e-06
N_free:  23
Component 1: sersic.
R_e [pixel] =  158.70 +/- 10.54 	[initial value = 130.0 ]
mu_e [mag/pixel^2] =  19.43 +/- 0.13 	 [initial value = 19.0 ]
n =  7.85 +/- 0.29        [initial value = 7.0 ]
b_n =  15.36
m_tot [mag] =  4.69

--------------------------------------------
--------------------------------------------

Input ellipse file:  m60_op_mos_galfitsky_logscale.ell
Excluded data:  [[-1.2232836, 8.648615052]]
Axis Used:  maj
x-Axis units: pixel
pixels to arcsec scale:  1.2232836
Smoothing:  False sigma =  3.0
Zeropoint:  17.25585
Sky RMS:  0.06
Delta:  0.0392647206429
Convolution done?  True
PSF:  moffat
Fit weighted with errors?  False
--------------------------------------------
Results from fit:
--------------------------------------------
Number of iterations: 96
Chisq:  8.7153703716e-05
Reduced chisq:  3.78929146591e-06
N_free:  23
Component 1: sersic.
R_e [pixel] =  174.13 +/- 16.40 	[initial value = 130.0 ]
mu_e [mag/pixel^2] =  19.37 +/- 0.18 	 [initial value = 18.8 ]
n =  7.05 +/- 0.36        [initial value = 6.0 ]
b_n =  13.77
m_tot [mag] =  4.48

--------------------------------------------
--------------------------------------------

Input ellipse file:  m60_op_mos_galfitsky_logscale.ell
Excluded data:  [[-1.2232836, 8.648615052]]
Axis Used:  eq
x-Axis units: pixel
pixels to arcsec scale:  1.2232836
Smoothing:  False sigma =  3.0
Zeropoint:  17.25585
Sky RMS:  0.06
Delta:  0.032237357927
Convolution done?  True
PSF:  moffat
Fit weighted with errors?  False
--------------------------------------------
Results from fit:
--------------------------------------------
Number of iterations: 50
Chisq:  3.65105181061e-05
Reduced chisq:  1.5874138307e-06
N_free:  23
Component 1: sersic.
R_e [pixel] =  166.39 +/- 11.81 	[initial value = 130.0 ]
mu_e [mag/pixel^2] =  19.52 +/- 0.14 	 [initial value = 19.0 ]
n =  7.95 +/- 0.30        [initial value = 7.0 ]
b_n =  15.58
m_tot [mag] =  4.67

--------------------------------------------
--------------------------------------------

Input ellipse file:  m60_op_mos_galfitsky_combscale.ell
Excluded data:  [[-1.2232836, 8.648615052]]
Axis Used:  maj
x-Axis units: pixel
pixels to arcsec scale:  1.2232836
Smoothing:  False sigma =  3.0
Zeropoint:  17.25585
Sky RMS:  0.06
Delta:  0.0448865901735
Convolution done?  True
PSF:  gaussian
Fit weighted with errors?  False
--------------------------------------------
Results from fit:
--------------------------------------------
Number of iterations: 39
Chisq:  0.00049592086581
Reduced chisq:  6.19901082262e-06
N_free:  80
Component 1: sersic.
R_e [pixel] =  137.63 +/- 7.79 	[initial value = 130.0 ]
mu_e [mag/pixel^2] =  18.93 +/- 0.11 	 [initial value = 18.8 ]
n =  6.30 +/- 0.26        [initial value = 6.0 ]
b_n =  12.27
m_tot [mag] =  4.60

--------------------------------------------
--------------------------------------------

Input ellipse file:  m60_op_mos_galfitsky_combscale.ell
Excluded data:  [[-1.2232836, 8.648615052]]
Axis Used:  eq
x-Axis units: pixel
pixels to arcsec scale:  1.2232836
Smoothing:  False sigma =  3.0
Zeropoint:  17.25585
Sky RMS:  0.06
Delta:  0.0369415438468
Convolution done?  True
PSF:  gaussian
Fit weighted with errors?  False
--------------------------------------------
Results from fit:
--------------------------------------------
Number of iterations: 41
Chisq:  0.000236975502887
Reduced chisq:  2.96219378608e-06
N_free:  80
Component 1: sersic.
R_e [pixel] =  119.61 +/- 5.21 	[initial value = 130.0 ]
mu_e [mag/pixel^2] =  18.89 +/- 0.09 	 [initial value = 19.0 ]
n =  6.81 +/- 0.23        [initial value = 7.0 ]
b_n =  13.29
m_tot [mag] =  4.83

--------------------------------------------
--------------------------------------------

Input ellipse file:  m60_op_mos_galfitsky_combscale.ell
Excluded data:  [[-1.2232836, 8.648615052]]
Axis Used:  maj
x-Axis units: pixel
pixels to arcsec scale:  1.2232836
Smoothing:  False sigma =  3.0
Zeropoint:  17.25585
Sky RMS:  0.06
Delta:  0.0448549044641
Convolution done?  True
PSF:  moffat
Fit weighted with errors?  False
--------------------------------------------
Results from fit:
--------------------------------------------
Number of iterations: 39
Chisq:  0.000496259294656
Reduced chisq:  6.2032411832e-06
N_free:  80
Component 1: sersic.
R_e [pixel] =  137.50 +/- 7.90 	[initial value = 130.0 ]
mu_e [mag/pixel^2] =  18.92 +/- 0.11 	 [initial value = 18.8 ]
n =  6.28 +/- 0.26        [initial value = 6.0 ]
b_n =  12.24
m_tot [mag] =  4.61

--------------------------------------------
--------------------------------------------

Input ellipse file:  m60_op_mos_galfitsky_combscale.ell
Excluded data:  [[-1.2232836, 8.648615052]]
Axis Used:  eq
x-Axis units: pixel
pixels to arcsec scale:  1.2232836
Smoothing:  False sigma =  3.0
Zeropoint:  17.25585
Sky RMS:  0.06
Delta:  0.0367356570365
Convolution done?  True
PSF:  moffat
Fit weighted with errors?  False
--------------------------------------------
Results from fit:
--------------------------------------------
Number of iterations: 39
Chisq:  0.000229724910246
Reduced chisq:  2.87156137807e-06
N_free:  80
Component 1: sersic.
R_e [pixel] =  111.03 +/- 4.35 	[initial value = 130.0 ]
mu_e [mag/pixel^2] =  18.74 +/- 0.08 	 [initial value = 19.0 ]
n =  6.41 +/- 0.20        [initial value = 7.0 ]
b_n =  12.49
m_tot [mag] =  4.88

--------------------------------------------
--------------------------------------------

