\BOOKMARK [1][-]{section*.1}{ABSTRACT}{section*.2}% 1
\BOOKMARK [1][-]{section.1}{Introduction}{}% 2
\BOOKMARK [1][-]{section.2}{Data}{}% 3
\BOOKMARK [2][-]{subsection.2.1}{Spitzer/IRAC observations}{section.2}% 4
\BOOKMARK [3][-]{subsubsection.2.1.1}{Data acquisition}{subsection.2.1}% 5
\BOOKMARK [3][-]{subsubsection.2.1.2}{Mosaicking}{subsection.2.1}% 6
\BOOKMARK [3][-]{subsubsection.2.1.3}{Overlap correction}{subsection.2.1}% 7
\BOOKMARK [3][-]{subsubsection.2.1.4}{Sigma mosaics}{subsection.2.1}% 8
\BOOKMARK [3][-]{subsubsection.2.1.5}{Sky subtraction}{subsection.2.1}% 9
\BOOKMARK [3][-]{subsubsection.2.1.6}{Additional aestethic corrections}{subsection.2.1}% 10
\BOOKMARK [3][-]{subsubsection.2.1.7}{Image masking}{subsection.2.1}% 11
\BOOKMARK [3][-]{subsubsection.2.1.8}{1D PSF}{subsection.2.1}% 12
\BOOKMARK [3][-]{subsubsection.2.1.9}{2D PSF}{subsection.2.1}% 13
\BOOKMARK [2][-]{subsection.2.2}{Additional data}{section.2}% 14
\BOOKMARK [3][-]{subsubsection.2.2.1}{Kinematics}{subsection.2.2}% 15
\BOOKMARK [3][-]{subsubsection.2.2.2}{AGNs and nuclear dust}{subsection.2.2}% 16
\BOOKMARK [3][-]{subsubsection.2.2.3}{S\351rsic/core-S\351rsic classification}{subsection.2.2}% 17
\BOOKMARK [1][-]{section.3}{Analysis}{}% 18
\BOOKMARK [2][-]{subsection.3.1}{Isophotal analysis}{section.3}% 19
\BOOKMARK [2][-]{subsection.3.2}{Unsharp masking}{section.3}% 20
\BOOKMARK [2][-]{subsection.3.3}{1D fitting routine}{section.3}% 21
\BOOKMARK [2][-]{subsection.3.4}{Smoothing technique}{section.3}% 22
\BOOKMARK [2][-]{subsection.3.5}{Identifying and modeling sub-components}{section.3}% 23
\BOOKMARK [2][-]{subsection.3.6}{2D fits}{section.3}% 24
\BOOKMARK [1][-]{section.4}{Results}{}% 25
\BOOKMARK [2][-]{subsection.4.1}{1D versus 2D decompositions}{section.4}% 26
\BOOKMARK [2][-]{subsection.4.2}{Parameter uncertainty}{section.4}% 27
\BOOKMARK [3][-]{subsubsection.4.2.1}{Goodness of the spheroid modeling}{subsection.4.2}% 28
\BOOKMARK [3][-]{subsubsection.4.2.2}{Uncertainties on nsph}{subsection.4.2}% 29
\BOOKMARK [3][-]{subsubsection.4.2.3}{Uncertainties on Re,sph}{subsection.4.2}% 30
\BOOKMARK [3][-]{subsubsection.4.2.4}{Uncertainties on msph}{subsection.4.2}% 31
\BOOKMARK [3][-]{subsubsection.4.2.5}{Uncertainties on e,sph}{subsection.4.2}% 32
\BOOKMARK [3][-]{subsubsection.4.2.6}{Uncertainties on 0,sph}{subsection.4.2}% 33
\BOOKMARK [1][-]{section.5}{Conclusions}{}% 34
\BOOKMARK [2][-]{subsection.5.1}{Individual galaxy decompositions}{section.5}% 35
\BOOKMARK [1][-]{appendix.A}{1D analytical functions}{}% 36
