Input ellipse file:  n4291_op_overmos_nobrightstar_galfitsky_logscale.ell
Excluded data:  [[-1.2232836, 6.116418]]
Axis Used:  maj
x-Axis units: pixel
pixels to arcsec scale:  1.2232836
Settings.zeropoint:  17.25585
Sky RMS:  0.012
Delta:  0.051730244643
Convolution done?  True
PSF:  gaussian
Fit weighted with errors?  False
--------------------------------------------
Results from fit:
--------------------------------------------
Number of iterations: 54
Chisq:  0.000285697359973
Reduced chisq:  1.36046361892e-05
N_free:  21
Component 1: sersic.
R_e [pixel] =  15.38 +/- 0.51 	[initial value = 17.0 ]
mu_e [mag/pixel^2] =  17.20 +/- 0.07 	 [initial value = 17.0 ]
n =  4.18 +/- 0.34        [initial value = 4.0 ]
b_n =  8.02
m_tot [mag] =  7.85

--------------------------------------------
--------------------------------------------

Input ellipse file:  n4291_op_overmos_nobrightstar_galfitsky_logscale.ell
Excluded data:  [[-1.2232836, 6.116418]]
Axis Used:  eq
x-Axis units: pixel
pixels to arcsec scale:  1.2232836
Settings.zeropoint:  17.25585
Sky RMS:  0.012
Delta:  0.0301959236032
Convolution done?  True
PSF:  gaussian
Fit weighted with errors?  False
--------------------------------------------
Results from fit:
--------------------------------------------
Number of iterations: 50
Chisq:  3.46365946348e-05
Reduced chisq:  1.64936164928e-06
N_free:  21
Component 1: sersic.
R_e [pixel] =  15.58 +/- 0.38 	[initial value = 17.0 ]
mu_e [mag/pixel^2] =  17.53 +/- 0.05 	 [initial value = 17.5 ]
n =  5.68 +/- 0.40        [initial value = 6.0 ]
b_n =  11.03
m_tot [mag] =  8.00

--------------------------------------------
--------------------------------------------

Input ellipse file:  n4291_op_overmos_nobrightstar_galfitsky_logscale.ell
Excluded data:  [[-1.2232836, 6.116418]]
Axis Used:  maj
x-Axis units: pixel
pixels to arcsec scale:  1.2232836
Settings.zeropoint:  17.25585
Sky RMS:  0.012
Delta:  0.0521910885883
Convolution done?  True
PSF:  moffat
Fit weighted with errors?  False
--------------------------------------------
Results from fit:
--------------------------------------------
Number of iterations: 56
Chisq:  0.000293567772221
Reduced chisq:  1.39794177248e-05
N_free:  21
Component 1: sersic.
R_e [pixel] =  15.61 +/- 0.49 	[initial value = 17.0 ]
mu_e [mag/pixel^2] =  17.24 +/- 0.07 	 [initial value = 17.0 ]
n =  4.09 +/- 0.31        [initial value = 4.0 ]
b_n =  7.85
m_tot [mag] =  7.87

--------------------------------------------
--------------------------------------------

Input ellipse file:  n4291_op_overmos_nobrightstar_galfitsky_logscale.ell
Excluded data:  [[-1.2232836, 6.116418]]
Axis Used:  eq
x-Axis units: pixel
pixels to arcsec scale:  1.2232836
Settings.zeropoint:  17.25585
Sky RMS:  0.012
Delta:  0.0305820164635
Convolution done?  True
PSF:  moffat
Fit weighted with errors?  False
--------------------------------------------
Results from fit:
--------------------------------------------
Number of iterations: 47
Chisq:  3.73154297588e-05
Reduced chisq:  1.77692522661e-06
N_free:  21
Component 1: sersic.
R_e [pixel] =  16.05 +/- 0.37 	[initial value = 17.0 ]
mu_e [mag/pixel^2] =  17.60 +/- 0.05 	 [initial value = 17.5 ]
n =  5.46 +/- 0.38        [initial value = 6.0 ]
b_n =  10.58
m_tot [mag] =  8.02

--------------------------------------------
--------------------------------------------

Input ellipse file:  n4291_op_overmos_nobrightstar_galfitsky_combscale.ell
Excluded data:  [[-1.2232836, 6.116418]]
Axis Used:  maj
x-Axis units: pixel
pixels to arcsec scale:  1.2232836
Settings.zeropoint:  17.25585
Sky RMS:  0.012
Delta:  0.0541976331917
Convolution done?  True
PSF:  gaussian
Fit weighted with errors?  False
--------------------------------------------
Results from fit:
--------------------------------------------
Number of iterations: 44
Chisq:  0.000528949823696
Reduced chisq:  1.39197322025e-05
N_free:  38
Component 1: sersic.
R_e [pixel] =  14.65 +/- 0.51 	[initial value = 17.0 ]
mu_e [mag/pixel^2] =  17.09 +/- 0.08 	 [initial value = 17.0 ]
n =  4.40 +/- 0.32        [initial value = 4.0 ]
b_n =  8.47
m_tot [mag] =  7.83

--------------------------------------------
--------------------------------------------

Input ellipse file:  n4291_op_overmos_nobrightstar_galfitsky_combscale.ell
Excluded data:  [[-1.2232836, 6.116418]]
Axis Used:  eq
x-Axis units: pixel
pixels to arcsec scale:  1.2232836
Settings.zeropoint:  17.25585
Sky RMS:  0.012
Delta:  0.0327070040471
Convolution done?  True
PSF:  gaussian
Fit weighted with errors?  False
--------------------------------------------
Results from fit:
--------------------------------------------
Number of iterations: 45
Chisq:  7.20346695158e-05
Reduced chisq:  1.89564919778e-06
N_free:  38
Component 1: sersic.
R_e [pixel] =  14.99 +/- 0.48 	[initial value = 17.0 ]
mu_e [mag/pixel^2] =  17.45 +/- 0.07 	 [initial value = 17.5 ]
n =  6.07 +/- 0.48        [initial value = 6.0 ]
b_n =  11.81
m_tot [mag] =  7.96

--------------------------------------------
--------------------------------------------

Input ellipse file:  n4291_op_overmos_nobrightstar_galfitsky_combscale.ell
Excluded data:  [[-1.2232836, 6.116418]]
Axis Used:  maj
x-Axis units: pixel
pixels to arcsec scale:  1.2232836
Settings.zeropoint:  17.25585
Sky RMS:  0.012
Delta:  0.0540856175929
Convolution done?  True
PSF:  moffat
Fit weighted with errors?  False
--------------------------------------------
Results from fit:
--------------------------------------------
Number of iterations: 53
Chisq:  0.000526296688363
Reduced chisq:  1.38499128517e-05
N_free:  38
Component 1: sersic.
R_e [pixel] =  14.80 +/- 0.50 	[initial value = 17.0 ]
mu_e [mag/pixel^2] =  17.12 +/- 0.08 	 [initial value = 17.0 ]
n =  4.32 +/- 0.31        [initial value = 4.0 ]
b_n =  8.32
m_tot [mag] =  7.84

--------------------------------------------
--------------------------------------------

Input ellipse file:  n4291_op_overmos_nobrightstar_galfitsky_combscale.ell
Excluded data:  [[-1.2232836, 6.116418]]
Axis Used:  eq
x-Axis units: pixel
pixels to arcsec scale:  1.2232836
Settings.zeropoint:  17.25585
Sky RMS:  0.012
Delta:  0.0327222200593
Convolution done?  True
PSF:  moffat
Fit weighted with errors?  False
--------------------------------------------
Results from fit:
--------------------------------------------
Number of iterations: 44
Chisq:  7.29225896377e-05
Reduced chisq:  1.91901551678e-06
N_free:  38
Component 1: sersic.
R_e [pixel] =  15.23 +/- 0.55 	[initial value = 17.0 ]
mu_e [mag/pixel^2] =  17.49 +/- 0.08 	 [initial value = 17.5 ]
n =  5.90 +/- 0.50        [initial value = 6.0 ]
b_n =  11.48
m_tot [mag] =  7.98

--------------------------------------------
--------------------------------------------

Input ellipse file:  n4291_op_overmos_nobrightstar_galfitsky_logscale.ell
Excluded data:  [[-1.2232836, 6.116418]]
Axis Used:  maj
x-Axis units: pixel
pixels to arcsec scale:  1.2232836
Settings.zeropoint:  17.25585
Sky RMS:  0.012
Delta:  0.0517283356707
Convolution done?  True
PSF:  gaussian
Fit weighted with errors?  False
--------------------------------------------
Results from fit:
--------------------------------------------
Number of iterations: 48
Chisq:  0.000279411782108
Reduced chisq:  1.33053229575e-05
N_free:  21
Component 1: sersic.
R_e [pixel] =  15.63 +/- 0.45 	[initial value = 17.0 ]
mu_e [mag/pixel^2] =  17.24 +/- 0.06 	 [initial value = 17.0 ]
n =  4.11 +/- 0.31        [initial value = 4.0 ]
b_n =  7.90
m_tot [mag] =  7.87

--------------------------------------------
--------------------------------------------

Input ellipse file:  n4291_op_overmos_nobrightstar_galfitsky_logscale.ell
Excluded data:  [[-1.2232836, 6.116418]]
Axis Used:  eq
x-Axis units: pixel
pixels to arcsec scale:  1.2232836
Settings.zeropoint:  17.25585
Sky RMS:  0.012
Delta:  0.0298178488258
Convolution done?  True
PSF:  gaussian
Fit weighted with errors?  False
--------------------------------------------
Results from fit:
--------------------------------------------
Number of iterations: 83
Chisq:  3.38167047368e-05
Reduced chisq:  1.61031927318e-06
N_free:  21
Component 1: sersic.
R_e [pixel] =  16.14 +/- 0.39 	[initial value = 17.0 ]
mu_e [mag/pixel^2] =  17.61 +/- 0.05 	 [initial value = 17.5 ]
n =  5.47 +/- 0.38        [initial value = 6.0 ]
b_n =  10.62
m_tot [mag] =  8.02

--------------------------------------------
--------------------------------------------

Input ellipse file:  n4291_op_overmos_nobrightstar_galfitsky_logscale.ell
Excluded data:  [[-1.2232836, 6.116418]]
Axis Used:  maj
x-Axis units: pixel
pixels to arcsec scale:  1.2232836
Settings.zeropoint:  17.25585
Sky RMS:  0.012
Delta:  0.0527678827541
Convolution done?  True
PSF:  moffat
Fit weighted with errors?  False
--------------------------------------------
Results from fit:
--------------------------------------------
Number of iterations: 55
Chisq:  0.000302662253822
Reduced chisq:  1.44124882772e-05
N_free:  21
Component 1: sersic.
R_e [pixel] =  16.05 +/- 0.41 	[initial value = 17.0 ]
mu_e [mag/pixel^2] =  17.30 +/- 0.06 	 [initial value = 17.0 ]
n =  3.95 +/- 0.27        [initial value = 4.0 ]
b_n =  7.56
m_tot [mag] =  7.89

--------------------------------------------
--------------------------------------------

Input ellipse file:  n4291_op_overmos_nobrightstar_galfitsky_logscale.ell
Excluded data:  [[-1.2232836, 6.116418]]
Axis Used:  eq
x-Axis units: pixel
pixels to arcsec scale:  1.2232836
Settings.zeropoint:  17.25585
Sky RMS:  0.012
Delta:  0.0312341752329
Convolution done?  True
PSF:  moffat
Fit weighted with errors?  False
--------------------------------------------
Results from fit:
--------------------------------------------
Number of iterations: 73
Chisq:  4.0799807006e-05
Reduced chisq:  1.94284795267e-06
N_free:  21
Component 1: sersic.
R_e [pixel] =  16.84 +/- 0.36 	[initial value = 17.0 ]
mu_e [mag/pixel^2] =  17.71 +/- 0.05 	 [initial value = 17.5 ]
n =  5.03 +/- 0.29        [initial value = 6.0 ]
b_n =  9.72
m_tot [mag] =  8.07

--------------------------------------------
--------------------------------------------

Input ellipse file:  n4291_op_overmos_nobrightstar_galfitsky_combscale.ell
Excluded data:  [[-1.2232836, 6.116418]]
Axis Used:  maj
x-Axis units: pixel
pixels to arcsec scale:  1.2232836
Settings.zeropoint:  17.25585
Sky RMS:  0.012
Delta:  0.0539231397289
Convolution done?  True
PSF:  gaussian
Fit weighted with errors?  False
--------------------------------------------
Results from fit:
--------------------------------------------
Number of iterations: 48
Chisq:  0.000516375297284
Reduced chisq:  1.35888236127e-05
N_free:  38
Component 1: sersic.
R_e [pixel] =  14.82 +/- 0.48 	[initial value = 17.0 ]
mu_e [mag/pixel^2] =  17.12 +/- 0.07 	 [initial value = 17.0 ]
n =  4.30 +/- 0.30        [initial value = 4.0 ]
b_n =  8.27
m_tot [mag] =  7.84

--------------------------------------------
--------------------------------------------

Input ellipse file:  n4291_op_overmos_nobrightstar_galfitsky_combscale.ell
Excluded data:  [[-1.2232836, 6.116418]]
Axis Used:  eq
x-Axis units: pixel
pixels to arcsec scale:  1.2232836
Settings.zeropoint:  17.25585
Sky RMS:  0.012
Delta:  0.0326005533037
Convolution done?  True
PSF:  gaussian
Fit weighted with errors?  False
--------------------------------------------
Results from fit:
--------------------------------------------
Number of iterations: 41
Chisq:  7.10996091496e-05
Reduced chisq:  1.87104234604e-06
N_free:  38
Component 1: sersic.
R_e [pixel] =  15.22 +/- 0.46 	[initial value = 17.0 ]
mu_e [mag/pixel^2] =  17.49 +/- 0.07 	 [initial value = 17.5 ]
n =  5.94 +/- 0.45        [initial value = 6.0 ]
b_n =  11.54
m_tot [mag] =  7.98

--------------------------------------------
--------------------------------------------

Input ellipse file:  n4291_op_overmos_nobrightstar_galfitsky_combscale.ell
Excluded data:  [[-1.2232836, 6.116418]]
Axis Used:  maj
x-Axis units: pixel
pixels to arcsec scale:  1.2232836
Settings.zeropoint:  17.25585
Sky RMS:  0.012
Delta:  0.0539151292352
Convolution done?  True
PSF:  moffat
Fit weighted with errors?  False
--------------------------------------------
Results from fit:
--------------------------------------------
Number of iterations: 53
Chisq:  0.000509860106766
Reduced chisq:  1.34173712307e-05
N_free:  38
Component 1: sersic.
R_e [pixel] =  14.95 +/- 0.43 	[initial value = 17.0 ]
mu_e [mag/pixel^2] =  17.14 +/- 0.07 	 [initial value = 17.0 ]
n =  4.24 +/- 0.27        [initial value = 4.0 ]
b_n =  8.16
m_tot [mag] =  7.85

--------------------------------------------
--------------------------------------------

Input ellipse file:  n4291_op_overmos_nobrightstar_galfitsky_combscale.ell
Excluded data:  [[-1.2232836, 6.116418]]
Axis Used:  eq
x-Axis units: pixel
pixels to arcsec scale:  1.2232836
Settings.zeropoint:  17.25585
Sky RMS:  0.012
Delta:  0.0327371809687
Convolution done?  True
PSF:  moffat
Fit weighted with errors?  False
--------------------------------------------
Results from fit:
--------------------------------------------
Number of iterations: 51
Chisq:  6.94374621041e-05
Reduced chisq:  1.82730163432e-06
N_free:  38
Component 1: sersic.
R_e [pixel] =  15.36 +/- 0.31 	[initial value = 17.0 ]
mu_e [mag/pixel^2] =  17.51 +/- 0.04 	 [initial value = 17.5 ]
n =  5.86 +/- 0.33        [initial value = 6.0 ]
b_n =  11.39
m_tot [mag] =  7.99

--------------------------------------------
--------------------------------------------

Input ellipse file:  n4291_op_overmos_nobrightstar_galfitsky_logscale.ell
Excluded data:  [[-1.2232836, 6.116418]]
Axis Used:  maj
x-Axis units: pixel
pixels to arcsec scale:  1.2232836
Smoothing:  False sigma =  3.0
Zeropoint:  17.25585
Sky RMS:  0.012
Delta:  0.0517283356707
Convolution done?  True
PSF:  gaussian
Fit weighted with errors?  False
--------------------------------------------
Results from fit:
--------------------------------------------
Number of iterations: 48
Chisq:  0.000279411782108
Reduced chisq:  1.33053229575e-05
N_free:  21
Component 1: sersic.
R_e [pixel] =  15.63 +/- 0.45 	[initial value = 17.0 ]
mu_e [mag/pixel^2] =  17.24 +/- 0.06 	 [initial value = 17.0 ]
n =  4.11 +/- 0.31        [initial value = 4.0 ]
b_n =  7.90
m_tot [mag] =  7.87

--------------------------------------------
--------------------------------------------

Input ellipse file:  n4291_op_overmos_nobrightstar_galfitsky_logscale.ell
Excluded data:  [[-1.2232836, 6.116418]]
Axis Used:  eq
x-Axis units: pixel
pixels to arcsec scale:  1.2232836
Smoothing:  False sigma =  3.0
Zeropoint:  17.25585
Sky RMS:  0.012
Delta:  0.0298178488258
Convolution done?  True
PSF:  gaussian
Fit weighted with errors?  False
--------------------------------------------
Results from fit:
--------------------------------------------
Number of iterations: 83
Chisq:  3.38167047368e-05
Reduced chisq:  1.61031927318e-06
N_free:  21
Component 1: sersic.
R_e [pixel] =  16.14 +/- 0.39 	[initial value = 17.0 ]
mu_e [mag/pixel^2] =  17.61 +/- 0.05 	 [initial value = 17.5 ]
n =  5.47 +/- 0.38        [initial value = 6.0 ]
b_n =  10.62
m_tot [mag] =  8.02

--------------------------------------------
--------------------------------------------

Input ellipse file:  n4291_op_overmos_nobrightstar_galfitsky_logscale.ell
Excluded data:  [[-1.2232836, 6.116418]]
Axis Used:  maj
x-Axis units: pixel
pixels to arcsec scale:  1.2232836
Smoothing:  False sigma =  3.0
Zeropoint:  17.25585
Sky RMS:  0.012
Delta:  0.0527678827541
Convolution done?  True
PSF:  moffat
Fit weighted with errors?  False
--------------------------------------------
Results from fit:
--------------------------------------------
Number of iterations: 55
Chisq:  0.000302662253822
Reduced chisq:  1.44124882772e-05
N_free:  21
Component 1: sersic.
R_e [pixel] =  16.05 +/- 0.41 	[initial value = 17.0 ]
mu_e [mag/pixel^2] =  17.30 +/- 0.06 	 [initial value = 17.0 ]
n =  3.95 +/- 0.27        [initial value = 4.0 ]
b_n =  7.56
m_tot [mag] =  7.89

--------------------------------------------
--------------------------------------------

Input ellipse file:  n4291_op_overmos_nobrightstar_galfitsky_logscale.ell
Excluded data:  [[-1.2232836, 6.116418]]
Axis Used:  eq
x-Axis units: pixel
pixels to arcsec scale:  1.2232836
Smoothing:  False sigma =  3.0
Zeropoint:  17.25585
Sky RMS:  0.012
Delta:  0.0312341752329
Convolution done?  True
PSF:  moffat
Fit weighted with errors?  False
--------------------------------------------
Results from fit:
--------------------------------------------
Number of iterations: 73
Chisq:  4.0799807006e-05
Reduced chisq:  1.94284795267e-06
N_free:  21
Component 1: sersic.
R_e [pixel] =  16.84 +/- 0.36 	[initial value = 17.0 ]
mu_e [mag/pixel^2] =  17.71 +/- 0.05 	 [initial value = 17.5 ]
n =  5.03 +/- 0.29        [initial value = 6.0 ]
b_n =  9.72
m_tot [mag] =  8.07

--------------------------------------------
--------------------------------------------

Input ellipse file:  n4291_op_overmos_nobrightstar_galfitsky_combscale.ell
Excluded data:  [[-1.2232836, 6.116418]]
Axis Used:  maj
x-Axis units: pixel
pixels to arcsec scale:  1.2232836
Smoothing:  False sigma =  3.0
Zeropoint:  17.25585
Sky RMS:  0.012
Delta:  0.0539231397289
Convolution done?  True
PSF:  gaussian
Fit weighted with errors?  False
--------------------------------------------
Results from fit:
--------------------------------------------
Number of iterations: 48
Chisq:  0.000516375297284
Reduced chisq:  1.35888236127e-05
N_free:  38
Component 1: sersic.
R_e [pixel] =  14.82 +/- 0.48 	[initial value = 17.0 ]
mu_e [mag/pixel^2] =  17.12 +/- 0.07 	 [initial value = 17.0 ]
n =  4.30 +/- 0.30        [initial value = 4.0 ]
b_n =  8.27
m_tot [mag] =  7.84

--------------------------------------------
--------------------------------------------

Input ellipse file:  n4291_op_overmos_nobrightstar_galfitsky_combscale.ell
Excluded data:  [[-1.2232836, 6.116418]]
Axis Used:  eq
x-Axis units: pixel
pixels to arcsec scale:  1.2232836
Smoothing:  False sigma =  3.0
Zeropoint:  17.25585
Sky RMS:  0.012
Delta:  0.0326005533037
Convolution done?  True
PSF:  gaussian
Fit weighted with errors?  False
--------------------------------------------
Results from fit:
--------------------------------------------
Number of iterations: 41
Chisq:  7.10996091496e-05
Reduced chisq:  1.87104234604e-06
N_free:  38
Component 1: sersic.
R_e [pixel] =  15.22 +/- 0.46 	[initial value = 17.0 ]
mu_e [mag/pixel^2] =  17.49 +/- 0.07 	 [initial value = 17.5 ]
n =  5.94 +/- 0.45        [initial value = 6.0 ]
b_n =  11.54
m_tot [mag] =  7.98

--------------------------------------------
--------------------------------------------

Input ellipse file:  n4291_op_overmos_nobrightstar_galfitsky_combscale.ell
Excluded data:  [[-1.2232836, 6.116418]]
Axis Used:  maj
x-Axis units: pixel
pixels to arcsec scale:  1.2232836
Smoothing:  False sigma =  3.0
Zeropoint:  17.25585
Sky RMS:  0.012
Delta:  0.0539151292352
Convolution done?  True
PSF:  moffat
Fit weighted with errors?  False
--------------------------------------------
Results from fit:
--------------------------------------------
Number of iterations: 53
Chisq:  0.000509860106766
Reduced chisq:  1.34173712307e-05
N_free:  38
Component 1: sersic.
R_e [pixel] =  14.95 +/- 0.43 	[initial value = 17.0 ]
mu_e [mag/pixel^2] =  17.14 +/- 0.07 	 [initial value = 17.0 ]
n =  4.24 +/- 0.27        [initial value = 4.0 ]
b_n =  8.16
m_tot [mag] =  7.85

--------------------------------------------
--------------------------------------------

Input ellipse file:  n4291_op_overmos_nobrightstar_galfitsky_combscale.ell
Excluded data:  [[-1.2232836, 6.116418]]
Axis Used:  eq
x-Axis units: pixel
pixels to arcsec scale:  1.2232836
Smoothing:  False sigma =  3.0
Zeropoint:  17.25585
Sky RMS:  0.012
Delta:  0.0327371809687
Convolution done?  True
PSF:  moffat
Fit weighted with errors?  False
--------------------------------------------
Results from fit:
--------------------------------------------
Number of iterations: 51
Chisq:  6.94374621041e-05
Reduced chisq:  1.82730163432e-06
N_free:  38
Component 1: sersic.
R_e [pixel] =  15.36 +/- 0.31 	[initial value = 17.0 ]
mu_e [mag/pixel^2] =  17.51 +/- 0.04 	 [initial value = 17.5 ]
n =  5.86 +/- 0.33        [initial value = 6.0 ]
b_n =  11.39
m_tot [mag] =  7.99

--------------------------------------------
--------------------------------------------

