Input ellipse file:  m59_op_mos_galfitsky_logscale.ell
Excluded data:  [[-1.2232836, 10.495773288]]
Axis Used:  maj
x-Axis units: pixel
pixels to arcsec scale:  1.2232836
Settings.zeropoint:  17.25585
Sky RMS:  0.03
Delta:  0.0167898421709
Convolution done?  True
PSF:  gaussian
Fit weighted with errors?  False
--------------------------------------------
Results from fit:
--------------------------------------------
Number of iterations: 46
Chisq:  4.06796848861e-06
Reduced chisq:  1.69498687025e-07
N_free:  24
Component 1: sersic.
R_e [pixel] =  45.21 +/- 0.89 	[initial value = 50.0 ]
mu_e [mag/pixel^2] =  17.74 +/- 0.05 	 [initial value = 18.0 ]
n =  3.92 +/- 0.27        [initial value = 5.3 ]
b_n =  7.52
m_tot [mag] =  6.09

Component 2: disc.
h [pixel] =  33.03 +/- 1.29        [initial value = 29.7 ]
mu_0 [mag/pixel^2] =  17.82 +/- 0.19 	 [initial value = 17.2 ]
m_tot [mag] =  8.23

--------------------------------------------
--------------------------------------------

Input ellipse file:  m59_op_mos_galfitsky_logscale.ell
Excluded data:  [[-1.2232836, 10.495773288]]
Axis Used:  eq
x-Axis units: pixel
pixels to arcsec scale:  1.2232836
Settings.zeropoint:  17.25585
Sky RMS:  0.03
Delta:  0.00845359090499
Convolution done?  True
PSF:  gaussian
Fit weighted with errors?  False
--------------------------------------------
Results from fit:
--------------------------------------------
Number of iterations: 59
Chisq:  2.33215540858e-07
Reduced chisq:  9.71731420242e-09
N_free:  24
Component 1: sersic.
R_e [pixel] =  82.26 +/- 0.52 	[initial value = 80.0 ]
mu_e [mag/pixel^2] =  19.45 +/- 0.01 	 [initial value = 19.4 ]
n =  8.24 +/- 0.15        [initial value = 8.3 ]
b_n =  16.15
m_tot [mag] =  6.10

Component 2: disc.
h [pixel] =  14.79 +/- 0.22        [initial value = 15.0 ]
mu_0 [mag/pixel^2] =  16.68 +/- 0.05 	 [initial value = 16.7 ]
m_tot [mag] =  8.84

--------------------------------------------
--------------------------------------------

Input ellipse file:  m59_op_mos_galfitsky_logscale.ell
Excluded data:  [[-1.2232836, 10.495773288]]
Axis Used:  maj
x-Axis units: pixel
pixels to arcsec scale:  1.2232836
Settings.zeropoint:  17.25585
Sky RMS:  0.03
Delta:  0.0168506741594
Convolution done?  True
PSF:  moffat
Fit weighted with errors?  False
--------------------------------------------
Results from fit:
--------------------------------------------
Number of iterations: 57
Chisq:  4.13864252788e-06
Reduced chisq:  1.72443438662e-07
N_free:  24
Component 1: sersic.
R_e [pixel] =  45.50 +/- 0.89 	[initial value = 50.0 ]
mu_e [mag/pixel^2] =  17.77 +/- 0.05 	 [initial value = 18.0 ]
n =  4.03 +/- 0.36        [initial value = 5.3 ]
b_n =  7.73
m_tot [mag] =  6.09

Component 2: disc.
h [pixel] =  32.54 +/- 1.14        [initial value = 29.7 ]
mu_0 [mag/pixel^2] =  17.73 +/- 0.21 	 [initial value = 17.2 ]
m_tot [mag] =  8.18

--------------------------------------------
--------------------------------------------

Input ellipse file:  m59_op_mos_galfitsky_logscale.ell
Excluded data:  [[-1.2232836, 10.495773288]]
Axis Used:  eq
x-Axis units: pixel
pixels to arcsec scale:  1.2232836
Settings.zeropoint:  17.25585
Sky RMS:  0.03
Delta:  0.00859887909874
Convolution done?  True
PSF:  moffat
Fit weighted with errors?  False
--------------------------------------------
Results from fit:
--------------------------------------------
Number of iterations: 85
Chisq:  2.36210491098e-07
Reduced chisq:  9.84210379573e-09
N_free:  24
Component 1: sersic.
R_e [pixel] =  82.00 +/- 0.54 	[initial value = 80.0 ]
mu_e [mag/pixel^2] =  19.45 +/- 0.02 	 [initial value = 19.4 ]
n =  8.28 +/- 0.31        [initial value = 8.3 ]
b_n =  16.23
m_tot [mag] =  6.10

Component 2: disc.
h [pixel] =  14.95 +/- 0.33        [initial value = 15.0 ]
mu_0 [mag/pixel^2] =  16.71 +/- 0.07 	 [initial value = 16.7 ]
m_tot [mag] =  8.85

--------------------------------------------
--------------------------------------------

Input ellipse file:  m59_op_mos_galfitsky_combscale.ell
Excluded data:  [[-1.2232836, 10.495773288]]
Axis Used:  maj
x-Axis units: pixel
pixels to arcsec scale:  1.2232836
Settings.zeropoint:  17.25585
Sky RMS:  0.03
Delta:  0.0177268764947
Convolution done?  True
PSF:  gaussian
Fit weighted with errors?  False
--------------------------------------------
Results from fit:
--------------------------------------------
Number of iterations: 60
Chisq:  2.86507056963e-05
Reduced chisq:  2.44877826464e-07
N_free:  117
Component 1: sersic.
R_e [pixel] =  44.68 +/- 0.57 	[initial value = 50.0 ]
mu_e [mag/pixel^2] =  17.69 +/- 0.03 	 [initial value = 18.0 ]
n =  3.75 +/- 0.15        [initial value = 5.3 ]
b_n =  7.17
m_tot [mag] =  6.08

Component 2: disc.
h [pixel] =  34.88 +/- 1.00        [initial value = 29.7 ]
mu_0 [mag/pixel^2] =  18.05 +/- 0.14 	 [initial value = 17.2 ]
m_tot [mag] =  8.34

--------------------------------------------
--------------------------------------------

Input ellipse file:  m59_op_mos_galfitsky_combscale.ell
Excluded data:  [[-1.2232836, 10.495773288]]
Axis Used:  eq
x-Axis units: pixel
pixels to arcsec scale:  1.2232836
Settings.zeropoint:  17.25585
Sky RMS:  0.03
Delta:  0.0097247660189
Convolution done?  True
PSF:  gaussian
Fit weighted with errors?  False
--------------------------------------------
Results from fit:
--------------------------------------------
Number of iterations: 68
Chisq:  2.734430639e-06
Reduced chisq:  2.33712020427e-08
N_free:  117
Component 1: sersic.
R_e [pixel] =  86.15 +/- 0.37 	[initial value = 80.0 ]
mu_e [mag/pixel^2] =  19.55 +/- 0.01 	 [initial value = 19.4 ]
n =  8.71 +/- 0.16        [initial value = 8.3 ]
b_n =  17.08
m_tot [mag] =  6.07

Component 2: disc.
h [pixel] =  14.77 +/- 0.17        [initial value = 15.0 ]
mu_0 [mag/pixel^2] =  16.65 +/- 0.04 	 [initial value = 16.7 ]
m_tot [mag] =  8.81

--------------------------------------------
--------------------------------------------

Input ellipse file:  m59_op_mos_galfitsky_combscale.ell
Excluded data:  [[-1.2232836, 10.495773288]]
Axis Used:  maj
x-Axis units: pixel
pixels to arcsec scale:  1.2232836
Settings.zeropoint:  17.25585
Sky RMS:  0.03
Delta:  0.0177822494541
Convolution done?  True
PSF:  moffat
Fit weighted with errors?  False
--------------------------------------------
Results from fit:
--------------------------------------------
Number of iterations: 130
Chisq:  2.89534273247e-05
Reduced chisq:  2.47465190809e-07
N_free:  117
Component 1: sersic.
R_e [pixel] =  44.94 +/- 0.58 	[initial value = 50.0 ]
mu_e [mag/pixel^2] =  17.70 +/- 0.03 	 [initial value = 18.0 ]
n =  3.77 +/- 0.15        [initial value = 5.3 ]
b_n =  7.20
m_tot [mag] =  6.08

Component 2: disc.
h [pixel] =  34.53 +/- 1.00        [initial value = 29.7 ]
mu_0 [mag/pixel^2] =  18.02 +/- 0.14 	 [initial value = 17.2 ]
m_tot [mag] =  8.33

--------------------------------------------
--------------------------------------------

Input ellipse file:  m59_op_mos_galfitsky_combscale.ell
Excluded data:  [[-1.2232836, 10.495773288]]
Axis Used:  eq
x-Axis units: pixel
pixels to arcsec scale:  1.2232836
Settings.zeropoint:  17.25585
Sky RMS:  0.03
Delta:  0.00978092201326
Convolution done?  True
PSF:  moffat
Fit weighted with errors?  False
--------------------------------------------
Results from fit:
--------------------------------------------
Number of iterations: 56
Chisq:  2.72956687871e-06
Reduced chisq:  2.33296314419e-08
N_free:  117
Component 1: sersic.
R_e [pixel] =  87.56 +/- 0.38 	[initial value = 80.0 ]
mu_e [mag/pixel^2] =  19.59 +/- 0.01 	 [initial value = 19.4 ]
n =  8.84 +/- 0.19        [initial value = 8.3 ]
b_n =  17.34
m_tot [mag] =  6.07

Component 2: disc.
h [pixel] =  14.88 +/- 0.17        [initial value = 15.0 ]
mu_0 [mag/pixel^2] =  16.66 +/- 0.04 	 [initial value = 16.7 ]
m_tot [mag] =  8.80

--------------------------------------------
--------------------------------------------

Input ellipse file:  m59_op_mos_galfitsky_logscale.ell
Excluded data:  [[-1.2232836, 10.495773288]]
Axis Used:  maj
x-Axis units: pixel
pixels to arcsec scale:  1.2232836
Settings.zeropoint:  17.25585
Sky RMS:  0.03
Delta:  0.0167540677792
Convolution done?  True
PSF:  gaussian
Fit weighted with errors?  False
--------------------------------------------
Results from fit:
--------------------------------------------
Number of iterations: 76
Chisq:  4.01261860498e-06
Reduced chisq:  1.67192441874e-07
N_free:  24
Component 1: sersic.
R_e [pixel] =  44.94 +/- 0.87 	[initial value = 50.0 ]
mu_e [mag/pixel^2] =  17.72 +/- 0.05 	 [initial value = 18.0 ]
n =  3.87 +/- 0.27        [initial value = 5.3 ]
b_n =  7.41
m_tot [mag] =  6.09

Component 2: disc.
h [pixel] =  33.46 +/- 1.38        [initial value = 29.7 ]
mu_0 [mag/pixel^2] =  17.87 +/- 0.21 	 [initial value = 18.5 ]
m_tot [mag] =  8.25

--------------------------------------------
--------------------------------------------

Input ellipse file:  m59_op_mos_galfitsky_logscale.ell
Excluded data:  [[-1.2232836, 10.495773288]]
Axis Used:  eq
x-Axis units: pixel
pixels to arcsec scale:  1.2232836
Settings.zeropoint:  17.25585
Sky RMS:  0.03
Delta:  0.00858017630104
Convolution done?  True
PSF:  gaussian
Fit weighted with errors?  False
--------------------------------------------
Results from fit:
--------------------------------------------
Number of iterations: 70
Chisq:  2.77665050916e-07
Reduced chisq:  1.15693771215e-08
N_free:  24
Component 1: sersic.
R_e [pixel] =  88.23 +/- 0.67 	[initial value = 80.0 ]
mu_e [mag/pixel^2] =  19.61 +/- 0.02 	 [initial value = 19.4 ]
n =  8.64 +/- 0.17        [initial value = 8.3 ]
b_n =  16.96
m_tot [mag] =  6.08

Component 2: disc.
h [pixel] =  14.89 +/- 0.28        [initial value = 20.0 ]
mu_0 [mag/pixel^2] =  16.64 +/- 0.05 	 [initial value = 18.5 ]
m_tot [mag] =  8.78

--------------------------------------------
--------------------------------------------

Input ellipse file:  m59_op_mos_galfitsky_logscale.ell
Excluded data:  [[-1.2232836, 10.495773288]]
Axis Used:  maj
x-Axis units: pixel
pixels to arcsec scale:  1.2232836
Settings.zeropoint:  17.25585
Sky RMS:  0.03
Delta:  0.017460703242
Convolution done?  True
PSF:  moffat
Fit weighted with errors?  False
--------------------------------------------
Results from fit:
--------------------------------------------
Number of iterations: 87
Chisq:  4.59426622995e-06
Reduced chisq:  1.91427759581e-07
N_free:  24
Component 1: sersic.
R_e [pixel] =  46.33 +/- 0.94 	[initial value = 50.0 ]
mu_e [mag/pixel^2] =  17.85 +/- 0.08 	 [initial value = 18.0 ]
n =  4.39 +/- 0.69        [initial value = 5.3 ]
b_n =  8.45
m_tot [mag] =  6.08

Component 2: disc.
h [pixel] =  31.35 +/- 0.95        [initial value = 29.7 ]
mu_0 [mag/pixel^2] =  17.52 +/- 0.27 	 [initial value = 18.5 ]
m_tot [mag] =  8.04

--------------------------------------------
--------------------------------------------

Input ellipse file:  m59_op_mos_galfitsky_logscale.ell
Excluded data:  [[-1.2232836, 10.495773288]]
Axis Used:  eq
x-Axis units: pixel
pixels to arcsec scale:  1.2232836
Settings.zeropoint:  17.25585
Sky RMS:  0.03
Delta:  0.00891925688259
Convolution done?  True
PSF:  moffat
Fit weighted with errors?  False
--------------------------------------------
Results from fit:
--------------------------------------------
Number of iterations: 85
Chisq:  2.76612317289e-07
Reduced chisq:  1.15255132204e-08
N_free:  24
Component 1: sersic.
R_e [pixel] =  88.29 +/- 0.67 	[initial value = 80.0 ]
mu_e [mag/pixel^2] =  19.61 +/- 0.02 	 [initial value = 19.4 ]
n =  8.89 +/- 0.22        [initial value = 8.3 ]
b_n =  17.45
m_tot [mag] =  6.07

Component 2: disc.
h [pixel] =  15.18 +/- 0.26        [initial value = 20.0 ]
mu_0 [mag/pixel^2] =  16.70 +/- 0.05 	 [initial value = 18.5 ]
m_tot [mag] =  8.80

--------------------------------------------
--------------------------------------------

Input ellipse file:  m59_op_mos_galfitsky_combscale.ell
Excluded data:  [[-1.2232836, 10.495773288]]
Axis Used:  maj
x-Axis units: pixel
pixels to arcsec scale:  1.2232836
Settings.zeropoint:  17.25585
Sky RMS:  0.03
Delta:  0.0175612471801
Convolution done?  True
PSF:  gaussian
Fit weighted with errors?  False
--------------------------------------------
Results from fit:
--------------------------------------------
Number of iterations: 130
Chisq:  2.82210892903e-05
Reduced chisq:  2.4120589137e-07
N_free:  117
Component 1: sersic.
R_e [pixel] =  43.06 +/- 0.60 	[initial value = 50.0 ]
mu_e [mag/pixel^2] =  17.59 +/- 0.03 	 [initial value = 18.0 ]
n =  3.55 +/- 0.15        [initial value = 5.3 ]
b_n =  6.77
m_tot [mag] =  6.10

Component 2: disc.
h [pixel] =  38.37 +/- 1.50        [initial value = 29.7 ]
mu_0 [mag/pixel^2] =  18.29 +/- 0.17 	 [initial value = 18.5 ]
m_tot [mag] =  8.37

--------------------------------------------
--------------------------------------------

Input ellipse file:  m59_op_mos_galfitsky_combscale.ell
Excluded data:  [[-1.2232836, 10.495773288]]
Axis Used:  eq
x-Axis units: pixel
pixels to arcsec scale:  1.2232836
Settings.zeropoint:  17.25585
Sky RMS:  0.03
Delta:  0.010056508947
Convolution done?  True
PSF:  gaussian
Fit weighted with errors?  False
--------------------------------------------
Results from fit:
--------------------------------------------
Number of iterations: 87
Chisq:  2.92355537938e-06
Reduced chisq:  2.49876528152e-08
N_free:  117
Component 1: sersic.
R_e [pixel] =  92.94 +/- 0.43 	[initial value = 80.0 ]
mu_e [mag/pixel^2] =  19.72 +/- 0.01 	 [initial value = 19.4 ]
n =  9.44 +/- 0.12        [initial value = 8.3 ]
b_n =  18.54
m_tot [mag] =  6.04

Component 2: disc.
h [pixel] =  15.16 +/- 0.12        [initial value = 20.0 ]
mu_0 [mag/pixel^2] =  16.67 +/- 0.02 	 [initial value = 18.5 ]
m_tot [mag] =  8.77

--------------------------------------------
--------------------------------------------

Input ellipse file:  m59_op_mos_galfitsky_combscale.ell
Excluded data:  [[-1.2232836, 10.495773288]]
Axis Used:  maj
x-Axis units: pixel
pixels to arcsec scale:  1.2232836
Settings.zeropoint:  17.25585
Sky RMS:  0.03
Delta:  0.0175447227178
Convolution done?  True
PSF:  moffat
Fit weighted with errors?  False
--------------------------------------------
Results from fit:
--------------------------------------------
Number of iterations: 130
Chisq:  2.82157071023e-05
Reduced chisq:  2.41159889763e-07
N_free:  117
Component 1: sersic.
R_e [pixel] =  43.19 +/- 0.60 	[initial value = 50.0 ]
mu_e [mag/pixel^2] =  17.60 +/- 0.03 	 [initial value = 18.0 ]
n =  3.53 +/- 0.14        [initial value = 5.3 ]
b_n =  6.73
m_tot [mag] =  6.09

Component 2: disc.
h [pixel] =  38.36 +/- 1.49        [initial value = 29.7 ]
mu_0 [mag/pixel^2] =  18.31 +/- 0.17 	 [initial value = 18.5 ]
m_tot [mag] =  8.39

--------------------------------------------
--------------------------------------------

Input ellipse file:  m59_op_mos_galfitsky_combscale.ell
Excluded data:  [[-1.2232836, 10.495773288]]
Axis Used:  eq
x-Axis units: pixel
pixels to arcsec scale:  1.2232836
Settings.zeropoint:  17.25585
Sky RMS:  0.03
Delta:  0.010169052172
Convolution done?  True
PSF:  moffat
Fit weighted with errors?  False
--------------------------------------------
Results from fit:
--------------------------------------------
Number of iterations: 76
Chisq:  2.99245250925e-06
Reduced chisq:  2.55765171731e-08
N_free:  117
Component 1: sersic.
R_e [pixel] =  95.56 +/- 0.46 	[initial value = 80.0 ]
mu_e [mag/pixel^2] =  19.78 +/- 0.01 	 [initial value = 19.4 ]
n =  9.61 +/- 0.15        [initial value = 8.3 ]
b_n =  18.89
m_tot [mag] =  6.03

Component 2: disc.
h [pixel] =  15.28 +/- 0.16        [initial value = 20.0 ]
mu_0 [mag/pixel^2] =  16.67 +/- 0.03 	 [initial value = 18.5 ]
m_tot [mag] =  8.76

--------------------------------------------
--------------------------------------------

Input ellipse file:  m59_op_mos_galfitsky_logscale.ell
Excluded data:  [[-1.2232836, 6.116418]]
Axis Used:  maj
x-Axis units: pixel
pixels to arcsec scale:  1.2232836
Settings.zeropoint:  17.25585
Sky RMS:  0.03
Delta:  0.0180202935234
Convolution done?  True
PSF:  gaussian
Fit weighted with errors?  False
--------------------------------------------
Results from fit:
--------------------------------------------
Number of iterations: 51
Chisq:  6.74071488505e-06
Reduced chisq:  2.24690496168e-07
N_free:  30
Component 1: sersic.
R_e [pixel] =  49.04 +/- 1.09 	[initial value = 50.0 ]
mu_e [mag/pixel^2] =  18.07 +/- 0.05 	 [initial value = 18.0 ]
n =  5.57 +/- 0.25        [initial value = 5.3 ]
b_n =  10.80
m_tot [mag] =  6.05

Component 2: disc.
h [pixel] =  29.73 +/- 0.56        [initial value = 29.7 ]
mu_0 [mag/pixel^2] =  17.16 +/- 0.06 	 [initial value = 17.5 ]
m_tot [mag] =  7.79

--------------------------------------------
--------------------------------------------

Input ellipse file:  m59_op_mos_galfitsky_logscale.ell
Excluded data:  [[-1.2232836, 6.116418]]
Axis Used:  eq
x-Axis units: pixel
pixels to arcsec scale:  1.2232836
Settings.zeropoint:  17.25585
Sky RMS:  0.03
Delta:  0.00930290045492
Convolution done?  True
PSF:  gaussian
Fit weighted with errors?  False
--------------------------------------------
Results from fit:
--------------------------------------------
Number of iterations: 75
Chisq:  4.6225810619e-07
Reduced chisq:  1.54086035397e-08
N_free:  30
Component 1: sersic.
R_e [pixel] =  90.05 +/- 0.70 	[initial value = 80.0 ]
mu_e [mag/pixel^2] =  19.65 +/- 0.02 	 [initial value = 19.4 ]
n =  8.76 +/- 0.08        [initial value = 8.3 ]
b_n =  17.19
m_tot [mag] =  6.07

Component 2: disc.
h [pixel] =  14.76 +/- 0.20        [initial value = 20.0 ]
mu_0 [mag/pixel^2] =  16.60 +/- 0.03 	 [initial value = 17.5 ]
m_tot [mag] =  8.76

--------------------------------------------
--------------------------------------------

Input ellipse file:  m59_op_mos_galfitsky_logscale.ell
Excluded data:  [[-1.2232836, 6.116418]]
Axis Used:  maj
x-Axis units: pixel
pixels to arcsec scale:  1.2232836
Settings.zeropoint:  17.25585
Sky RMS:  0.03
Delta:  0.0176766291353
Convolution done?  True
PSF:  moffat
Fit weighted with errors?  False
--------------------------------------------
Results from fit:
--------------------------------------------
Number of iterations: 52
Chisq:  6.44024019228e-06
Reduced chisq:  2.14674673076e-07
N_free:  30
Component 1: sersic.
R_e [pixel] =  48.81 +/- 1.01 	[initial value = 50.0 ]
mu_e [mag/pixel^2] =  18.05 +/- 0.05 	 [initial value = 18.0 ]
n =  5.42 +/- 0.29        [initial value = 5.3 ]
b_n =  10.51
m_tot [mag] =  6.06

Component 2: disc.
h [pixel] =  29.85 +/- 0.54        [initial value = 29.7 ]
mu_0 [mag/pixel^2] =  17.18 +/- 0.07 	 [initial value = 17.5 ]
m_tot [mag] =  7.81

--------------------------------------------
--------------------------------------------

Input ellipse file:  m59_op_mos_galfitsky_logscale.ell
Excluded data:  [[-1.2232836, 6.116418]]
Axis Used:  eq
x-Axis units: pixel
pixels to arcsec scale:  1.2232836
Settings.zeropoint:  17.25585
Sky RMS:  0.03
Delta:  0.0112637785869
Convolution done?  True
PSF:  moffat
Fit weighted with errors?  False
--------------------------------------------
Results from fit:
--------------------------------------------
Number of iterations: 75
Chisq:  9.88924241288e-07
Reduced chisq:  3.29641413763e-08
N_free:  30
Component 1: sersic.
R_e [pixel] =  93.88 +/- 1.23 	[initial value = 80.0 ]
mu_e [mag/pixel^2] =  19.74 +/- 0.03 	 [initial value = 19.4 ]
n =  8.58 +/- 0.08        [initial value = 8.3 ]
b_n =  16.83
m_tot [mag] =  6.08

Component 2: disc.
h [pixel] =  14.39 +/- 0.21        [initial value = 20.0 ]
mu_0 [mag/pixel^2] =  16.48 +/- 0.03 	 [initial value = 17.5 ]
m_tot [mag] =  8.69

--------------------------------------------
--------------------------------------------

Input ellipse file:  m59_op_mos_galfitsky_combscale.ell
Excluded data:  [[-1.2232836, 6.116418]]
Axis Used:  maj
x-Axis units: pixel
pixels to arcsec scale:  1.2232836
Settings.zeropoint:  17.25585
Sky RMS:  0.03
Delta:  0.0198018894585
Convolution done?  True
PSF:  gaussian
Fit weighted with errors?  False
--------------------------------------------
Results from fit:
--------------------------------------------
Number of iterations: 57
Chisq:  4.12592380477e-05
Reduced chisq:  3.40985438411e-07
N_free:  121
Component 1: sersic.
R_e [pixel] =  48.81 +/- 0.88 	[initial value = 50.0 ]
mu_e [mag/pixel^2] =  18.07 +/- 0.05 	 [initial value = 18.0 ]
n =  5.83 +/- 0.45        [initial value = 5.3 ]
b_n =  11.32
m_tot [mag] =  6.04

Component 2: disc.
h [pixel] =  30.39 +/- 0.36        [initial value = 29.7 ]
mu_0 [mag/pixel^2] =  17.18 +/- 0.06 	 [initial value = 17.5 ]
m_tot [mag] =  7.77

--------------------------------------------
--------------------------------------------

Input ellipse file:  m59_op_mos_galfitsky_combscale.ell
Excluded data:  [[-1.2232836, 6.116418]]
Axis Used:  eq
x-Axis units: pixel
pixels to arcsec scale:  1.2232836
Settings.zeropoint:  17.25585
Sky RMS:  0.03
Delta:  0.0101956244072
Convolution done?  True
PSF:  gaussian
Fit weighted with errors?  False
--------------------------------------------
Results from fit:
--------------------------------------------
Number of iterations: 55
Chisq:  3.11830947743e-06
Reduced chisq:  2.5771152706e-08
N_free:  121
Component 1: sersic.
R_e [pixel] =  94.41 +/- 0.44 	[initial value = 80.0 ]
mu_e [mag/pixel^2] =  19.75 +/- 0.01 	 [initial value = 19.4 ]
n =  9.46 +/- 0.07        [initial value = 8.3 ]
b_n =  18.59
m_tot [mag] =  6.04

Component 2: disc.
h [pixel] =  15.18 +/- 0.14        [initial value = 20.0 ]
mu_0 [mag/pixel^2] =  16.66 +/- 0.02 	 [initial value = 17.5 ]
m_tot [mag] =  8.76

--------------------------------------------
--------------------------------------------

Input ellipse file:  m59_op_mos_galfitsky_combscale.ell
Excluded data:  [[-1.2232836, 6.116418]]
Axis Used:  maj
x-Axis units: pixel
pixels to arcsec scale:  1.2232836
Settings.zeropoint:  17.25585
Sky RMS:  0.03
Delta:  0.019820793278
Convolution done?  True
PSF:  moffat
Fit weighted with errors?  False
--------------------------------------------
Results from fit:
--------------------------------------------
Number of iterations: 60
Chisq:  4.15757054574e-05
Reduced chisq:  3.43600871549e-07
N_free:  121
Component 1: sersic.
R_e [pixel] =  49.02 +/- 0.92 	[initial value = 50.0 ]
mu_e [mag/pixel^2] =  18.07 +/- 0.05 	 [initial value = 18.0 ]
n =  5.77 +/- 0.42        [initial value = 5.3 ]
b_n =  11.21
m_tot [mag] =  6.04

Component 2: disc.
h [pixel] =  30.33 +/- 0.37        [initial value = 29.7 ]
mu_0 [mag/pixel^2] =  17.18 +/- 0.06 	 [initial value = 17.5 ]
m_tot [mag] =  7.78

--------------------------------------------
--------------------------------------------

Input ellipse file:  m59_op_mos_galfitsky_combscale.ell
Excluded data:  [[-1.2232836, 6.116418]]
Axis Used:  eq
x-Axis units: pixel
pixels to arcsec scale:  1.2232836
Settings.zeropoint:  17.25585
Sky RMS:  0.03
Delta:  0.0101766816494
Convolution done?  True
PSF:  moffat
Fit weighted with errors?  False
--------------------------------------------
Results from fit:
--------------------------------------------
Number of iterations: 54
Chisq:  3.15864746278e-06
Reduced chisq:  2.61045244858e-08
N_free:  121
Component 1: sersic.
R_e [pixel] =  93.96 +/- 0.47 	[initial value = 80.0 ]
mu_e [mag/pixel^2] =  19.74 +/- 0.01 	 [initial value = 19.4 ]
n =  9.27 +/- 0.07        [initial value = 8.3 ]
b_n =  18.20
m_tot [mag] =  6.05

Component 2: disc.
h [pixel] =  15.07 +/- 0.13        [initial value = 20.0 ]
mu_0 [mag/pixel^2] =  16.64 +/- 0.03 	 [initial value = 17.5 ]
m_tot [mag] =  8.75

--------------------------------------------
--------------------------------------------

Input ellipse file:  m59_op_mos_galfitsky_logscale.ell
Excluded data:  [[-1.2232836, 6.116418]]
Axis Used:  maj
x-Axis units: pixel
pixels to arcsec scale:  1.2232836
Settings.zeropoint:  17.25585
Sky RMS:  0.03
Delta:  0.0178947844416
Convolution done?  True
PSF:  gaussian
Fit weighted with errors?  False
--------------------------------------------
Results from fit:
--------------------------------------------
Number of iterations: 53
Chisq:  7.10386521338e-06
Reduced chisq:  2.36795507113e-07
N_free:  30
Component 1: sersic.
R_e [pixel] =  50.01 +/- 1.17 	[initial value = 50.0 ]
mu_e [mag/pixel^2] =  18.12 +/- 0.06 	 [initial value = 18.0 ]
n =  5.63 +/- 0.35        [initial value = 5.3 ]
b_n =  10.93
m_tot [mag] =  6.05

Component 2: disc.
h [pixel] =  29.44 +/- 0.53        [initial value = 29.7 ]
mu_0 [mag/pixel^2] =  17.12 +/- 0.07 	 [initial value = 17.5 ]
m_tot [mag] =  7.78

--------------------------------------------
--------------------------------------------

Input ellipse file:  m59_op_mos_galfitsky_logscale.ell
Excluded data:  [[-1.2232836, 6.116418]]
Axis Used:  eq
x-Axis units: pixel
pixels to arcsec scale:  1.2232836
Settings.zeropoint:  17.25585
Sky RMS:  0.03
Delta:  0.0114698226923
Convolution done?  True
PSF:  gaussian
Fit weighted with errors?  False
--------------------------------------------
Results from fit:
--------------------------------------------
Number of iterations: 65
Chisq:  1.04406548792e-06
Reduced chisq:  3.48021829308e-08
N_free:  30
Component 1: sersic.
R_e [pixel] =  95.66 +/- 1.19 	[initial value = 80.0 ]
mu_e [mag/pixel^2] =  19.78 +/- 0.03 	 [initial value = 19.4 ]
n =  8.68 +/- 0.08        [initial value = 8.3 ]
b_n =  17.03
m_tot [mag] =  6.08

Component 2: disc.
h [pixel] =  14.46 +/- 0.21        [initial value = 20.0 ]
mu_0 [mag/pixel^2] =  16.47 +/- 0.03 	 [initial value = 17.5 ]
m_tot [mag] =  8.68

--------------------------------------------
--------------------------------------------

Input ellipse file:  m59_op_mos_galfitsky_logscale.ell
Excluded data:  [[-1.2232836, 6.116418]]
Axis Used:  maj
x-Axis units: pixel
pixels to arcsec scale:  1.2232836
Settings.zeropoint:  17.25585
Sky RMS:  0.03
Delta:  0.0174110263107
Convolution done?  True
PSF:  moffat
Fit weighted with errors?  False
--------------------------------------------
Results from fit:
--------------------------------------------
Number of iterations: 62
Chisq:  6.23833059091e-06
Reduced chisq:  2.0794435303e-07
N_free:  30
Component 1: sersic.
R_e [pixel] =  49.02 +/- 1.04 	[initial value = 50.0 ]
mu_e [mag/pixel^2] =  18.05 +/- 0.06 	 [initial value = 18.0 ]
n =  5.19 +/- 0.25        [initial value = 5.3 ]
b_n =  10.05
m_tot [mag] =  6.07

Component 2: disc.
h [pixel] =  29.80 +/- 0.57        [initial value = 29.7 ]
mu_0 [mag/pixel^2] =  17.21 +/- 0.07 	 [initial value = 17.5 ]
m_tot [mag] =  7.84

--------------------------------------------
--------------------------------------------

Input ellipse file:  m59_op_mos_galfitsky_logscale.ell
Excluded data:  [[-1.2232836, 6.116418]]
Axis Used:  eq
x-Axis units: pixel
pixels to arcsec scale:  1.2232836
Settings.zeropoint:  17.25585
Sky RMS:  0.03
Delta:  0.015133903347
Convolution done?  True
PSF:  moffat
Fit weighted with errors?  False
--------------------------------------------
Results from fit:
--------------------------------------------
Number of iterations: 63
Chisq:  2.87770834096e-06
Reduced chisq:  9.59236113652e-08
N_free:  30
Component 1: sersic.
R_e [pixel] =  97.49 +/- 2.26 	[initial value = 80.0 ]
mu_e [mag/pixel^2] =  19.82 +/- 0.05 	 [initial value = 19.4 ]
n =  8.13 +/- 0.12        [initial value = 8.3 ]
b_n =  15.93
m_tot [mag] =  6.11

Component 2: disc.
h [pixel] =  13.84 +/- 0.27        [initial value = 20.0 ]
mu_0 [mag/pixel^2] =  16.31 +/- 0.04 	 [initial value = 17.5 ]
m_tot [mag] =  8.61

--------------------------------------------
--------------------------------------------

Input ellipse file:  m59_op_mos_galfitsky_combscale.ell
Excluded data:  [[-1.2232836, 6.116418]]
Axis Used:  maj
x-Axis units: pixel
pixels to arcsec scale:  1.2232836
Settings.zeropoint:  17.25585
Sky RMS:  0.03
Delta:  0.0201482718515
Convolution done?  True
PSF:  gaussian
Fit weighted with errors?  False
--------------------------------------------
Results from fit:
--------------------------------------------
Number of iterations: 58
Chisq:  4.41206640133e-05
Reduced chisq:  3.64633586886e-07
N_free:  121
Component 1: sersic.
R_e [pixel] =  49.86 +/- 0.98 	[initial value = 50.0 ]
mu_e [mag/pixel^2] =  18.13 +/- 0.06 	 [initial value = 18.0 ]
n =  6.00 +/- 0.46        [initial value = 5.3 ]
b_n =  11.67
m_tot [mag] =  6.03

Component 2: disc.
h [pixel] =  30.09 +/- 0.35        [initial value = 29.7 ]
mu_0 [mag/pixel^2] =  17.13 +/- 0.06 	 [initial value = 17.5 ]
m_tot [mag] =  7.75

--------------------------------------------
--------------------------------------------

Input ellipse file:  m59_op_mos_galfitsky_combscale.ell
Excluded data:  [[-1.2232836, 6.116418]]
Axis Used:  eq
x-Axis units: pixel
pixels to arcsec scale:  1.2232836
Settings.zeropoint:  17.25585
Sky RMS:  0.03
Delta:  0.0102803792518
Convolution done?  True
PSF:  gaussian
Fit weighted with errors?  False
--------------------------------------------
Results from fit:
--------------------------------------------
Number of iterations: 64
Chisq:  3.37447050097e-06
Reduced chisq:  2.78881859584e-08
N_free:  121
Component 1: sersic.
R_e [pixel] =  94.59 +/- 0.47 	[initial value = 80.0 ]
mu_e [mag/pixel^2] =  19.76 +/- 0.01 	 [initial value = 19.4 ]
n =  9.24 +/- 0.06        [initial value = 8.3 ]
b_n =  18.16
m_tot [mag] =  6.05

Component 2: disc.
h [pixel] =  15.03 +/- 0.14        [initial value = 20.0 ]
mu_0 [mag/pixel^2] =  16.62 +/- 0.03 	 [initial value = 17.5 ]
m_tot [mag] =  8.74

--------------------------------------------
--------------------------------------------

Input ellipse file:  m59_op_mos_galfitsky_combscale.ell
Excluded data:  [[-1.2232836, 6.116418]]
Axis Used:  maj
x-Axis units: pixel
pixels to arcsec scale:  1.2232836
Settings.zeropoint:  17.25585
Sky RMS:  0.03
Delta:  0.0195591725665
Convolution done?  True
PSF:  moffat
Fit weighted with errors?  False
--------------------------------------------
Results from fit:
--------------------------------------------
Number of iterations: 51
Chisq:  3.87182508037e-05
Reduced chisq:  3.19985543832e-07
N_free:  121
Component 1: sersic.
R_e [pixel] =  48.01 +/- 0.79 	[initial value = 50.0 ]
mu_e [mag/pixel^2] =  18.02 +/- 0.05 	 [initial value = 18.0 ]
n =  5.55 +/- 0.37        [initial value = 5.3 ]
b_n =  10.77
m_tot [mag] =  6.05

Component 2: disc.
h [pixel] =  30.73 +/- 0.38        [initial value = 29.7 ]
mu_0 [mag/pixel^2] =  17.24 +/- 0.07 	 [initial value = 17.5 ]
m_tot [mag] =  7.81

--------------------------------------------
--------------------------------------------

Input ellipse file:  m59_op_mos_galfitsky_combscale.ell
Excluded data:  [[-1.2232836, 6.116418]]
Axis Used:  eq
x-Axis units: pixel
pixels to arcsec scale:  1.2232836
Settings.zeropoint:  17.25585
Sky RMS:  0.03
Delta:  0.0101136302183
Convolution done?  True
PSF:  moffat
Fit weighted with errors?  False
--------------------------------------------
Results from fit:
--------------------------------------------
Number of iterations: 76
Chisq:  3.26376433997e-06
Reduced chisq:  2.6973259008e-08
N_free:  121
Component 1: sersic.
R_e [pixel] =  90.93 +/- 0.45 	[initial value = 80.0 ]
mu_e [mag/pixel^2] =  19.67 +/- 0.01 	 [initial value = 19.4 ]
n =  8.79 +/- 0.06        [initial value = 8.3 ]
b_n =  17.24
m_tot [mag] =  6.07

Component 2: disc.
h [pixel] =  14.83 +/- 0.14        [initial value = 20.0 ]
mu_0 [mag/pixel^2] =  16.61 +/- 0.03 	 [initial value = 17.5 ]
m_tot [mag] =  8.75

--------------------------------------------
--------------------------------------------

Input ellipse file:  m59_op_mos_galfitsky_logscale.ell
Excluded data:  [[-1.2232836, 6.116418]]
Axis Used:  maj
x-Axis units: pixel
pixels to arcsec scale:  1.2232836
Smoothing:  False sigma =  3.0
Zeropoint:  17.25585
Sky RMS:  0.03
Delta:  0.0178947844416
Convolution done?  True
PSF:  gaussian
Fit weighted with errors?  False
--------------------------------------------
Results from fit:
--------------------------------------------
Number of iterations: 53
Chisq:  7.10386521338e-06
Reduced chisq:  2.36795507113e-07
N_free:  30
Component 1: sersic.
R_e [pixel] =  50.01 +/- 1.17 	[initial value = 50.0 ]
mu_e [mag/pixel^2] =  18.12 +/- 0.06 	 [initial value = 18.0 ]
n =  5.63 +/- 0.35        [initial value = 5.3 ]
b_n =  10.93
m_tot [mag] =  6.05

Component 2: disc.
h [pixel] =  29.44 +/- 0.53        [initial value = 29.7 ]
mu_0 [mag/pixel^2] =  17.12 +/- 0.07 	 [initial value = 17.5 ]
m_tot [mag] =  7.78

--------------------------------------------
--------------------------------------------

Input ellipse file:  m59_op_mos_galfitsky_logscale.ell
Excluded data:  [[-1.2232836, 6.116418]]
Axis Used:  eq
x-Axis units: pixel
pixels to arcsec scale:  1.2232836
Smoothing:  False sigma =  3.0
Zeropoint:  17.25585
Sky RMS:  0.03
Delta:  0.0114698226923
Convolution done?  True
PSF:  gaussian
Fit weighted with errors?  False
--------------------------------------------
Results from fit:
--------------------------------------------
Number of iterations: 65
Chisq:  1.04406548792e-06
Reduced chisq:  3.48021829308e-08
N_free:  30
Component 1: sersic.
R_e [pixel] =  95.66 +/- 1.19 	[initial value = 80.0 ]
mu_e [mag/pixel^2] =  19.78 +/- 0.03 	 [initial value = 19.4 ]
n =  8.68 +/- 0.08        [initial value = 8.3 ]
b_n =  17.03
m_tot [mag] =  6.08

Component 2: disc.
h [pixel] =  14.46 +/- 0.21        [initial value = 20.0 ]
mu_0 [mag/pixel^2] =  16.47 +/- 0.03 	 [initial value = 17.5 ]
m_tot [mag] =  8.68

--------------------------------------------
--------------------------------------------

Input ellipse file:  m59_op_mos_galfitsky_logscale.ell
Excluded data:  [[-1.2232836, 6.116418]]
Axis Used:  maj
x-Axis units: pixel
pixels to arcsec scale:  1.2232836
Smoothing:  False sigma =  3.0
Zeropoint:  17.25585
Sky RMS:  0.03
Delta:  0.0174110263107
Convolution done?  True
PSF:  moffat
Fit weighted with errors?  False
--------------------------------------------
Results from fit:
--------------------------------------------
Number of iterations: 62
Chisq:  6.23833059091e-06
Reduced chisq:  2.0794435303e-07
N_free:  30
Component 1: sersic.
R_e [pixel] =  49.02 +/- 1.04 	[initial value = 50.0 ]
mu_e [mag/pixel^2] =  18.05 +/- 0.06 	 [initial value = 18.0 ]
n =  5.19 +/- 0.25        [initial value = 5.3 ]
b_n =  10.05
m_tot [mag] =  6.07

Component 2: disc.
h [pixel] =  29.80 +/- 0.57        [initial value = 29.7 ]
mu_0 [mag/pixel^2] =  17.21 +/- 0.07 	 [initial value = 17.5 ]
m_tot [mag] =  7.84

--------------------------------------------
--------------------------------------------

Input ellipse file:  m59_op_mos_galfitsky_logscale.ell
Excluded data:  [[-1.2232836, 6.116418]]
Axis Used:  eq
x-Axis units: pixel
pixels to arcsec scale:  1.2232836
Smoothing:  False sigma =  3.0
Zeropoint:  17.25585
Sky RMS:  0.03
Delta:  0.015133903347
Convolution done?  True
PSF:  moffat
Fit weighted with errors?  False
--------------------------------------------
Results from fit:
--------------------------------------------
Number of iterations: 63
Chisq:  2.87770834096e-06
Reduced chisq:  9.59236113652e-08
N_free:  30
Component 1: sersic.
R_e [pixel] =  97.49 +/- 2.26 	[initial value = 80.0 ]
mu_e [mag/pixel^2] =  19.82 +/- 0.05 	 [initial value = 19.4 ]
n =  8.13 +/- 0.12        [initial value = 8.3 ]
b_n =  15.93
m_tot [mag] =  6.11

Component 2: disc.
h [pixel] =  13.84 +/- 0.27        [initial value = 20.0 ]
mu_0 [mag/pixel^2] =  16.31 +/- 0.04 	 [initial value = 17.5 ]
m_tot [mag] =  8.61

--------------------------------------------
--------------------------------------------

Input ellipse file:  m59_op_mos_galfitsky_combscale.ell
Excluded data:  [[-1.2232836, 6.116418]]
Axis Used:  maj
x-Axis units: pixel
pixels to arcsec scale:  1.2232836
Smoothing:  False sigma =  3.0
Zeropoint:  17.25585
Sky RMS:  0.03
Delta:  0.0201482718515
Convolution done?  True
PSF:  gaussian
Fit weighted with errors?  False
--------------------------------------------
Results from fit:
--------------------------------------------
Number of iterations: 58
Chisq:  4.41206640133e-05
Reduced chisq:  3.64633586886e-07
N_free:  121
Component 1: sersic.
R_e [pixel] =  49.86 +/- 0.98 	[initial value = 50.0 ]
mu_e [mag/pixel^2] =  18.13 +/- 0.06 	 [initial value = 18.0 ]
n =  6.00 +/- 0.46        [initial value = 5.3 ]
b_n =  11.67
m_tot [mag] =  6.03

Component 2: disc.
h [pixel] =  30.09 +/- 0.35        [initial value = 29.7 ]
mu_0 [mag/pixel^2] =  17.13 +/- 0.06 	 [initial value = 17.5 ]
m_tot [mag] =  7.75

--------------------------------------------
--------------------------------------------

Input ellipse file:  m59_op_mos_galfitsky_combscale.ell
Excluded data:  [[-1.2232836, 6.116418]]
Axis Used:  eq
x-Axis units: pixel
pixels to arcsec scale:  1.2232836
Smoothing:  False sigma =  3.0
Zeropoint:  17.25585
Sky RMS:  0.03
Delta:  0.0102803792518
Convolution done?  True
PSF:  gaussian
Fit weighted with errors?  False
--------------------------------------------
Results from fit:
--------------------------------------------
Number of iterations: 64
Chisq:  3.37447050097e-06
Reduced chisq:  2.78881859584e-08
N_free:  121
Component 1: sersic.
R_e [pixel] =  94.59 +/- 0.47 	[initial value = 80.0 ]
mu_e [mag/pixel^2] =  19.76 +/- 0.01 	 [initial value = 19.4 ]
n =  9.24 +/- 0.06        [initial value = 8.3 ]
b_n =  18.16
m_tot [mag] =  6.05

Component 2: disc.
h [pixel] =  15.03 +/- 0.14        [initial value = 20.0 ]
mu_0 [mag/pixel^2] =  16.62 +/- 0.03 	 [initial value = 17.5 ]
m_tot [mag] =  8.74

--------------------------------------------
--------------------------------------------

Input ellipse file:  m59_op_mos_galfitsky_combscale.ell
Excluded data:  [[-1.2232836, 6.116418]]
Axis Used:  maj
x-Axis units: pixel
pixels to arcsec scale:  1.2232836
Smoothing:  False sigma =  3.0
Zeropoint:  17.25585
Sky RMS:  0.03
Delta:  0.0195591725665
Convolution done?  True
PSF:  moffat
Fit weighted with errors?  False
--------------------------------------------
Results from fit:
--------------------------------------------
Number of iterations: 51
Chisq:  3.87182508037e-05
Reduced chisq:  3.19985543832e-07
N_free:  121
Component 1: sersic.
R_e [pixel] =  48.01 +/- 0.79 	[initial value = 50.0 ]
mu_e [mag/pixel^2] =  18.02 +/- 0.05 	 [initial value = 18.0 ]
n =  5.55 +/- 0.37        [initial value = 5.3 ]
b_n =  10.77
m_tot [mag] =  6.05

Component 2: disc.
h [pixel] =  30.73 +/- 0.38        [initial value = 29.7 ]
mu_0 [mag/pixel^2] =  17.24 +/- 0.07 	 [initial value = 17.5 ]
m_tot [mag] =  7.81

--------------------------------------------
--------------------------------------------

Input ellipse file:  m59_op_mos_galfitsky_combscale.ell
Excluded data:  [[-1.2232836, 6.116418]]
Axis Used:  eq
x-Axis units: pixel
pixels to arcsec scale:  1.2232836
Smoothing:  False sigma =  3.0
Zeropoint:  17.25585
Sky RMS:  0.03
Delta:  0.0101136302183
Convolution done?  True
PSF:  moffat
Fit weighted with errors?  False
--------------------------------------------
Results from fit:
--------------------------------------------
Number of iterations: 76
Chisq:  3.26376433997e-06
Reduced chisq:  2.6973259008e-08
N_free:  121
Component 1: sersic.
R_e [pixel] =  90.93 +/- 0.45 	[initial value = 80.0 ]
mu_e [mag/pixel^2] =  19.67 +/- 0.01 	 [initial value = 19.4 ]
n =  8.79 +/- 0.06        [initial value = 8.3 ]
b_n =  17.24
m_tot [mag] =  6.07

Component 2: disc.
h [pixel] =  14.83 +/- 0.14        [initial value = 20.0 ]
mu_0 [mag/pixel^2] =  16.61 +/- 0.03 	 [initial value = 17.5 ]
m_tot [mag] =  8.75

--------------------------------------------
--------------------------------------------

