Input ellipse file:  n2549_op_mos_sky_logscale.ell
Excluded data:  []
Axis Used:  maj
x-Axis units: pixel
pixels to arcsec scale:  1.2232836
Settings.zeropoint:  17.25585
Sky RMS:  0.03
Delta:  0.0267554038937
Convolution done?  True
PSF:  gaussian
Fit weighted with errors?  False
--------------------------------------------
Results from fit:
--------------------------------------------
Number of iterations: 374
Chisq:  2.39268086704e-05
Reduced chisq:  6.64633574178e-07
N_free:  36
Component 1: sersic.
R_e [pixel] =  9.85 +/- 0.00 	[initial value = 6.1 ]
mu_e [mag/pixel^2] =  16.45 +/- 0.00 	 [initial value = 15.5 ]
n =  2.79 +/- 0.00        [initial value = 2.2 ]
b_n =  5.26
m_tot [mag] =  8.28

Component 2: disc.
h [pixel] =  38.82 +/- 0.00        [initial value = 36.0 ]
mu_0 [mag/pixel^2] =  17.59 +/- 0.00 	 [initial value = 17.36 ]
m_tot [mag] =  7.65

Component 7: ferrer.
R_out [pixel] =  54.42 +/- 0.00 	[initial value = 56.2 ]
mu_0 [mag/pixel^2] =  17.35 +/- 0.00 	 [initial value = 17.1 ]
alpha [pixel] =  2.19 +/- 0.00        [initial value = 2.6 ]
beta =  0.01 +/- 0.00        [initial value = 0.01 ]
m_tot [mag] = -99

Component 6: ferrer.
R_out [pixel] =  16.61 +/- 0.00 	[initial value = 18.0 ]
mu_0 [mag/pixel^2] =  15.26 +/- 0.00 	 [initial value = 15.4 ]
alpha [pixel] =  4.00 +/- 0.00        [initial value = 3.99 ]
beta =  0.01 +/- 0.00        [initial value = 0.01 ]
m_tot [mag] = -99

--------------------------------------------
--------------------------------------------

Input ellipse file:  n2549_op_mos_sky_logscale.ell
Excluded data:  []
Axis Used:  eq
x-Axis units: pixel
pixels to arcsec scale:  1.2232836
Settings.zeropoint:  17.25585
Sky RMS:  0.03
Delta:  0.0168444417039
Convolution done?  True
PSF:  gaussian
Fit weighted with errors?  False
--------------------------------------------
Results from fit:
--------------------------------------------
Number of iterations: 523
Chisq:  3.94415636043e-06
Reduced chisq:  1.09559898901e-07
N_free:  36
Component 1: sersic.
R_e [pixel] =  4.97 +/- 0.00 	[initial value = 3.1 ]
mu_e [mag/pixel^2] =  15.46 +/- 0.00 	 [initial value = 14.5 ]
n =  2.02 +/- 0.00        [initial value = 1.6 ]
b_n =  3.71
m_tot [mag] =  8.95

Component 2: disc.
h [pixel] =  19.56 +/- 0.00        [initial value = 14.0 ]
mu_0 [mag/pixel^2] =  17.21 +/- 0.00 	 [initial value = 16.3 ]
m_tot [mag] =  8.75

Component 7: ferrer.
R_out [pixel] =  38.15 +/- 0.00 	[initial value = 36.3 ]
mu_0 [mag/pixel^2] =  17.23 +/- 0.00 	 [initial value = 17.2 ]
alpha [pixel] =  3.14 +/- 0.00        [initial value = 3.21 ]
beta =  0.01 +/- 0.00        [initial value = 0.01 ]
m_tot [mag] = -99

Component 6: ferrer.
R_out [pixel] =  11.52 +/- 0.00 	[initial value = 15.2 ]
mu_0 [mag/pixel^2] =  15.95 +/- 0.00 	 [initial value = 16.6 ]
alpha [pixel] =  4.00 +/- 0.00        [initial value = 3.99 ]
beta =  0.01 +/- 0.00        [initial value = 0.01 ]
m_tot [mag] = -99

--------------------------------------------
--------------------------------------------

Input ellipse file:  n2549_op_mos_sky_logscale.ell
Excluded data:  []
Axis Used:  maj
x-Axis units: pixel
pixels to arcsec scale:  1.2232836
Settings.zeropoint:  17.25585
Sky RMS:  0.03
Delta:  0.0278230582103
Convolution done?  True
PSF:  moffat
Fit weighted with errors?  False
--------------------------------------------
Results from fit:
--------------------------------------------
Number of iterations: 1648
Chisq:  3.21975994951e-05
Reduced chisq:  8.94377763753e-07
N_free:  36
Component 1: sersic.
R_e [pixel] =  7.97 +/- 0.00 	[initial value = 6.1 ]
mu_e [mag/pixel^2] =  16.18 +/- 0.00 	 [initial value = 15.5 ]
n =  2.63 +/- 0.00        [initial value = 2.2 ]
b_n =  4.93
m_tot [mag] =  8.50

Component 2: disc.
h [pixel] =  35.81 +/- 0.00        [initial value = 36.0 ]
mu_0 [mag/pixel^2] =  17.39 +/- 0.00 	 [initial value = 17.36 ]
m_tot [mag] =  7.63

Component 7: ferrer.
R_out [pixel] =  56.05 +/- 0.00 	[initial value = 56.2 ]
mu_0 [mag/pixel^2] =  17.23 +/- 0.00 	 [initial value = 17.1 ]
alpha [pixel] =  2.55 +/- 0.00        [initial value = 2.6 ]
beta =  0.01 +/- 0.00        [initial value = 0.01 ]
m_tot [mag] = -99

Component 6: ferrer.
R_out [pixel] =  17.12 +/- 0.00 	[initial value = 18.0 ]
mu_0 [mag/pixel^2] =  15.28 +/- 0.00 	 [initial value = 15.4 ]
alpha [pixel] =  4.00 +/- 0.00        [initial value = 3.99 ]
beta =  0.01 +/- 0.00        [initial value = 0.01 ]
m_tot [mag] = -99

--------------------------------------------
--------------------------------------------

Input ellipse file:  n2549_op_mos_sky_logscale.ell
Excluded data:  []
Axis Used:  eq
x-Axis units: pixel
pixels to arcsec scale:  1.2232836
Settings.zeropoint:  17.25585
Sky RMS:  0.03
Delta:  0.0243201094938
Convolution done?  True
PSF:  moffat
Fit weighted with errors?  False
--------------------------------------------
Results from fit:
--------------------------------------------
Number of iterations: 220
Chisq:  1.60203435712e-05
Reduced chisq:  4.45009543645e-07
N_free:  36
Component 1: sersic.
R_e [pixel] =  6.00 +/- 0.00 	[initial value = 3.1 ]
mu_e [mag/pixel^2] =  15.53 +/- 0.00 	 [initial value = 14.5 ]
n =  2.07 +/- 0.00        [initial value = 1.6 ]
b_n =  3.82
m_tot [mag] =  8.60

Component 2: disc.
h [pixel] =  44.79 +/- 0.00        [initial value = 14.0 ]
mu_0 [mag/pixel^2] =  18.48 +/- 0.00 	 [initial value = 16.3 ]
m_tot [mag] =  8.23

Component 7: ferrer.
R_out [pixel] =  37.48 +/- 0.00 	[initial value = 36.3 ]
mu_0 [mag/pixel^2] =  17.36 +/- 0.00 	 [initial value = 17.2 ]
alpha [pixel] =  2.31 +/- 0.00        [initial value = 3.21 ]
beta =  0.01 +/- 0.00        [initial value = 0.01 ]
m_tot [mag] = -99

Component 6: ferrer.
R_out [pixel] =  9.70 +/- 0.00 	[initial value = 15.2 ]
mu_0 [mag/pixel^2] =  25.01 +/- 0.00 	 [initial value = 16.6 ]
alpha [pixel] =  3.53 +/- 0.00        [initial value = 3.99 ]
beta =  0.01 +/- 0.00        [initial value = 0.01 ]
m_tot [mag] = -99

--------------------------------------------
--------------------------------------------

Input ellipse file:  n2549_op_mos_sky_combscale.ell
Excluded data:  []
Axis Used:  maj
x-Axis units: pixel
pixels to arcsec scale:  1.2232836
Settings.zeropoint:  17.25585
Sky RMS:  0.03
Delta:  0.0256383012357
Convolution done?  True
PSF:  gaussian
Fit weighted with errors?  False
--------------------------------------------
Results from fit:
--------------------------------------------
Number of iterations: 343
Chisq:  2.02042932047e-05
Reduced chisq:  5.05107330116e-07
N_free:  40
Component 1: sersic.
R_e [pixel] =  6.19 +/- 0.00 	[initial value = 6.1 ]
mu_e [mag/pixel^2] =  15.52 +/- 0.00 	 [initial value = 15.5 ]
n =  2.00 +/- 0.00        [initial value = 2.2 ]
b_n =  3.67
m_tot [mag] =  8.53

Component 2: disc.
h [pixel] =  36.98 +/- 0.00        [initial value = 36.0 ]
mu_0 [mag/pixel^2] =  17.40 +/- 0.00 	 [initial value = 17.36 ]
m_tot [mag] =  7.56

Component 7: ferrer.
R_out [pixel] =  56.77 +/- 0.00 	[initial value = 56.2 ]
mu_0 [mag/pixel^2] =  17.12 +/- 0.00 	 [initial value = 17.1 ]
alpha [pixel] =  2.64 +/- 0.00        [initial value = 2.6 ]
beta =  0.01 +/- 0.00        [initial value = 0.01 ]
m_tot [mag] = -99

Component 6: ferrer.
R_out [pixel] =  17.43 +/- 0.00 	[initial value = 18.0 ]
mu_0 [mag/pixel^2] =  15.48 +/- 0.00 	 [initial value = 15.4 ]
alpha [pixel] =  4.00 +/- 0.00        [initial value = 3.99 ]
beta =  0.01 +/- 0.00        [initial value = 0.01 ]
m_tot [mag] = -99

--------------------------------------------
--------------------------------------------

Input ellipse file:  n2549_op_mos_sky_combscale.ell
Excluded data:  []
Axis Used:  eq
x-Axis units: pixel
pixels to arcsec scale:  1.2232836
Settings.zeropoint:  17.25585
Sky RMS:  0.03
Delta:  0.00918601563789
Convolution done?  True
PSF:  gaussian
Fit weighted with errors?  False
--------------------------------------------
Results from fit:
--------------------------------------------
Number of iterations: 370
Chisq:  5.42595309348e-07
Reduced chisq:  1.35648827337e-08
N_free:  40
Component 1: sersic.
R_e [pixel] =  3.24 +/- 0.00 	[initial value = 3.1 ]
mu_e [mag/pixel^2] =  14.56 +/- 0.00 	 [initial value = 14.5 ]
n =  1.23 +/- 0.00        [initial value = 1.6 ]
b_n =  2.14
m_tot [mag] =  9.21

Component 2: disc.
h [pixel] =  13.99 +/- 0.00        [initial value = 14.0 ]
mu_0 [mag/pixel^2] =  16.33 +/- 0.00 	 [initial value = 16.3 ]
m_tot [mag] =  8.61

Component 7: ferrer.
R_out [pixel] =  36.05 +/- 0.00 	[initial value = 36.3 ]
mu_0 [mag/pixel^2] =  17.20 +/- 0.00 	 [initial value = 17.2 ]
alpha [pixel] =  3.19 +/- 0.00        [initial value = 3.21 ]
beta =  0.01 +/- 0.00        [initial value = 0.01 ]
m_tot [mag] = -99

Component 6: ferrer.
R_out [pixel] =  16.09 +/- 0.00 	[initial value = 15.2 ]
mu_0 [mag/pixel^2] =  16.83 +/- 0.00 	 [initial value = 16.6 ]
alpha [pixel] =  4.00 +/- 0.00        [initial value = 3.99 ]
beta =  0.01 +/- 0.00        [initial value = 0.01 ]
m_tot [mag] = -99

--------------------------------------------
--------------------------------------------

Input ellipse file:  n2549_op_mos_sky_combscale.ell
Excluded data:  []
Axis Used:  maj
x-Axis units: pixel
pixels to arcsec scale:  1.2232836
Settings.zeropoint:  17.25585
Sky RMS:  0.03
Delta:  0.0257813490898
Convolution done?  True
PSF:  moffat
Fit weighted with errors?  False
--------------------------------------------
Results from fit:
--------------------------------------------
Number of iterations: 223
Chisq:  2.03027258968e-05
Reduced chisq:  5.0756814742e-07
N_free:  40
Component 1: sersic.
R_e [pixel] =  6.14 +/- 0.00 	[initial value = 6.1 ]
mu_e [mag/pixel^2] =  15.53 +/- 0.00 	 [initial value = 15.5 ]
n =  2.05 +/- 0.00        [initial value = 2.2 ]
b_n =  3.77
m_tot [mag] =  8.54

Component 2: disc.
h [pixel] =  36.93 +/- 0.00        [initial value = 36.0 ]
mu_0 [mag/pixel^2] =  17.40 +/- 0.00 	 [initial value = 17.36 ]
m_tot [mag] =  7.56

Component 7: ferrer.
R_out [pixel] =  56.75 +/- 0.00 	[initial value = 56.2 ]
mu_0 [mag/pixel^2] =  17.12 +/- 0.00 	 [initial value = 17.1 ]
alpha [pixel] =  2.64 +/- 0.00        [initial value = 2.6 ]
beta =  0.01 +/- 0.00        [initial value = 0.01 ]
m_tot [mag] = -99

Component 6: ferrer.
R_out [pixel] =  17.51 +/- 0.00 	[initial value = 18.0 ]
mu_0 [mag/pixel^2] =  15.48 +/- 0.00 	 [initial value = 15.4 ]
alpha [pixel] =  4.00 +/- 0.00        [initial value = 3.99 ]
beta =  0.01 +/- 0.00        [initial value = 0.01 ]
m_tot [mag] = -99

--------------------------------------------
--------------------------------------------

Input ellipse file:  n2549_op_mos_sky_combscale.ell
Excluded data:  []
Axis Used:  eq
x-Axis units: pixel
pixels to arcsec scale:  1.2232836
Settings.zeropoint:  17.25585
Sky RMS:  0.03
Delta:  0.00964700493163
Convolution done?  True
PSF:  moffat
Fit weighted with errors?  False
--------------------------------------------
Results from fit:
--------------------------------------------
Number of iterations: 152
Chisq:  5.6129078571e-07
Reduced chisq:  1.40322696427e-08
N_free:  40
Component 1: sersic.
R_e [pixel] =  3.40 +/- 0.00 	[initial value = 3.1 ]
mu_e [mag/pixel^2] =  14.62 +/- 0.00 	 [initial value = 14.5 ]
n =  1.35 +/- 0.00        [initial value = 1.6 ]
b_n =  2.38
m_tot [mag] =  9.13

Component 2: disc.
h [pixel] =  14.13 +/- 0.00        [initial value = 14.0 ]
mu_0 [mag/pixel^2] =  16.36 +/- 0.00 	 [initial value = 16.3 ]
m_tot [mag] =  8.61

Component 7: ferrer.
R_out [pixel] =  35.44 +/- 0.00 	[initial value = 36.3 ]
mu_0 [mag/pixel^2] =  17.27 +/- 0.00 	 [initial value = 17.2 ]
alpha [pixel] =  2.92 +/- 0.00        [initial value = 3.21 ]
beta =  0.01 +/- 0.00        [initial value = 0.01 ]
m_tot [mag] = -99

Component 6: ferrer.
R_out [pixel] =  15.64 +/- 0.00 	[initial value = 15.2 ]
mu_0 [mag/pixel^2] =  17.16 +/- 0.00 	 [initial value = 16.6 ]
alpha [pixel] =  4.00 +/- 0.00        [initial value = 3.99 ]
beta =  0.01 +/- 0.00        [initial value = 0.01 ]
m_tot [mag] = -99

--------------------------------------------
--------------------------------------------

Input ellipse file:  n2549_op_mos_sky_logscale.ell
Excluded data:  []
Axis Used:  maj
x-Axis units: pixel
pixels to arcsec scale:  1.2232836
Settings.zeropoint:  17.25585
Sky RMS:  0.03
Delta:  0.0390351837079
Convolution done?  True
PSF:  gaussian
Fit weighted with errors?  False
--------------------------------------------
Results from fit:
--------------------------------------------
Number of iterations: 2011
Chisq:  0.000104135614383
Reduced chisq:  2.89265595509e-06
N_free:  36
Component 1: sersic.
R_e [pixel] =  6.60 +/- 0.00 	[initial value = 6.1 ]
mu_e [mag/pixel^2] =  16.21 +/- 0.00 	 [initial value = 15.5 ]
n =  3.15 +/- 0.00        [initial value = 2.2 ]
b_n =  5.98
m_tot [mag] =  8.84

Component 2: disc.
h [pixel] =  32.22 +/- 0.00        [initial value = 36.0 ]
mu_0 [mag/pixel^2] =  17.17 +/- 0.00 	 [initial value = 17.36 ]
m_tot [mag] =  7.64

Component 7: ferrer.
R_out [pixel] =  62.88 +/- 0.00 	[initial value = 56.2 ]
mu_0 [mag/pixel^2] =  17.05 +/- 0.00 	 [initial value = 17.1 ]
alpha [pixel] =  4.00 +/- 0.00        [initial value = 2.6 ]
beta =  0.01 +/- 0.00        [initial value = 0.01 ]
m_tot [mag] = -99

Component 6: ferrer.
R_out [pixel] =  17.42 +/- 0.00 	[initial value = 18.0 ]
mu_0 [mag/pixel^2] =  15.06 +/- 0.00 	 [initial value = 15.4 ]
alpha [pixel] =  4.00 +/- 0.00        [initial value = 3.99 ]
beta =  0.01 +/- 0.00        [initial value = 0.01 ]
m_tot [mag] = -99

--------------------------------------------
--------------------------------------------

Input ellipse file:  n2549_op_mos_sky_logscale.ell
Excluded data:  []
Axis Used:  eq
x-Axis units: pixel
pixels to arcsec scale:  1.2232836
Settings.zeropoint:  17.25585
Sky RMS:  0.03
Delta:  0.0273196889473
Convolution done?  True
PSF:  gaussian
Fit weighted with errors?  False
--------------------------------------------
Results from fit:
--------------------------------------------
Number of iterations: 1170
Chisq:  2.63052602504e-05
Reduced chisq:  7.30701673622e-07
N_free:  36
Component 1: sersic.
R_e [pixel] =  3.68 +/- 0.00 	[initial value = 3.1 ]
mu_e [mag/pixel^2] =  15.36 +/- 0.00 	 [initial value = 14.5 ]
n =  2.45 +/- 0.00        [initial value = 1.6 ]
b_n =  4.58
m_tot [mag] =  9.40

Component 2: disc.
h [pixel] =  14.40 +/- 0.00        [initial value = 14.0 ]
mu_0 [mag/pixel^2] =  16.43 +/- 0.00 	 [initial value = 16.3 ]
m_tot [mag] =  8.64

Component 7: ferrer.
R_out [pixel] =  37.92 +/- 0.00 	[initial value = 36.3 ]
mu_0 [mag/pixel^2] =  17.19 +/- 0.00 	 [initial value = 17.2 ]
alpha [pixel] =  4.00 +/- 0.00        [initial value = 3.21 ]
beta =  0.01 +/- 0.00        [initial value = 0.01 ]
m_tot [mag] = -99

Component 6: ferrer.
R_out [pixel] =  12.48 +/- 0.00 	[initial value = 15.2 ]
mu_0 [mag/pixel^2] =  15.50 +/- 0.00 	 [initial value = 16.6 ]
alpha [pixel] =  4.00 +/- 0.00        [initial value = 3.99 ]
beta =  0.01 +/- 0.00        [initial value = 0.01 ]
m_tot [mag] = -99

--------------------------------------------
--------------------------------------------

Input ellipse file:  n2549_op_mos_sky_logscale.ell
Excluded data:  []
Axis Used:  maj
x-Axis units: pixel
pixels to arcsec scale:  1.2232836
Settings.zeropoint:  17.25585
Sky RMS:  0.03
Delta:  0.0357640630888
Convolution done?  True
PSF:  moffat
Fit weighted with errors?  False
--------------------------------------------
Results from fit:
--------------------------------------------
Number of iterations: 1324
Chisq:  8.35818257093e-05
Reduced chisq:  2.32171738081e-06
N_free:  36
Component 1: sersic.
R_e [pixel] =  6.54 +/- 0.00 	[initial value = 6.1 ]
mu_e [mag/pixel^2] =  16.26 +/- 0.00 	 [initial value = 15.5 ]
n =  3.45 +/- 0.00        [initial value = 2.2 ]
b_n =  6.57
m_tot [mag] =  8.87

Component 2: disc.
h [pixel] =  32.20 +/- 0.00        [initial value = 36.0 ]
mu_0 [mag/pixel^2] =  17.17 +/- 0.00 	 [initial value = 17.36 ]
m_tot [mag] =  7.64

Component 7: ferrer.
R_out [pixel] =  62.76 +/- 0.00 	[initial value = 56.2 ]
mu_0 [mag/pixel^2] =  17.04 +/- 0.00 	 [initial value = 17.1 ]
alpha [pixel] =  4.00 +/- 0.00        [initial value = 2.6 ]
beta =  0.01 +/- 0.00        [initial value = 0.01 ]
m_tot [mag] = -99

Component 6: ferrer.
R_out [pixel] =  17.56 +/- 0.00 	[initial value = 18.0 ]
mu_0 [mag/pixel^2] =  15.08 +/- 0.00 	 [initial value = 15.4 ]
alpha [pixel] =  4.00 +/- 0.00        [initial value = 3.99 ]
beta =  0.01 +/- 0.00        [initial value = 0.01 ]
m_tot [mag] = -99

--------------------------------------------
--------------------------------------------

Input ellipse file:  n2549_op_mos_sky_logscale.ell
Excluded data:  []
Axis Used:  eq
x-Axis units: pixel
pixels to arcsec scale:  1.2232836
Settings.zeropoint:  17.25585
Sky RMS:  0.03
Delta:  0.0201883739289
Convolution done?  True
PSF:  moffat
Fit weighted with errors?  False
--------------------------------------------
Results from fit:
--------------------------------------------
Number of iterations: 291
Chisq:  8.31354151802e-06
Reduced chisq:  2.30931708834e-07
N_free:  36
Component 1: sersic.
R_e [pixel] =  4.43 +/- 0.00 	[initial value = 3.1 ]
mu_e [mag/pixel^2] =  15.64 +/- 0.00 	 [initial value = 14.5 ]
n =  2.90 +/- 0.00        [initial value = 1.6 ]
b_n =  5.47
m_tot [mag] =  9.19

Component 2: disc.
h [pixel] =  15.51 +/- 0.00        [initial value = 14.0 ]
mu_0 [mag/pixel^2] =  16.69 +/- 0.00 	 [initial value = 16.3 ]
m_tot [mag] =  8.74

Component 7: ferrer.
R_out [pixel] =  38.94 +/- 0.00 	[initial value = 36.3 ]
mu_0 [mag/pixel^2] =  17.21 +/- 0.00 	 [initial value = 17.2 ]
alpha [pixel] =  3.97 +/- 0.00        [initial value = 3.21 ]
beta =  0.01 +/- 0.00        [initial value = 0.01 ]
m_tot [mag] = -99

Component 6: ferrer.
R_out [pixel] =  12.82 +/- 0.00 	[initial value = 15.2 ]
mu_0 [mag/pixel^2] =  15.82 +/- 0.00 	 [initial value = 16.6 ]
alpha [pixel] =  4.00 +/- 0.00        [initial value = 3.99 ]
beta =  0.01 +/- 0.00        [initial value = 0.01 ]
m_tot [mag] = -99

--------------------------------------------
--------------------------------------------

Input ellipse file:  n2549_op_mos_sky_combscale.ell
Excluded data:  []
Axis Used:  maj
x-Axis units: pixel
pixels to arcsec scale:  1.2232836
Settings.zeropoint:  17.25585
Sky RMS:  0.03
Delta:  0.0267942777653
Convolution done?  True
PSF:  gaussian
Fit weighted with errors?  False
--------------------------------------------
Results from fit:
--------------------------------------------
Number of iterations: 256
Chisq:  2.41341814042e-05
Reduced chisq:  6.03354535104e-07
N_free:  40
Component 1: sersic.
R_e [pixel] =  6.08 +/- 0.00 	[initial value = 6.1 ]
mu_e [mag/pixel^2] =  15.55 +/- 0.00 	 [initial value = 15.5 ]
n =  2.15 +/- 0.00        [initial value = 2.2 ]
b_n =  3.97
m_tot [mag] =  8.56

Component 2: disc.
h [pixel] =  36.53 +/- 0.00        [initial value = 36.0 ]
mu_0 [mag/pixel^2] =  17.38 +/- 0.00 	 [initial value = 17.36 ]
m_tot [mag] =  7.57

Component 7: ferrer.
R_out [pixel] =  56.64 +/- 0.00 	[initial value = 56.2 ]
mu_0 [mag/pixel^2] =  17.12 +/- 0.00 	 [initial value = 17.1 ]
alpha [pixel] =  2.65 +/- 0.00        [initial value = 2.6 ]
beta =  0.01 +/- 0.00        [initial value = 0.01 ]
m_tot [mag] = -99

Component 6: ferrer.
R_out [pixel] =  17.71 +/- 0.00 	[initial value = 18.0 ]
mu_0 [mag/pixel^2] =  15.46 +/- 0.00 	 [initial value = 15.4 ]
alpha [pixel] =  4.00 +/- 0.00        [initial value = 3.99 ]
beta =  0.01 +/- 0.00        [initial value = 0.01 ]
m_tot [mag] = -99

--------------------------------------------
--------------------------------------------

Input ellipse file:  n2549_op_mos_sky_combscale.ell
Excluded data:  []
Axis Used:  eq
x-Axis units: pixel
pixels to arcsec scale:  1.2232836
Settings.zeropoint:  17.25585
Sky RMS:  0.03
Delta:  0.01069058641
Convolution done?  True
PSF:  gaussian
Fit weighted with errors?  False
--------------------------------------------
Results from fit:
--------------------------------------------
Number of iterations: 285
Chisq:  9.10294137034e-07
Reduced chisq:  2.27573534259e-08
N_free:  40
Component 1: sersic.
R_e [pixel] =  3.32 +/- 0.00 	[initial value = 3.1 ]
mu_e [mag/pixel^2] =  14.64 +/- 0.00 	 [initial value = 14.5 ]
n =  1.50 +/- 0.00        [initial value = 1.6 ]
b_n =  2.67
m_tot [mag] =  9.15

Component 2: disc.
h [pixel] =  13.96 +/- 0.00        [initial value = 14.0 ]
mu_0 [mag/pixel^2] =  16.33 +/- 0.00 	 [initial value = 16.3 ]
m_tot [mag] =  8.61

Component 7: ferrer.
R_out [pixel] =  35.99 +/- 0.00 	[initial value = 36.3 ]
mu_0 [mag/pixel^2] =  17.29 +/- 0.00 	 [initial value = 17.2 ]
alpha [pixel] =  3.07 +/- 0.00        [initial value = 3.21 ]
beta =  0.01 +/- 0.00        [initial value = 0.01 ]
m_tot [mag] = -99

Component 6: ferrer.
R_out [pixel] =  14.66 +/- 0.00 	[initial value = 15.2 ]
mu_0 [mag/pixel^2] =  16.74 +/- 0.00 	 [initial value = 16.6 ]
alpha [pixel] =  4.00 +/- 0.00        [initial value = 3.99 ]
beta =  0.01 +/- 0.00        [initial value = 0.01 ]
m_tot [mag] = -99

--------------------------------------------
--------------------------------------------

Input ellipse file:  n2549_op_mos_sky_combscale.ell
Excluded data:  []
Axis Used:  maj
x-Axis units: pixel
pixels to arcsec scale:  1.2232836
Settings.zeropoint:  17.25585
Sky RMS:  0.03
Delta:  0.0268094513712
Convolution done?  True
PSF:  moffat
Fit weighted with errors?  False
--------------------------------------------
Results from fit:
--------------------------------------------
Number of iterations: 315
Chisq:  2.37788707958e-05
Reduced chisq:  5.94471769895e-07
N_free:  40
Component 1: sersic.
R_e [pixel] =  6.06 +/- 0.00 	[initial value = 6.1 ]
mu_e [mag/pixel^2] =  15.57 +/- 0.00 	 [initial value = 15.5 ]
n =  2.26 +/- 0.00        [initial value = 2.2 ]
b_n =  4.20
m_tot [mag] =  8.56

Component 2: disc.
h [pixel] =  36.89 +/- 0.00        [initial value = 36.0 ]
mu_0 [mag/pixel^2] =  17.40 +/- 0.00 	 [initial value = 17.36 ]
m_tot [mag] =  7.57

Component 7: ferrer.
R_out [pixel] =  56.77 +/- 0.00 	[initial value = 56.2 ]
mu_0 [mag/pixel^2] =  17.11 +/- 0.00 	 [initial value = 17.1 ]
alpha [pixel] =  2.67 +/- 0.00        [initial value = 2.6 ]
beta =  0.01 +/- 0.00        [initial value = 0.01 ]
m_tot [mag] = -99

Component 6: ferrer.
R_out [pixel] =  17.77 +/- 0.00 	[initial value = 18.0 ]
mu_0 [mag/pixel^2] =  15.45 +/- 0.00 	 [initial value = 15.4 ]
alpha [pixel] =  4.00 +/- 0.00        [initial value = 3.99 ]
beta =  0.01 +/- 0.00        [initial value = 0.01 ]
m_tot [mag] = -99

--------------------------------------------
--------------------------------------------

Input ellipse file:  n2549_op_mos_sky_combscale.ell
Excluded data:  []
Axis Used:  eq
x-Axis units: pixel
pixels to arcsec scale:  1.2232836
Settings.zeropoint:  17.25585
Sky RMS:  0.03
Delta:  0.0100237787725
Convolution done?  True
PSF:  moffat
Fit weighted with errors?  False
--------------------------------------------
Results from fit:
--------------------------------------------
Number of iterations: 272
Chisq:  7.99783208988e-07
Reduced chisq:  1.99945802247e-08
N_free:  40
Component 1: sersic.
R_e [pixel] =  3.10 +/- 0.00 	[initial value = 3.1 ]
mu_e [mag/pixel^2] =  14.54 +/- 0.00 	 [initial value = 14.5 ]
n =  1.48 +/- 0.00        [initial value = 1.6 ]
b_n =  2.64
m_tot [mag] =  9.20

Component 2: disc.
h [pixel] =  13.90 +/- 0.00        [initial value = 14.0 ]
mu_0 [mag/pixel^2] =  16.32 +/- 0.00 	 [initial value = 16.3 ]
m_tot [mag] =  8.61

Component 7: ferrer.
R_out [pixel] =  36.27 +/- 0.00 	[initial value = 36.3 ]
mu_0 [mag/pixel^2] =  17.24 +/- 0.00 	 [initial value = 17.2 ]
alpha [pixel] =  3.21 +/- 0.00        [initial value = 3.21 ]
beta =  0.01 +/- 0.00        [initial value = 0.01 ]
m_tot [mag] = -99

Component 6: ferrer.
R_out [pixel] =  15.39 +/- 0.00 	[initial value = 15.2 ]
mu_0 [mag/pixel^2] =  16.69 +/- 0.00 	 [initial value = 16.6 ]
alpha [pixel] =  4.00 +/- 0.00        [initial value = 3.99 ]
beta =  0.01 +/- 0.00        [initial value = 0.01 ]
m_tot [mag] = -99

--------------------------------------------
--------------------------------------------

Input ellipse file:  n2549_op_mos_sky_logscale.ell
Excluded data:  []
Axis Used:  maj
x-Axis units: pixel
pixels to arcsec scale:  1.2232836
Smoothing:  False sigma =  3.0
Zeropoint:  17.25585
Sky RMS:  0.03
Delta:  0.0390351837079
Convolution done?  True
PSF:  gaussian
Fit weighted with errors?  False
--------------------------------------------
Results from fit:
--------------------------------------------
Number of iterations: 2011
Chisq:  0.000104135614383
Reduced chisq:  2.89265595509e-06
N_free:  36
Component 1: sersic.
R_e [pixel] =  6.60 +/- 0.00 	[initial value = 6.1 ]
mu_e [mag/pixel^2] =  16.21 +/- 0.00 	 [initial value = 15.5 ]
n =  3.15 +/- 0.00        [initial value = 2.2 ]
b_n =  5.98
m_tot [mag] =  8.84

Component 2: disc.
h [pixel] =  32.22 +/- 0.00        [initial value = 36.0 ]
mu_0 [mag/pixel^2] =  17.17 +/- 0.00 	 [initial value = 17.36 ]
m_tot [mag] =  7.64

Component 7: ferrer.
R_out [pixel] =  62.88 +/- 0.00 	[initial value = 56.2 ]
mu_0 [mag/pixel^2] =  17.05 +/- 0.00 	 [initial value = 17.1 ]
alpha [pixel] =  4.00 +/- 0.00        [initial value = 2.6 ]
beta =  0.01 +/- 0.00        [initial value = 0.01 ]
m_tot [mag] = -99

Component 6: ferrer.
R_out [pixel] =  17.42 +/- 0.00 	[initial value = 18.0 ]
mu_0 [mag/pixel^2] =  15.06 +/- 0.00 	 [initial value = 15.4 ]
alpha [pixel] =  4.00 +/- 0.00        [initial value = 3.99 ]
beta =  0.01 +/- 0.00        [initial value = 0.01 ]
m_tot [mag] = -99

--------------------------------------------
--------------------------------------------

Input ellipse file:  n2549_op_mos_sky_logscale.ell
Excluded data:  []
Axis Used:  eq
x-Axis units: pixel
pixels to arcsec scale:  1.2232836
Smoothing:  False sigma =  3.0
Zeropoint:  17.25585
Sky RMS:  0.03
Delta:  0.0273196889473
Convolution done?  True
PSF:  gaussian
Fit weighted with errors?  False
--------------------------------------------
Results from fit:
--------------------------------------------
Number of iterations: 1170
Chisq:  2.63052602504e-05
Reduced chisq:  7.30701673622e-07
N_free:  36
Component 1: sersic.
R_e [pixel] =  3.68 +/- 0.00 	[initial value = 3.1 ]
mu_e [mag/pixel^2] =  15.36 +/- 0.00 	 [initial value = 14.5 ]
n =  2.45 +/- 0.00        [initial value = 1.6 ]
b_n =  4.58
m_tot [mag] =  9.40

Component 2: disc.
h [pixel] =  14.40 +/- 0.00        [initial value = 14.0 ]
mu_0 [mag/pixel^2] =  16.43 +/- 0.00 	 [initial value = 16.3 ]
m_tot [mag] =  8.64

Component 7: ferrer.
R_out [pixel] =  37.92 +/- 0.00 	[initial value = 36.3 ]
mu_0 [mag/pixel^2] =  17.19 +/- 0.00 	 [initial value = 17.2 ]
alpha [pixel] =  4.00 +/- 0.00        [initial value = 3.21 ]
beta =  0.01 +/- 0.00        [initial value = 0.01 ]
m_tot [mag] = -99

Component 6: ferrer.
R_out [pixel] =  12.48 +/- 0.00 	[initial value = 15.2 ]
mu_0 [mag/pixel^2] =  15.50 +/- 0.00 	 [initial value = 16.6 ]
alpha [pixel] =  4.00 +/- 0.00        [initial value = 3.99 ]
beta =  0.01 +/- 0.00        [initial value = 0.01 ]
m_tot [mag] = -99

--------------------------------------------
--------------------------------------------

Input ellipse file:  n2549_op_mos_sky_logscale.ell
Excluded data:  []
Axis Used:  maj
x-Axis units: pixel
pixels to arcsec scale:  1.2232836
Smoothing:  False sigma =  3.0
Zeropoint:  17.25585
Sky RMS:  0.03
Delta:  0.0357640630888
Convolution done?  True
PSF:  moffat
Fit weighted with errors?  False
--------------------------------------------
Results from fit:
--------------------------------------------
Number of iterations: 1324
Chisq:  8.35818257093e-05
Reduced chisq:  2.32171738081e-06
N_free:  36
Component 1: sersic.
R_e [pixel] =  6.54 +/- 0.00 	[initial value = 6.1 ]
mu_e [mag/pixel^2] =  16.26 +/- 0.00 	 [initial value = 15.5 ]
n =  3.45 +/- 0.00        [initial value = 2.2 ]
b_n =  6.57
m_tot [mag] =  8.87

Component 2: disc.
h [pixel] =  32.20 +/- 0.00        [initial value = 36.0 ]
mu_0 [mag/pixel^2] =  17.17 +/- 0.00 	 [initial value = 17.36 ]
m_tot [mag] =  7.64

Component 7: ferrer.
R_out [pixel] =  62.76 +/- 0.00 	[initial value = 56.2 ]
mu_0 [mag/pixel^2] =  17.04 +/- 0.00 	 [initial value = 17.1 ]
alpha [pixel] =  4.00 +/- 0.00        [initial value = 2.6 ]
beta =  0.01 +/- 0.00        [initial value = 0.01 ]
m_tot [mag] = -99

Component 6: ferrer.
R_out [pixel] =  17.56 +/- 0.00 	[initial value = 18.0 ]
mu_0 [mag/pixel^2] =  15.08 +/- 0.00 	 [initial value = 15.4 ]
alpha [pixel] =  4.00 +/- 0.00        [initial value = 3.99 ]
beta =  0.01 +/- 0.00        [initial value = 0.01 ]
m_tot [mag] = -99

--------------------------------------------
--------------------------------------------

Input ellipse file:  n2549_op_mos_sky_logscale.ell
Excluded data:  []
Axis Used:  eq
x-Axis units: pixel
pixels to arcsec scale:  1.2232836
Smoothing:  False sigma =  3.0
Zeropoint:  17.25585
Sky RMS:  0.03
Delta:  0.0201883739289
Convolution done?  True
PSF:  moffat
Fit weighted with errors?  False
--------------------------------------------
Results from fit:
--------------------------------------------
Number of iterations: 291
Chisq:  8.31354151802e-06
Reduced chisq:  2.30931708834e-07
N_free:  36
Component 1: sersic.
R_e [pixel] =  4.43 +/- 0.00 	[initial value = 3.1 ]
mu_e [mag/pixel^2] =  15.64 +/- 0.00 	 [initial value = 14.5 ]
n =  2.90 +/- 0.00        [initial value = 1.6 ]
b_n =  5.47
m_tot [mag] =  9.19

Component 2: disc.
h [pixel] =  15.51 +/- 0.00        [initial value = 14.0 ]
mu_0 [mag/pixel^2] =  16.69 +/- 0.00 	 [initial value = 16.3 ]
m_tot [mag] =  8.74

Component 7: ferrer.
R_out [pixel] =  38.94 +/- 0.00 	[initial value = 36.3 ]
mu_0 [mag/pixel^2] =  17.21 +/- 0.00 	 [initial value = 17.2 ]
alpha [pixel] =  3.97 +/- 0.00        [initial value = 3.21 ]
beta =  0.01 +/- 0.00        [initial value = 0.01 ]
m_tot [mag] = -99

Component 6: ferrer.
R_out [pixel] =  12.82 +/- 0.00 	[initial value = 15.2 ]
mu_0 [mag/pixel^2] =  15.82 +/- 0.00 	 [initial value = 16.6 ]
alpha [pixel] =  4.00 +/- 0.00        [initial value = 3.99 ]
beta =  0.01 +/- 0.00        [initial value = 0.01 ]
m_tot [mag] = -99

--------------------------------------------
--------------------------------------------

Input ellipse file:  n2549_op_mos_sky_combscale.ell
Excluded data:  []
Axis Used:  maj
x-Axis units: pixel
pixels to arcsec scale:  1.2232836
Smoothing:  False sigma =  3.0
Zeropoint:  17.25585
Sky RMS:  0.03
Delta:  0.0267942777653
Convolution done?  True
PSF:  gaussian
Fit weighted with errors?  False
--------------------------------------------
Results from fit:
--------------------------------------------
Number of iterations: 256
Chisq:  2.41341814042e-05
Reduced chisq:  6.03354535104e-07
N_free:  40
Component 1: sersic.
R_e [pixel] =  6.08 +/- 0.00 	[initial value = 6.1 ]
mu_e [mag/pixel^2] =  15.55 +/- 0.00 	 [initial value = 15.5 ]
n =  2.15 +/- 0.00        [initial value = 2.2 ]
b_n =  3.97
m_tot [mag] =  8.56

Component 2: disc.
h [pixel] =  36.53 +/- 0.00        [initial value = 36.0 ]
mu_0 [mag/pixel^2] =  17.38 +/- 0.00 	 [initial value = 17.36 ]
m_tot [mag] =  7.57

Component 7: ferrer.
R_out [pixel] =  56.64 +/- 0.00 	[initial value = 56.2 ]
mu_0 [mag/pixel^2] =  17.12 +/- 0.00 	 [initial value = 17.1 ]
alpha [pixel] =  2.65 +/- 0.00        [initial value = 2.6 ]
beta =  0.01 +/- 0.00        [initial value = 0.01 ]
m_tot [mag] = -99

Component 6: ferrer.
R_out [pixel] =  17.71 +/- 0.00 	[initial value = 18.0 ]
mu_0 [mag/pixel^2] =  15.46 +/- 0.00 	 [initial value = 15.4 ]
alpha [pixel] =  4.00 +/- 0.00        [initial value = 3.99 ]
beta =  0.01 +/- 0.00        [initial value = 0.01 ]
m_tot [mag] = -99

--------------------------------------------
--------------------------------------------

Input ellipse file:  n2549_op_mos_sky_combscale.ell
Excluded data:  []
Axis Used:  eq
x-Axis units: pixel
pixels to arcsec scale:  1.2232836
Smoothing:  False sigma =  3.0
Zeropoint:  17.25585
Sky RMS:  0.03
Delta:  0.01069058641
Convolution done?  True
PSF:  gaussian
Fit weighted with errors?  False
--------------------------------------------
Results from fit:
--------------------------------------------
Number of iterations: 285
Chisq:  9.10294137034e-07
Reduced chisq:  2.27573534259e-08
N_free:  40
Component 1: sersic.
R_e [pixel] =  3.32 +/- 0.00 	[initial value = 3.1 ]
mu_e [mag/pixel^2] =  14.64 +/- 0.00 	 [initial value = 14.5 ]
n =  1.50 +/- 0.00        [initial value = 1.6 ]
b_n =  2.67
m_tot [mag] =  9.15

Component 2: disc.
h [pixel] =  13.96 +/- 0.00        [initial value = 14.0 ]
mu_0 [mag/pixel^2] =  16.33 +/- 0.00 	 [initial value = 16.3 ]
m_tot [mag] =  8.61

Component 7: ferrer.
R_out [pixel] =  35.99 +/- 0.00 	[initial value = 36.3 ]
mu_0 [mag/pixel^2] =  17.29 +/- 0.00 	 [initial value = 17.2 ]
alpha [pixel] =  3.07 +/- 0.00        [initial value = 3.21 ]
beta =  0.01 +/- 0.00        [initial value = 0.01 ]
m_tot [mag] = -99

Component 6: ferrer.
R_out [pixel] =  14.66 +/- 0.00 	[initial value = 15.2 ]
mu_0 [mag/pixel^2] =  16.74 +/- 0.00 	 [initial value = 16.6 ]
alpha [pixel] =  4.00 +/- 0.00        [initial value = 3.99 ]
beta =  0.01 +/- 0.00        [initial value = 0.01 ]
m_tot [mag] = -99

--------------------------------------------
--------------------------------------------

Input ellipse file:  n2549_op_mos_sky_combscale.ell
Excluded data:  []
Axis Used:  maj
x-Axis units: pixel
pixels to arcsec scale:  1.2232836
Smoothing:  False sigma =  3.0
Zeropoint:  17.25585
Sky RMS:  0.03
Delta:  0.0268094513712
Convolution done?  True
PSF:  moffat
Fit weighted with errors?  False
--------------------------------------------
Results from fit:
--------------------------------------------
Number of iterations: 315
Chisq:  2.37788707958e-05
Reduced chisq:  5.94471769895e-07
N_free:  40
Component 1: sersic.
R_e [pixel] =  6.06 +/- 0.00 	[initial value = 6.1 ]
mu_e [mag/pixel^2] =  15.57 +/- 0.00 	 [initial value = 15.5 ]
n =  2.26 +/- 0.00        [initial value = 2.2 ]
b_n =  4.20
m_tot [mag] =  8.56

Component 2: disc.
h [pixel] =  36.89 +/- 0.00        [initial value = 36.0 ]
mu_0 [mag/pixel^2] =  17.40 +/- 0.00 	 [initial value = 17.36 ]
m_tot [mag] =  7.57

Component 7: ferrer.
R_out [pixel] =  56.77 +/- 0.00 	[initial value = 56.2 ]
mu_0 [mag/pixel^2] =  17.11 +/- 0.00 	 [initial value = 17.1 ]
alpha [pixel] =  2.67 +/- 0.00        [initial value = 2.6 ]
beta =  0.01 +/- 0.00        [initial value = 0.01 ]
m_tot [mag] = -99

Component 6: ferrer.
R_out [pixel] =  17.77 +/- 0.00 	[initial value = 18.0 ]
mu_0 [mag/pixel^2] =  15.45 +/- 0.00 	 [initial value = 15.4 ]
alpha [pixel] =  4.00 +/- 0.00        [initial value = 3.99 ]
beta =  0.01 +/- 0.00        [initial value = 0.01 ]
m_tot [mag] = -99

--------------------------------------------
--------------------------------------------

Input ellipse file:  n2549_op_mos_sky_combscale.ell
Excluded data:  []
Axis Used:  eq
x-Axis units: pixel
pixels to arcsec scale:  1.2232836
Smoothing:  False sigma =  3.0
Zeropoint:  17.25585
Sky RMS:  0.03
Delta:  0.0100237787725
Convolution done?  True
PSF:  moffat
Fit weighted with errors?  False
--------------------------------------------
Results from fit:
--------------------------------------------
Number of iterations: 272
Chisq:  7.99783208988e-07
Reduced chisq:  1.99945802247e-08
N_free:  40
Component 1: sersic.
R_e [pixel] =  3.10 +/- 0.00 	[initial value = 3.1 ]
mu_e [mag/pixel^2] =  14.54 +/- 0.00 	 [initial value = 14.5 ]
n =  1.48 +/- 0.00        [initial value = 1.6 ]
b_n =  2.64
m_tot [mag] =  9.20

Component 2: disc.
h [pixel] =  13.90 +/- 0.00        [initial value = 14.0 ]
mu_0 [mag/pixel^2] =  16.32 +/- 0.00 	 [initial value = 16.3 ]
m_tot [mag] =  8.61

Component 7: ferrer.
R_out [pixel] =  36.27 +/- 0.00 	[initial value = 36.3 ]
mu_0 [mag/pixel^2] =  17.24 +/- 0.00 	 [initial value = 17.2 ]
alpha [pixel] =  3.21 +/- 0.00        [initial value = 3.21 ]
beta =  0.01 +/- 0.00        [initial value = 0.01 ]
m_tot [mag] = -99

Component 6: ferrer.
R_out [pixel] =  15.39 +/- 0.00 	[initial value = 15.2 ]
mu_0 [mag/pixel^2] =  16.69 +/- 0.00 	 [initial value = 16.6 ]
alpha [pixel] =  4.00 +/- 0.00        [initial value = 3.99 ]
beta =  0.01 +/- 0.00        [initial value = 0.01 ]
m_tot [mag] = -99

--------------------------------------------
--------------------------------------------

