Input ellipse file:  n3115_op_mos_galfitsky_combscale.ell
Excluded data:  []
Axis Used:  maj
x-Axis units: arcsec
pixels to arcsec scale:  1.2232836
Smoothing:  False sigma =  5.0
Zeropoint:  17.25585
Sky RMS:  0.039
Delta:  0.0176640467162
Convolution done?  True
PSF:  moffat
Fit weighted with errors?  False
--------------------------------------------
Results from fit:
--------------------------------------------
Number of iterations: 79
Chisq:  5.34670752946e-05
Reduced chisq:  2.756034809e-07
N_free:  194
Component 1: sersic.
R_e [arcsec] =  47.36 +/- 1.11 	[initial value = 42.8 ]
mu_e [mag/arcsec^2] =  16.75 +/- 0.03 	 [initial value = 16.6 ]
n =  4.38 +/- 0.07        [initial value = 4.3 ]
b_n =  8.43
m_tot [mag] =  4.94

Component 3: sersic.
R_e [arcsec] =  83.22 +/- 0.68 	[initial value = 50.0 ]
mu_e [mag/arcsec^2] =  18.30 +/- 0.05 	 [initial value = 17.0 ]
n =  0.87 +/- 0.04        [initial value = 0.9 ]
b_n =  1.42
m_tot [mag] =  6.06

Component 6: gring.
fwhm [arcsec] =  18.60 +/- 0.00 	 [initial value = 18.6 ]
mu_0 [mag/arcsec^2] =  15.70 +/- 0.00 	[initial value = 15.7 ]
R_0 [arcsec] =  9.00 +/- 0.00 	[initial value = 9.0 ]
m_tot [mag] = -99

--------------------------------------------
--------------------------------------------

