--------------------------------------------------------- 

y = a + bx 

Mode fit: y|x 
a =8.55946514403+0.0639407850182-0.0560592149818
b =-0.415515234884+0.0479528188203-0.0520471811797
epsilon =0.413906215434
absolute scatter Delta =0.438545679249

Mode fit: x|y 
a =8.55946514403+0.0716616217629-0.0883383782371
b =-0.661832782075+0.0646418265525-0.0853581734475
epsilon =0.790044606471
absolute scatter Delta =0.540646533924

Bisector FITEXY 
a =8.55946514403+0.0960406789982-0.104624589146
b =-0.532398339701+0.0773983075703-0.095952465932
--------------------------------------------------------- 
--------------------------------------------------------- 

y = a + bx 

Mode fit: y|x 
a =8.55946514403+0.0639407850182-0.0560592149818
b =-0.415515234884+0.0479528188203-0.0520471811797
epsilon =0.413906215434
absolute scatter Delta =0.438545679249

Mode fit: x|y 
a =8.55946514403+0.0716616217629-0.0883383782371
b =-0.661832782075+0.0646418265525-0.0853581734475
epsilon =0.790044606471
absolute scatter Delta =0.540646533924

Bisector FITEXY 
a =8.55946514403+0.0960406789982-0.104624589146
b =-0.532398339701+0.0773983075703-0.095952465932
--------------------------------------------------------- 
--------------------------------------------------------- 

y = a + bx 

Mode fit: y|x 
a =8.55946514403+0.0639407850182-0.0560592149818
b =-0.415515234884+0.0479528188203-0.0520471811797
epsilon =0.413906215434
absolute scatter Delta =0.438545679249

Mode fit: x|y 
a =8.55946514403+0.0716616217629-0.0883383782371
b =-0.661832782075+0.0646418265525-0.0853581734475
epsilon =0.790044606471
absolute scatter Delta =0.540646533924

Bisector FITEXY 
a =8.55946514403+0.0960406789982-0.104624589146
b =-0.532398339701+0.0773983075703-0.095952465932
--------------------------------------------------------- 
--------------------------------------------------------- 

y = a + bx 

Mode fit: y|x 
a =8.55946514403+0.0639407850182-0.0560592149818
b =-0.415515234884+0.0479528188203-0.0520471811797
epsilon =0.413906215434
absolute scatter Delta =0.438545679249

Mode fit: x|y 
a =8.55946514403+0.0716616217629-0.0883383782371
b =-0.661832782075+0.0646418265525-0.0853581734475
epsilon =0.790044606471
absolute scatter Delta =0.540646533924

Bisector FITEXY 
a =8.55946514403+0.0960406789982-0.104624589146
b =-0.532398339701+0.0773983075703-0.095952465932
--------------------------------------------------------- 
--------------------------------------------------------- 

y = a + bx 

Mode fit: y|x 
a =8.55946514403+0.0596038069196-0.0603961930804
b =-0.322857795256+0.0297114739806-0.0402885260194
epsilon =0.400961753398
absolute scatter Delta =0.448742883446

Mode fit: x|y 
a =8.54381287372+0.0826657874295-0.0773342125705
b =-0.494695378903+0.0491295671747-0.0608704328253
epsilon =1.00174530009
absolute scatter Delta =0.558418303877

Bisector FITEXY 
a =8.55187325082+0.0720633270487-0.069384005983
b =-0.4062049749+0.0394439137101-0.0501504764776
--------------------------------------------------------- 
--------------------------------------------------------- 

y = a + bx 

Mode fit: y|x 
a =8.55946514403+0.0596038069196-0.0603961930804
b =-0.322857795256+0.0297114739806-0.0402885260194
epsilon =0.400961753398
absolute scatter Delta =0.459060159582

Mode fit: x|y 
a =8.54381287372+0.0826657874295-0.0773342125705
b =-0.494695378903+0.0491295671747-0.0608704328253
epsilon =1.00174530009
absolute scatter Delta =0.571257183451

Bisector FITEXY 
a =8.55187325082+0.0720633270487-0.069384005983
b =-0.4062049749+0.0394439137101-0.0501504764776
--------------------------------------------------------- 
--------------------------------------------------------- 

y = a + bx 

Mode fit: y|x 
a =7.20169088102+0.151680700786-0.148319299214
b =-0.530959641501+0.207189906702-0.242810093298
epsilon =0.54226575824
absolute scatter Delta =0.625778569361

Mode fit: x|y 
a =7.37817189158+0.53557721707-0.35442278293
b =-2.02460992843+0.716655308095-2.32334469191
epsilon =0.536393466639
absolute scatter Delta =1.50797312735

Bisector FITEXY 
a =7.26062771722+0.393605126005-0.271674551237
b =-1.02977264143+0.322877652068-0.541522718577
--------------------------------------------------------- 
--------------------------------------------------------- 

y = a + bx 

Mode fit: y|x 
a =9.05686093364+0.0867973471932-0.0832026528068
b =-0.25621594237+0.0732106634454-0.0767893365546
epsilon =0.365737165165
absolute scatter Delta =0.415560355665

Mode fit: x|y 
a =9.03263844658+0.145188601948-0.154811398052
b =-0.718181577107+0.169695761388-0.310304238612
epsilon =0.852887039929
absolute scatter Delta =0.674125911179

Bisector FITEXY 
a =9.0458137931+0.119610847366-0.124276406452
b =-0.466904435266+0.115469670101-0.175936375255
--------------------------------------------------------- 
--------------------------------------------------------- 

y = a + bx 

Mode fit: y|x 
a =7.71704324875+0.0844815262308-0.0855184737692
b =-0.411007684694+0.0686758066752-0.0713241933248
epsilon =0.537256869111
absolute scatter Delta =0.609222762614

Mode fit: x|y 
a =7.71845067271+0.131350719782-0.128649280218
b =-0.863267702981+0.126103763526-0.193896236474
epsilon =0.893544830073
absolute scatter Delta =0.932571321873

Bisector FITEXY 
a =7.71767668374+0.110431290542-0.109233801216
b =-0.614554965873+0.0913744149787-0.120620033091
--------------------------------------------------------- 
--------------------------------------------------------- 

y = a + bx 

Mode fit: y|x 
a =8.80734468927+0.068172718698-0.071827281302
b =-0.441947681281+0.0633624975714-0.0666375024286
epsilon =0.329509104248
absolute scatter Delta =0.400623639169

Mode fit: x|y 
a =8.78472678024+0.0867176305013-0.0932823694987
b =-0.686448714187+0.100571868678-0.129428131322
epsilon =0.598284393967
absolute scatter Delta =0.496069530129

Bisector FITEXY 
a =8.79662235282+0.0779982916942-0.0832489002886
b =-0.557856819225+0.0805324498292-0.0957073003514
--------------------------------------------------------- 
--------------------------------------------------------- 

y = a + bx 

Mode fit: y|x 
a =7.92962336657+0.156390602809-0.153609397191
b =-0.333052796606+0.189669867106-0.220330132894
epsilon =0.513804078386
absolute scatter Delta =0.55554360846

Mode fit: x|y 
a =7.77364418466+0.317549018971-0.382450981029
b =-1.31072176167+0.437826943463-1.31217305654
epsilon =0.713047688715
absolute scatter Delta =1.20124540572

Bisector FITEXY 
a =7.86879290527+0.25029522578-0.291431466897
b =-0.714334794749+0.256080884343-0.451016115802
--------------------------------------------------------- 
--------------------------------------------------------- 

y = a + bx 

Mode fit: y|x 
a =9.05686093364+0.0867973471932-0.0832026528068
b =-0.25621594237+0.0732106634454-0.0767893365546
epsilon =0.365737165165
absolute scatter Delta =0.415560355665

Mode fit: x|y 
a =9.03263844658+0.145188601948-0.154811398052
b =-0.718181577107+0.169695761388-0.310304238612
epsilon =0.852887039929
absolute scatter Delta =0.674125911179

Bisector FITEXY 
a =9.0458137931+0.119610847366-0.124276406452
b =-0.466904435266+0.115469670101-0.175936375255
--------------------------------------------------------- 
--------------------------------------------------------- 

y = a + bx 

Mode fit: y|x 
a =7.71704324875+0.0844815262308-0.0855184737692
b =-0.411007684694+0.0686758066752-0.0713241933248
epsilon =0.537256869111
absolute scatter Delta =0.609222762614

Mode fit: x|y 
a =7.71845067271+0.131350719782-0.128649280218
b =-0.863267702981+0.126103763526-0.193896236474
epsilon =0.893544830073
absolute scatter Delta =0.932571321873

Bisector FITEXY 
a =7.71767668374+0.110431290542-0.109233801216
b =-0.614554965873+0.0913744149787-0.120620033091
--------------------------------------------------------- 
--------------------------------------------------------- 

y = a + bx 

Mode fit: y|x 
a =8.55946514403+0.0639407850182-0.0560592149818
b =-0.415515234884+0.0479528188203-0.0520471811797
epsilon =0.413906215434
absolute scatter Delta =0.448628506271

Mode fit: x|y 
a =8.55946514403+0.0716616217629-0.0883383782371
b =-0.661832782075+0.0646418265525-0.0853581734475
epsilon =0.790044606471
absolute scatter Delta =0.553076813686

Bisector FITEXY 
a =8.55946514403+0.0679110153894-0.0739807564639
b =-0.532398339701+0.0552135355767-0.0670075071781
--------------------------------------------------------- 
--------------------------------------------------------- 

y = a + bx 

Mode fit: y|x 
a =8.55946514403+0.0697039250908-0.0602960749092
b =-0.415515234884+0.0497640941013-0.0502359058987
epsilon =0.413906215434
absolute scatter Delta =0.448628506271

Mode fit: x|y 
a =8.55946514403+0.0783081088146-0.0816918911854
b =-0.661832782075+0.0732091327626-0.0867908672374
epsilon =0.790044606471
absolute scatter Delta =0.553076813686

Bisector FITEXY 
a =8.55946514403+0.0741309553398-0.071795479436
b =-0.532398339701+0.0602832380947-0.0668622936876
--------------------------------------------------------- 
