This is pdfTeX, Version 3.1415926-2.4-1.40.13 (TeX Live 2012) (format=pdflatex 2012.6.30)  19 FEB 2015 17:02
entering extended mode
 restricted \write18 enabled.
 %&-line parsing enabled.
**datapaper
(./datapaper.tex
LaTeX2e <2011/06/27>
Babel <v3.8m> and hyphenation patterns for english, dumylang, nohyphenation, ge
rman-x-2012-05-30, ngerman-x-2012-05-30, afrikaans, ancientgreek, ibycus, arabi
c, armenian, basque, bulgarian, catalan, pinyin, coptic, croatian, czech, danis
h, dutch, ukenglish, usenglishmax, esperanto, estonian, ethiopic, farsi, finnis
h, french, friulan, galician, german, ngerman, swissgerman, monogreek, greek, h
ungarian, icelandic, assamese, bengali, gujarati, hindi, kannada, malayalam, ma
rathi, oriya, panjabi, tamil, telugu, indonesian, interlingua, irish, italian, 
kurmanji, latin, latvian, lithuanian, mongolian, mongolianlmc, bokmal, nynorsk,
 polish, portuguese, romanian, romansh, russian, sanskrit, serbian, serbianc, s
lovak, slovenian, spanish, swedish, turkish, turkmen, ukrainian, uppersorbian, 
welsh, loaded.
(./emulateapj.cls
Document Class: emulateapj 
\bibbaselineskip=\skip41
(/usr/local/texlive/2012/texmf-dist/tex/latex/revtex/revtex4-1.cls
Document Class: revtex4-1 2010/07/25/20:33:00 4.1r (http://publish.aps.org/revt
ex4/ for documentation)
 Copyright (c) 2009 The American Physical Society.
 mailto:revtex@aps.org
 Licensed under the LPPL:
http://www.ctan.org/tex-archive/macros/latex/base/lppl.txt
 Arthur Ogawa <arthur_ogawa at sbcglobal dot net>
 Based on work by David Carlisle <david at dcarlisle.demon.co.uk>.
ltxutil[2010/07/25/20:33:00 4.1r utilities package (portions licensed from W. E
. Baxter web at superscript.com)]
LaTeX Info: Redefining \@centercr on input line 308.
Class revtex4-1 Info: Repairing broken LaTeX eqnarray on input line 358.
\eqncolsep=\skip42
Class revtex4-1 Info: Repairing hyperref-unfriendly LaTeX definition of \mpfoot
note on input line 433.
Class revtex4-1 Info: Repairing broken LateX \@sect on input line 755.
\intertabularlinepenalty=\count79
\@tbpen=\count80
\@arstrutbox@hline=\box26
Class revtex4-1 Info: Repairing broken LaTeX \@xbitor on input line 1786.
Class revtex4-1 Info: Making \typeout \long on input line 2046.
ltxfront[2010/07/25/20:33:00 4.1r frontmatter package (AO,DPC)]
\c@affil=\count81
\c@collab=\count82
\absbox=\box27
ltxgrid[2010/07/25/20:33:00 4.1r page grid package (portions licensed from W. E
. Baxter web at superscript.com)]
\c@linecount=\count83
\output@latex=\toks14
\box@size@1=\box28
\box@size@2=\box29
\@protection@box=\box30
\@topmark@saved=\toks15
\footins@saved=\box31
\footins@recovered=\box32
\column@recovered=\box33
\pagesofar=\box34
\footsofar=\box35
\pagegrid@col=\count84
Class revtex4-1 Info: Overriding \@vspace, \@vspacer, \@no@pgbk, \@newline, and
 \\  on input line 5578.
\c@part=\count85
\c@section=\count86
\c@subsection=\count87
\c@subsubsection=\count88
\c@paragraph=\count89
\c@subparagraph=\count90
\abovecaptionskip=\skip43
\belowcaptionskip=\skip44
\c@figure=\count91
\fbox@1=\box36
\c@table=\count92
\fbox@2=\box37
\c@video=\count93
\fbox@4=\box38
\@bibdataout=\write3
\widetext@top=\box39
\widetext@bot=\box40
Class revtex4-1 Info: Selecting society aps on input line 7542.
(/usr/local/texlive/2012/texmf-dist/tex/latex/revtex/aps4-1.rtx
File: aps4-1 2010/07/25/20:33:00 4.1r (http://publish.aps.org/revtex4/ for docu
mentation)
Class revtex4-1 Info: RevTeX society APS selected on input line 31.
)
Class revtex4-1 Info: Selecting journal pra on input line 7544.
Class revtex4-1 Info: APS journal PRA selected on input line 7545.

(/usr/local/texlive/2012/texmf-dist/tex/latex/revtex/aps10pt4-1.rtx
File: aps10pt4-1 2010/07/25/20:33:00 4.1r (http://publish.aps.org/revtex4/ for 
documentation)
Class revtex4-1 Info: RevTeX pointsize 10pt selected on input line 30.
)
(/usr/local/texlive/2012/texmf-dist/tex/latex/textcase/textcase.sty
Package: textcase 2004/10/07 v0.07 Text only upper/lower case changing (DPC)
)
(/usr/local/texlive/2012/texmf-dist/tex/latex/url/url.sty
\Urlmuskip=\muskip10
Package: url 2006/04/12  ver 3.3  Verb mode for urls, etc.
) (./natbib.sty
Package: natbib 2003/06/06 7.1 (PWD)
\bibhang=\skip45
\bibsep=\skip46
LaTeX Info: Redefining \cite on input line 518.
\c@NAT@ctr=\count94
)

LaTeX Warning: You have requested, on input line 7549, version
               `2009/11/07 8.31a (PWD, AO)' of package natbib,
               but only version
               `2003/06/06 7.1 (PWD)'
               is available.

(/usr/local/texlive/2012/texmf-dist/tex/latex/revtex/revsymb4-1.sty
Package: revsymb4-1 2010/07/25/20:33:00 4.1r (http://publish.aps.org/revtex4/ f
or documentation)
LaTeX Info: Redefining \REV@mathfrak on input line 119.
))
(/usr/local/texlive/2012/texmf-dist/tex/latex/base/latexsym.sty
Package: latexsym 1998/08/17 v2.2e Standard LaTeX package (lasy symbols)
\symlasy=\mathgroup4
LaTeX Font Info:    Overwriting symbol font `lasy' in version `bold'
(Font)                  U/lasy/m/n --> U/lasy/b/n on input line 47.
)
(/usr/local/texlive/2012/texmf-dist/tex/latex/graphics/graphicx.sty
Package: graphicx 1999/02/16 v1.0f Enhanced LaTeX Graphics (DPC,SPQR)

(/usr/local/texlive/2012/texmf-dist/tex/latex/graphics/keyval.sty
Package: keyval 1999/03/16 v1.13 key=value parser (DPC)
\KV@toks@=\toks16
)
(/usr/local/texlive/2012/texmf-dist/tex/latex/graphics/graphics.sty
Package: graphics 2009/02/05 v1.0o Standard LaTeX Graphics (DPC,SPQR)

(/usr/local/texlive/2012/texmf-dist/tex/latex/graphics/trig.sty
Package: trig 1999/03/16 v1.09 sin cos tan (DPC)
)
(/usr/local/texlive/2012/texmf-dist/tex/latex/latexconfig/graphics.cfg
File: graphics.cfg 2010/04/23 v1.9 graphics configuration of TeX Live
)
Package graphics Info: Driver file: pdftex.def on input line 91.

(/usr/local/texlive/2012/texmf-dist/tex/latex/pdftex-def/pdftex.def
File: pdftex.def 2011/05/27 v0.06d Graphics/color for pdfTeX

(/usr/local/texlive/2012/texmf-dist/tex/generic/oberdiek/infwarerr.sty
Package: infwarerr 2010/04/08 v1.3 Providing info/warning/error messages (HO)
)
(/usr/local/texlive/2012/texmf-dist/tex/generic/oberdiek/ltxcmds.sty
Package: ltxcmds 2011/11/09 v1.22 LaTeX kernel commands for general use (HO)
)
\Gread@gobject=\count95
))
\Gin@req@height=\dimen102
\Gin@req@width=\dimen103
)
(/usr/local/texlive/2012/texmf-dist/tex/latex/amsfonts/amssymb.sty
Package: amssymb 2009/06/22 v3.00

(/usr/local/texlive/2012/texmf-dist/tex/latex/amsfonts/amsfonts.sty
Package: amsfonts 2009/06/22 v3.00 Basic AMSFonts support
\@emptytoks=\toks17
\symAMSa=\mathgroup5
\symAMSb=\mathgroup6
LaTeX Font Info:    Overwriting math alphabet `\mathfrak' in version `bold'
(Font)                  U/euf/m/n --> U/euf/b/n on input line 96.
LaTeX Info: Redefining \frak on input line 99.
LaTeX Info: Redefining \Bbb on input line 101.
))
(/usr/local/texlive/2012/texmf-dist/tex/latex/tools/longtable.sty
Package: longtable 2004/02/01 v4.11 Multi-page Table package (DPC)
\LTleft=\skip47
\LTright=\skip48
\LTpre=\skip49
\LTpost=\skip50
\LTchunksize=\count96
\LTcapwidth=\dimen104
\LT@head=\box41
\LT@firsthead=\box42
\LT@foot=\box43
\LT@lastfoot=\box44
\LT@cols=\count97
\LT@rows=\count98
\c@LT@tables=\count99
\c@LT@chunks=\count100
\LT@p@ftn=\toks18
)
(/usr/local/texlive/2012/texmf-dist/tex/generic/epsf/epsf.sty
This is `epsf.tex' v2.7.4 <14 February 2011>
\epsffilein=\read1
\epsfframemargin=\dimen105
\epsfframethickness=\dimen106
\epsfrsize=\dimen107
\epsftmp=\dimen108
\epsftsize=\dimen109
\epsfxsize=\dimen110
\epsfysize=\dimen111
\pspoints=\dimen112
)
\c@front@matter@foot@note=\count101
\alt@affil@toks=\toks19
\alt@affil@toks@count=\toks20
\keys@width=\skip51
\c@lastfootnote=\count102
\c@remember@figure@num=\count103
\c@remember@table@num=\count104
\bibindent=\dimen113
\plot@width=\skip52
\c@table@save=\count105
\table@note@skip=\skip53
\deluxe@table@width=\skip54
\@d@t@a=\skip55
\c@deluxe@table@num=\count106
\abovedeluxetableskip=\skip56
\belowdeluxetableskip=\skip57
\lastrowheight=\dimen114
\DT@p@ftn=\toks21
\pt@column=\count107
\pt@ncol=\count108
) (/usr/local/texlive/2012/texmf-dist/tex/latex/amsmath/amsmath.sty
Package: amsmath 2000/07/18 v2.13 AMS math features
\@mathmargin=\skip58

For additional information on amsmath, use the `?' option.
(/usr/local/texlive/2012/texmf-dist/tex/latex/amsmath/amstext.sty
Package: amstext 2000/06/29 v2.01

(/usr/local/texlive/2012/texmf-dist/tex/latex/amsmath/amsgen.sty
File: amsgen.sty 1999/11/30 v2.0
\@emptytoks=\toks22
\ex@=\dimen115
)
LaTeX Info: Redefining \text on input line 53.
)
(/usr/local/texlive/2012/texmf-dist/tex/latex/amsmath/amsbsy.sty
Package: amsbsy 1999/11/29 v1.2d
\pmbraise@=\dimen116
)
(/usr/local/texlive/2012/texmf-dist/tex/latex/amsmath/amsopn.sty
Package: amsopn 1999/12/14 v2.01 operator names
)
\inf@bad=\count109
LaTeX Info: Redefining \frac on input line 211.
\uproot@=\count110
\leftroot@=\count111
LaTeX Info: Redefining \overline on input line 307.
\classnum@=\count112
\DOTSCASE@=\count113
LaTeX Info: Redefining \ldots on input line 379.
LaTeX Info: Redefining \dots on input line 382.
LaTeX Info: Redefining \cdots on input line 467.
\Mathstrutbox@=\box45
\strutbox@=\box46
\big@size=\dimen117
LaTeX Font Info:    Redeclaring font encoding OML on input line 567.
LaTeX Font Info:    Redeclaring font encoding OMS on input line 568.
\macc@depth=\count114
\c@MaxMatrixCols=\count115
\dotsspace@=\muskip11
\c@parentequation=\count116
\dspbrk@lvl=\count117
\tag@help=\toks23
\row@=\count118
\column@=\count119
\maxfields@=\count120
\andhelp@=\toks24
\eqnshift@=\dimen118
\alignsep@=\dimen119
\tagshift@=\dimen120
\tagwidth@=\dimen121
\totwidth@=\dimen122
\lineht@=\dimen123
\@envbody=\toks25
\multlinegap=\skip59
\multlinetaggap=\skip60
\mathdisplay@stack=\toks26
LaTeX Info: Redefining \[ on input line 2666.
LaTeX Info: Redefining \] on input line 2667.
)
(/usr/local/texlive/2012/texmf-dist/tex/latex/tools/tabularx.sty
Package: tabularx 1999/01/07 v2.07 `tabularx' package (DPC)

(/usr/local/texlive/2012/texmf-dist/tex/latex/tools/array.sty
Package: array 2008/09/09 v2.4c Tabular extension package (FMi)
\col@sep=\dimen124
\extrarowheight=\dimen125
\NC@list=\toks27
\extratabsurround=\skip61
\backup@length=\skip62
)
\TX@col@width=\dimen126
\TX@old@table=\dimen127
\TX@old@col=\dimen128
\TX@target=\dimen129
\TX@delta=\dimen130
\TX@cols=\count121
\TX@ftn=\toks28
)
(/usr/local/texlive/2012/texmf-dist/tex/latex/tools/bm.sty
Package: bm 2004/02/26 v1.1c Bold Symbol Support (DPC/FMi)
\symboldoperators=\mathgroup7
\symboldletters=\mathgroup8
\symboldsymbols=\mathgroup9
\symboldlasy=\mathgroup10
LaTeX Font Info:    Redeclaring math alphabet \mathbf on input line 138.
LaTeX Info: Redefining \bm on input line 204.
)
Class revtex4-1 Info: Patching array package. on input line 27.
Class revtex4-1 Info: Patching longtable package on input line 27.
Class revtex4-1 Info: Robustifying \LaTeX's \boldmath command on input line 27.

Class revtex4-1 Info: cite was not loaded (OK!) on input line 27.
Class revtex4-1 Info: mcite was not loaded (OK!) on input line 27.
Class revtex4-1 Info: multicol was not loaded (OK!) on input line 27.


LaTeX Warning: Unused global option(s):
    [preprint2].

(./datapaper.aux)
\openout1 = `datapaper.aux'.

LaTeX Font Info:    Checking defaults for OML/cmm/m/it on input line 27.
LaTeX Font Info:    ... okay on input line 27.
LaTeX Font Info:    Checking defaults for T1/cmr/m/n on input line 27.
LaTeX Font Info:    ... okay on input line 27.
LaTeX Font Info:    Checking defaults for OT1/cmr/m/n on input line 27.
LaTeX Font Info:    ... okay on input line 27.
LaTeX Font Info:    Checking defaults for OMS/cmsy/m/n on input line 27.
LaTeX Font Info:    ... okay on input line 27.
LaTeX Font Info:    Checking defaults for OMX/cmex/m/n on input line 27.
LaTeX Font Info:    ... okay on input line 27.
LaTeX Font Info:    Checking defaults for U/cmr/m/n on input line 27.
LaTeX Font Info:    ... okay on input line 27.

(/usr/local/texlive/2012/texmf-dist/tex/context/base/supp-pdf.mkii
[Loading MPS to PDF converter (version 2006.09.02).]
\scratchcounter=\count122
\scratchdimen=\dimen131
\scratchbox=\box47
\nofMPsegments=\count123
\nofMParguments=\count124
\everyMPshowfont=\toks29
\MPscratchCnt=\count125
\MPscratchDim=\dimen132
\MPnumerator=\count126
\makeMPintoPDFobject=\count127
\everyMPtoPDFconversion=\toks30
) (/usr/local/texlive/2012/texmf-dist/tex/generic/oberdiek/pdftexcmds.sty
Package: pdftexcmds 2011/11/29 v0.20 Utility functions of pdfTeX for LuaTeX (HO
)

(/usr/local/texlive/2012/texmf-dist/tex/generic/oberdiek/ifluatex.sty
Package: ifluatex 2010/03/01 v1.3 Provides the ifluatex switch (HO)
Package ifluatex Info: LuaTeX not detected.
)
(/usr/local/texlive/2012/texmf-dist/tex/generic/oberdiek/ifpdf.sty
Package: ifpdf 2011/01/30 v2.3 Provides the ifpdf switch (HO)
Package ifpdf Info: pdfTeX in PDF mode is detected.
)
Package pdftexcmds Info: LuaTeX not detected.
Package pdftexcmds Info: \pdf@primitive is available.
Package pdftexcmds Info: \pdf@ifprimitive is available.
Package pdftexcmds Info: \pdfdraftmode found.
)
(/usr/local/texlive/2012/texmf-dist/tex/latex/oberdiek/epstopdf-base.sty
Package: epstopdf-base 2010/02/09 v2.5 Base part for package epstopdf

(/usr/local/texlive/2012/texmf-dist/tex/latex/oberdiek/grfext.sty
Package: grfext 2010/08/19 v1.1 Manage graphics extensions (HO)

(/usr/local/texlive/2012/texmf-dist/tex/generic/oberdiek/kvdefinekeys.sty
Package: kvdefinekeys 2011/04/07 v1.3 Define keys (HO)
))
(/usr/local/texlive/2012/texmf-dist/tex/latex/oberdiek/kvoptions.sty
Package: kvoptions 2011/06/30 v3.11 Key value format for package options (HO)

(/usr/local/texlive/2012/texmf-dist/tex/generic/oberdiek/kvsetkeys.sty
Package: kvsetkeys 2012/04/25 v1.16 Key value parser (HO)

(/usr/local/texlive/2012/texmf-dist/tex/generic/oberdiek/etexcmds.sty
Package: etexcmds 2011/02/16 v1.5 Avoid name clashes with e-TeX commands (HO)
Package etexcmds Info: Could not find \expanded.
(etexcmds)             That can mean that you are not using pdfTeX 1.50 or
(etexcmds)             that some package has redefined \expanded.
(etexcmds)             In the latter case, load this package earlier.
)))
Package grfext Info: Graphics extension search list:
(grfext)             [.png,.pdf,.jpg,.mps,.jpeg,.jbig2,.jb2,.PNG,.PDF,.JPG,.JPE
G,.JBIG2,.JB2,.eps]
(grfext)             \AppendGraphicsExtensions on input line 452.

(/usr/local/texlive/2012/texmf-dist/tex/latex/latexconfig/epstopdf-sys.cfg
File: epstopdf-sys.cfg 2010/07/13 v1.3 Configuration of (r)epstopdf for TeX Liv
e
))
\openout3 = `datapaperNotes.bib'.

LaTeX Font Info:    Try loading font information for U+lasy on input line 66.

(/usr/local/texlive/2012/texmf-dist/tex/latex/base/ulasy.fd
File: ulasy.fd 1998/08/17 v2.2e LaTeX symbol font definitions
)
LaTeX Font Info:    Try loading font information for U+msa on input line 66.

(/usr/local/texlive/2012/texmf-dist/tex/latex/amsfonts/umsa.fd
File: umsa.fd 2009/06/22 v3.00 AMS symbols A
)
LaTeX Font Info:    Try loading font information for U+msb on input line 66.

(/usr/local/texlive/2012/texmf-dist/tex/latex/amsfonts/umsb.fd
File: umsb.fd 2009/06/22 v3.00 AMS symbols B
)
LaTeX Font Info:    Font shape `U/lasy/b/n' in size <7> not available
(Font)              Font shape `U/lasy/m/n' tried instead on input line 66.
LaTeX Font Info:    Font shape `U/lasy/b/n' in size <5> not available
(Font)              Font shape `U/lasy/m/n' tried instead on input line 66.
LaTeX Font Info:    Font shape `U/lasy/b/n' in size <9> not available
(Font)              Font shape `U/lasy/m/n' tried instead on input line 66.
LaTeX Font Info:    Font shape `U/lasy/b/n' in size <6> not available
(Font)              Font shape `U/lasy/m/n' tried instead on input line 66.
LaTeX Font Info:    Font shape `U/lasy/b/n' in size <8> not available
(Font)              Font shape `U/lasy/m/n' tried instead on input line 66.
 [1{/usr/local/texlive/2012/texmf-var/fonts/map/pdftex/updmap/pdftex.map}] (./t
able_sample.tex

LaTeX Warning: Float too large for page by 14.14392pt on input line 106.

) (./table_observations.tex

LaTeX Warning: Float too large for page by 21.17499pt on input line 201.

)
Package epstopdf Info: Source file: <images/m49nooverlap.eps>
(epstopdf)                    date: 2014-11-18 14:30:45
(epstopdf)                    size: 1016744 bytes
(epstopdf)             Output file: <images/m49nooverlap-eps-converted-to.pdf>
(epstopdf)                    date: 2014-11-18 14:30:48
(epstopdf)                    size: 176171 bytes
(epstopdf)             Command: <repstopdf --outfile=images/m49nooverlap-eps-co
nverted-to.pdf images/m49nooverlap.eps>
(epstopdf)             \includegraphics on input line 234.
Package epstopdf Info: Output file is already uptodate.
 <images/m49nooverlap-eps-converted-to.pdf, id=19, 616.3025pt x 815.045pt>
File: images/m49nooverlap-eps-converted-to.pdf Graphic file (type pdf)

<use images/m49nooverlap-eps-converted-to.pdf>
Package pdftex.def Info: images/m49nooverlap-eps-converted-to.pdf used on input
 line 234.
(pdftex.def)             Requested size: 120.18193pt x 158.92691pt.
Package epstopdf Info: Source file: <images/m49overlap.eps>
(epstopdf)                    date: 2014-11-18 14:30:42
(epstopdf)                    size: 1016742 bytes
(epstopdf)             Output file: <images/m49overlap-eps-converted-to.pdf>
(epstopdf)                    date: 2014-11-18 14:30:49
(epstopdf)                    size: 185649 bytes
(epstopdf)             Command: <repstopdf --outfile=images/m49overlap-eps-conv
erted-to.pdf images/m49overlap.eps>
(epstopdf)             \includegraphics on input line 235.
Package epstopdf Info: Output file is already uptodate.

<images/m49overlap-eps-converted-to.pdf, id=20, 616.3025pt x 815.045pt>
File: images/m49overlap-eps-converted-to.pdf Graphic file (type pdf)

<use images/m49overlap-eps-converted-to.pdf>
Package pdftex.def Info: images/m49overlap-eps-converted-to.pdf used on input l
ine 235.
(pdftex.def)             Requested size: 120.18193pt x 158.92691pt.
 [2] [3]

LaTeX Warning: A float is stuck (cannot be placed) on input line 242.

[4]

LaTeX Warning: A float is stuck (cannot be placed) on input line 242.


Class revtex4-1 Warning: Deferred float stuck during \clearpage processing.

[5]

LaTeX Warning: A float is stuck (cannot be placed) on input line 242.

[6]

LaTeX Warning: A float is stuck (cannot be placed) on input line 242.


Class revtex4-1 Warning: Deferred float stuck during \clearpage processing.


LaTeX Warning: `h' float specifier changed to `ht'.

[7]

LaTeX Warning: A float is stuck (cannot be placed) on input line 265.


LaTeX Warning: A float is stuck (cannot be placed) on input line 265.


Class revtex4-1 Warning: Deferred float stuck during \clearpage processing.

Package epstopdf Info: Source file: <images/n4459brightstar.eps>
(epstopdf)                    date: 2014-11-18 14:42:55
(epstopdf)                    size: 1000751 bytes
(epstopdf)             Output file: <images/n4459brightstar-eps-converted-to.pd
f>
(epstopdf)                    date: 2014-11-18 14:44:11
(epstopdf)                    size: 99170 bytes
(epstopdf)             Command: <repstopdf --outfile=images/n4459brightstar-eps
-converted-to.pdf images/n4459brightstar.eps>
(epstopdf)             \includegraphics on input line 276.
Package epstopdf Info: Output file is already uptodate.
<images/n4459brightstar-eps-converted-to.pdf, id=49, 698.61pt x 707.64375pt>
File: images/n4459brightstar-eps-converted-to.pdf Graphic file (type pdf)

<use images/n4459brightstar-eps-converted-to.pdf>
Package pdftex.def Info: images/n4459brightstar-eps-converted-to.pdf used on in
put line 276.
(pdftex.def)             Requested size: 120.18193pt x 121.73395pt.
Package epstopdf Info: Source file: <images/n4459nobrightstar.eps>
(epstopdf)                    date: 2014-11-18 14:43:05
(epstopdf)                    size: 1000753 bytes
(epstopdf)             Output file: <images/n4459nobrightstar-eps-converted-to.
pdf>
(epstopdf)                    date: 2014-11-18 14:44:12
(epstopdf)                    size: 117123 bytes
(epstopdf)             Command: <repstopdf --outfile=images/n4459nobrightstar-e
ps-converted-to.pdf images/n4459nobrightstar.eps>
(epstopdf)             \includegraphics on input line 277.
Package epstopdf Info: Output file is already uptodate.

<images/n4459nobrightstar-eps-converted-to.pdf, id=50, 698.61pt x 707.64375pt>
File: images/n4459nobrightstar-eps-converted-to.pdf Graphic file (type pdf)

<use images/n4459nobrightstar-eps-converted-to.pdf>
Package pdftex.def Info: images/n4459nobrightstar-eps-converted-to.pdf used on 
input line 277.
(pdftex.def)             Requested size: 120.18193pt x 121.73395pt.

Underfull \hbox (badness 3758) in paragraph at lines 301--316
\OT1/cmr/m/n/10 Func-tion was char-ac-ter-ized us-ing the IRAF task
 []

Package epstopdf Info: Source file: <images/psf.eps>
(epstopdf)                    date: 2015-01-20 12:05:57
(epstopdf)                    size: 2368747 bytes
(epstopdf)             Output file: <images/psf-eps-converted-to.pdf>
(epstopdf)                    date: 2015-01-20 12:06:12
(epstopdf)                    size: 462556 bytes
(epstopdf)             Command: <repstopdf --outfile=images/psf-eps-converted-t
o.pdf images/psf.eps>
(epstopdf)             \includegraphics on input line 344.
Package epstopdf Info: Output file is already uptodate.
<images/psf-eps-converted-to.pdf, id=51, 578.16pt x 433.62pt>
File: images/psf-eps-converted-to.pdf Graphic file (type pdf)

<use images/psf-eps-converted-to.pdf>
Package pdftex.def Info: images/psf-eps-converted-to.pdf used on input line 344
.
(pdftex.def)             Requested size: 245.26653pt x 278.85017pt.


LaTeX Warning: `h' float specifier changed to `ht'.

[8 <./images/m49nooverlap-eps-converted-to.pdf> <./images/m49overlap-eps-conver
ted-to.pdf> <./images/n4459brightstar-eps-converted-to.pdf> <./images/n4459nobr
ightstar-eps-converted-to.pdf>]

LaTeX Warning: A float is stuck (cannot be placed) on input line 385.


LaTeX Warning: A float is stuck (cannot be placed) on input line 385.


Class revtex4-1 Warning: Deferred float stuck during \clearpage processing.


LaTeX Warning: Reference `sec:indgal' on page 9 undefined on input line 446.

[9 <./images/psf-eps-converted-to.pdf>]

LaTeX Warning: Reference `sec:indgal' on page 10 undefined on input line 518.

[10]
Package epstopdf Info: Source file: <images/n2974_1Dfit.eps>
(epstopdf)                    date: 2014-11-11 16:25:47
(epstopdf)                    size: 207655 bytes
(epstopdf)             Output file: <images/n2974_1Dfit-eps-converted-to.pdf>
(epstopdf)                    date: 2014-11-11 16:25:47
(epstopdf)                    size: 101289 bytes
(epstopdf)             Command: <repstopdf --outfile=images/n2974_1Dfit-eps-con
verted-to.pdf images/n2974_1Dfit.eps>
(epstopdf)             \includegraphics on input line 672.
Package epstopdf Info: Output file is already uptodate.
 <images/n2974_1Dfit-eps-converted-to.pdf, id=93, 578.16pt x 433.62pt>
File: images/n2974_1Dfit-eps-converted-to.pdf Graphic file (type pdf)

<use images/n2974_1Dfit-eps-converted-to.pdf>
Package pdftex.def Info: images/n2974_1Dfit-eps-converted-to.pdf used on input 
line 672.
(pdftex.def)             Requested size: 410.4955pt x 307.87236pt.


Class revtex4-1 Warning: Float cannot be placed.

<images/n2974_imgmsk.pdf, id=94, 800.9925pt x 483.8075pt>
File: images/n2974_imgmsk.pdf Graphic file (type pdf)

<use images/n2974_imgmsk.pdf>
Package pdftex.def Info: images/n2974_imgmsk.pdf used on input line 745.
(pdftex.def)             Requested size: 245.26653pt x 148.14058pt.

<images/n2974_model.pdf, id=95, 800.9925pt x 484.81125pt>
File: images/n2974_model.pdf Graphic file (type pdf)

<use images/n2974_model.pdf>
Package pdftex.def Info: images/n2974_model.pdf used on input line 746.
(pdftex.def)             Requested size: 245.26653pt x 148.44792pt.

<images/n2974_resid.pdf, id=96, 799.98875pt x 484.81125pt>
File: images/n2974_resid.pdf Graphic file (type pdf)

<use images/n2974_resid.pdf>
Package pdftex.def Info: images/n2974_resid.pdf used on input line 747.
(pdftex.def)             Requested size: 245.26653pt x 148.63286pt.


LaTeX Warning: `h' float specifier changed to `ht'.

[11]

LaTeX Warning: A float is stuck (cannot be placed) on input line 793.

[12 <./images/n2974_1Dfit-eps-converted-to.pdf>]

LaTeX Warning: A float is stuck (cannot be placed) on input line 793.


Class revtex4-1 Warning: Deferred float stuck during \clearpage processing.

(./table_fitresults.tex)
LaTeX Font Info:    Try loading font information for OMS+cmr on input line 802.


(/usr/local/texlive/2012/texmf-dist/tex/latex/base/omscmr.fd
File: omscmr.fd 1999/05/25 v2.5h Standard LaTeX font definitions
)
LaTeX Font Info:    Font shape `OMS/cmr/m/n' in size <10> not available
(Font)              Font shape `OMS/cmsy/m/n' tried instead on input line 802.
 [13 <./images/n2974_imgmsk.pdf> <./images/n2974_model.pdf> <./images/n2974_res
id.pdf>] [14]

LaTeX Warning: A float is stuck (cannot be placed) on input line 836.

[15]
Package epstopdf Info: Source file: <images/comparison_r_e.eps>
(epstopdf)                    date: 2015-02-05 10:21:26
(epstopdf)                    size: 121155 bytes
(epstopdf)             Output file: <images/comparison_r_e-eps-converted-to.pdf
>
(epstopdf)                    date: 2015-02-05 10:21:46
(epstopdf)                    size: 12682 bytes
(epstopdf)             Command: <repstopdf --outfile=images/comparison_r_e-eps-
converted-to.pdf images/comparison_r_e.eps>
(epstopdf)             \includegraphics on input line 840.
Package epstopdf Info: Output file is already uptodate.
 <images/comparison_r_e-eps-converted-to.pdf, id=200, 578.16pt x 433.62pt>
File: images/comparison_r_e-eps-converted-to.pdf Graphic file (type pdf)

<use images/comparison_r_e-eps-converted-to.pdf>
Package pdftex.def Info: images/comparison_r_e-eps-converted-to.pdf used on inp
ut line 840.
(pdftex.def)             Requested size: 245.26653pt x 183.94531pt.
Package epstopdf Info: Source file: <images/comparison_n.eps>
(epstopdf)                    date: 2015-02-05 10:21:32
(epstopdf)                    size: 117186 bytes
(epstopdf)             Output file: <images/comparison_n-eps-converted-to.pdf>
(epstopdf)                    date: 2015-02-05 10:21:48
(epstopdf)                    size: 11442 bytes
(epstopdf)             Command: <repstopdf --outfile=images/comparison_n-eps-co
nverted-to.pdf images/comparison_n.eps>
(epstopdf)             \includegraphics on input line 849.
Package epstopdf Info: Output file is already uptodate.

<images/comparison_n-eps-converted-to.pdf, id=201, 578.16pt x 433.62pt>
File: images/comparison_n-eps-converted-to.pdf Graphic file (type pdf)

<use images/comparison_n-eps-converted-to.pdf>
Package pdftex.def Info: images/comparison_n-eps-converted-to.pdf used on input
 line 849.
(pdftex.def)             Requested size: 245.26653pt x 183.94531pt.


LaTeX Warning: `h' float specifier changed to `ht'.

Package epstopdf Info: Source file: <images/comparison_mag.eps>
(epstopdf)                    date: 2015-02-05 10:21:36
(epstopdf)                    size: 119482 bytes
(epstopdf)             Output file: <images/comparison_mag-eps-converted-to.pdf
>
(epstopdf)                    date: 2015-02-05 10:21:49
(epstopdf)                    size: 12079 bytes
(epstopdf)             Command: <repstopdf --outfile=images/comparison_mag-eps-
converted-to.pdf images/comparison_mag.eps>
(epstopdf)             \includegraphics on input line 858.
Package epstopdf Info: Output file is already uptodate.
<images/comparison_mag-eps-converted-to.pdf, id=202, 578.16pt x 433.62pt>
File: images/comparison_mag-eps-converted-to.pdf Graphic file (type pdf)

<use images/comparison_mag-eps-converted-to.pdf>
Package pdftex.def Info: images/comparison_mag-eps-converted-to.pdf used on inp
ut line 858.
(pdftex.def)             Requested size: 245.26653pt x 183.94531pt.


LaTeX Warning: `h' float specifier changed to `ht'.

[16 <./images/comparison_r_e-eps-converted-to.pdf> <./images/comparison_n-eps-c
onverted-to.pdf> <./images/comparison_mag-eps-converted-to.pdf>]
Underfull \hbox (badness 1558) in paragraph at lines 939--954
\OMS/cmsy/m/n/10 h[]\OT1/cmr/m/n/10 (\OML/cmm/m/it/10 n[]\OT1/cmr/m/n/10 )\OMS/
cmsy/m/n/10 i$\OT1/cmr/m/n/10 . The mea-sure-ments are het-ero-ge-neous,
 []


Underfull \hbox (badness 10000) in paragraph at lines 939--954

 []

[17]
Package epstopdf Info: Source file: <images/comparison_all_n.eps>
(epstopdf)                    date: 2015-01-29 10:57:41
(epstopdf)                    size: 211168 bytes
(epstopdf)             Output file: <images/comparison_all_n-eps-converted-to.p
df>
(epstopdf)                    date: 2015-01-29 10:58:05
(epstopdf)                    size: 38531 bytes
(epstopdf)             Command: <repstopdf --outfile=images/comparison_all_n-ep
s-converted-to.pdf images/comparison_all_n.eps>
(epstopdf)             \includegraphics on input line 1008.
Package epstopdf Info: Output file is already uptodate.

<images/comparison_all_n-eps-converted-to.pdf, id=230, 578.16pt x 433.62pt>
File: images/comparison_all_n-eps-converted-to.pdf Graphic file (type pdf)

<use images/comparison_all_n-eps-converted-to.pdf>
Package pdftex.def Info: images/comparison_all_n-eps-converted-to.pdf used on i
nput line 1008.
(pdftex.def)             Requested size: 269.79466pt x 202.3458pt.

Overfull \hbox (24.52814pt too wide) in paragraph at lines 1008--1009
 [] 
 []

Package epstopdf Info: Source file: <images/comparison_all_r_e.eps>
(epstopdf)                    date: 2015-01-29 10:58:43
(epstopdf)                    size: 203399 bytes
(epstopdf)             Output file: <images/comparison_all_r_e-eps-converted-to
.pdf>
(epstopdf)                    date: 2015-01-29 10:59:28
(epstopdf)                    size: 36368 bytes
(epstopdf)             Command: <repstopdf --outfile=images/comparison_all_r_e-
eps-converted-to.pdf images/comparison_all_r_e.eps>
(epstopdf)             \includegraphics on input line 1035.
Package epstopdf Info: Output file is already uptodate.
<images/comparison_all_r_e-eps-converted-to.pdf, id=231, 578.16pt x 433.62pt>
File: images/comparison_all_r_e-eps-converted-to.pdf Graphic file (type pdf)

<use images/comparison_all_r_e-eps-converted-to.pdf>
Package pdftex.def Info: images/comparison_all_r_e-eps-converted-to.pdf used on
 input line 1035.
(pdftex.def)             Requested size: 269.79466pt x 202.3458pt.

Overfull \hbox (24.52814pt too wide) in paragraph at lines 1035--1036
 [] 
 []

Package epstopdf Info: Source file: <images/comparison_all_mag_sph.eps>
(epstopdf)                    date: 2015-01-29 10:53:30
(epstopdf)                    size: 182238 bytes
(epstopdf)             Output file: <images/comparison_all_mag_sph-eps-converte
d-to.pdf>
(epstopdf)                    date: 2015-01-29 10:56:32
(epstopdf)                    size: 30228 bytes
(epstopdf)             Command: <repstopdf --outfile=images/comparison_all_mag_
sph-eps-converted-to.pdf images/comparison_all_mag_sph.eps>
(epstopdf)             \includegraphics on input line 1062.
Package epstopdf Info: Output file is already uptodate.

<images/comparison_all_mag_sph-eps-converted-to.pdf, id=232, 578.16pt x 433.62p
t>
File: images/comparison_all_mag_sph-eps-converted-to.pdf Graphic file (type pdf
)
 <use images/comparison_all_mag_sph-eps-converted-to.pdf>
Package pdftex.def Info: images/comparison_all_mag_sph-eps-converted-to.pdf use
d on input line 1062.
(pdftex.def)             Requested size: 269.79466pt x 202.3458pt.

Overfull \hbox (24.52814pt too wide) in paragraph at lines 1062--1063
 [] 
 []

Package epstopdf Info: Source file: <images/comparison_all_mu_e.eps>
(epstopdf)                    date: 2015-01-29 10:55:34
(epstopdf)                    size: 184317 bytes
(epstopdf)             Output file: <images/comparison_all_mu_e-eps-converted-t
o.pdf>
(epstopdf)                    date: 2015-01-29 10:56:33
(epstopdf)                    size: 31284 bytes
(epstopdf)             Command: <repstopdf --outfile=images/comparison_all_mu_e
-eps-converted-to.pdf images/comparison_all_mu_e.eps>
(epstopdf)             \includegraphics on input line 1089.
Package epstopdf Info: Output file is already uptodate.

<images/comparison_all_mu_e-eps-converted-to.pdf, id=233, 578.16pt x 433.62pt>
File: images/comparison_all_mu_e-eps-converted-to.pdf Graphic file (type pdf)

<use images/comparison_all_mu_e-eps-converted-to.pdf>
Package pdftex.def Info: images/comparison_all_mu_e-eps-converted-to.pdf used o
n input line 1089.
(pdftex.def)             Requested size: 269.79466pt x 202.3458pt.

Overfull \hbox (24.52814pt too wide) in paragraph at lines 1089--1090
 [] 
 []

Package epstopdf Info: Source file: <images/comparison_all_mu_0.eps>
(epstopdf)                    date: 2015-02-02 17:01:54
(epstopdf)                    size: 183867 bytes
(epstopdf)             Output file: <images/comparison_all_mu_0-eps-converted-t
o.pdf>
(epstopdf)                    date: 2015-02-02 17:05:56
(epstopdf)                    size: 31030 bytes
(epstopdf)             Command: <repstopdf --outfile=images/comparison_all_mu_0
-eps-converted-to.pdf images/comparison_all_mu_0.eps>
(epstopdf)             \includegraphics on input line 1116.
Package epstopdf Info: Output file is already uptodate.

<images/comparison_all_mu_0-eps-converted-to.pdf, id=234, 578.16pt x 433.62pt>
File: images/comparison_all_mu_0-eps-converted-to.pdf Graphic file (type pdf)

<use images/comparison_all_mu_0-eps-converted-to.pdf>
Package pdftex.def Info: images/comparison_all_mu_0-eps-converted-to.pdf used o
n input line 1116.
(pdftex.def)             Requested size: 269.79466pt x 202.3458pt.

Overfull \hbox (24.52814pt too wide) in paragraph at lines 1116--1117
 [] 
 []

[18 <./images/comparison_all_n-eps-converted-to.pdf> <./images/comparison_all_r
_e-eps-converted-to.pdf>]
Underfull \hbox (badness 2189) in paragraph at lines 1196--1197
 []\OT1/cmr/m/n/10 A one-dimensional isopho-tal anal-y-sis was ex-
 []

[19 <./images/comparison_all_mag_sph-eps-converted-to.pdf> <./images/comparison
_all_mu_e-eps-converted-to.pdf>]

LaTeX Warning: A float is stuck (cannot be placed) on input line 1202.


LaTeX Warning: A float is stuck (cannot be placed) on input line 1202.


Class revtex4-1 Warning: Deferred float stuck during \clearpage processing.


Underfull \hbox (badness 2744) in paragraph at lines 4232--4244
\OT1/cmr/m/n/10 Coun-cil fund-ing through grants DP110103509 and
 []


Underfull \hbox (badness 10000) in paragraph at lines 4249--4253

 []


Underfull \hbox (badness 10000) in paragraph at lines 4271--4272

 []


Underfull \hbox (badness 10000) in paragraph at lines 4277--4279

 []

[20 <./images/comparison_all_mu_0-eps-converted-to.pdf>]
Underfull \hbox (badness 10000) in paragraph at lines 4285--4288

 []


Underfull \hbox (badness 10000) in paragraph at lines 4298--4300

 []


Underfull \hbox (badness 10000) in paragraph at lines 4309--4314

 []


Underfull \hbox (badness 10000) in paragraph at lines 4319--4322

 []

(./datapaper.bbl [21]) [22] (./datapaper.aux)

LaTeX Warning: There were undefined references.

 ) 
Here is how much of TeX's memory you used:
 5252 strings out of 493488
 70345 string characters out of 3141326
 272035 words of memory out of 3000000
 8425 multiletter control sequences out of 15000+200000
 18668 words of font info for 73 fonts, out of 3000000 for 9000
 957 hyphenation exceptions out of 8191
 42i,13n,31p,1620b,379s stack positions out of 5000i,500n,10000p,200000b,50000s
</usr/local/texlive/2012/texmf-dist/fonts/type1/public/amsfonts/cm/cmbx10.pfb
></usr/local/texlive/2012/texmf-dist/fonts/type1/public/amsfonts/cm/cmbx6.pfb><
/usr/local/texlive/2012/texmf-dist/fonts/type1/public/amsfonts/cm/cmbx8.pfb></u
sr/local/texlive/2012/texmf-dist/fonts/type1/public/amsfonts/cm/cmcsc10.pfb></u
sr/local/texlive/2012/texmf-dist/fonts/type1/public/amsfonts/cm/cmex10.pfb></us
r/local/texlive/2012/texmf-dist/fonts/type1/public/amsfonts/cmextra/cmex8.pfb><
/usr/local/texlive/2012/texmf-dist/fonts/type1/public/amsfonts/cm/cmmi10.pfb></
usr/local/texlive/2012/texmf-dist/fonts/type1/public/amsfonts/cm/cmmi12.pfb></u
sr/local/texlive/2012/texmf-dist/fonts/type1/public/amsfonts/cm/cmmi5.pfb></usr
/local/texlive/2012/texmf-dist/fonts/type1/public/amsfonts/cm/cmmi6.pfb></usr/l
ocal/texlive/2012/texmf-dist/fonts/type1/public/amsfonts/cm/cmmi7.pfb></usr/loc
al/texlive/2012/texmf-dist/fonts/type1/public/amsfonts/cm/cmmi8.pfb></usr/local
/texlive/2012/texmf-dist/fonts/type1/public/amsfonts/cm/cmmi9.pfb></usr/local/t
exlive/2012/texmf-dist/fonts/type1/public/amsfonts/cmextra/cmmib8.pfb></usr/loc
al/texlive/2012/texmf-dist/fonts/type1/public/amsfonts/cm/cmr10.pfb></usr/local
/texlive/2012/texmf-dist/fonts/type1/public/amsfonts/cm/cmr12.pfb></usr/local/t
exlive/2012/texmf-dist/fonts/type1/public/amsfonts/cm/cmr17.pfb></usr/local/tex
live/2012/texmf-dist/fonts/type1/public/amsfonts/cm/cmr5.pfb></usr/local/texliv
e/2012/texmf-dist/fonts/type1/public/amsfonts/cm/cmr6.pfb></usr/local/texlive/2
012/texmf-dist/fonts/type1/public/amsfonts/cm/cmr7.pfb></usr/local/texlive/2012
/texmf-dist/fonts/type1/public/amsfonts/cm/cmr8.pfb></usr/local/texlive/2012/te
xmf-dist/fonts/type1/public/amsfonts/cm/cmr9.pfb></usr/local/texlive/2012/texmf
-dist/fonts/type1/public/amsfonts/cm/cmss17.pfb></usr/local/texlive/2012/texmf-
dist/fonts/type1/public/amsfonts/cm/cmsy10.pfb></usr/local/texlive/2012/texmf-d
ist/fonts/type1/public/amsfonts/cm/cmsy6.pfb></usr/local/texlive/2012/texmf-dis
t/fonts/type1/public/amsfonts/cm/cmsy7.pfb></usr/local/texlive/2012/texmf-dist/
fonts/type1/public/amsfonts/cm/cmsy8.pfb></usr/local/texlive/2012/texmf-dist/fo
nts/type1/public/amsfonts/cm/cmti10.pfb></usr/local/texlive/2012/texmf-dist/fon
ts/type1/public/amsfonts/cm/cmti8.pfb></usr/local/texlive/2012/texmf-dist/fonts
/type1/public/amsfonts/cm/cmti9.pfb></usr/local/texlive/2012/texmf-dist/fonts/t
ype1/public/amsfonts/cm/cmtt10.pfb></usr/local/texlive/2012/texmf-dist/fonts/ty
pe1/public/amsfonts/symbols/msam10.pfb>
Output written on datapaper.pdf (22 pages, 2858915 bytes).
PDF statistics:
 397 PDF objects out of 1000 (max. 8388607)
 259 compressed objects within 3 object streams
 0 named destinations out of 1000 (max. 500000)
 92 words of extra memory for PDF output out of 10000 (max. 10000000)

