This is pdfTeX, Version 3.1415926-2.4-1.40.13 (TeX Live 2012) (format=pdflatex 2012.6.30)  3 SEP 2015 14:05
entering extended mode
 restricted \write18 enabled.
 %&-line parsing enabled.
**ellicular
(./ellicular.tex
LaTeX2e <2011/06/27>
Babel <v3.8m> and hyphenation patterns for english, dumylang, nohyphenation, ge
rman-x-2012-05-30, ngerman-x-2012-05-30, afrikaans, ancientgreek, ibycus, arabi
c, armenian, basque, bulgarian, catalan, pinyin, coptic, croatian, czech, danis
h, dutch, ukenglish, usenglishmax, esperanto, estonian, ethiopic, farsi, finnis
h, french, friulan, galician, german, ngerman, swissgerman, monogreek, greek, h
ungarian, icelandic, assamese, bengali, gujarati, hindi, kannada, malayalam, ma
rathi, oriya, panjabi, tamil, telugu, indonesian, interlingua, irish, italian, 
kurmanji, latin, latvian, lithuanian, mongolian, mongolianlmc, bokmal, nynorsk,
 polish, portuguese, romanian, romansh, russian, sanskrit, serbian, serbianc, s
lovak, slovenian, spanish, swedish, turkish, turkmen, ukrainian, uppersorbian, 
welsh, loaded.
(./mn2e.cls
Document Class: mn2e 2001/02/06 v2.2 LaTeX2e MN document class
Document Style `MN' v2.2, released 2001 February 20
\math@groups=\toks14
LaTeX Font Info:    Overwriting symbol font `symbols' in version `bold'
(Font)                  OMS/cmsy/b/n --> OMS/cmsy/b/n on input line 223.
\symbmisymbols=\mathgroup4
\symUPM=\mathgroup5
LaTeX Font Info:    Overwriting symbol font `UPM' in version `bold'
(Font)                  U/eur/m/n --> U/eur/b/n on input line 260.
\symAMSa=\mathgroup6
\SFB@measure=\dimen102
\realparindent=\skip41
\c@part=\count79
\c@section=\count80
\c@subsection=\count81
\c@subsubsection=\count82
\c@paragraph=\count83
\c@subparagraph=\count84
\@indentskip=\skip42
\smallindent=\skip43
\@footindent=\skip44
\@leftskip=\skip45
\c@dummy=\count85
(/usr/local/texlive/2012/texmf-dist/tex/latex/natbib/natbib.sty
Package: natbib 2010/09/13 8.31b (PWD, AO)
\bibhang=\skip46
\bibsep=\skip47
LaTeX Info: Redefining \cite on input line 694.
\c@NAT@ctr=\count86
)
\c@table=\count87
\c@figure=\count88
\mathindent=\dimen103
)
(/usr/local/texlive/2012/texmf-dist/tex/latex/tools/longtable.sty
Package: longtable 2004/02/01 v4.11 Multi-page Table package (DPC)
\LTleft=\skip48
\LTright=\skip49
\LTpre=\skip50
\LTpost=\skip51
\LTchunksize=\count89
\LTcapwidth=\dimen104
\LT@head=\box26
\LT@firsthead=\box27
\LT@foot=\box28
\LT@lastfoot=\box29
\LT@cols=\count90
\LT@rows=\count91
\c@LT@tables=\count92
\c@LT@chunks=\count93
\LT@p@ftn=\toks15
)
(/usr/local/texlive/2012/texmf-dist/tex/latex/graphics/graphicx.sty
Package: graphicx 1999/02/16 v1.0f Enhanced LaTeX Graphics (DPC,SPQR)

(/usr/local/texlive/2012/texmf-dist/tex/latex/graphics/keyval.sty
Package: keyval 1999/03/16 v1.13 key=value parser (DPC)
\KV@toks@=\toks16
)
(/usr/local/texlive/2012/texmf-dist/tex/latex/graphics/graphics.sty
Package: graphics 2009/02/05 v1.0o Standard LaTeX Graphics (DPC,SPQR)

(/usr/local/texlive/2012/texmf-dist/tex/latex/graphics/trig.sty
Package: trig 1999/03/16 v1.09 sin cos tan (DPC)
)
(/usr/local/texlive/2012/texmf-dist/tex/latex/latexconfig/graphics.cfg
File: graphics.cfg 2010/04/23 v1.9 graphics configuration of TeX Live
)
Package graphics Info: Driver file: pdftex.def on input line 91.

(/usr/local/texlive/2012/texmf-dist/tex/latex/pdftex-def/pdftex.def
File: pdftex.def 2011/05/27 v0.06d Graphics/color for pdfTeX

(/usr/local/texlive/2012/texmf-dist/tex/generic/oberdiek/infwarerr.sty
Package: infwarerr 2010/04/08 v1.3 Providing info/warning/error messages (HO)
)
(/usr/local/texlive/2012/texmf-dist/tex/generic/oberdiek/ltxcmds.sty
Package: ltxcmds 2011/11/09 v1.22 LaTeX kernel commands for general use (HO)
)
\Gread@gobject=\count94
))
\Gin@req@height=\dimen105
\Gin@req@width=\dimen106
)
(/usr/local/texlive/2012/texmf-dist/tex/latex/amsmath/amsmath.sty
Package: amsmath 2000/07/18 v2.13 AMS math features
\@mathmargin=\skip52

For additional information on amsmath, use the `?' option.
(/usr/local/texlive/2012/texmf-dist/tex/latex/amsmath/amstext.sty
Package: amstext 2000/06/29 v2.01

(/usr/local/texlive/2012/texmf-dist/tex/latex/amsmath/amsgen.sty
File: amsgen.sty 1999/11/30 v2.0
\@emptytoks=\toks17
\ex@=\dimen107
))
(/usr/local/texlive/2012/texmf-dist/tex/latex/amsmath/amsbsy.sty
Package: amsbsy 1999/11/29 v1.2d
\pmbraise@=\dimen108
)
(/usr/local/texlive/2012/texmf-dist/tex/latex/amsmath/amsopn.sty
Package: amsopn 1999/12/14 v2.01 operator names
)
\inf@bad=\count95
LaTeX Info: Redefining \frac on input line 211.
\uproot@=\count96
\leftroot@=\count97
LaTeX Info: Redefining \overline on input line 307.
\classnum@=\count98
\DOTSCASE@=\count99
LaTeX Info: Redefining \ldots on input line 379.
LaTeX Info: Redefining \dots on input line 382.
LaTeX Info: Redefining \cdots on input line 467.
\Mathstrutbox@=\box30
\strutbox@=\box31
\big@size=\dimen109
LaTeX Font Info:    Redeclaring font encoding OML on input line 567.
LaTeX Font Info:    Redeclaring font encoding OMS on input line 568.
\macc@depth=\count100
\c@MaxMatrixCols=\count101
\dotsspace@=\muskip10
\c@parentequation=\count102
\dspbrk@lvl=\count103
\tag@help=\toks18
\row@=\count104
\column@=\count105
\maxfields@=\count106
\andhelp@=\toks19
\eqnshift@=\dimen110
\alignsep@=\dimen111
\tagshift@=\dimen112
\tagwidth@=\dimen113
\totwidth@=\dimen114
\lineht@=\dimen115
\@envbody=\toks20
\multlinegap=\skip53
\multlinetaggap=\skip54
\mathdisplay@stack=\toks21
LaTeX Info: Redefining \[ on input line 2666.
LaTeX Info: Redefining \] on input line 2667.
)

LaTeX Warning: Unused global option(s):
    [article].

(./ellicular.aux)
\openout1 = `ellicular.aux'.

LaTeX Font Info:    Checking defaults for OML/cmm/m/it on input line 92.
LaTeX Font Info:    ... okay on input line 92.
LaTeX Font Info:    Checking defaults for T1/cmr/m/n on input line 92.
LaTeX Font Info:    ... okay on input line 92.
LaTeX Font Info:    Checking defaults for OT1/cmr/m/n on input line 92.
LaTeX Font Info:    ... okay on input line 92.
LaTeX Font Info:    Checking defaults for OMS/cmsy/m/n on input line 92.
LaTeX Font Info:    ... okay on input line 92.
LaTeX Font Info:    Checking defaults for OMX/cmex/m/n on input line 92.
LaTeX Font Info:    ... okay on input line 92.
LaTeX Font Info:    Checking defaults for U/cmr/m/n on input line 92.
LaTeX Font Info:    ... okay on input line 92.

(/usr/local/texlive/2012/texmf-dist/tex/context/base/supp-pdf.mkii
[Loading MPS to PDF converter (version 2006.09.02).]
\scratchcounter=\count107
\scratchdimen=\dimen116
\scratchbox=\box32
\nofMPsegments=\count108
\nofMParguments=\count109
\everyMPshowfont=\toks22
\MPscratchCnt=\count110
\MPscratchDim=\dimen117
\MPnumerator=\count111
\makeMPintoPDFobject=\count112
\everyMPtoPDFconversion=\toks23
) (/usr/local/texlive/2012/texmf-dist/tex/generic/oberdiek/pdftexcmds.sty
Package: pdftexcmds 2011/11/29 v0.20 Utility functions of pdfTeX for LuaTeX (HO
)

(/usr/local/texlive/2012/texmf-dist/tex/generic/oberdiek/ifluatex.sty
Package: ifluatex 2010/03/01 v1.3 Provides the ifluatex switch (HO)
Package ifluatex Info: LuaTeX not detected.
)
(/usr/local/texlive/2012/texmf-dist/tex/generic/oberdiek/ifpdf.sty
Package: ifpdf 2011/01/30 v2.3 Provides the ifpdf switch (HO)
Package ifpdf Info: pdfTeX in PDF mode is detected.
)
Package pdftexcmds Info: LuaTeX not detected.
Package pdftexcmds Info: \pdf@primitive is available.
Package pdftexcmds Info: \pdf@ifprimitive is available.
Package pdftexcmds Info: \pdfdraftmode found.
)
(/usr/local/texlive/2012/texmf-dist/tex/latex/oberdiek/epstopdf-base.sty
Package: epstopdf-base 2010/02/09 v2.5 Base part for package epstopdf

(/usr/local/texlive/2012/texmf-dist/tex/latex/oberdiek/grfext.sty
Package: grfext 2010/08/19 v1.1 Manage graphics extensions (HO)

(/usr/local/texlive/2012/texmf-dist/tex/generic/oberdiek/kvdefinekeys.sty
Package: kvdefinekeys 2011/04/07 v1.3 Define keys (HO)
))
(/usr/local/texlive/2012/texmf-dist/tex/latex/oberdiek/kvoptions.sty
Package: kvoptions 2011/06/30 v3.11 Key value format for package options (HO)

(/usr/local/texlive/2012/texmf-dist/tex/generic/oberdiek/kvsetkeys.sty
Package: kvsetkeys 2012/04/25 v1.16 Key value parser (HO)

(/usr/local/texlive/2012/texmf-dist/tex/generic/oberdiek/etexcmds.sty
Package: etexcmds 2011/02/16 v1.5 Avoid name clashes with e-TeX commands (HO)
Package etexcmds Info: Could not find \expanded.
(etexcmds)             That can mean that you are not using pdfTeX 1.50 or
(etexcmds)             that some package has redefined \expanded.
(etexcmds)             In the latter case, load this package earlier.
)))
Package grfext Info: Graphics extension search list:
(grfext)             [.png,.pdf,.jpg,.mps,.jpeg,.jbig2,.jb2,.PNG,.PDF,.JPG,.JPE
G,.JBIG2,.JB2,.eps]
(grfext)             \AppendGraphicsExtensions on input line 452.

(/usr/local/texlive/2012/texmf-dist/tex/latex/latexconfig/epstopdf-sys.cfg
File: epstopdf-sys.cfg 2010/07/13 v1.3 Configuration of (r)epstopdf for TeX Liv
e
))
LaTeX Font Info:    Try loading font information for U+eur on input line 94.

(/usr/local/texlive/2012/texmf-dist/tex/latex/amsfonts/ueur.fd
File: ueur.fd 2009/06/22 v3.00 Euler Roman
)
LaTeX Font Info:    Try loading font information for U+msa on input line 94.

(/usr/local/texlive/2012/texmf-dist/tex/latex/amsfonts/umsa.fd
File: umsa.fd 2009/06/22 v3.00 AMS symbols A
)
Underfull \hbox (badness 10000) in paragraph at lines 94--94

 []


Overfull \hbox (3.07225pt too wide) in paragraph at lines 94--94
[][]  
 []


Underfull \vbox (badness 10000) has occurred while \output is active []

LaTeX Font Info:    Try loading font information for OMS+cmr on input line 200.


(/usr/local/texlive/2012/texmf-dist/tex/latex/base/omscmr.fd
File: omscmr.fd 1999/05/25 v2.5h Standard LaTeX font definitions
)
LaTeX Font Info:    Font shape `OMS/cmr/m/n' in size <8> not available
(Font)              Font shape `OMS/cmsy/m/n' tried instead on input line 200.
 [1{/usr/local/texlive/2012/texmf-var/fonts/map/pdftex/updmap/pdftex.map}


]
Package epstopdf Info: Source file: <images/discmodel.eps>
(epstopdf)                    date: 2015-08-26 15:17:21
(epstopdf)                    size: 12462382 bytes
(epstopdf)             Output file: <images/discmodel-eps-converted-to.pdf>
(epstopdf)                    date: 2015-08-28 11:02:17
(epstopdf)                    size: 249849 bytes
(epstopdf)             Command: <repstopdf --outfile=images/discmodel-eps-conve
rted-to.pdf images/discmodel.eps>
(epstopdf)             \includegraphics on input line 203.
Package epstopdf Info: Output file is already uptodate.

<images/discmodel-eps-converted-to.pdf, id=20, 1583.9175pt x 1303.87125pt>
File: images/discmodel-eps-converted-to.pdf Graphic file (type pdf)

<use images/discmodel-eps-converted-to.pdf>
Package pdftex.def Info: images/discmodel-eps-converted-to.pdf used on input li
ne 203.
(pdftex.def)             Requested size: 240.0pt x 197.56178pt.

Underfull \vbox (badness 10000) has occurred while \output is active []


Underfull \vbox (badness 10000) has occurred while \output is active []

 [2 <./images/discmodel-eps-converted-to.pdf>]
Underfull \hbox (badness 1062) in paragraph at lines 291--299
\OT1/cmr/m/n/9 Our mod-els with an intermediate-sized disc em-bed-ded
 []

<images/n3115_image.jpeg, id=32, 906.38625pt x 900.36375pt>
File: images/n3115_image.jpeg Graphic file (type jpg)

<use images/n3115_image.jpeg>
Package pdftex.def Info: images/n3115_image.jpeg used on input line 303.
(pdftex.def)             Requested size: 117.60132pt x 116.81784pt.

<images/n3115_unsharp.jpeg, id=33, 906.38625pt x 900.36375pt>
File: images/n3115_unsharp.jpeg Graphic file (type jpg)

<use images/n3115_unsharp.jpeg>
Package pdftex.def Info: images/n3115_unsharp.jpeg used on input line 304.
(pdftex.def)             Requested size: 117.60132pt x 116.81784pt.

<images/n3115_decomposition.pdf, id=34, 278.74806pt x 261.40964pt>
File: images/n3115_decomposition.pdf Graphic file (type pdf)

<use images/n3115_decomposition.pdf>
Package pdftex.def Info: images/n3115_decomposition.pdf used on input line 305.

(pdftex.def)             Requested size: 252.00073pt x 236.33548pt.

Overfull \hbox (12.00073pt too wide) in paragraph at lines 305--317
 [][] 
 []

<images/n1332_image.jpeg, id=35, 639.38875pt x 657.45625pt>
File: images/n1332_image.jpeg Graphic file (type jpg)

<use images/n1332_image.jpeg>
Package pdftex.def Info: images/n1332_image.jpeg used on input line 324.
(pdftex.def)             Requested size: 117.60132pt x 120.91522pt.

<images/n1332_unsharp.jpeg, id=36, 639.38875pt x 657.45625pt>
File: images/n1332_unsharp.jpeg Graphic file (type jpg)

<use images/n1332_unsharp.jpeg>
Package pdftex.def Info: images/n1332_unsharp.jpeg used on input line 325.
(pdftex.def)             Requested size: 117.60132pt x 120.91522pt.

<images/n1332_decomposition.pdf, id=37, 272.74637pt x 264.0771pt>
File: images/n1332_decomposition.pdf Graphic file (type pdf)

<use images/n1332_decomposition.pdf>
Package pdftex.def Info: images/n1332_decomposition.pdf used on input line 326.

(pdftex.def)             Requested size: 247.1997pt x 239.3515pt.

Overfull \hbox (7.1997pt too wide) in paragraph at lines 326--340
 [][] 
 []

<images/mrk1216_image.jpeg, id=38, 871.255pt x 735.74875pt>
File: images/mrk1216_image.jpeg Graphic file (type jpg)

<use images/mrk1216_image.jpeg>
Package pdftex.def Info: images/mrk1216_image.jpeg used on input line 347.
(pdftex.def)             Requested size: 117.60132pt x 99.31056pt.

<images/mrk1216_unsharp.jpeg, id=39, 871.255pt x 735.74875pt>
File: images/mrk1216_unsharp.jpeg Graphic file (type jpg)

<use images/mrk1216_unsharp.jpeg>
Package pdftex.def Info: images/mrk1216_unsharp.jpeg used on input line 348.
(pdftex.def)             Requested size: 117.60132pt x 99.31056pt.

<images/mrk1216_decomposition.pdf, id=40, 278.08127pt x 268.74512pt>
File: images/mrk1216_decomposition.pdf Graphic file (type pdf)

<use images/mrk1216_decomposition.pdf>
Package pdftex.def Info: images/mrk1216_decomposition.pdf used on input line 34
9.
(pdftex.def)             Requested size: 252.00073pt x 243.54144pt.

Overfull \hbox (12.00073pt too wide) in paragraph at lines 349--362
 [][] 
 []

[3]
Underfull \hbox (badness 1127) in paragraph at lines 402--445
\OT1/cmr/m/n/9 galax-ies can im-pact galaxy scal-ing re-la-tions. Re-cently,
 []

[4 <./images/n3115_image.jpeg> <./images/n3115_unsharp.jpeg> <./images/n3115_de
composition.pdf> <./images/n1332_image.jpeg> <./images/n1332_unsharp.jpeg> <./i
mages/n1332_decomposition.pdf>] [5 <./images/mrk1216_image.jpeg> <./images/mrk1
216_unsharp.jpeg> <./images/mrk1216_decomposition.pdf>]
<images/mm.pdf, id=79, 578.16pt x 433.62pt>
File: images/mm.pdf Graphic file (type pdf)
 <use images/mm.pdf>
Package pdftex.def Info: images/mm.pdf used on input line 494.
(pdftex.def)             Requested size: 240.0pt x 179.99525pt.

(./ellicular.bbl [6 <./images/mm.pdf>]) [7] (./ellicular.aux) ) 
Here is how much of TeX's memory you used:
 3100 strings out of 493488
 41398 string characters out of 3141326
 119871 words of memory out of 3000000
 6342 multiletter control sequences out of 15000+200000
 18432 words of font info for 66 fonts, out of 3000000 for 9000
 957 hyphenation exceptions out of 8191
 38i,16n,34p,1120b,326s stack positions out of 5000i,500n,10000p,200000b,50000s
</usr/local/texl
ive/2012/texmf-dist/fonts/type1/public/amsfonts/cm/cmbx10.pfb></usr/local/texli
ve/2012/texmf-dist/fonts/type1/public/amsfonts/cm/cmbx12.pfb></usr/local/texliv
e/2012/texmf-dist/fonts/type1/public/amsfonts/cm/cmbx8.pfb></usr/local/texlive/
2012/texmf-dist/fonts/type1/public/amsfonts/cm/cmbx9.pfb></usr/local/texlive/20
12/texmf-dist/fonts/type1/public/amsfonts/cm/cmmi10.pfb></usr/local/texlive/201
2/texmf-dist/fonts/type1/public/amsfonts/cm/cmmi12.pfb></usr/local/texlive/2012
/texmf-dist/fonts/type1/public/amsfonts/cm/cmmi6.pfb></usr/local/texlive/2012/t
exmf-dist/fonts/type1/public/amsfonts/cm/cmmi8.pfb></usr/local/texlive/2012/tex
mf-dist/fonts/type1/public/amsfonts/cm/cmmi9.pfb></usr/local/texlive/2012/texmf
-dist/fonts/type1/public/amsfonts/cm/cmr10.pfb></usr/local/texlive/2012/texmf-d
ist/fonts/type1/public/amsfonts/cm/cmr12.pfb></usr/local/texlive/2012/texmf-dis
t/fonts/type1/public/amsfonts/cm/cmr17.pfb></usr/local/texlive/2012/texmf-dist/
fonts/type1/public/amsfonts/cm/cmr6.pfb></usr/local/texlive/2012/texmf-dist/fon
ts/type1/public/amsfonts/cm/cmr8.pfb></usr/local/texlive/2012/texmf-dist/fonts/
type1/public/amsfonts/cm/cmr9.pfb></usr/local/texlive/2012/texmf-dist/fonts/typ
e1/public/amsfonts/cm/cmss12.pfb></usr/local/texlive/2012/texmf-dist/fonts/type
1/public/amsfonts/cm/cmss17.pfb></usr/local/texlive/2012/texmf-dist/fonts/type1
/public/amsfonts/cm/cmsy10.pfb></usr/local/texlive/2012/texmf-dist/fonts/type1/
public/amsfonts/cm/cmsy6.pfb></usr/local/texlive/2012/texmf-dist/fonts/type1/pu
blic/amsfonts/cm/cmsy8.pfb></usr/local/texlive/2012/texmf-dist/fonts/type1/publ
ic/amsfonts/cm/cmsy9.pfb></usr/local/texlive/2012/texmf-dist/fonts/type1/public
/amsfonts/cm/cmti12.pfb></usr/local/texlive/2012/texmf-dist/fonts/type1/public/
amsfonts/cm/cmti8.pfb></usr/local/texlive/2012/texmf-dist/fonts/type1/public/am
sfonts/cm/cmti9.pfb></usr/local/texlive/2012/texmf-dist/fonts/type1/public/amsf
onts/cm/cmtt8.pfb></usr/local/texlive/2012/texmf-dist/fonts/type1/public/amsfon
ts/cm/cmtt9.pfb>
Output written on ellicular.pdf (7 pages, 2903006 bytes).
PDF statistics:
 240 PDF objects out of 1000 (max. 8388607)
 133 compressed objects within 2 object streams
 0 named destinations out of 1000 (max. 500000)
 56 words of extra memory for PDF output out of 10000 (max. 10000000)

