mbh_vs_mag_gal_all.dat
y|x
alpha =        8.2636397 \pm     0.086115094
beta =      -0.56278534 \pm     0.087667863
epsilon =       0.58358850 \pm     0.070976665
Delta =       0.65164728
----------------------------------------------
x|y
epsilon =       0.77059619 \pm      0.10887559
Delta =       0.93303140
----------------------------------------------
bisector
alpha =        8.2641778 \pm      0.10840896
beta =      -0.76920721 \pm      0.15984938
Delta =       0.73725844
----------------------------------------------
mbh_vs_mag_gal_early.dat
y|x
alpha =        8.5621015 \pm     0.070411822
beta =      -0.41416639 \pm     0.056339439
epsilon =       0.43287835 \pm     0.056024032
Delta =       0.44868738
----------------------------------------------
x|y
epsilon =       0.83316591 \pm      0.10823540
Delta =       0.54416263
----------------------------------------------
bisector
alpha =        8.5627741 \pm     0.080319137
beta =      -0.52656120 \pm     0.098629798
Delta =       0.46971916
----------------------------------------------
mbh_vs_mag_sph_all.dat

----------------------------------------------
mbh_vs_mag_sph_core.dat
y|x
alpha =        9.0419865 \pm     0.098950489
beta =      -0.24014444 \pm     0.093540177
epsilon =       0.40498332 \pm     0.085901541
Delta =       0.41723217
----------------------------------------------
x|y
epsilon =       0.99069632 \pm      0.20565245
Delta =       0.63605856
----------------------------------------------
bisector
alpha =        9.0371532 \pm       2.8830969
beta =      -0.44084250 \pm     -0.35746534
Delta =       0.46239683
----------------------------------------------
mbh_vs_mag_sph_sersic.dat
y|x
alpha =        7.7232913 \pm     0.091506804
beta =      -0.41497245 \pm     0.085618295
epsilon =       0.54587057 \pm     0.078597258
Delta =       0.61023457
----------------------------------------------
x|y
epsilon =       0.91977886 \pm      0.14370290
Delta =       0.93359552
----------------------------------------------
bisector
alpha =        7.7258944 \pm      0.12640513
beta =      -0.61722007 \pm      0.16273185
Delta =       0.71095044
----------------------------------------------
mbh_vs_mag_sph_early.dat
y|x
alpha =        8.5535415 \pm     0.071405288
beta =      -0.32035363 \pm     0.043060283
epsilon =       0.41607455 \pm     0.057806392
Delta =       0.45887674
----------------------------------------------
x|y
epsilon =        1.0619806 \pm      0.15319711
Delta =       0.55844795
----------------------------------------------
bisector
alpha =        8.5518709 \pm     0.081603793
beta =      -0.39935062 \pm     0.091829383
Delta =       0.48732664
----------------------------------------------
mbh_vs_mag_sph_late.dat
y|x
alpha =        7.2379550 \pm      0.18534460
beta =      -0.46498600 \pm      0.32763539
epsilon =       0.63574893 \pm      0.16109887
Delta =       0.61969521
----------------------------------------------
x|y
epsilon =       0.67835673 \pm      0.20865196
Delta =        1.3014160
----------------------------------------------
bisector
alpha =        7.2692874 \pm       136.45174
beta =      -0.92019208 \pm       1.6331947
Delta =       0.76549279
----------------------------------------------
mbh_vs_mag_sph_classbul.dat
y|x
alpha =        8.5572317 \pm     0.072661828
beta =      -0.39481875 \pm     0.052377373
epsilon =       0.40259519 \pm     0.061779518
Delta =       0.45603496
----------------------------------------------
x|y
epsilon =       0.84131498 \pm      0.13186664
Delta =       0.55234246
----------------------------------------------
bisector
alpha =        8.5564566 \pm     0.081805997
beta =      -0.48087980 \pm     0.097119434
Delta =       0.48664449
----------------------------------------------
mbh_vs_mass_sph_early.dat
y|x
alpha =        8.5516278 \pm     0.073141786
beta =       0.82537083 \pm      0.11855911
epsilon =       0.43222596 \pm     0.060718030
Delta =       0.47634386
----------------------------------------------
x|y
epsilon =       0.41751969 \pm     0.060626786
Delta =       0.59294434
----------------------------------------------
bisector
alpha =        8.5507269 \pm     0.084316155
beta =        1.0288035 \pm      0.19053951
Delta =       0.50610825
----------------------------------------------
mbh_vs_mass_sph_late.dat
y|x
alpha =        7.2261891 \pm      0.19312782
beta =       0.98336498 \pm      0.97824755
epsilon =       0.67318835 \pm      0.16439318
Delta =       0.64750920
----------------------------------------------
x|y
epsilon =       0.26438240 \pm     0.081146600
Delta =        1.5357584
----------------------------------------------
bisector
alpha =        7.2474288 \pm       7.0787605
beta =        1.8720644 \pm      -5.0488167
Delta =       0.72893342
----------------------------------------------
