Input ellipse file:  n3607_op_mos_sky_logscale.ell
Excluded data:  []
Axis Used:  maj
x-Axis units: pixel
pixels to arcsec scale:  1.2232836
Settings.zeropoint:  17.25585
Sky RMS:  0.045
Delta:  0.0377774562528
Convolution done?  True
PSF:  gaussian
Fit weighted with errors?  False
--------------------------------------------
Results from fit:
--------------------------------------------
Number of iterations: 64
Chisq:  0.000156838434665
Reduced chisq:  3.0752634248e-06
N_free:  51
Component 1: sersic.
R_e [pixel] =  58.51 +/- 1.60 	[initial value = 63.0 ]
mu_e [mag/pixel^2] =  18.61 +/- 0.06 	 [initial value = 18.8 ]
n =  4.17 +/- 0.08        [initial value = 5.1 ]
b_n =  8.00
m_tot [mag] =  6.37

Component 2: disc.
h [pixel] =  4.97 +/- 0.11        [initial value = 5.0 ]
mu_0 [mag/pixel^2] =  14.00 +/- 0.05 	 [initial value = 14.4 ]
m_tot [mag] =  8.52

--------------------------------------------
--------------------------------------------

Input ellipse file:  n3607_op_mos_sky_logscale.ell
Excluded data:  []
Axis Used:  eq
x-Axis units: pixel
pixels to arcsec scale:  1.2232836
Settings.zeropoint:  17.25585
Sky RMS:  0.045
Delta:  0.0334764814228
Convolution done?  True
PSF:  gaussian
Fit weighted with errors?  False
--------------------------------------------
Results from fit:
--------------------------------------------
Number of iterations: 78
Chisq:  9.99444365079e-05
Reduced chisq:  1.95969483349e-06
N_free:  51
Component 1: sersic.
R_e [pixel] =  57.77 +/- 1.38 	[initial value = 60.0 ]
mu_e [mag/pixel^2] =  18.72 +/- 0.05 	 [initial value = 18.8 ]
n =  4.28 +/- 0.08        [initial value = 5.0 ]
b_n =  8.22
m_tot [mag] =  6.49

Component 2: disc.
h [pixel] =  4.06 +/- 0.09        [initial value = 4.4 ]
mu_0 [mag/pixel^2] =  13.95 +/- 0.05 	 [initial value = 14.4 ]
m_tot [mag] =  8.91

--------------------------------------------
--------------------------------------------

Input ellipse file:  n3607_op_mos_sky_logscale.ell
Excluded data:  []
Axis Used:  maj
x-Axis units: pixel
pixels to arcsec scale:  1.2232836
Settings.zeropoint:  17.25585
Sky RMS:  0.045
Delta:  0.0346063719139
Convolution done?  True
PSF:  moffat
Fit weighted with errors?  False
--------------------------------------------
Results from fit:
--------------------------------------------
Number of iterations: 62
Chisq:  0.000111762691058
Reduced chisq:  2.19142531486e-06
N_free:  51
Component 1: sersic.
R_e [pixel] =  60.28 +/- 1.83 	[initial value = 63.0 ]
mu_e [mag/pixel^2] =  18.68 +/- 0.07 	 [initial value = 18.8 ]
n =  4.34 +/- 0.09        [initial value = 5.1 ]
b_n =  8.35
m_tot [mag] =  6.35

Component 2: disc.
h [pixel] =  5.23 +/- 0.11        [initial value = 5.0 ]
mu_0 [mag/pixel^2] =  14.14 +/- 0.04 	 [initial value = 14.4 ]
m_tot [mag] =  8.55

--------------------------------------------
--------------------------------------------

Input ellipse file:  n3607_op_mos_sky_logscale.ell
Excluded data:  []
Axis Used:  eq
x-Axis units: pixel
pixels to arcsec scale:  1.2232836
Settings.zeropoint:  17.25585
Sky RMS:  0.045
Delta:  0.0304375170403
Convolution done?  True
PSF:  moffat
Fit weighted with errors?  False
--------------------------------------------
Results from fit:
--------------------------------------------
Number of iterations: 66
Chisq:  6.79078535788e-05
Reduced chisq:  1.33152654076e-06
N_free:  51
Component 1: sersic.
R_e [pixel] =  59.32 +/- 1.48 	[initial value = 60.0 ]
mu_e [mag/pixel^2] =  18.78 +/- 0.05 	 [initial value = 18.8 ]
n =  4.47 +/- 0.08        [initial value = 5.0 ]
b_n =  8.61
m_tot [mag] =  6.47

Component 2: disc.
h [pixel] =  4.30 +/- 0.09        [initial value = 4.4 ]
mu_0 [mag/pixel^2] =  14.14 +/- 0.05 	 [initial value = 14.4 ]
m_tot [mag] =  8.98

--------------------------------------------
--------------------------------------------

Input ellipse file:  n3607_op_mos_sky_combscale.ell
Excluded data:  []
Axis Used:  maj
x-Axis units: pixel
pixels to arcsec scale:  1.2232836
Settings.zeropoint:  17.25585
Sky RMS:  0.045
Delta:  0.034539800349
Convolution done?  True
PSF:  gaussian
Fit weighted with errors?  False
--------------------------------------------
Results from fit:
--------------------------------------------
Number of iterations: 63
Chisq:  0.000266283066011
Reduced chisq:  2.71717414297e-06
N_free:  98
Component 1: sersic.
R_e [pixel] =  66.84 +/- 1.58 	[initial value = 63.0 ]
mu_e [mag/pixel^2] =  18.92 +/- 0.05 	 [initial value = 18.8 ]
n =  5.08 +/- 0.08        [initial value = 5.1 ]
b_n =  9.83
m_tot [mag] =  6.28

Component 2: disc.
h [pixel] =  5.72 +/- 0.11        [initial value = 5.0 ]
mu_0 [mag/pixel^2] =  14.32 +/- 0.04 	 [initial value = 14.4 ]
m_tot [mag] =  8.53

--------------------------------------------
--------------------------------------------

Input ellipse file:  n3607_op_mos_sky_combscale.ell
Excluded data:  []
Axis Used:  eq
x-Axis units: pixel
pixels to arcsec scale:  1.2232836
Settings.zeropoint:  17.25585
Sky RMS:  0.045
Delta:  0.0308154348596
Convolution done?  True
PSF:  gaussian
Fit weighted with errors?  False
--------------------------------------------
Results from fit:
--------------------------------------------
Number of iterations: 62
Chisq:  0.000172164918916
Reduced chisq:  1.7567848869e-06
N_free:  98
Component 1: sersic.
R_e [pixel] =  62.64 +/- 1.16 	[initial value = 60.0 ]
mu_e [mag/pixel^2] =  18.91 +/- 0.04 	 [initial value = 18.8 ]
n =  5.05 +/- 0.07        [initial value = 5.0 ]
b_n =  9.77
m_tot [mag] =  6.42

Component 2: disc.
h [pixel] =  4.43 +/- 0.09        [initial value = 4.4 ]
mu_0 [mag/pixel^2] =  14.21 +/- 0.05 	 [initial value = 14.4 ]
m_tot [mag] =  8.99

--------------------------------------------
--------------------------------------------

Input ellipse file:  n3607_op_mos_sky_combscale.ell
Excluded data:  []
Axis Used:  maj
x-Axis units: pixel
pixels to arcsec scale:  1.2232836
Settings.zeropoint:  17.25585
Sky RMS:  0.045
Delta:  0.0334018536312
Convolution done?  True
PSF:  moffat
Fit weighted with errors?  False
--------------------------------------------
Results from fit:
--------------------------------------------
Number of iterations: 57
Chisq:  0.000232580219742
Reduced chisq:  2.37326754839e-06
N_free:  98
Component 1: sersic.
R_e [pixel] =  67.90 +/- 1.61 	[initial value = 63.0 ]
mu_e [mag/pixel^2] =  18.95 +/- 0.05 	 [initial value = 18.8 ]
n =  5.20 +/- 0.08        [initial value = 5.1 ]
b_n =  10.07
m_tot [mag] =  6.26

Component 2: disc.
h [pixel] =  5.86 +/- 0.11        [initial value = 5.0 ]
mu_0 [mag/pixel^2] =  14.39 +/- 0.04 	 [initial value = 14.4 ]
m_tot [mag] =  8.55

--------------------------------------------
--------------------------------------------

Input ellipse file:  n3607_op_mos_sky_combscale.ell
Excluded data:  []
Axis Used:  eq
x-Axis units: pixel
pixels to arcsec scale:  1.2232836
Settings.zeropoint:  17.25585
Sky RMS:  0.045
Delta:  0.0297023133593
Convolution done?  True
PSF:  moffat
Fit weighted with errors?  False
--------------------------------------------
Results from fit:
--------------------------------------------
Number of iterations: 55
Chisq:  0.000146339334318
Reduced chisq:  1.49325851345e-06
N_free:  98
Component 1: sersic.
R_e [pixel] =  63.01 +/- 1.12 	[initial value = 60.0 ]
mu_e [mag/pixel^2] =  18.92 +/- 0.04 	 [initial value = 18.8 ]
n =  5.16 +/- 0.07        [initial value = 5.0 ]
b_n =  9.98
m_tot [mag] =  6.41

Component 2: disc.
h [pixel] =  4.51 +/- 0.09        [initial value = 4.4 ]
mu_0 [mag/pixel^2] =  14.30 +/- 0.05 	 [initial value = 14.4 ]
m_tot [mag] =  9.03

--------------------------------------------
--------------------------------------------

Input ellipse file:  n3607_op_mos_sky_logscale.ell
Excluded data:  []
Axis Used:  maj
x-Axis units: pixel
pixels to arcsec scale:  1.2232836
Settings.zeropoint:  17.25585
Sky RMS:  0.045
Delta:  0.0327909997734
Convolution done?  True
PSF:  gaussian
Fit weighted with errors?  False
--------------------------------------------
Results from fit:
--------------------------------------------
Number of iterations: 52
Chisq:  9.23037215785e-05
Reduced chisq:  1.8098768937e-06
N_free:  51
Component 1: sersic.
R_e [pixel] =  61.16 +/- 1.83 	[initial value = 63.0 ]
mu_e [mag/pixel^2] =  18.72 +/- 0.06 	 [initial value = 18.8 ]
n =  4.45 +/- 0.09        [initial value = 5.1 ]
b_n =  8.57
m_tot [mag] =  6.34

Component 2: disc.
h [pixel] =  5.38 +/- 0.12        [initial value = 5.0 ]
mu_0 [mag/pixel^2] =  14.22 +/- 0.04 	 [initial value = 14.4 ]
m_tot [mag] =  8.57

--------------------------------------------
--------------------------------------------

Input ellipse file:  n3607_op_mos_sky_logscale.ell
Excluded data:  []
Axis Used:  eq
x-Axis units: pixel
pixels to arcsec scale:  1.2232836
Settings.zeropoint:  17.25585
Sky RMS:  0.045
Delta:  0.0280990590972
Convolution done?  True
PSF:  gaussian
Fit weighted with errors?  False
--------------------------------------------
Results from fit:
--------------------------------------------
Number of iterations: 61
Chisq:  5.04324700927e-05
Reduced chisq:  9.88871962601e-07
N_free:  51
Component 1: sersic.
R_e [pixel] =  60.57 +/- 1.48 	[initial value = 60.0 ]
mu_e [mag/pixel^2] =  18.83 +/- 0.05 	 [initial value = 18.8 ]
n =  4.63 +/- 0.08        [initial value = 5.0 ]
b_n =  8.93
m_tot [mag] =  6.46

Component 2: disc.
h [pixel] =  4.47 +/- 0.10        [initial value = 4.4 ]
mu_0 [mag/pixel^2] =  14.26 +/- 0.05 	 [initial value = 14.4 ]
m_tot [mag] =  9.02

--------------------------------------------
--------------------------------------------

Input ellipse file:  n3607_op_mos_sky_logscale.ell
Excluded data:  []
Axis Used:  maj
x-Axis units: pixel
pixels to arcsec scale:  1.2232836
Settings.zeropoint:  17.25585
Sky RMS:  0.045
Delta:  0.0295968951759
Convolution done?  True
PSF:  moffat
Fit weighted with errors?  False
--------------------------------------------
Results from fit:
--------------------------------------------
Number of iterations: 58
Chisq:  6.27935146993e-05
Reduced chisq:  1.23124538626e-06
N_free:  51
Component 1: sersic.
R_e [pixel] =  65.73 +/- 2.93 	[initial value = 63.0 ]
mu_e [mag/pixel^2] =  18.87 +/- 0.09 	 [initial value = 18.8 ]
n =  4.75 +/- 0.12        [initial value = 5.1 ]
b_n =  9.18
m_tot [mag] =  6.31

Component 2: disc.
h [pixel] =  5.85 +/- 0.12        [initial value = 5.0 ]
mu_0 [mag/pixel^2] =  14.42 +/- 0.04 	 [initial value = 14.4 ]
m_tot [mag] =  8.58

--------------------------------------------
--------------------------------------------

Input ellipse file:  n3607_op_mos_sky_logscale.ell
Excluded data:  []
Axis Used:  eq
x-Axis units: pixel
pixels to arcsec scale:  1.2232836
Settings.zeropoint:  17.25585
Sky RMS:  0.045
Delta:  0.0246791415338
Convolution done?  True
PSF:  moffat
Fit weighted with errors?  False
--------------------------------------------
Results from fit:
--------------------------------------------
Number of iterations: 68
Chisq:  3.13797115136e-05
Reduced chisq:  6.15288461052e-07
N_free:  51
Component 1: sersic.
R_e [pixel] =  64.45 +/- 2.06 	[initial value = 60.0 ]
mu_e [mag/pixel^2] =  18.97 +/- 0.07 	 [initial value = 18.8 ]
n =  4.95 +/- 0.09        [initial value = 5.0 ]
b_n =  9.56
m_tot [mag] =  6.42

Component 2: disc.
h [pixel] =  4.97 +/- 0.11        [initial value = 4.4 ]
mu_0 [mag/pixel^2] =  14.55 +/- 0.04 	 [initial value = 14.4 ]
m_tot [mag] =  9.07

--------------------------------------------
--------------------------------------------

Input ellipse file:  n3607_op_mos_sky_combscale.ell
Excluded data:  []
Axis Used:  maj
x-Axis units: pixel
pixels to arcsec scale:  1.2232836
Settings.zeropoint:  17.25585
Sky RMS:  0.045
Delta:  0.0317359336454
Convolution done?  True
PSF:  gaussian
Fit weighted with errors?  False
--------------------------------------------
Results from fit:
--------------------------------------------
Number of iterations: 70
Chisq:  0.000174834148982
Reduced chisq:  1.78402192839e-06
N_free:  98
Component 1: sersic.
R_e [pixel] =  67.01 +/- 1.30 	[initial value = 63.0 ]
mu_e [mag/pixel^2] =  18.92 +/- 0.04 	 [initial value = 18.8 ]
n =  5.28 +/- 0.07        [initial value = 5.1 ]
b_n =  10.22
m_tot [mag] =  6.26

Component 2: disc.
h [pixel] =  5.93 +/- 0.11        [initial value = 5.0 ]
mu_0 [mag/pixel^2] =  14.46 +/- 0.04 	 [initial value = 14.4 ]
m_tot [mag] =  8.60

--------------------------------------------
--------------------------------------------

Input ellipse file:  n3607_op_mos_sky_combscale.ell
Excluded data:  []
Axis Used:  eq
x-Axis units: pixel
pixels to arcsec scale:  1.2232836
Settings.zeropoint:  17.25585
Sky RMS:  0.045
Delta:  0.0275156596057
Convolution done?  True
PSF:  gaussian
Fit weighted with errors?  False
--------------------------------------------
Results from fit:
--------------------------------------------
Number of iterations: 46
Chisq:  0.000106600370639
Reduced chisq:  1.08775888407e-06
N_free:  98
Component 1: sersic.
R_e [pixel] =  64.22 +/- 1.11 	[initial value = 60.0 ]
mu_e [mag/pixel^2] =  18.97 +/- 0.04 	 [initial value = 18.8 ]
n =  5.38 +/- 0.07        [initial value = 5.0 ]
b_n =  10.43
m_tot [mag] =  6.38

Component 2: disc.
h [pixel] =  4.71 +/- 0.10        [initial value = 4.4 ]
mu_0 [mag/pixel^2] =  14.45 +/- 0.05 	 [initial value = 14.4 ]
m_tot [mag] =  9.09

--------------------------------------------
--------------------------------------------

Input ellipse file:  n3607_op_mos_sky_combscale.ell
Excluded data:  []
Axis Used:  maj
x-Axis units: pixel
pixels to arcsec scale:  1.2232836
Settings.zeropoint:  17.25585
Sky RMS:  0.045
Delta:  0.0303553600459
Convolution done?  True
PSF:  moffat
Fit weighted with errors?  False
--------------------------------------------
Results from fit:
--------------------------------------------
Number of iterations: 57
Chisq:  0.00014956568442
Reduced chisq:  1.52618045327e-06
N_free:  98
Component 1: sersic.
R_e [pixel] =  69.28 +/- 1.43 	[initial value = 63.0 ]
mu_e [mag/pixel^2] =  19.00 +/- 0.04 	 [initial value = 18.8 ]
n =  5.47 +/- 0.08        [initial value = 5.1 ]
b_n =  10.60
m_tot [mag] =  6.24

Component 2: disc.
h [pixel] =  6.17 +/- 0.11        [initial value = 5.0 ]
mu_0 [mag/pixel^2] =  14.56 +/- 0.04 	 [initial value = 14.4 ]
m_tot [mag] =  8.61

--------------------------------------------
--------------------------------------------

Input ellipse file:  n3607_op_mos_sky_combscale.ell
Excluded data:  []
Axis Used:  eq
x-Axis units: pixel
pixels to arcsec scale:  1.2232836
Settings.zeropoint:  17.25585
Sky RMS:  0.045
Delta:  0.0262524425417
Convolution done?  True
PSF:  moffat
Fit weighted with errors?  False
--------------------------------------------
Results from fit:
--------------------------------------------
Number of iterations: 51
Chisq:  8.96766975049e-05
Reduced chisq:  9.15068341887e-07
N_free:  98
Component 1: sersic.
R_e [pixel] =  65.54 +/- 1.17 	[initial value = 60.0 ]
mu_e [mag/pixel^2] =  19.01 +/- 0.04 	 [initial value = 18.8 ]
n =  5.56 +/- 0.07        [initial value = 5.0 ]
b_n =  10.78
m_tot [mag] =  6.37

Component 2: disc.
h [pixel] =  4.90 +/- 0.10        [initial value = 4.4 ]
mu_0 [mag/pixel^2] =  14.59 +/- 0.05 	 [initial value = 14.4 ]
m_tot [mag] =  9.14

--------------------------------------------
--------------------------------------------

Input ellipse file:  n3607_op_mos_sky_logscale.ell
Excluded data:  []
Axis Used:  maj
x-Axis units: pixel
pixels to arcsec scale:  1.2232836
Smoothing:  False sigma =  3.0
Zeropoint:  17.25585
Sky RMS:  0.045
Delta:  0.0327909997734
Convolution done?  True
PSF:  gaussian
Fit weighted with errors?  False
--------------------------------------------
Results from fit:
--------------------------------------------
Number of iterations: 52
Chisq:  9.23037215785e-05
Reduced chisq:  1.8098768937e-06
N_free:  51
Component 1: sersic.
R_e [pixel] =  61.16 +/- 1.83 	[initial value = 63.0 ]
mu_e [mag/pixel^2] =  18.72 +/- 0.06 	 [initial value = 18.8 ]
n =  4.45 +/- 0.09        [initial value = 5.1 ]
b_n =  8.57
m_tot [mag] =  6.34

Component 2: disc.
h [pixel] =  5.38 +/- 0.12        [initial value = 5.0 ]
mu_0 [mag/pixel^2] =  14.22 +/- 0.04 	 [initial value = 14.4 ]
m_tot [mag] =  8.57

--------------------------------------------
--------------------------------------------

Input ellipse file:  n3607_op_mos_sky_logscale.ell
Excluded data:  []
Axis Used:  eq
x-Axis units: pixel
pixels to arcsec scale:  1.2232836
Smoothing:  False sigma =  3.0
Zeropoint:  17.25585
Sky RMS:  0.045
Delta:  0.0280990590972
Convolution done?  True
PSF:  gaussian
Fit weighted with errors?  False
--------------------------------------------
Results from fit:
--------------------------------------------
Number of iterations: 61
Chisq:  5.04324700927e-05
Reduced chisq:  9.88871962601e-07
N_free:  51
Component 1: sersic.
R_e [pixel] =  60.57 +/- 1.48 	[initial value = 60.0 ]
mu_e [mag/pixel^2] =  18.83 +/- 0.05 	 [initial value = 18.8 ]
n =  4.63 +/- 0.08        [initial value = 5.0 ]
b_n =  8.93
m_tot [mag] =  6.46

Component 2: disc.
h [pixel] =  4.47 +/- 0.10        [initial value = 4.4 ]
mu_0 [mag/pixel^2] =  14.26 +/- 0.05 	 [initial value = 14.4 ]
m_tot [mag] =  9.02

--------------------------------------------
--------------------------------------------

Input ellipse file:  n3607_op_mos_sky_logscale.ell
Excluded data:  []
Axis Used:  maj
x-Axis units: pixel
pixels to arcsec scale:  1.2232836
Smoothing:  False sigma =  3.0
Zeropoint:  17.25585
Sky RMS:  0.045
Delta:  0.0295968951759
Convolution done?  True
PSF:  moffat
Fit weighted with errors?  False
--------------------------------------------
Results from fit:
--------------------------------------------
Number of iterations: 58
Chisq:  6.27935146993e-05
Reduced chisq:  1.23124538626e-06
N_free:  51
Component 1: sersic.
R_e [pixel] =  65.73 +/- 2.93 	[initial value = 63.0 ]
mu_e [mag/pixel^2] =  18.87 +/- 0.09 	 [initial value = 18.8 ]
n =  4.75 +/- 0.12        [initial value = 5.1 ]
b_n =  9.18
m_tot [mag] =  6.31

Component 2: disc.
h [pixel] =  5.85 +/- 0.12        [initial value = 5.0 ]
mu_0 [mag/pixel^2] =  14.42 +/- 0.04 	 [initial value = 14.4 ]
m_tot [mag] =  8.58

--------------------------------------------
--------------------------------------------

Input ellipse file:  n3607_op_mos_sky_logscale.ell
Excluded data:  []
Axis Used:  eq
x-Axis units: pixel
pixels to arcsec scale:  1.2232836
Smoothing:  False sigma =  3.0
Zeropoint:  17.25585
Sky RMS:  0.045
Delta:  0.0246791415338
Convolution done?  True
PSF:  moffat
Fit weighted with errors?  False
--------------------------------------------
Results from fit:
--------------------------------------------
Number of iterations: 68
Chisq:  3.13797115136e-05
Reduced chisq:  6.15288461052e-07
N_free:  51
Component 1: sersic.
R_e [pixel] =  64.45 +/- 2.06 	[initial value = 60.0 ]
mu_e [mag/pixel^2] =  18.97 +/- 0.07 	 [initial value = 18.8 ]
n =  4.95 +/- 0.09        [initial value = 5.0 ]
b_n =  9.56
m_tot [mag] =  6.42

Component 2: disc.
h [pixel] =  4.97 +/- 0.11        [initial value = 4.4 ]
mu_0 [mag/pixel^2] =  14.55 +/- 0.04 	 [initial value = 14.4 ]
m_tot [mag] =  9.07

--------------------------------------------
--------------------------------------------

Input ellipse file:  n3607_op_mos_sky_combscale.ell
Excluded data:  []
Axis Used:  maj
x-Axis units: pixel
pixels to arcsec scale:  1.2232836
Smoothing:  False sigma =  3.0
Zeropoint:  17.25585
Sky RMS:  0.045
Delta:  0.0317359336454
Convolution done?  True
PSF:  gaussian
Fit weighted with errors?  False
--------------------------------------------
Results from fit:
--------------------------------------------
Number of iterations: 70
Chisq:  0.000174834148982
Reduced chisq:  1.78402192839e-06
N_free:  98
Component 1: sersic.
R_e [pixel] =  67.01 +/- 1.30 	[initial value = 63.0 ]
mu_e [mag/pixel^2] =  18.92 +/- 0.04 	 [initial value = 18.8 ]
n =  5.28 +/- 0.07        [initial value = 5.1 ]
b_n =  10.22
m_tot [mag] =  6.26

Component 2: disc.
h [pixel] =  5.93 +/- 0.11        [initial value = 5.0 ]
mu_0 [mag/pixel^2] =  14.46 +/- 0.04 	 [initial value = 14.4 ]
m_tot [mag] =  8.60

--------------------------------------------
--------------------------------------------

Input ellipse file:  n3607_op_mos_sky_combscale.ell
Excluded data:  []
Axis Used:  eq
x-Axis units: pixel
pixels to arcsec scale:  1.2232836
Smoothing:  False sigma =  3.0
Zeropoint:  17.25585
Sky RMS:  0.045
Delta:  0.0275156596057
Convolution done?  True
PSF:  gaussian
Fit weighted with errors?  False
--------------------------------------------
Results from fit:
--------------------------------------------
Number of iterations: 46
Chisq:  0.000106600370639
Reduced chisq:  1.08775888407e-06
N_free:  98
Component 1: sersic.
R_e [pixel] =  64.22 +/- 1.11 	[initial value = 60.0 ]
mu_e [mag/pixel^2] =  18.97 +/- 0.04 	 [initial value = 18.8 ]
n =  5.38 +/- 0.07        [initial value = 5.0 ]
b_n =  10.43
m_tot [mag] =  6.38

Component 2: disc.
h [pixel] =  4.71 +/- 0.10        [initial value = 4.4 ]
mu_0 [mag/pixel^2] =  14.45 +/- 0.05 	 [initial value = 14.4 ]
m_tot [mag] =  9.09

--------------------------------------------
--------------------------------------------

Input ellipse file:  n3607_op_mos_sky_combscale.ell
Excluded data:  []
Axis Used:  maj
x-Axis units: pixel
pixels to arcsec scale:  1.2232836
Smoothing:  False sigma =  3.0
Zeropoint:  17.25585
Sky RMS:  0.045
Delta:  0.0303553600459
Convolution done?  True
PSF:  moffat
Fit weighted with errors?  False
--------------------------------------------
Results from fit:
--------------------------------------------
Number of iterations: 57
Chisq:  0.00014956568442
Reduced chisq:  1.52618045327e-06
N_free:  98
Component 1: sersic.
R_e [pixel] =  69.28 +/- 1.43 	[initial value = 63.0 ]
mu_e [mag/pixel^2] =  19.00 +/- 0.04 	 [initial value = 18.8 ]
n =  5.47 +/- 0.08        [initial value = 5.1 ]
b_n =  10.60
m_tot [mag] =  6.24

Component 2: disc.
h [pixel] =  6.17 +/- 0.11        [initial value = 5.0 ]
mu_0 [mag/pixel^2] =  14.56 +/- 0.04 	 [initial value = 14.4 ]
m_tot [mag] =  8.61

--------------------------------------------
--------------------------------------------

Input ellipse file:  n3607_op_mos_sky_combscale.ell
Excluded data:  []
Axis Used:  eq
x-Axis units: pixel
pixels to arcsec scale:  1.2232836
Smoothing:  False sigma =  3.0
Zeropoint:  17.25585
Sky RMS:  0.045
Delta:  0.0262524425417
Convolution done?  True
PSF:  moffat
Fit weighted with errors?  False
--------------------------------------------
Results from fit:
--------------------------------------------
Number of iterations: 51
Chisq:  8.96766975049e-05
Reduced chisq:  9.15068341887e-07
N_free:  98
Component 1: sersic.
R_e [pixel] =  65.54 +/- 1.17 	[initial value = 60.0 ]
mu_e [mag/pixel^2] =  19.01 +/- 0.04 	 [initial value = 18.8 ]
n =  5.56 +/- 0.07        [initial value = 5.0 ]
b_n =  10.78
m_tot [mag] =  6.37

Component 2: disc.
h [pixel] =  4.90 +/- 0.10        [initial value = 4.4 ]
mu_0 [mag/pixel^2] =  14.59 +/- 0.05 	 [initial value = 14.4 ]
m_tot [mag] =  9.14

--------------------------------------------
--------------------------------------------

