# [1] star3.fits - 
#   COL    LINE COORDINATES      R    MAG    FLUX     SKY    PEAK    E   PA BETA ENCLOSED   MOFFAT DIRECT
  28.86   30.05 28.86 30.05   4.76   9.49   1282. 0.08428   309.6 0.05   21 3.97     1.60     1.72   1.59
# [1] star3.fits - 
#   COL    LINE COORDINATES      R    MAG    FLUX     SKY    PEAK    E   PA BETA ENCLOSED   MOFFAT DIRECT
  28.86   30.05 28.86 30.05   4.76   9.49   1282. 0.08428   309.6 0.05   21 3.97     1.60     1.72   1.59
# [1] star3.fits - 
#   COL    LINE COORDINATES      R    MAG    FLUX     SKY    PEAK    E   PA BETA ENCLOSED   MOFFAT DIRECT
  28.86   30.05 28.86 30.05   4.76   9.49   1282. 0.08428   309.6 0.05   21 3.97     1.60     1.72   1.59
# [1] PRF_IRACch1_129_129_rebin.fits - 
#   COL    LINE COORDINATES      R    MAG    FLUX     SKY    PEAK    E   PA BETA ENCLOSED   MOFFAT DIRECT
  13.40   13.35 13.40 13.35   4.59  17.47  0.8247 6.87E-5  0.5037 0.02   16 1.58     1.51     0.90   1.53
# [1] PRF_IRACch1_129_129_rebin_norm.fits - 
#   COL    LINE COORDINATES      R    MAG    FLUX     SKY    PEAK    E   PA BETA ENCLOSED   MOFFAT DIRECT
  13.40   13.35 13.40 13.35   4.59   5.70  41861.   3.485  25570. 0.02   16 1.58     1.51     0.90   1.53
# [1] PRF_IRACch1_129_129_rebin_norm.fits - 
#   COL    LINE COORDINATES      R    MAG    FLUX     SKY    PEAK    E   PA BETA ENCLOSED   MOFFAT DIRECT
  13.40   13.35 13.40 13.35   4.59   5.70  41861.   3.485  25570. 0.02   16 1.58     1.51     0.90   1.53
# [1] star1.fits - 
#   COL    LINE COORDINATES      R    MAG    FLUX     SKY    PEAK    E   PA BETA ENCLOSED   MOFFAT DIRECT
  30.86   26.69 30.86 26.69   4.77  11.35    230. 0.02067   62.69 0.01  -19 3.77     1.57     1.58   1.59
# [1] GALFITpsf.fits - model
# [1] GALFITpsf_rebin.fits - model
#   COL    LINE COORDINATES      R    MAG    FLUX     SKY    PEAK    E   PA BETA ENCLOSED   MOFFAT DIRECT
  15.64   15.53 15.64 15.53   5.81  13.58    29.6 0.00171    6.18 0.02   15 10.2     1.68     1.96   1.94
# [1] GALFITpsf_rebin.fits - model
#   COL    LINE COORDINATES      R    MAG    FLUX     SKY    PEAK    E   PA BETA ENCLOSED   MOFFAT DIRECT
  15.64   15.53 15.64 15.53   5.81  13.58    29.6 0.00171    6.18 0.02   15 10.2     1.68     1.96   1.94
# [1] GALFITpsf_rebin.fits - model
#   COL    LINE COORDINATES      R    MAG    FLUX     SKY    PEAK    E   PA BETA ENCLOSED   MOFFAT DIRECT
  15.64   15.53 15.64 15.53   5.81  13.58    29.6 0.00171    6.18 0.02   15 10.2     1.68     1.96   1.94
# [1] star1.fits - 
#   COL    LINE COORDINATES      R    MAG    FLUX     SKY    PEAK    E   PA BETA ENCLOSED   MOFFAT DIRECT
  30.86   26.69 30.86 26.69   4.77  11.35    230. 0.02067   62.69 0.01  -19 3.77     1.57     1.58   1.59
# [1] star1_cut.fits - 
#   COL    LINE COORDINATES      R    MAG    FLUX     SKY    PEAK    E   PA BETA ENCLOSED   MOFFAT DIRECT
  10.86   10.69 10.86 10.69   4.76  11.35   229.8 0.02411   62.63 0.01  -19 3.84     1.57     1.58   1.59
# [1] star1_cut.fits - 
#   COL    LINE COORDINATES      R    MAG    FLUX     SKY    PEAK    E   PA BETA ENCLOSED   MOFFAT DIRECT
  10.86   10.69 10.86 10.69   4.76  11.35   229.8 0.02411   62.63 0.01  -19 3.84     1.57     1.58   1.59
# [1] GALFITpsf.fits - model
#   COL    LINE COORDINATES      R    MAG    FLUX     SKY    PEAK    E   PA BETA ENCLOSED   MOFFAT DIRECT
  75.81   75.54 75.81 75.54  21.40  10.14   704.2 0.01263    8.79 0.05    9 3.21     7.28     7.30   7.13
# [1] GALFITpsf_cut.fits - model
#   COL    LINE COORDINATES      R    MAG    FLUX     SKY    PEAK    E   PA BETA ENCLOSED   MOFFAT DIRECT
  50.81   50.54 50.81 50.54  21.40  10.14   704.2 0.01263    8.79 0.05    9 3.21     7.28     7.30   7.13
# [1] moffatPSF.fits - model
#   COL    LINE COORDINATES      R    MAG    FLUX     SKY    PEAK    E   PA BETA ENCLOSED   MOFFAT DIRECT
  75.68   75.54 75.68 75.54  16.80  10.17   685.9  0.0169   13.24 0.06    5 4.22     5.54     5.60   5.60
# [1] PRF_IRACch1_129_129.fits - 
#   COL    LINE COORDINATES      R    MAG    FLUX     SKY    PEAK    E   PA BETA ENCLOSED   MOFFAT DIRECT
  64.67   64.54 64.67 64.54  16.57  14.03   19.49 4.84E-4  0.3865 0.07    5 4.55     5.45     5.52   5.52
# [1] PRF_IRACch1_129_129_cut.fits - 
#   COL    LINE COORDINATES      R    MAG    FLUX     SKY    PEAK    E   PA BETA ENCLOSED   MOFFAT DIRECT
  50.67   50.54 50.67 50.54  16.57  14.03   19.49 4.84E-4  0.3865 0.07    5 4.55     5.45     5.52   5.52
# [1] PRF_IRACch1_129_129_rebin.fits - 
#   COL    LINE COORDINATES      R    MAG    FLUX     SKY    PEAK    E   PA BETA ENCLOSED   MOFFAT DIRECT
  13.40   13.35 13.40 13.35   4.59  17.47  0.8247 6.87E-5  0.5034 0.02   16 1.58     1.51     0.90   1.53
# [1] PRF_IRACch1_129_129_rebin_cut.fits - 
#   COL    LINE COORDINATES      R    MAG    FLUX     SKY    PEAK    E   PA BETA ENCLOSED   MOFFAT DIRECT
  11.40   11.35 11.40 11.35   4.59  17.47  0.8243 7.49E-5  0.5035 0.02   15 1.58     1.51     0.90   1.53
# [1] PRF_IRACch1_129_129.fits - 
#   COL    LINE COORDINATES      R    MAG    FLUX     SKY    PEAK    E   PA      ENCLOSED GAUSSIAN DIRECT
  64.68   64.54 64.68 64.54  16.57  14.03   19.49 4.86E-4  0.3832 0.07    5          7.26     5.61   5.52
