log_r_e_maj - log_sigma - mu_e_maj
 
Y|X
Y - <Y> = a + b0*(X0 - <X0>) + b1*(X1 - <X1>) + epsilon
<X0> =       2.36212
<X1> =       17.8496
<Y> =      0.467665
a =      0.036268315 \pm     0.035405729
b0 =        1.3223875 \pm      0.39374832
b1 =       0.28312983 \pm     0.022994701
epsilon =      0.055828128 \pm     0.028855197
Delta =       0.13524623
----------------------------------------------
 
log_r_e_eq - log_sigma - mu_e_eq
 
Y|X
Y - <Y> = a + b0*(X0 - <X0>) + b1*(X1 - <X1>) + epsilon
<X0> =       2.36212
<X1> =       17.8496
<Y> =      0.467665
a =      0.028731962 \pm     0.034046259
b0 =        1.3376094 \pm      0.36927184
b1 =       0.27948444 \pm     0.021490345
epsilon =      0.051233829 \pm     0.028334185
Delta =       0.13455572
----------------------------------------------
 
mag_sph - log_sigma - log_r_e_maj
 
Y|X
Y - <Y> = a + b0*(X0 - <X0>) + b1*(X1 - <X1>) + epsilon
<X0> =       2.36212
<X1> =      0.544402
<Y> =      -24.4706
a =     -0.091065731 \pm     0.076998661
b0 =       -3.1260556 \pm       1.0555133
b1 =       -2.0203749 \pm      0.16964595
epsilon =       0.29007030 \pm     0.082167214
Delta =       0.44569344
----------------------------------------------
 
mag_sph - log_sigma - log_r_e_eq
 
Y|X
Y - <Y> = a + b0*(X0 - <X0>) + b1*(X1 - <X1>) + epsilon
<X0> =       2.36212
<X1> =      0.467665
<Y> =      -24.4706
a =     -0.097038974 \pm     0.069961542
b0 =       -3.8146705 \pm      0.87993105
b1 =       -2.0173366 \pm      0.15108230
epsilon =       0.20676514 \pm     0.080186656
Delta =       0.43025042
----------------------------------------------
 
log_mbh - log_sigma - log_r_e_maj
 
Y|X
Y - <Y> = a + b0*(X0 - <X0>) + b1*(X1 - <X1>) + epsilon
<X0> =       2.36212
<X1> =      0.544402
<Y> =       8.55947
a =     0.0037818285 \pm     0.062242894
b0 =        3.2154161 \pm      0.79974131
b1 =       0.41176936 \pm      0.13443362
epsilon =       0.35568782 \pm     0.051087024
Delta =       0.38982860
----------------------------------------------
 
log_mbh - log_sigma - log_r_e_eq
 
Y|X
Y - <Y> = a + b0*(X0 - <X0>) + b1*(X1 - <X1>) + epsilon
<X0> =       2.36212
<X1> =      0.467665
<Y> =       8.55947
a =     0.0020654148 \pm     0.061883861
b0 =        3.4335728 \pm      0.76477236
b1 =       0.40506457 \pm      0.13489364
epsilon =       0.35974642 \pm     0.051220765
Delta =       0.38719730
----------------------------------------------
 
log_mbh - log_sigma - mag_sph
 
Y|X
Y - <Y> = a + b0*(X0 - <X0>) + b1*(X1 - <X1>) + epsilon
<X0> =       2.36212
<X1> =      -24.4706
<Y> =       8.55947
a =   -0.00052980893 \pm     0.060238118
b0 =        2.7533027 \pm      0.86931861
b1 =      -0.18744853 \pm     0.058626318
epsilon =       0.35302154 \pm     0.049235044
Delta =       0.38011460
----------------------------------------------
 
log_mbh - log_sigma - mag_tot
 
Y|X
Y - <Y> = a + b0*(X0 - <X0>) + b1*(X1 - <X1>) + epsilon
<X0> =       2.36212
<X1> =      -24.8768
<Y> =       8.55947
a =     0.0029415151 \pm     0.061909914
b0 =        2.9392464 \pm      0.86813572
b1 =      -0.22668532 \pm     0.076203894
epsilon =       0.36648520 \pm     0.049430761
Delta =       0.38338684
----------------------------------------------
 
log_mbh - log_sigma - log_n_maj
 
Y|X
Y - <Y> = a + b0*(X0 - <X0>) + b1*(X1 - <X1>) + epsilon
<X0> =       2.36212
<X1> =      0.617860
<Y> =       8.55947
a =     0.0087190890 \pm     0.065713664
b0 =        3.6561636 \pm      0.85727540
b1 =       0.96241805 \pm      0.46760090
epsilon =       0.37379136 \pm     0.053718325
Delta =       0.40171155
----------------------------------------------
 
log_mbh - log_sigma - log_n_eq
 
Y|X
Y - <Y> = a + b0*(X0 - <X0>) + b1*(X1 - <X1>) + epsilon
<X0> =       2.36212
<X1> =      0.616307
<Y> =       8.55947
a =     0.0032107474 \pm     0.066101446
b0 =        4.0247804 \pm      0.74285789
b1 =       0.80342162 \pm      0.37974749
epsilon =       0.38175251 \pm     0.054823389
Delta =       0.41067702
----------------------------------------------
 
log_mbh - log_sigma - mu_e_maj
 
Y|X
Y - <Y> = a + b0*(X0 - <X0>) + b1*(X1 - <X1>) + epsilon
<X0> =       2.36212
<X1> =       17.9667
<Y> =       8.55947
a =     0.0087789068 \pm     0.062583705
b0 =        3.6744411 \pm      0.71971068
b1 =       0.12123028 \pm     0.042947074
epsilon =       0.35845588 \pm     0.051376404
Delta =       0.39535983
----------------------------------------------
 
log_mbh - log_sigma - mu_e_eq
 
Y|X
Y - <Y> = a + b0*(X0 - <X0>) + b1*(X1 - <X1>) + epsilon
<X0> =       2.36212
<X1> =       17.8496
<Y> =       8.55947
a =     0.0052299419 \pm     0.064379997
b0 =        4.0488589 \pm      0.66822322
b1 =       0.10869731 \pm     0.040937843
epsilon =       0.36888779 \pm     0.052343092
Delta =       0.39917421
----------------------------------------------
 
log_mbh - log_sigma - mu_0_maj
 
Y|X
Y - <Y> = a + b0*(X0 - <X0>) + b1*(X1 - <X1>) + epsilon
<X0> =       2.36212
<X1> =       7.86310
<Y> =       8.55947
a =     0.0034292996 \pm     0.064438991
b0 =        4.1432437 \pm      0.70339788
b1 =     -0.048388887 \pm     0.023520542
epsilon =       0.39036884 \pm     0.053409968
Delta =       0.41390488
----------------------------------------------
 
log_mbh - log_sigma - mu_0_eq
 
Y|X
Y - <Y> = a + b0*(X0 - <X0>) + b1*(X1 - <X1>) + epsilon
<X0> =       2.36212
<X1> =       7.77813
<Y> =       8.55947
a =     0.0059013976 \pm     0.066906353
b0 =        4.5640555 \pm      0.67632881
b1 =     -0.030338527 \pm     0.023141412
epsilon =       0.40616783 \pm     0.054907634
Delta =       0.43072489
----------------------------------------------
 
log_mbh - mu_e_maj - log_r_e_maj
 
Y|X
Y - <Y> = a + b0*(X0 - <X0>) + b1*(X1 - <X1>) + epsilon
<X0> =       17.9667
<X1> =      0.544402
<Y> =       8.55947
a =     -0.093000603 \pm       1.5750331
b0 =       -1.0532044 \pm       13.700257
b1 =        3.8418789 \pm       38.968547
epsilon =       0.40097315 \pm      0.12065729
Delta =       0.61493458
----------------------------------------------
 
log_mbh - mu_e_eq - log_r_e_eq
 
Y|X
Y - <Y> = a + b0*(X0 - <X0>) + b1*(X1 - <X1>) + epsilon
<X0> =       17.8496
<X1> =      0.467665
<Y> =       8.55947
a =      -0.11865219 \pm      0.60061189
b0 =       -1.1586532 \pm       2.6603245
b1 =        4.1975394 \pm       8.0588428
epsilon =       0.34509126 \pm      0.13534497
Delta =       0.59221249
----------------------------------------------
 
