log_r_e_maj - log_sigma - mu_e_maj
 
Y|X
Y - <Y> = a + b0*(X0 - <X0>) + b1*(X1 - <X1>) + epsilon
<X0> =       2.29697
<X1> =       16.9861
<Y> =      0.203454
a =      0.015664258 \pm     0.029980538
b0 =       0.80134585 \pm      0.31323698
b1 =       0.28652254 \pm     0.021335939
epsilon =      0.053011578 \pm     0.027391528
Delta =       0.17495641
----------------------------------------------
 
log_r_e_eq - log_sigma - mu_e_eq
 
Y|X
Y - <Y> = a + b0*(X0 - <X0>) + b1*(X1 - <X1>) + epsilon
<X0> =       2.29697
<X1> =       16.9861
<Y> =      0.203454
a =      0.018795103 \pm     0.030855682
b0 =       0.85663291 \pm      0.30702381
b1 =       0.28462231 \pm     0.021612280
epsilon =      0.050672062 \pm     0.025577101
Delta =       0.17540240
----------------------------------------------
 
mag_sph - log_sigma - log_r_e_maj
 
Y|X
Y - <Y> = a + b0*(X0 - <X0>) + b1*(X1 - <X1>) + epsilon
<X0> =       2.29697
<X1> =      0.280011
<Y> =      -23.8569
a =     -0.016218806 \pm     0.083592515
b0 =       -1.8415279 \pm      0.92823314
b1 =       -2.1303731 \pm      0.19361892
epsilon =       0.42415664 \pm     0.074930538
Delta =       0.61470004
----------------------------------------------
 
mag_sph - log_sigma - log_r_e_eq
 
Y|X
Y - <Y> = a + b0*(X0 - <X0>) + b1*(X1 - <X1>) + epsilon
<X0> =       2.29697
<X1> =      0.203454
<Y> =      -23.8569
a =     -0.044984652 \pm     0.072352510
b0 =       -1.7674242 \pm      0.80996851
b1 =       -2.2074542 \pm      0.17112383
epsilon =       0.32535820 \pm     0.071055532
Delta =       0.56438059
----------------------------------------------
 
log_mbh - log_sigma - log_r_e_maj
 
Y|X
Y - <Y> = a + b0*(X0 - <X0>) + b1*(X1 - <X1>) + epsilon
<X0> =       2.29697
<X1> =      0.280011
<Y> =       8.16074
a =      0.018228880 \pm     0.048177655
b0 =        3.7266096 \pm      0.51741528
b1 =       0.42316681 \pm      0.11476787
epsilon =       0.33316798 \pm     0.039535411
Delta =       0.37979412
----------------------------------------------
 
log_mbh - log_sigma - log_r_e_eq
 
Y|X
Y - <Y> = a + b0*(X0 - <X0>) + b1*(X1 - <X1>) + epsilon
<X0> =       2.29697
<X1> =      0.203454
<Y> =       8.16074
a =      0.016960075 \pm     0.048441031
b0 =        3.7829559 \pm      0.51825172
b1 =       0.42089000 \pm      0.11501576
epsilon =       0.33657092 \pm     0.039912978
Delta =       0.37523738
----------------------------------------------
 
log_mbh - log_sigma - mag_sph
 
Y|X
Y - <Y> = a + b0*(X0 - <X0>) + b1*(X1 - <X1>) + epsilon
<X0> =       2.29697
<X1> =      -23.8569
<Y> =       8.16074
a =      0.010726999 \pm     0.049743324
b0 =        3.7752416 \pm      0.55778244
b1 =      -0.15963652 \pm     0.049751620
epsilon =       0.35025147 \pm     0.039885189
Delta =       0.38005362
----------------------------------------------
 
log_mbh - log_sigma - mag_tot
 
Y|X
Y - <Y> = a + b0*(X0 - <X0>) + b1*(X1 - <X1>) + epsilon
<X0> =       2.29697
<X1> =      -24.7174
<Y> =       8.16074
a =      0.011833670 \pm     0.051868376
b0 =        4.6173069 \pm      0.46285929
b1 =      -0.12384885 \pm     0.063636544
epsilon =       0.37643112 \pm     0.042014721
Delta =       0.40966682
----------------------------------------------
 
log_mbh - log_sigma - log_n_maj
 
Y|X
Y - <Y> = a + b0*(X0 - <X0>) + b1*(X1 - <X1>) + epsilon
<X0> =       2.29697
<X1> =      0.488674
<Y> =       8.16074
a =      0.010016089 \pm     0.052496845
b0 =        3.7423696 \pm      0.83586913
b1 =       0.98249792 \pm      0.49477980
epsilon =       0.35665461 \pm     0.042066783
Delta =       0.39795362
----------------------------------------------
 
log_mbh - log_sigma - log_n_eq
 
Y|X
Y - <Y> = a + b0*(X0 - <X0>) + b1*(X1 - <X1>) + epsilon
<X0> =       2.29697
<X1> =      0.483695
<Y> =       8.16074
a =     0.0090418464 \pm     0.051114030
b0 =        4.1993600 \pm      0.54610143
b1 =       0.73507737 \pm      0.31036724
epsilon =       0.36077277 \pm     0.042316550
Delta =       0.39568426
----------------------------------------------
 
log_mbh - log_sigma - mu_e_maj
 
Y|X
Y - <Y> = a + b0*(X0 - <X0>) + b1*(X1 - <X1>) + epsilon
<X0> =       2.29697
<X1> =       17.0851
<Y> =       8.16074
a =      0.018455574 \pm     0.048424817
b0 =        3.8483242 \pm      0.48299764
b1 =       0.13663823 \pm     0.036043118
epsilon =       0.32705260 \pm     0.040306243
Delta =       0.38405771
----------------------------------------------
 
log_mbh - log_sigma - mu_e_eq
 
Y|X
Y - <Y> = a + b0*(X0 - <X0>) + b1*(X1 - <X1>) + epsilon
<X0> =       2.29697
<X1> =       16.9861
<Y> =       8.16074
a =      0.018941457 \pm     0.049834028
b0 =        4.0881670 \pm      0.46636446
b1 =       0.12155383 \pm     0.035000258
epsilon =       0.33611195 \pm     0.040570339
Delta =       0.38573153
----------------------------------------------
 
log_mbh - log_sigma - mu_0_maj
 
Y|X
Y - <Y> = a + b0*(X0 - <X0>) + b1*(X1 - <X1>) + epsilon
<X0> =       2.29697
<X1> =       9.01014
<Y> =       8.16074
a =     0.0092638673 \pm     0.051998316
b0 =        4.6856975 \pm      0.46728037
b1 =     -0.035224833 \pm     0.020810114
epsilon =       0.38282842 \pm     0.042194437
Delta =       0.41317999
----------------------------------------------
 
log_mbh - log_sigma - mu_0_eq
 
Y|X
Y - <Y> = a + b0*(X0 - <X0>) + b1*(X1 - <X1>) + epsilon
<X0> =       2.29697
<X1> =       9.02918
<Y> =       8.16074
a =      0.010320192 \pm     0.052572734
b0 =        4.8477005 \pm      0.43122991
b1 =     -0.030605038 \pm     0.019900302
epsilon =       0.38293268 \pm     0.042719646
Delta =       0.41680509
----------------------------------------------
 
log_mbh - mu_e_maj - log_r_e_maj
 
Y|X
Y - <Y> = a + b0*(X0 - <X0>) + b1*(X1 - <X1>) + epsilon
<X0> =       17.0851
<X1> =      0.280011
<Y> =       8.16074
a =     -0.046743527 \pm       1.6523951
b0 =       -1.1806785 \pm       11.638891
b1 =        4.5454978 \pm       34.625627
epsilon =       0.46513682 \pm      0.12021475
Delta =       0.89862927
----------------------------------------------
 
log_mbh - mu_e_eq - log_r_e_eq
 
Y|X
Y - <Y> = a + b0*(X0 - <X0>) + b1*(X1 - <X1>) + epsilon
<X0> =       16.9861
<X1> =      0.203454
<Y> =       8.16074
a =    -0.0065148876 \pm      0.96267052
b0 =       -1.7777873 \pm       9.5309484
b1 =        6.3518390 \pm       28.434747
epsilon =       0.47871560 \pm      0.13918938
Delta =        1.1059099
----------------------------------------------
 
