log_mbh - log_sigma - log_r_e_maj - log_n_maj
 
Y|X
Y - <Y> = a + b0*(X0 - <X0>) + b1*(X1 - <X1>) + b2*(X2 - <X2>) + epsilon
<X0> =       2.29697
<X1> =      0.280011
<X2> =      0.488674
<Y> =       8.16074
a =      0.013504104 \pm     0.049367741
b0 =        3.6298656 \pm      0.65240484
b1 =       0.35137368 \pm      0.28006413
b2 =       0.25640480 \pm      0.89660559
epsilon =       0.32811219 \pm     0.038963057
Delta =       0.38998585
----------------------------------------------
 
log_mbh - log_sigma - log_r_e_eq - log_n_eq
 
Y|X
Y - <Y> = a + b0*(X0 - <X0>) + b1*(X1 - <X1>) + b2*(X2 - <X2>) + epsilon
<X0> =       2.29697
<X1> =      0.280011
<X2> =      0.483695
<Y> =       8.16074
a =      0.015363066 \pm     0.049257757
b0 =        3.7961364 \pm      0.52093898
b1 =       0.39292020 \pm      0.20131918
b2 =      0.039969786 \pm      0.47991371
epsilon =       0.33645981 \pm     0.040054007
Delta =       0.38233951
----------------------------------------------
 
log_mbh - log_sigma - log_r_e_maj - mu_e_maj
 
Y|X
Y - <Y> = a + b0*(X0 - <X0>) + b1*(X1 - <X1>) + b2*(X2 - <X2>) + epsilon
<X0> =       2.29697
<X1> =      0.280011
<X2> =       17.0851
<Y> =       8.16074
a =      0.029234510 \pm      0.52386231
b0 =        4.3351389 \pm       27.515583
b1 =      -0.59028333 \pm       35.448434
b2 =       0.29365395 \pm       10.185666
epsilon =       0.29085313 \pm     0.075498995
Delta =       0.79290417
----------------------------------------------
 
log_mbh - log_sigma - log_r_e_eq - mu_e_eq
 
Y|X
Y - <Y> = a + b0*(X0 - <X0>) + b1*(X1 - <X1>) + b2*(X2 - <X2>) + epsilon
<X0> =       2.29697
<X1> =      0.203454
<X2> =       16.9861
<Y> =       8.16074
a =      0.027368042 \pm       1.6648995
b0 =        4.7636349 \pm       23.619084
b1 =       -1.1283053 \pm       63.851231
b2 =       0.43243035 \pm       21.149049
epsilon =       0.28800033 \pm     0.079805165
Delta =        1.0973210
----------------------------------------------
 
log_mbh - log_sigma - log_r_e_maj - mu_0_maj
 
Y|X
Y - <Y> = a + b0*(X0 - <X0>) + b1*(X1 - <X1>) + b2*(X2 - <X2>) + epsilon
<X0> =       2.29697
<X1> =      0.280011
<X2> =       9.01014
<Y> =       8.16074
a =      0.012128157 \pm     0.048163582
b0 =        3.7148124 \pm      0.51853521
b1 =       0.44404858 \pm      0.13480092
b2 =     0.0035680542 \pm     0.022685611
epsilon =       0.33343654 \pm     0.040740991
Delta =       0.38287430
----------------------------------------------
 
log_mbh - log_sigma - log_r_e_eq - mu_0_eq
 
Y|X
Y - <Y> = a + b0*(X0 - <X0>) + b1*(X1 - <X1>) + b2*(X2 - <X2>) + epsilon
<X0> =       2.29697
<X1> =      0.203454
<X2> =       9.02918
<Y> =       8.16074
a =      0.016460932 \pm     0.049106794
b0 =        3.7306108 \pm      0.51936526
b1 =       0.54555248 \pm      0.16256663
b2 =      0.028806463 \pm     0.025619433
epsilon =       0.33027817 \pm     0.041108832
Delta =       0.38490037
----------------------------------------------
 
log_mbh - log_sigma - log_r_e_maj - mag_sph
 
Y|X
Y - <Y> = a + b0*(X0 - <X0>) + b1*(X1 - <X1>) + b2*(X2 - <X2>) + epsilon
<X0> =       2.29697
<X1> =      0.280011
<X2> =      -23.8569
<Y> =       8.16074
a =      0.018819669 \pm     0.050113067
b0 =        3.9824896 \pm      0.58620045
b1 =       0.63262497 \pm      0.39077855
b2 =       0.10265117 \pm      0.17323379
epsilon =       0.32689231 \pm     0.041296797
Delta =       0.42164199
----------------------------------------------
 
log_mbh - log_sigma - log_r_e_eq - mag_sph
 
Y|X
Y - <Y> = a + b0*(X0 - <X0>) + b1*(X1 - <X1>) + b2*(X2 - <X2>) + epsilon
<X0> =       2.29697
<X1> =      0.203454
<X2> =      -23.8569
<Y> =       8.16074
a =      0.026634839 \pm     0.055269037
b0 =        4.1391989 \pm      0.74107400
b1 =       0.76027487 \pm      0.63812094
b2 =       0.15730215 \pm      0.28476723
epsilon =       0.32839430 \pm     0.042651887
Delta =       0.46413590
----------------------------------------------
 
log_mbh - log_sigma - log_r_e_maj - mag_tot
 
Y|X
Y - <Y> = a + b0*(X0 - <X0>) + b1*(X1 - <X1>) + b2*(X2 - <X2>) + epsilon
<X0> =       2.29697
<X1> =      0.280011
<X2> =      -24.7174
<Y> =       8.16074
a =      0.022786396 \pm     0.049491688
b0 =        3.8430032 \pm      0.50009882
b1 =       0.63440770 \pm      0.21126677
b2 =       0.15467091 \pm      0.11773208
epsilon =       0.32436489 \pm     0.041063315
Delta =       0.41681966
----------------------------------------------
 
log_mbh - log_sigma - log_r_e_eq - mag_tot
 
Y|X
Y - <Y> = a + b0*(X0 - <X0>) + b1*(X1 - <X1>) + b2*(X2 - <X2>) + epsilon
<X0> =       2.29697
<X1> =      0.203454
<X2> =      -24.7174
<Y> =       8.16074
a =      0.020004615 \pm     0.050486476
b0 =        3.9422104 \pm      0.49360730
b1 =       0.52273454 \pm      0.17639550
b2 =      0.093911290 \pm     0.096199782
epsilon =       0.33455371 \pm     0.039361633
Delta =       0.38479081
----------------------------------------------
 
log_mbh - log_sigma - log_n_maj - mu_e_maj
 
Y|X
Y - <Y> = a + b0*(X0 - <X0>) + b1*(X1 - <X1>) + b2*(X2 - <X2>) + epsilon
<X0> =       2.29697
<X1> =      0.488674
<X2> =       17.0851
<Y> =       8.16074
a =      0.022162197 \pm     0.079597401
b0 =        4.2384941 \pm       3.2749972
b1 =      -0.73940017 \pm       6.3978585
b2 =       0.20257383 \pm      0.60706843
epsilon =       0.31177634 \pm     0.048745248
Delta =       0.61937952
----------------------------------------------
 
log_mbh - log_sigma - log_n_eq - mu_e_eq
 
Y|X
Y - <Y> = a + b0*(X0 - <X0>) + b1*(X1 - <X1>) + b2*(X2 - <X2>) + epsilon
<X0> =       2.29697
<X1> =      0.203454
<X2> =       16.9861
<Y> =       8.16074
a =      0.021342813 \pm      0.71915543
b0 =        4.4354152 \pm       35.911393
b1 =      -0.36627342 \pm       81.064187
b2 =       0.22466688 \pm       24.638003
epsilon =       0.29709412 \pm     0.077403605
Delta =       0.63745110
----------------------------------------------
 
log_mbh - log_sigma - log_n_maj - mu_0_maj
 
Y|X
Y - <Y> = a + b0*(X0 - <X0>) + b1*(X1 - <X1>) + b2*(X2 - <X2>) + epsilon
<X0> =       2.29697
<X1> =      0.488674
<X2> =       9.01014
<Y> =       8.16074
a =     0.0079266489 \pm     0.062368076
b0 =        3.2748429 \pm       2.3309677
b1 =        2.3730792 \pm       3.8270690
b2 =       0.10567844 \pm      0.26521046
epsilon =       0.32384546 \pm     0.057983274
Delta =       0.58131336
----------------------------------------------
 
log_mbh - log_sigma - log_n_eq - mu_0_eq
 
Y|X
Y - <Y> = a + b0*(X0 - <X0>) + b1*(X1 - <X1>) + b2*(X2 - <X2>) + epsilon
<X0> =       2.29697
<X1> =      0.483695
<X2> =       9.02918
<Y> =       8.16074
a =      0.031149539 \pm     0.063268747
b0 =        3.8514051 \pm      0.82058480
b1 =        2.1912826 \pm       1.4705944
b2 =       0.12183101 \pm      0.10441420
epsilon =       0.33596958 \pm     0.053746150
Delta =       0.58293613
----------------------------------------------
 
log_mbh - log_sigma - log_n_maj - mag_sph
 
Y|X
Y - <Y> = a + b0*(X0 - <X0>) + b1*(X1 - <X1>) + b2*(X2 - <X2>) + epsilon
<X0> =       2.29697
<X1> =      0.488674
<X2> =      -23.8569
<Y> =       8.16074
a =      0.010842092 \pm     0.049559896
b0 =        3.4734322 \pm      0.62823266
b1 =       0.67447205 \pm      0.64971886
b2 =     -0.086261175 \pm     0.087280027
epsilon =       0.34156700 \pm     0.040574525
Delta =       0.42025318
----------------------------------------------
 
log_mbh - log_sigma - log_n_eq - mag_sph
 
Y|X
Y - <Y> = a + b0*(X0 - <X0>) + b1*(X1 - <X1>) + b2*(X2 - <X2>) + epsilon
<X0> =       2.29697
<X1> =      0.483695
<X2> =      -23.8569
<Y> =       8.16074
a =      0.011301970 \pm     0.050390342
b0 =        3.7560951 \pm      0.57199879
b1 =       0.25819183 \pm      0.57197565
b2 =      -0.12575458 \pm      0.10257331
epsilon =       0.34809960 \pm     0.039831117
Delta =       0.45417348
----------------------------------------------
 
log_mbh - log_sigma - log_n_maj - mag_tot
 
Y|X
Y - <Y> = a + b0*(X0 - <X0>) + b1*(X1 - <X1>) + b2*(X2 - <X2>) + epsilon
<X0> =       2.29697
<X1> =      0.488674
<X2> =      -24.7174
<Y> =       8.16074
a =      0.012190852 \pm     0.051353965
b0 =        3.5199226 \pm      0.70650668
b1 =        1.0006803 \pm      0.47639918
b2 =     -0.048402708 \pm     0.072474816
epsilon =       0.34848003 \pm     0.041927255
Delta =       0.40468851
----------------------------------------------
 
log_mbh - log_sigma - log_n_eq - mag_tot
 
Y|X
Y - <Y> = a + b0*(X0 - <X0>) + b1*(X1 - <X1>) + b2*(X2 - <X2>) + epsilon
<X0> =       2.29697
<X1> =      0.483695
<X2> =      -24.7174
<Y> =       8.16074
a =      0.011850028 \pm     0.052182643
b0 =        4.0570019 \pm      0.56296125
b1 =       0.62878829 \pm      0.35693794
b2 =     -0.065741478 \pm     0.071111301
epsilon =       0.36148122 \pm     0.041967265
Delta =       0.40409261
----------------------------------------------
 
log_mbh - log_sigma - mu_e_maj - mu_0_maj
 
Y|X
Y - <Y> = a + b0*(X0 - <X0>) + b1*(X1 - <X1>) + b2*(X2 - <X2>) + epsilon
<X0> =       2.29697
<X1> =       17.0851
<X2> =       9.01014
<Y> =       8.16074
a =      0.016075492 \pm     0.048265723
b0 =        3.9148270 \pm      0.49006993
b1 =       0.14444082 \pm     0.043604590
b2 =     0.0088651686 \pm     0.024005917
epsilon =       0.32754350 \pm     0.040380714
Delta =       0.38755443
----------------------------------------------
 
log_mbh - log_sigma - mu_e_eq - mu_0_eq
 
Y|X
Y - <Y> = a + b0*(X0 - <X0>) + b1*(X1 - <X1>) + b2*(X2 - <X2>) + epsilon
<X0> =       2.29697
<X1> =       16.9861
<X2> =       9.02918
<Y> =       8.16074
a =      0.022051264 \pm     0.050356055
b0 =        4.1464614 \pm      0.46962917
b1 =       0.16490494 \pm     0.052735745
b2 =      0.035556158 \pm     0.028361206
epsilon =       0.32942101 \pm     0.044035540
Delta =       0.40274533
----------------------------------------------
 
log_mbh - log_sigma - mu_e_maj - mag_sph
 
Y|X
Y - <Y> = a + b0*(X0 - <X0>) + b1*(X1 - <X1>) + b2*(X2 - <X2>) + epsilon
<X0> =       2.29697
<X1> =       17.0851
<X2> =      -23.8569
<Y> =       8.16074
a =      0.019207034 \pm     0.049097069
b0 =        3.9075007 \pm      0.56729184
b1 =       0.12892354 \pm     0.073116488
b2 =    -0.0096341870 \pm      0.10432530
epsilon =       0.32546952 \pm     0.040694779
Delta =       0.38590164
----------------------------------------------
 
log_mbh - log_sigma - mu_e_eq - mag_sph
 
Y|X
Y - <Y> = a + b0*(X0 - <X0>) + b1*(X1 - <X1>) + b2*(X2 - <X2>) + epsilon
<X0> =       2.29697
<X1> =       16.9861
<X2> =      -23.8569
<Y> =       8.16074
a =      0.017028938 \pm     0.049748207
b0 =        4.0014392 \pm      0.62800714
b1 =       0.11299557 \pm     0.082315324
b2 =     -0.023796165 \pm      0.12063323
epsilon =       0.33420127 \pm     0.040512733
Delta =       0.39076915
----------------------------------------------
 
log_mbh - log_sigma - mu_e_maj - mag_tot
 
Y|X
Y - <Y> = a + b0*(X0 - <X0>) + b1*(X1 - <X1>) + b2*(X2 - <X2>) + epsilon
<X0> =       2.29697
<X1> =       17.0851
<X2> =      -24.7174
<Y> =       8.16074
a =      0.024740080 \pm     0.048963537
b0 =        4.0203053 \pm      0.47974395
b1 =       0.14759008 \pm     0.046816944
b2 =      0.043553453 \pm     0.080347914
epsilon =       0.32626486 \pm     0.041835145
Delta =       0.38876716
----------------------------------------------
 
log_mbh - log_sigma - mu_e_eq - mag_tot
 
Y|X
Y - <Y> = a + b0*(X0 - <X0>) + b1*(X1 - <X1>) + b2*(X2 - <X2>) + epsilon
<X0> =       2.29697
<X1> =       16.9861
<X2> =      -24.7174
<Y> =       8.16074
a =      0.019293197 \pm     0.049297876
b0 =        4.1542299 \pm      0.46600929
b1 =       0.12340920 \pm     0.043594777
b2 =     0.0088208143 \pm     0.076791364
epsilon =       0.33553823 \pm     0.040562483
Delta =       0.38827496
----------------------------------------------
 
log_mbh - log_sigma - mu_0_maj - mag_sph
 
Y|X
Y - <Y> = a + b0*(X0 - <X0>) + b1*(X1 - <X1>) + b2*(X2 - <X2>) + epsilon
<X0> =       2.29697
<X1> =       9.01014
<X2> =      -23.8569
<Y> =       8.16074
a =     0.0074941409 \pm     0.049408940
b0 =        3.7347267 \pm      0.56245559
b1 =    0.00031975790 \pm     0.024179180
b2 =      -0.16195203 \pm     0.060568224
epsilon =       0.35126876 \pm     0.040450710
Delta =       0.49862591
----------------------------------------------
 
log_mbh - log_sigma - mu_0_eq - mag_sph
 
Y|X
Y - <Y> = a + b0*(X0 - <X0>) + b1*(X1 - <X1>) + b2*(X2 - <X2>) + epsilon
<X0> =       2.29697
<X1> =       9.02918
<X2> =      -23.8569
<Y> =       8.16074
a =     0.0098948251 \pm     0.049428655
b0 =        3.7171576 \pm      0.57581004
b1 =      0.011997371 \pm     0.024040299
b2 =      -0.18159572 \pm     0.065208950
epsilon =       0.35027376 \pm     0.040233664
Delta =       0.51988609
----------------------------------------------
 
log_mbh - log_sigma - mu_0_maj - mag_tot
 
Y|X
Y - <Y> = a + b0*(X0 - <X0>) + b1*(X1 - <X1>) + b2*(X2 - <X2>) + epsilon
<X0> =       2.29697
<X1> =       9.01014
<X2> =      -24.7174
<Y> =       8.16074
a =      0.010533642 \pm     0.052335711
b0 =        4.3873075 \pm      0.50570867
b1 =     -0.023566486 \pm     0.021694024
b2 =     -0.097120512 \pm     0.069252195
epsilon =       0.37836346 \pm     0.042121090
Delta =       0.42781655
----------------------------------------------
 
log_mbh - log_sigma - mu_0_eq - mag_tot
 
Y|X
Y - <Y> = a + b0*(X0 - <X0>) + b1*(X1 - <X1>) + b2*(X2 - <X2>) + epsilon
<X0> =       2.29697
<X1> =       9.02918
<X2> =      -24.7174
<Y> =       8.16074
a =      0.010538252 \pm     0.051257812
b0 =        4.4760021 \pm      0.48569556
b1 =     -0.020169202 \pm     0.020499563
b2 =      -0.10229885 \pm     0.067440682
epsilon =       0.37713936 \pm     0.042321179
Delta =       0.43132157
----------------------------------------------
 
mag_sph - log_sigma - log_r_e_eq - mu_0_eq
 
Y|X
Y - <Y> = a + b0*(X0 - <X0>) + b1*(X1 - <X1>) + b2*(X2 - <X2>) + epsilon
<X0> =       2.29697
<X1> =      0.203454
<X2> =       9.02918
<Y> =      -23.8569
a =     -0.040822323 \pm     0.073853597
b0 =       -1.8036995 \pm      0.83515491
b1 =       -2.2170795 \pm      0.21833953
b2 =    -0.0045948144 \pm     0.035613097
epsilon =       0.33399698 \pm     0.073199710
Delta =       0.56855339
----------------------------------------------
 
