log_mbh - log_sigma
 
Y|X
Y - <Y> = a + b*(X - <X>) + epsilon
<X> =       2.39209
<Y> =       8.79950
a =     0.0021044035 \pm     0.084993383
b =        4.0094423 \pm      0.84689812
epsilon =       0.42046903 \pm     0.070999059
Delta =       0.44988130
----------------------------------------------
 
log_mbh - mag_sph
 
Y|X
Y - <Y> = a + b*(X - <X>) + epsilon
<X> =      -25.4554
<Y> =       8.79950
a =     -0.013872903 \pm     0.084715267
b =      -0.42331818 \pm     0.080277959
epsilon =       0.38401873 \pm     0.072038702
Delta =       0.40064993
----------------------------------------------
 
log_mbh - mag_tot
 
Y|X
Y - <Y> = a + b*(X - <X>) + epsilon
<X> =      -25.5024
<Y> =       8.79950
a =    -0.0033026768 \pm     0.079020986
b =      -0.44225393 \pm     0.081731130
epsilon =       0.38365603 \pm     0.068253875
Delta =       0.40822017
----------------------------------------------
 
log_mbh - log_r_e_maj
 
Y|X
Y - <Y> = a + b*(X - <X>) + epsilon
<X> =      0.959402
<Y> =       8.79950
a =    -0.0083541366 \pm     0.096870339
b =        1.0177823 \pm      0.25786749
epsilon =       0.44331973 \pm     0.084923324
Delta =       0.48428550
----------------------------------------------
 
log_mbh - log_r_e_eq
 
Y|X
Y - <Y> = a + b*(X - <X>) + epsilon
<X> =      0.878475
<Y> =       8.79950
a =     -0.025797235 \pm      0.10288944
b =        1.1302859 \pm      0.34439153
epsilon =       0.47537646 \pm     0.087362393
Delta =       0.50811156
----------------------------------------------
 
log_mbh - log_n_maj
 
Y|X
Y - <Y> = a + b*(X - <X>) + epsilon
<X> =      0.757515
<Y> =       8.79950
a =      0.032259895 \pm      0.11824280
b =        3.5199685 \pm       1.3465585
epsilon =       0.44108166 \pm      0.11442307
Delta =       0.58319087
----------------------------------------------
 
log_mbh - log_n_eq
 
Y|X
Y - <Y> = a + b*(X - <X>) + epsilon
<X> =      0.769749
<Y> =       8.79950
a =    -0.0024845401 \pm      0.13142349
b =        2.8265884 \pm       2.2783736
epsilon =       0.54908498 \pm      0.11128555
Delta =       0.64119498
----------------------------------------------
 
log_mbh - mu_e_maj
 
Y|X
Y - <Y> = a + b*(X - <X>) + epsilon
<X> =       19.1895
<Y> =       8.79950
a =    -0.0086088527 \pm      0.11232778
b =       0.29644165 \pm      0.12269202
epsilon =       0.51631706 \pm     0.095804885
Delta =       0.56600103
----------------------------------------------
 
log_mbh - mu_e_eq
 
Y|X
Y - <Y> = a + b*(X - <X>) + epsilon
<X> =       19.1015
<Y> =       8.79950
a =     -0.016465883 \pm      0.11955238
b =       0.23086767 \pm      0.18962682
epsilon =       0.57887315 \pm     0.097780671
Delta =       0.62216652
----------------------------------------------
 
log_mbh - mu_0_maj
 
Y|X
Y - <Y> = a + b*(X - <X>) + epsilon
<X> =       6.48570
<Y> =       8.79950
a =     -0.010165012 \pm      0.10778684
b =     -0.088079900 \pm     0.035719269
epsilon =       0.54659045 \pm     0.088130635
Delta =       0.56201347
----------------------------------------------
 
log_mbh - mu_0_eq
 
Y|X
Y - <Y> = a + b*(X - <X>) + epsilon
<X> =       6.25548
<Y> =       8.79950
a =    -0.0061554387 \pm      0.11916409
b =     -0.025679257 \pm     0.045313084
epsilon =       0.61188753 \pm     0.097617592
Delta =       0.62843744
----------------------------------------------
 
