log_mbh - log_sigma - log_r_e_maj - log_n_maj
 
Y|X
Y - <Y> = a + b0*(X0 - <X0>) + b1*(X1 - <X1>) + b2*(X2 - <X2>) + epsilon
<X0> =       2.36212
<X1> =      0.544402
<X2> =      0.617860
<Y> =       8.55947
a =     0.0010600821 \pm     0.065499023
b0 =        3.2818827 \pm      0.85417853
b1 =       0.44416869 \pm      0.41438794
b2 =      -0.14587753 \pm       1.2007143
epsilon =       0.35512422 \pm     0.053178061
Delta =       0.39526480
----------------------------------------------
 
log_mbh - log_sigma - log_r_e_eq - log_n_eq
 
Y|X
Y - <Y> = a + b0*(X0 - <X0>) + b1*(X1 - <X1>) + b2*(X2 - <X2>) + epsilon
<X0> =       2.36212
<X1> =      0.544402
<X2> =      0.616307
<Y> =       8.55947
a =     0.0030520163 \pm     0.062892489
b0 =        3.1580586 \pm      0.93829643
b1 =       0.49226079 \pm      0.33236697
b2 =      -0.25937944 \pm      0.80458275
epsilon =       0.35560928 \pm     0.051558620
Delta =       0.39982632
----------------------------------------------
 
log_mbh - log_sigma - log_r_e_maj - mu_e_maj
 
Y|X
Y - <Y> = a + b0*(X0 - <X0>) + b1*(X1 - <X1>) + b2*(X2 - <X2>) + epsilon
<X0> =       2.36212
<X1> =      0.544402
<X2> =       17.9667
<Y> =       8.55947
a =     -0.043230074 \pm       3.4170140
b0 =        1.1782569 \pm       78.454891
b1 =        2.4257058 \pm       58.972153
b2 =      -0.59118124 \pm       16.696410
epsilon =       0.30834930 \pm     0.092177481
Delta =        1.4349588
----------------------------------------------
 
log_mbh - log_sigma - log_r_e_eq - mu_e_eq
 
Y|X
Y - <Y> = a + b0*(X0 - <X0>) + b1*(X1 - <X1>) + b2*(X2 - <X2>) + epsilon
<X0> =       2.36212
<X1> =      0.467665
<X2> =       17.8496
<Y> =       8.55947
a =     -0.020758539 \pm      0.78619794
b0 =        1.1298062 \pm       38.308514
b1 =        2.3544313 \pm       26.298465
b2 =      -0.55943068 \pm       7.3917189
epsilon =       0.30972432 \pm      0.10184894
Delta =        1.3210658
----------------------------------------------
 
log_mbh - log_sigma - log_r_e_maj - mu_0_maj
 
Y|X
Y - <Y> = a + b0*(X0 - <X0>) + b1*(X1 - <X1>) + b2*(X2 - <X2>) + epsilon
<X0> =       2.36212
<X1> =      0.544402
<X2> =       7.86310
<Y> =       8.55947
a =     0.0029233163 \pm     0.061848220
b0 =        3.2695324 \pm      0.77943751
b1 =       0.39359898 \pm      0.17458688
b2 =    -0.0027262752 \pm     0.029331766
epsilon =       0.35920171 \pm     0.051030455
Delta =       0.39398169
----------------------------------------------
 
log_mbh - log_sigma - log_r_e_eq - mu_0_eq
 
Y|X
Y - <Y> = a + b0*(X0 - <X0>) + b1*(X1 - <X1>) + b2*(X2 - <X2>) + epsilon
<X0> =       2.36212
<X1> =      0.467665
<X2> =       7.77813
<Y> =       8.55947
a =     0.0015750933 \pm     0.063638118
b0 =        3.4569557 \pm      0.76013412
b1 =       0.49885335 \pm      0.18846531
b2 =      0.026813432 \pm     0.030815131
epsilon =       0.36004232 \pm     0.052160908
Delta =       0.39763963
----------------------------------------------
 
log_mbh - log_sigma - log_r_e_maj - mag_sph
 
Y|X
Y - <Y> = a + b0*(X0 - <X0>) + b1*(X1 - <X1>) + b2*(X2 - <X2>) + epsilon
<X0> =       2.36212
<X1> =      0.544402
<X2> =      -24.4706
<Y> =       8.55947
a =     0.0034976270 \pm      0.10178401
b0 =        3.1336010 \pm       2.0666402
b1 =       0.16391163 \pm       1.5225542
b2 =      -0.10125908 \pm      0.69855375
epsilon =       0.35258891 \pm     0.056088608
Delta =       0.43661995
----------------------------------------------
 
log_mbh - log_sigma - log_r_e_eq - mag_sph
 
Y|X
Y - <Y> = a + b0*(X0 - <X0>) + b1*(X1 - <X1>) + b2*(X2 - <X2>) + epsilon
<X0> =       2.36212
<X1> =      0.467665
<X2> =      -24.4706
<Y> =       8.55947
a =     -0.017202552 \pm      0.37573028
b0 =        2.4312957 \pm       11.700347
b1 =      -0.27438428 \pm       5.2834631
b2 =      -0.31825154 \pm       2.6852150
epsilon =       0.33771057 \pm     0.066120573
Delta =       0.68587577
----------------------------------------------
 
log_mbh - log_sigma - log_r_e_maj - mag_tot
 
Y|X
Y - <Y> = a + b0*(X0 - <X0>) + b1*(X1 - <X1>) + b2*(X2 - <X2>) + epsilon
<X0> =       2.36212
<X1> =      0.544402
<X2> =      -24.8768
<Y> =       8.55947
a =      0.016757039 \pm     0.075491411
b0 =        3.2887595 \pm       1.5039005
b1 =       0.28872661 \pm      0.55601879
b2 =     -0.053249726 \pm      0.38336325
epsilon =       0.35809502 \pm     0.051066467
Delta =       0.40244871
----------------------------------------------
 
log_mbh - log_sigma - log_r_e_eq - mag_tot
 
Y|X
Y - <Y> = a + b0*(X0 - <X0>) + b1*(X1 - <X1>) + b2*(X2 - <X2>) + epsilon
<X0> =       2.36212
<X1> =      0.467665
<X2> =      -24.8768
<Y> =       8.55947
a =      0.013598065 \pm     0.065001110
b0 =        3.3423183 \pm       1.2199577
b1 =       0.24248748 \pm      0.40572213
b2 =     -0.081726905 \pm      0.27132821
epsilon =       0.36325780 \pm     0.051639856
Delta =       0.41121805
----------------------------------------------
 
log_mbh - log_sigma - log_n_maj - mu_e_maj
 
Y|X
Y - <Y> = a + b0*(X0 - <X0>) + b1*(X1 - <X1>) + b2*(X2 - <X2>) + epsilon
<X0> =       2.36212
<X1> =      0.617860
<X2> =       17.9667
<Y> =       8.55947
a =     0.0068413597 \pm      0.96210838
b0 =        3.8420989 \pm       21.808075
b1 =      -0.46390754 \pm       87.979353
b2 =       0.16471413 \pm       8.3061715
epsilon =       0.34286651 \pm     0.079047119
Delta =       0.54281239
----------------------------------------------
 
log_mbh - log_sigma - log_n_eq - mu_e_eq
 
