log_mbh - log_sigma
 
Y|X
Y - <Y> = a + b*(X - <X>) + epsilon
<X> =       2.29697
<Y> =       8.16074
a =      0.014281975 \pm     0.053270933
b =        5.2197476 \pm      0.35239111
epsilon =       0.38841601 \pm     0.042897575
Delta =       0.42548249
----------------------------------------------
 
log_mbh - mag_sph
 
Y|X
Y - <Y> = a + b*(X - <X>) + epsilon
<X> =      -23.8569
<Y> =       8.16074
a =    0.00010112448 \pm     0.070299720
b =      -0.42379819 \pm     0.040314639
epsilon =       0.50478184 \pm     0.056541075
Delta =       0.56227823
----------------------------------------------
 
log_mbh - mag_tot
 
Y|X
Y - <Y> = a + b*(X - <X>) + epsilon
<X> =      -24.7174
<Y> =       8.16074
a =     0.0043115444 \pm     0.088468428
b =      -0.54003355 \pm     0.077865702
epsilon =       0.67068228 \pm     0.067588390
Delta =       0.69878897
----------------------------------------------
 
log_mbh - log_r_e_maj
 
Y|X
Y - <Y> = a + b*(X - <X>) + epsilon
<X> =      0.280011
<Y> =       8.16074
a =     0.0065528296 \pm     0.075099428
b =        1.0538333 \pm      0.10927086
epsilon =       0.52030448 \pm     0.063324933
Delta =       0.60517776
----------------------------------------------
 
log_mbh - log_r_e_eq
 
Y|X
Y - <Y> = a + b*(X - <X>) + epsilon
<X> =      0.203454
<Y> =       8.16074
a =     0.0066052837 \pm     0.076157680
b =        1.0670702 \pm      0.11401951
epsilon =       0.52547541 \pm     0.063537204
Delta =       0.59779245
----------------------------------------------
 
log_mbh - log_n_maj
 
Y|X
Y - <Y> = a + b*(X - <X>) + epsilon
<X> =      0.488674
<Y> =       8.16074
a =     0.0026548824 \pm     0.077507513
b =        2.7669688 \pm      0.29734777
epsilon =       0.47237616 \pm     0.067180203
Delta =       0.62784826
----------------------------------------------
 
log_mbh - log_n_eq
 
Y|X
Y - <Y> = a + b*(X - <X>) + epsilon
<X> =      0.483695
<Y> =       8.16074
a =    -0.0049136975 \pm     0.085858020
b =        2.3893445 \pm      0.31077150
epsilon =       0.58573300 \pm     0.068469870
Delta =       0.66526275
----------------------------------------------
 
log_mbh - mu_e_maj
 
Y|X
Y - <Y> = a + b*(X - <X>) + epsilon
<X> =       17.0851
<Y> =       8.16074
a =      0.013119404 \pm     0.081681665
b =       0.33909892 \pm     0.041053927
epsilon =       0.55429492 \pm     0.070914568
Delta =       0.66188835
----------------------------------------------
 
log_mbh - mu_e_eq
 
Y|X
Y - <Y> = a + b*(X - <X>) + epsilon
<X> =       16.9861
<Y> =       8.16074
a =      0.011296700 \pm     0.085839471
b =       0.32751025 \pm     0.043626730
epsilon =       0.59885019 \pm     0.072469582
Delta =       0.68643427
----------------------------------------------
 
log_mbh - mu_0_maj
 
Y|X
Y - <Y> = a + b*(X - <X>) + epsilon
<X> =       9.01014
<Y> =       8.16074
a =    -0.0013239786 \pm     0.087247621
b =      -0.17449512 \pm     0.025904209
epsilon =       0.67914850 \pm     0.068024827
Delta =       0.70438197
----------------------------------------------
 
log_mbh - mu_0_eq
 
Y|X
Y - <Y> = a + b*(X - <X>) + epsilon
<X> =       9.02918
<Y> =       8.16074
a =    -0.0012535884 \pm     0.096858884
b =      -0.16218976 \pm     0.029626335
epsilon =       0.74502922 \pm     0.073423104
Delta =       0.75986148
----------------------------------------------
 
