log_mbh - log_sigma - log_r_e_maj - log_n_maj
 
Y|X
Y - <Y> = a + b0*(X0 - <X0>) + b1*(X1 - <X1>) + b2*(X2 - <X2>) + epsilon
<X0> =       2.39209
<X1> =      0.959402
<X2> =      0.757515
<Y> =       8.79950
a =      0.029114625 \pm      0.55150133
b0 =        1.9596002 \pm       9.3930337
b1 =       0.35777157 \pm       4.8974683
b2 =        1.2795888 \pm       22.816448
epsilon =       0.36295726 \pm     0.091957516
Delta =       0.45346007
----------------------------------------------
 
log_mbh - log_sigma - log_r_e_eq - log_n_eq
 
Y|X
Y - <Y> = a + b0*(X0 - <X0>) + b1*(X1 - <X1>) + b2*(X2 - <X2>) + epsilon
<X0> =       2.39209
<X1> =      0.959402
<X2> =      0.769749
<Y> =       8.79950
a =     0.0043473109 \pm      0.11903173
b0 =        2.4632214 \pm       3.5880742
b1 =       0.58491319 \pm      0.65612772
b2 =      -0.21808515 \pm       6.2683528
epsilon =       0.38638962 \pm     0.081587917
Delta =       0.42206185
----------------------------------------------
 
log_mbh - log_sigma - log_r_e_maj - mu_e_maj
 
Y|X
Y - <Y> = a + b0*(X0 - <X0>) + b1*(X1 - <X1>) + b2*(X2 - <X2>) + epsilon
<X0> =       2.39209
<X1> =      0.959402
<X2> =       19.1895
<Y> =       8.79950
a =     -0.028980973 \pm       1.1208806
b0 =       0.52974962 \pm       26.561454
b1 =        2.5154992 \pm       24.744484
b2 =      -0.56694192 \pm       7.5168940
epsilon =       0.33949654 \pm      0.10989528
Delta =       0.87876644
----------------------------------------------
 
log_mbh - log_sigma - log_r_e_eq - mu_e_eq
 
Y|X
Y - <Y> = a + b0*(X0 - <X0>) + b1*(X1 - <X1>) + b2*(X2 - <X2>) + epsilon
<X0> =       2.39209
<X1> =      0.878475
<X2> =       19.1015
<Y> =       8.79950
a =     -0.018610729 \pm      0.93760001
b0 =      -0.16739639 \pm       89.094089
b1 =        2.7690280 \pm       59.292978
b2 =      -0.63467245 \pm       16.064193
epsilon =       0.35522231 \pm      0.11461368
Delta =       0.84994707
----------------------------------------------
 
log_mbh - log_sigma - log_r_e_maj - mu_0_maj
 
Y|X
Y - <Y> = a + b0*(X0 - <X0>) + b1*(X1 - <X1>) + b2*(X2 - <X2>) + epsilon
<X0> =       2.39209
<X1> =      0.959402
<X2> =       6.48570
<Y> =       8.79950
a =    -0.0049592674 \pm     0.085633349
b0 =        2.4607504 \pm       1.2453435
b1 =       0.54432896 \pm      0.36655918
b2 =     -0.011204943 \pm     0.035162851
epsilon =       0.40121948 \pm     0.073243127
Delta =       0.42289962
----------------------------------------------
 
log_mbh - log_sigma - log_r_e_eq - mu_0_eq
 
Y|X
Y - <Y> = a + b0*(X0 - <X0>) + b1*(X1 - <X1>) + b2*(X2 - <X2>) + epsilon
<X0> =       2.39209
<X1> =      0.878475
<X2> =       6.25548
<Y> =       8.79950
a =    -0.0096981215 \pm     0.089476893
b0 =        2.7010257 \pm       1.3801279
b1 =       0.69096979 \pm      0.50291716
b2 =      0.026546436 \pm     0.036979598
epsilon =       0.40996980 \pm     0.075321349
Delta =       0.43131633
----------------------------------------------
 
log_mbh - log_sigma - log_r_e_maj - mag_sph
 
Y|X
Y - <Y> = a + b0*(X0 - <X0>) + b1*(X1 - <X1>) + b2*(X2 - <X2>) + epsilon
<X0> =       2.39209
<X1> =      0.959402
<X2> =      -25.4554
<Y> =       8.79950
a =     -0.012074795 \pm       1.0181068
b0 =       -1.5128786 \pm       62.413605
b1 =      -0.66383077 \pm       15.655280
b2 =      -0.78899913 \pm       10.797076
epsilon =       0.34685593 \pm     0.098101345
Delta =        1.0092762
----------------------------------------------
 
log_mbh - log_sigma - log_r_e_eq - mag_sph
 
Y|X
Y - <Y> = a + b0*(X0 - <X0>) + b1*(X1 - <X1>) + b2*(X2 - <X2>) + epsilon
<X0> =       2.39209
<X1> =      0.878475
<X2> =      -25.4554
<Y> =       8.79950
a =     0.0083344059 \pm      0.21162042
b0 =       -3.3722664 \pm       12.278929
b1 =       -1.6935904 \pm       4.7776675
b2 =       -1.1988916 \pm       2.3690582
epsilon =       0.32474390 \pm      0.10389999
Delta =        1.4574243
----------------------------------------------
 
log_mbh - log_sigma - log_r_e_maj - mag_tot
 
Y|X
Y - <Y> = a + b0*(X0 - <X0>) + b1*(X1 - <X1>) + b2*(X2 - <X2>) + epsilon
<X0> =       2.39209