log_r_e_maj - log_sigma - mu_e_maj
 
Y|X
Y - <Y> = a + b0*(X0 - <X0>) + b1*(X1 - <X1>) + epsilon
<X0> =       2.39209
<X1> =       19.1015
<Y> =      0.878475
a =     0.0071100392 \pm     0.044325820
b0 =        1.5343217 \pm      0.50222342
b1 =       0.27104517 \pm     0.054269908
epsilon =      0.064065918 \pm     0.039366881
Delta =       0.10413945
----------------------------------------------
 
log_r_e_eq - log_sigma - mu_e_eq
 
Y|X
Y - <Y> = a + b0*(X0 - <X0>) + b1*(X1 - <X1>) + epsilon
<X0> =       2.39209
<X1> =       19.1015
<Y> =      0.878475
a =      0.014115462 \pm     0.045284590
b0 =        1.5457914 \pm      0.52570131
b1 =       0.26550109 \pm     0.055185043
epsilon =      0.066834528 \pm     0.042912844
Delta =       0.10561237
----------------------------------------------
 
mag_sph - log_sigma - log_r_e_maj
 
Y|X
Y - <Y> = a + b0*(X0 - <X0>) + b1*(X1 - <X1>) + epsilon
<X0> =       2.39209
<X1> =      0.959402
<Y> =      -25.4554
a =     -0.035251672 \pm     0.088488178
b0 =       -5.0311047 \pm       1.2926923
b1 =       -1.5351143 \pm      0.31143993
epsilon =       0.24434967 \pm     0.089256949
Delta =       0.30785787
----------------------------------------------
 
mag_sph - log_sigma - log_r_e_eq
 
Y|X
Y - <Y> = a + b0*(X0 - <X0>) + b1*(X1 - <X1>) + epsilon
<X0> =       2.39209
<X1> =      0.878475
<Y> =      -25.4554
a =    -0.0057975309 \pm     0.089972785
b0 =       -4.9657432 \pm       1.3762305
b1 =       -1.8856304 \pm      0.40062551
epsilon =       0.23297947 \pm      0.10277055
Delta =       0.29170987
----------------------------------------------
 
log_mbh - log_sigma - log_r_e_maj
 
Y|X
Y - <Y> = a + b0*(X0 - <X0>) + b1*(X1 - <X1>) + epsilon
<X0> =       2.39209
<X1> =      0.959402
<Y> =       8.79950
a =     0.0013282816 \pm     0.084063103
b0 =        2.4228408 \pm       1.3101228
b1 =       0.59895889 \pm      0.35204328
epsilon =       0.39246036 \pm     0.070345506
Delta =       0.41447333
----------------------------------------------
 
log_mbh - log_sigma - log_r_e_eq
 
Y|X
Y - <Y> = a + b0*(X0 - <X0>) + b1*(X1 - <X1>) + epsilon
<X0> =       2.39209
<X1> =      0.878475
<Y> =       8.79950
a =    -0.0085377668 \pm     0.087453772
b0 =        2.7025030 \pm       1.4324855
b1 =       0.58685141 \pm      0.47118616
epsilon =       0.40887309 \pm     0.071205000
Delta =       0.42267638
----------------------------------------------
 
log_mbh - log_sigma - mag_sph
 
Y|X
Y - <Y> = a + b0*(X0 - <X0>) + b1*(X1 - <X1>) + epsilon
<X0> =       2.39209
<X1> =      -25.4554
<Y> =       8.79950
a =    -0.0070406932 \pm     0.081966850
b0 =      -0.48236720 \pm       2.4717724
b1 =      -0.46990629 \pm      0.23097727
epsilon =       0.36341515 \pm     0.069128984
Delta =       0.41650674
----------------------------------------------
 
log_mbh - log_sigma - mag_tot
 
Y|X
Y - <Y> = a + b0*(X0 - <X0>) + b1*(X1 - <X1>) + epsilon
<X0> =       2.39209
<X1> =      -25.5024
<Y> =       8.79950
a =    0.00085402618 \pm     0.079988991
b0 =        1.2159567 \pm       1.5967457
b1 =      -0.33474088 \pm      0.16192720
epsilon =       0.38569718 \pm     0.069101915
Delta =       0.40306165
----------------------------------------------
 
log_mbh - log_sigma - log_n_maj
 
Y|X
Y - <Y> = a + b0*(X0 - <X0>) + b1*(X1 - <X1>) + epsilon
<X0> =       2.39209
<X1> =      0.757515
<Y> =       8.79950
a =      0.057372173 \pm      0.27768816
b0 =        1.2144494 \pm       7.8938901
b1 =        2.9379840 \pm       7.2840210
epsilon =       0.37568052 \pm     0.099605535
Delta =       0.52488955
----------------------------------------------
 
log_mbh - log_sigma - log_n_eq
 
Y|X
Y - <Y> = a + b0*(X0 - <X0>) + b1*(X1 - <X1>) + epsilon
<X0> =       2.39209
<X1> =      0.769749
<Y> =       8.79950
a =      0.010095322 \pm       74.013662
b0 =        3.7807502 \pm       3021.8039
b1 =       0.41254415 \pm       4258.2296
epsilon =       0.40959778 \pm     0.085871709
Delta =       0.45679429
----------------------------------------------
 
log_mbh - log_sigma - mu_e_maj
 
Y|X
Y - <Y> = a + b0*(X0 - <X0>) + b1*(X1 - <X1>) + epsilon
<X0> =       2.39209
<X1> =       19.1895
<Y> =       8.79950
a =    0.00026102015 \pm     0.087373373
b0 =        3.3347337 \pm       1.0409442
b1 =       0.13926743 \pm      0.11115316
epsilon =       0.40603693 \pm     0.071742325
Delta =       0.42397390
----------------------------------------------
 
log_mbh - log_sigma - mu_e_eq
 
Y|X
Y - <Y> = a + b0*(X0 - <X0>) + b1*(X1 - <X1>) + epsilon
<X0> =       2.39209
<X1> =       19.1015
<Y> =       8.79950
a =    -0.0022832367 \pm     0.088773618
b0 =        3.7793758 \pm      0.96103488
b1 =      0.088629477 \pm      0.14914907
epsilon =       0.42148701 \pm     0.073429066
Delta =       0.44222345
----------------------------------------------
 
log_mbh - log_sigma - mu_0_maj
 
Y|X
Y - <Y> = a + b0*(X0 - <X0>) + b1*(X1 - <X1>) + epsilon
<X0> =       2.39209
<X1> =       6.48570
<Y> =       8.79950
a =   -0.00018756860 \pm     0.086442242
b0 =        3.5631630 \pm      0.96084875
b1 =     -0.032413737 \pm     0.031723656
epsilon =       0.42183160 \pm     0.072573959
Delta =       0.44377794
----------------------------------------------
 
log_mbh - log_sigma - mu_0_eq
 
Y|X
Y - <Y> = a + b0*(X0 - <X0>) + b1*(X1 - <X1>) + epsilon
<X0> =       2.39209
<X1> =       6.25548
<Y> =       8.79950
a =    0.00030857525 \pm     0.087059475
b0 =        4.0454982 \pm      0.86925311
b1 =     0.0053829382 \pm     0.033898311
epsilon =       0.43080432 \pm     0.075222534
Delta =       0.45819735
----------------------------------------------
 
log_mbh - mu_e_maj - log_r_e_maj
 
Y|X
Y - <Y> = a + b0*(X0 - <X0>) + b1*(X1 - <X1>) + epsilon
<X0> =       19.1895
<X1> =      0.959402
<Y> =       8.79950
a =     -0.073664442 \pm       1.3768809
b0 =       -1.0051509 \pm       13.667108
b1 =        3.7688095 \pm       34.033774
epsilon =       0.37773109 \pm      0.15134535
Delta =       0.52833989
----------------------------------------------
 
log_mbh - mu_e_eq - log_r_e_eq
 
Y|X
Y - <Y> = a + b0*(X0 - <X0>) + b1*(X1 - <X1>) + epsilon
<X0> =       19.1015
<X1> =      0.878475
<Y> =       8.79950
a =     -0.075121980 \pm       37.538478
b0 =       -1.1093324 \pm       761.44034
b1 =        3.9247013 \pm       1850.0302
epsilon =       0.38083423 \pm      0.15529639
Delta =       0.52239077
----------------------------------------------
 
