log_mbh - log_sigma
 
Y|X
Y - <Y> = a + b*(X - <X>) + epsilon
<X> =       2.36212
<Y> =       8.55947
a =     0.0087539993 \pm     0.068462820
b =        4.8804382 \pm      0.62264315
epsilon =       0.41012583 \pm     0.054928893
Delta =       0.43818129
----------------------------------------------
 
log_mbh - mag_sph
 
Y|X
Y - <Y> = a + b*(X - <X>) + epsilon
<X> =      -24.4706
<Y> =       8.55947
a =    -0.0054285224 \pm     0.070554938
b =      -0.32060039 \pm     0.043930804
epsilon =       0.41676784 \pm     0.057187234
Delta =       0.45889028
----------------------------------------------
 
log_mbh - mag_tot
 
Y|X
Y - <Y> = a + b*(X - <X>) + epsilon
<X> =      -24.8768
<Y> =       8.55947
a =     0.0057245290 \pm     0.070442269
b =      -0.42108642 \pm     0.057081492
epsilon =       0.42714526 \pm     0.056909702
Delta =       0.44853655
----------------------------------------------
 
log_mbh - log_r_e_maj
 
Y|X
Y - <Y> = a + b*(X - <X>) + epsilon
<X> =      0.544402
<Y> =       8.55947
a =     0.0035078182 \pm     0.076907961
b =       0.76404041 \pm      0.12107420
epsilon =       0.45410058 \pm     0.065070464
Delta =       0.51991519
----------------------------------------------
 
log_mbh - log_r_e_eq
 
Y|X
Y - <Y> = a + b*(X - <X>) + epsilon
<X> =      0.467665
<Y> =       8.55947
a =    -0.0037317047 \pm     0.081459157
b =       0.77696894 \pm      0.13337730
epsilon =       0.47846745 \pm     0.066878913
Delta =       0.53554520
----------------------------------------------
 
log_mbh - log_n_maj
 
Y|X
Y - <Y> = a + b*(X - <X>) + epsilon
<X> =      0.617860
<Y> =       8.55947
a =      0.012614843 \pm     0.088970738
b =        2.1287696 \pm      0.44370328
epsilon =       0.49711662 \pm     0.075974602
Delta =       0.59513944
----------------------------------------------
 
log_mbh - log_n_eq
 
Y|X
Y - <Y> = a + b*(X - <X>) + epsilon
<X> =      0.616307
<Y> =       8.55947
a =    -0.0045936196 \pm     0.094697270
b =        1.7643837 \pm      0.44390537
epsilon =       0.55653491 \pm     0.075605425
Delta =       0.62468806
----------------------------------------------
 
log_mbh - mu_e_maj
 
Y|X
Y - <Y> = a + b*(X - <X>) + epsilon
<X> =       17.9667
<Y> =       8.55947
a =      0.012024589 \pm     0.086360454
b =       0.24050829 \pm     0.047945044
epsilon =       0.50604073 \pm     0.073304099
Delta =       0.58147011
----------------------------------------------
 
log_mbh - mu_e_eq
 
Y|X
Y - <Y> = a + b*(X - <X>) + epsilon
<X> =       17.8496
<Y> =       8.55947
a =     0.0051800807 \pm     0.093770885
b =       0.21704293 \pm     0.054265570
epsilon =       0.55905568 \pm     0.076340692
Delta =       0.62297915
----------------------------------------------
 
log_mbh - mu_0_maj
 
Y|X
Y - <Y> = a + b*(X - <X>) + epsilon
<X> =       7.86310
<Y> =       8.55947
a =     0.0020191590 \pm     0.090670549
b =      -0.12117940 \pm     0.027988673
epsilon =       0.56356588 \pm     0.071815753
Delta =       0.59360883
----------------------------------------------
 
log_mbh - mu_0_eq
 
Y|X
Y - <Y> = a + b*(X - <X>) + epsilon
<X> =       7.77813
<Y> =       8.55947
a =     0.0071482932 \pm     0.099181741
b =     -0.093397912 \pm     0.032311857
epsilon =       0.63286585 \pm     0.077938334
Delta =       0.65748618
----------------------------------------------
 
