Input ellipse file:  n2974_op_mos_nobrightstar_galfitsky_logscale.ell
Excluded data:  []
Axis Used:  maj
x-Axis units: pixel
pixels to arcsec scale:  1.2232836
Settings.zeropoint:  17.25585
Sky RMS:  0.03
Delta:  0.0133753145886
Convolution done?  True
PSF:  gaussian
Fit weighted with errors?  False
--------------------------------------------
Results from fit:
--------------------------------------------
Number of iterations: 252
Chisq:  2.91460998054e-06
Reduced chisq:  6.77816274543e-08
N_free:  43
Component 1: sersic.
R_e [pixel] =  8.23 +/- 0.19 	[initial value = 8.3 ]
mu_e [mag/pixel^2] =  15.63 +/- 0.03 	 [initial value = 15.6 ]
n =  1.49 +/- 0.04        [initial value = 1.5 ]
b_n =  2.66
m_tot [mag] =  8.16

Component 2: disc.
h [pixel] =  27.30 +/- 0.00        [initial value = 27.3 ]
mu_0 [mag/pixel^2] =  16.74 +/- 0.00 	 [initial value = 16.74 ]
m_tot [mag] =  7.56

Component 3: ferrer.
R_out [pixel] =  33.65 +/- 3.00 	[initial value = 37.0 ]
mu_0 [mag/pixel^2] =  17.30 +/- 0.34 	 [initial value = 17.2 ]
alpha [pixel] =  2.45 +/- 1.15        [initial value = 3.38 ]
beta =  0.01 +/- 0.72        [initial value = 0.5 ]
m_tot [mag] = -99

Component 4: gring.
fwhm [pixel] =  9.38 +/- 4.07 	 [initial value = 7.4 ]
mu_0 [mag/pixel^2] =  21.94 +/- 0.36 	[initial value = 21.6 ]
R_0 [pixel] =  51.10 +/- 0.00 	[initial value = 51.1 ]
m_tot [mag] = -99

Component 5: gaussian.
fwhm [pixel] =  1.30 +/- 0.31 	 [initial value = 2.4 ]
mu_0 [mag/pixel^2] =  13.53 +/- 0.58 	[initial value = 13.7 ]
m_tot [mag] =  12.82

--------------------------------------------
--------------------------------------------

Input ellipse file:  n2974_op_mos_nobrightstar_galfitsky_logscale.ell
Excluded data:  []
Axis Used:  eq
x-Axis units: pixel
pixels to arcsec scale:  1.2232836
Settings.zeropoint:  17.25585
Sky RMS:  0.03
Delta:  0.012689594464
Convolution done?  True
PSF:  gaussian
Fit weighted with errors?  False
--------------------------------------------
Results from fit:
--------------------------------------------
Number of iterations: 494
Chisq:  1.98414920243e-06
Reduced chisq:  4.61430047076e-08
N_free:  43
Component 1: sersic.
R_e [pixel] =  6.77 +/- 0.00 	[initial value = 7.3 ]
mu_e [mag/pixel^2] =  15.66 +/- 0.00 	 [initial value = 15.6 ]
n =  1.58 +/- 0.00        [initial value = 1.3 ]
b_n =  2.84
m_tot [mag] =  8.60

Component 2: disc.
h [pixel] =  23.90 +/- 0.00        [initial value = 23.9 ]
mu_0 [mag/pixel^2] =  17.04 +/- 0.00 	 [initial value = 17.04 ]
m_tot [mag] =  8.15

Component 3: ferrer.
R_out [pixel] =  56.25 +/- 0.00 	[initial value = 58.0 ]
mu_0 [mag/pixel^2] =  15.84 +/- 0.00 	 [initial value = 17.7 ]
alpha [pixel] =  4.00 +/- 0.00        [initial value = 3.8 ]
beta =  1.34 +/- 0.00        [initial value = 0.5 ]
m_tot [mag] = -99

Component 4: gring.
fwhm [pixel] =  13.02 +/- 0.00 	 [initial value = 15.0 ]
mu_0 [mag/pixel^2] =  21.68 +/- 0.00 	[initial value = 21.7 ]
R_0 [pixel] =  38.80 +/- 0.00 	[initial value = 38.8 ]
m_tot [mag] = -99

Component 5: gaussian.
fwhm [pixel] =  1.44 +/- 0.00 	 [initial value = 3.0 ]
mu_0 [mag/pixel^2] =  14.03 +/- 0.00 	[initial value = 13.6 ]
m_tot [mag] =  13.10

--------------------------------------------
--------------------------------------------

Input ellipse file:  n2974_op_mos_nobrightstar_galfitsky_logscale.ell
Excluded data:  []
Axis Used:  maj
x-Axis units: pixel
pixels to arcsec scale:  1.2232836
Settings.zeropoint:  17.25585
Sky RMS:  0.03
Delta:  0.0130131916018
Convolution done?  True
PSF:  moffat
Fit weighted with errors?  False
--------------------------------------------
Results from fit:
--------------------------------------------
Number of iterations: 240
Chisq:  2.95030305204e-06
Reduced chisq:  6.86116988848e-08
N_free:  43
Component 1: sersic.
R_e [pixel] =  8.32 +/- 0.21 	[initial value = 8.3 ]
mu_e [mag/pixel^2] =  15.66 +/- 0.03 	 [initial value = 15.6 ]
n =  1.47 +/- 0.06        [initial value = 1.5 ]
b_n =  2.61
m_tot [mag] =  8.18

Component 2: disc.
h [pixel] =  27.30 +/- 0.00        [initial value = 27.3 ]
mu_0 [mag/pixel^2] =  16.74 +/- 0.00 	 [initial value = 16.74 ]
m_tot [mag] =  7.56

Component 3: ferrer.
R_out [pixel] =  34.26 +/- 3.83 	[initial value = 37.0 ]
mu_0 [mag/pixel^2] =  17.27 +/- 0.50 	 [initial value = 17.2 ]
alpha [pixel] =  2.62 +/- 1.57        [initial value = 3.38 ]
beta =  0.01 +/- 0.98        [initial value = 0.5 ]
m_tot [mag] = -99

Component 4: gring.
fwhm [pixel] =  9.61 +/- 3.72 	 [initial value = 7.4 ]
mu_0 [mag/pixel^2] =  21.92 +/- 0.33 	[initial value = 21.6 ]
R_0 [pixel] =  51.10 +/- 0.00 	[initial value = 51.1 ]
m_tot [mag] = -99

Component 5: gaussian.
fwhm [pixel] =  1.56 +/- 0.32 	 [initial value = 2.4 ]
mu_0 [mag/pixel^2] =  13.66 +/- 0.35 	[initial value = 13.7 ]
m_tot [mag] =  12.55

--------------------------------------------
--------------------------------------------

Input ellipse file:  n2974_op_mos_nobrightstar_galfitsky_logscale.ell
Excluded data:  []
Axis Used:  eq
x-Axis units: pixel
pixels to arcsec scale:  1.2232836
Settings.zeropoint:  17.25585
Sky RMS:  0.03
Delta:  0.0120937528221
Convolution done?  True
PSF:  moffat
Fit weighted with errors?  False
--------------------------------------------
Results from fit:
--------------------------------------------
Number of iterations: 531
Chisq:  1.64982940446e-06
Reduced chisq:  3.83681256851e-08
N_free:  43
Component 1: sersic.
R_e [pixel] =  6.98 +/- 0.00 	[initial value = 7.3 ]
mu_e [mag/pixel^2] =  15.74 +/- 0.00 	 [initial value = 15.6 ]
n =  1.50 +/- 0.00        [initial value = 1.3 ]
b_n =  2.68
m_tot [mag] =  8.64

Component 2: disc.
h [pixel] =  23.90 +/- 0.00        [initial value = 23.9 ]
mu_0 [mag/pixel^2] =  17.04 +/- 0.00 	 [initial value = 17.04 ]
m_tot [mag] =  8.15

Component 3: ferrer.
R_out [pixel] =  57.98 +/- 0.00 	[initial value = 58.0 ]
mu_0 [mag/pixel^2] =  15.73 +/- 0.00 	 [initial value = 17.7 ]
alpha [pixel] =  4.00 +/- 0.00        [initial value = 3.8 ]
beta =  1.39 +/- 0.00        [initial value = 0.5 ]
m_tot [mag] = -99

Component 4: gring.
fwhm [pixel] =  13.28 +/- 0.00 	 [initial value = 15.0 ]
mu_0 [mag/pixel^2] =  21.71 +/- 0.00 	[initial value = 21.7 ]
R_0 [pixel] =  38.80 +/- 0.00 	[initial value = 38.8 ]
m_tot [mag] = -99

Component 5: gaussian.
fwhm [pixel] =  1.93 +/- 0.00 	 [initial value = 3.0 ]
mu_0 [mag/pixel^2] =  13.98 +/- 0.00 	[initial value = 13.6 ]
m_tot [mag] =  12.42

--------------------------------------------
--------------------------------------------

Input ellipse file:  n2974_op_mos_nobrightstar_galfitsky_combscale.ell
Excluded data:  []
Axis Used:  maj
x-Axis units: pixel
pixels to arcsec scale:  1.2232836
Settings.zeropoint:  17.25585
Sky RMS:  0.03
Delta:  0.018226294131
Convolution done?  True
PSF:  gaussian
Fit weighted with errors?  False
--------------------------------------------
Results from fit:
--------------------------------------------
Number of iterations: 181
Chisq:  1.75297586362e-05
Reduced chisq:  2.36888630219e-07
N_free:  74
Component 1: sersic.
R_e [pixel] =  8.17 +/- 0.40 	[initial value = 8.3 ]
mu_e [mag/pixel^2] =  15.61 +/- 0.04 	 [initial value = 15.6 ]
n =  1.46 +/- 0.11        [initial value = 1.5 ]
b_n =  2.58
m_tot [mag] =  8.17

Component 2: disc.
h [pixel] =  27.30 +/- 0.00        [initial value = 27.3 ]
mu_0 [mag/pixel^2] =  16.74 +/- 0.00 	 [initial value = 16.74 ]
m_tot [mag] =  7.56

Component 3: ferrer.
R_out [pixel] =  37.16 +/- 6.62 	[initial value = 37.0 ]
mu_0 [mag/pixel^2] =  17.21 +/- 0.35 	 [initial value = 17.2 ]
alpha [pixel] =  3.31 +/- 2.11        [initial value = 3.38 ]
beta =  0.01 +/- 0.20        [initial value = 0.5 ]
m_tot [mag] = -99

Component 4: gring.
fwhm [pixel] =  7.71 +/- 1.38 	 [initial value = 7.4 ]
mu_0 [mag/pixel^2] =  21.71 +/- 0.25 	[initial value = 21.6 ]
R_0 [pixel] =  51.10 +/- 0.00 	[initial value = 51.1 ]
m_tot [mag] = -99

Component 5: gaussian.
fwhm [pixel] =  2.82 +/- 1.16 	 [initial value = 2.4 ]
mu_0 [mag/pixel^2] =  14.41 +/- 0.87 	[initial value = 13.7 ]
m_tot [mag] =  12.02

--------------------------------------------
--------------------------------------------

Input ellipse file:  n2974_op_mos_nobrightstar_galfitsky_combscale.ell
Excluded data:  []
Axis Used:  eq
x-Axis units: pixel
pixels to arcsec scale:  1.2232836
Settings.zeropoint:  17.25585
Sky RMS:  0.03
Delta:  0.0142370509546
Convolution done?  True
PSF:  gaussian
Fit weighted with errors?  False
--------------------------------------------
Results from fit:
--------------------------------------------
Number of iterations: 190
Chisq:  6.68824414629e-06
Reduced chisq:  9.03816776526e-08
N_free:  74
Component 1: sersic.
R_e [pixel] =  6.83 +/- 0.64 	[initial value = 7.3 ]
mu_e [mag/pixel^2] =  15.61 +/- 0.09 	 [initial value = 15.6 ]
n =  1.22 +/- 0.08        [initial value = 1.3 ]
b_n =  2.12
m_tot [mag] =  8.65

Component 2: disc.
h [pixel] =  23.90 +/- 0.00        [initial value = 23.9 ]
mu_0 [mag/pixel^2] =  17.04 +/- 0.00 	 [initial value = 17.04 ]
m_tot [mag] =  8.15

Component 3: ferrer.
R_out [pixel] =  49.63 +/- 24.93 	[initial value = 58.0 ]
mu_0 [mag/pixel^2] =  16.26 +/- 0.90 	 [initial value = 17.7 ]
alpha [pixel] =  2.71 +/- 3.06        [initial value = 3.8 ]
beta =  1.39 +/- 0.60        [initial value = 0.5 ]
m_tot [mag] = -99

Component 4: gring.
fwhm [pixel] =  14.30 +/- 2.31 	 [initial value = 15.0 ]
mu_0 [mag/pixel^2] =  21.43 +/- 0.68 	[initial value = 21.7 ]
R_0 [pixel] =  38.80 +/- 0.00 	[initial value = 38.8 ]
m_tot [mag] = -99

Component 5: gaussian.
fwhm [pixel] =  3.48 +/- 0.14 	 [initial value = 3.0 ]
mu_0 [mag/pixel^2] =  14.04 +/- 0.11 	[initial value = 13.6 ]
m_tot [mag] =  11.19

--------------------------------------------
--------------------------------------------

Input ellipse file:  n2974_op_mos_nobrightstar_galfitsky_combscale.ell
Excluded data:  []
Axis Used:  maj
x-Axis units: pixel
pixels to arcsec scale:  1.2232836
Settings.zeropoint:  17.25585
Sky RMS:  0.03
Delta:  0.0183754208696
Convolution done?  True
PSF:  moffat
Fit weighted with errors?  False
--------------------------------------------
Results from fit:
--------------------------------------------
Number of iterations: 860
Chisq:  1.83105146211e-05
Reduced chisq:  2.47439386771e-07
N_free:  74
Component 1: sersic.
R_e [pixel] =  8.21 +/- 0.00 	[initial value = 8.3 ]
mu_e [mag/pixel^2] =  15.62 +/- 0.00 	 [initial value = 15.6 ]
n =  1.44 +/- 0.00        [initial value = 1.5 ]
b_n =  2.56
m_tot [mag] =  8.18

Component 2: disc.
h [pixel] =  27.30 +/- 0.00        [initial value = 27.3 ]
mu_0 [mag/pixel^2] =  16.74 +/- 0.00 	 [initial value = 16.74 ]
m_tot [mag] =  7.56

Component 3: ferrer.
R_out [pixel] =  37.66 +/- 0.00 	[initial value = 37.0 ]
mu_0 [mag/pixel^2] =  17.20 +/- 0.00 	 [initial value = 17.2 ]
alpha [pixel] =  3.47 +/- 0.00        [initial value = 3.38 ]
beta =  0.01 +/- 0.00        [initial value = 0.5 ]
m_tot [mag] = -99

Component 4: gring.
fwhm [pixel] =  7.71 +/- 0.00 	 [initial value = 7.4 ]
mu_0 [mag/pixel^2] =  21.70 +/- 0.00 	[initial value = 21.6 ]
R_0 [pixel] =  51.10 +/- 0.00 	[initial value = 51.1 ]
m_tot [mag] = -99

Component 5: gaussian.
fwhm [pixel] =  2.95 +/- 0.00 	 [initial value = 2.4 ]
mu_0 [mag/pixel^2] =  14.34 +/- 0.00 	[initial value = 13.7 ]
m_tot [mag] =  11.85

--------------------------------------------
--------------------------------------------

Input ellipse file:  n2974_op_mos_nobrightstar_galfitsky_combscale.ell
Excluded data:  []
Axis Used:  eq
x-Axis units: pixel
pixels to arcsec scale:  1.2232836
Settings.zeropoint:  17.25585
Sky RMS:  0.03
Delta:  0.0141205703341
Convolution done?  True
PSF:  moffat
Fit weighted with errors?  False
--------------------------------------------
Results from fit:
--------------------------------------------
Number of iterations: 168
Chisq:  6.7068817838e-06
Reduced chisq:  9.0633537619e-08
N_free:  74
Component 1: sersic.
R_e [pixel] =  6.94 +/- 0.59 	[initial value = 7.3 ]
mu_e [mag/pixel^2] =  15.63 +/- 0.08 	 [initial value = 15.6 ]
n =  1.20 +/- 0.09        [initial value = 1.3 ]
b_n =  2.07
m_tot [mag] =  8.64

Component 2: disc.
h [pixel] =  23.90 +/- 0.00        [initial value = 23.9 ]
mu_0 [mag/pixel^2] =  17.04 +/- 0.00 	 [initial value = 17.04 ]
m_tot [mag] =  8.15

Component 3: ferrer.
R_out [pixel] =  46.04 +/- 12.56 	[initial value = 58.0 ]
mu_0 [mag/pixel^2] =  16.23 +/- 0.92 	 [initial value = 17.7 ]
alpha [pixel] =  2.23 +/- 1.61        [initial value = 3.8 ]
beta =  1.49 +/- 0.50        [initial value = 0.5 ]
m_tot [mag] = -99

Component 4: gring.
fwhm [pixel] =  13.98 +/- 2.66 	 [initial value = 15.0 ]
mu_0 [mag/pixel^2] =  21.34 +/- 0.39 	[initial value = 21.7 ]
R_0 [pixel] =  38.80 +/- 0.00 	[initial value = 38.8 ]
m_tot [mag] = -99

Component 5: gaussian.
fwhm [pixel] =  3.43 +/- 0.12 	 [initial value = 3.0 ]
mu_0 [mag/pixel^2] =  13.91 +/- 0.09 	[initial value = 13.6 ]
m_tot [mag] =  11.09

--------------------------------------------
--------------------------------------------

Input ellipse file:  n2974_op_mos_nobrightstar_galfitsky_logscale.ell
Excluded data:  []
Axis Used:  maj
x-Axis units: pixel
pixels to arcsec scale:  1.2232836
Settings.zeropoint:  17.25585
Sky RMS:  0.03
Delta:  0.0156194132332
Convolution done?  True
PSF:  gaussian
Fit weighted with errors?  False
--------------------------------------------
Results from fit:
--------------------------------------------
Number of iterations: 259
Chisq:  4.57024328006e-06
Reduced chisq:  1.06284727443e-07
N_free:  43
Component 1: sersic.
R_e [pixel] =  8.56 +/- 0.25 	[initial value = 8.3 ]
mu_e [mag/pixel^2] =  15.68 +/- 0.03 	 [initial value = 15.6 ]
n =  1.40 +/- 0.04        [initial value = 1.5 ]
b_n =  2.47
m_tot [mag] =  8.16

Component 2: disc.
h [pixel] =  27.30 +/- 0.00        [initial value = 27.3 ]
mu_0 [mag/pixel^2] =  16.74 +/- 0.00 	 [initial value = 16.74 ]
m_tot [mag] =  7.56

Component 3: ferrer.
R_out [pixel] =  32.76 +/- 2.94 	[initial value = 37.0 ]
mu_0 [mag/pixel^2] =  17.48 +/- 0.23 	 [initial value = 17.2 ]
alpha [pixel] =  2.17 +/- 0.81        [initial value = 3.38 ]
beta =  0.01 +/- 0.15        [initial value = 0.5 ]
m_tot [mag] = -99

Component 4: gring.
fwhm [pixel] =  9.70 +/- 4.94 	 [initial value = 7.4 ]
mu_0 [mag/pixel^2] =  21.90 +/- 0.40 	[initial value = 21.6 ]
R_0 [pixel] =  51.10 +/- 0.00 	[initial value = 51.1 ]
m_tot [mag] = -99

Component 5: gaussian.
fwhm [pixel] =  1.29 +/- 0.21 	 [initial value = 2.4 ]
mu_0 [mag/pixel^2] =  12.84 +/- 0.40 	[initial value = 13.7 ]
m_tot [mag] =  12.15

--------------------------------------------
--------------------------------------------

Input ellipse file:  n2974_op_mos_nobrightstar_galfitsky_logscale.ell
Excluded data:  []
Axis Used:  eq
x-Axis units: pixel
pixels to arcsec scale:  1.2232836
Settings.zeropoint:  17.25585
Sky RMS:  0.03
Delta:  0.0125047385575
Convolution done?  True
PSF:  gaussian
Fit weighted with errors?  False
--------------------------------------------
Results from fit:
--------------------------------------------
Number of iterations: 485
Chisq:  1.89709198793e-06
Reduced chisq:  4.4118418324e-08
N_free:  43
Component 1: sersic.
R_e [pixel] =  7.08 +/- 0.26 	[initial value = 7.3 ]
mu_e [mag/pixel^2] =  15.76 +/- 0.04 	 [initial value = 15.6 ]
n =  1.50 +/- 0.03        [initial value = 1.3 ]
b_n =  2.67
m_tot [mag] =  8.62

Component 2: disc.
h [pixel] =  23.90 +/- 0.00        [initial value = 23.9 ]
mu_0 [mag/pixel^2] =  17.04 +/- 0.00 	 [initial value = 17.04 ]
m_tot [mag] =  8.15

Component 3: ferrer.
R_out [pixel] =  58.67 +/- 9.65 	[initial value = 58.0 ]
mu_0 [mag/pixel^2] =  15.76 +/- 0.65 	 [initial value = 17.7 ]
alpha [pixel] =  4.00 +/- 1.05        [initial value = 3.8 ]
beta =  1.40 +/- 0.16        [initial value = 0.5 ]
m_tot [mag] = -99

Component 4: gring.
fwhm [pixel] =  13.13 +/- 2.68 	 [initial value = 15.0 ]
mu_0 [mag/pixel^2] =  21.75 +/- 0.26 	[initial value = 21.7 ]
R_0 [pixel] =  38.80 +/- 0.00 	[initial value = 38.8 ]
m_tot [mag] = -99

Component 5: gaussian.
fwhm [pixel] =  1.15 +/- 0.16 	 [initial value = 3.0 ]
mu_0 [mag/pixel^2] =  12.74 +/- 0.40 	[initial value = 13.6 ]
m_tot [mag] =  12.30

--------------------------------------------
--------------------------------------------

Input ellipse file:  n2974_op_mos_nobrightstar_galfitsky_logscale.ell
Excluded data:  []
Axis Used:  maj
x-Axis units: pixel
pixels to arcsec scale:  1.2232836
Settings.zeropoint:  17.25585
Sky RMS:  0.03
Delta:  0.0139717249981
Convolution done?  True
PSF:  moffat
Fit weighted with errors?  False
--------------------------------------------
Results from fit:
--------------------------------------------
Number of iterations: 191
Chisq:  3.59513141159e-06
Reduced chisq:  8.36077072462e-08
N_free:  43
Component 1: sersic.
R_e [pixel] =  8.66 +/- 0.29 	[initial value = 8.3 ]
mu_e [mag/pixel^2] =  15.73 +/- 0.05 	 [initial value = 15.6 ]
n =  1.39 +/- 0.08        [initial value = 1.5 ]
b_n =  2.45
m_tot [mag] =  8.19

Component 2: disc.
h [pixel] =  27.30 +/- 0.00        [initial value = 27.3 ]
mu_0 [mag/pixel^2] =  16.74 +/- 0.00 	 [initial value = 16.74 ]
m_tot [mag] =  7.56

Component 3: ferrer.
R_out [pixel] =  33.30 +/- 4.02 	[initial value = 37.0 ]
mu_0 [mag/pixel^2] =  17.42 +/- 0.79 	 [initial value = 17.2 ]
alpha [pixel] =  2.36 +/- 1.70        [initial value = 3.38 ]
beta =  0.02 +/- 1.49        [initial value = 0.5 ]
m_tot [mag] = -99

Component 4: gring.
fwhm [pixel] =  9.76 +/- 4.33 	 [initial value = 7.4 ]
mu_0 [mag/pixel^2] =  21.90 +/- 0.35 	[initial value = 21.6 ]
R_0 [pixel] =  51.10 +/- 0.00 	[initial value = 51.1 ]
m_tot [mag] = -99

Component 5: gaussian.
fwhm [pixel] =  1.46 +/- 0.23 	 [initial value = 2.4 ]
mu_0 [mag/pixel^2] =  12.97 +/- 0.29 	[initial value = 13.7 ]
m_tot [mag] =  12.02

--------------------------------------------
--------------------------------------------

Input ellipse file:  n2974_op_mos_nobrightstar_galfitsky_logscale.ell
Excluded data:  []
Axis Used:  eq
x-Axis units: pixel
pixels to arcsec scale:  1.2232836
Settings.zeropoint:  17.25585
Sky RMS:  0.03
Delta:  0.011559802156
Convolution done?  True
PSF:  moffat
Fit weighted with errors?  False
--------------------------------------------
Results from fit:
--------------------------------------------
Number of iterations: 590
Chisq:  1.44054143035e-06
Reduced chisq:  3.35009634966e-08
N_free:  43
Component 1: sersic.
R_e [pixel] =  7.46 +/- 0.31 	[initial value = 7.3 ]
mu_e [mag/pixel^2] =  15.81 +/- 0.04 	 [initial value = 15.6 ]
n =  1.40 +/- 0.03        [initial value = 1.3 ]
b_n =  2.47
m_tot [mag] =  8.60

Component 2: disc.
h [pixel] =  23.90 +/- 0.00        [initial value = 23.9 ]
mu_0 [mag/pixel^2] =  17.04 +/- 0.00 	 [initial value = 17.04 ]
m_tot [mag] =  8.15

Component 3: ferrer.
R_out [pixel] =  60.16 +/- 6.39 	[initial value = 58.0 ]
mu_0 [mag/pixel^2] =  16.33 +/- 0.83 	 [initial value = 17.7 ]
alpha [pixel] =  4.00 +/- 0.81        [initial value = 3.8 ]
beta =  1.33 +/- 0.21        [initial value = 0.5 ]
m_tot [mag] = -99

Component 4: gring.
fwhm [pixel] =  12.99 +/- 2.85 	 [initial value = 15.0 ]
mu_0 [mag/pixel^2] =  21.85 +/- 0.23 	[initial value = 21.7 ]
R_0 [pixel] =  38.80 +/- 0.00 	[initial value = 38.8 ]
m_tot [mag] = -99

Component 5: gaussian.
fwhm [pixel] =  1.68 +/- 0.12 	 [initial value = 3.0 ]
mu_0 [mag/pixel^2] =  13.22 +/- 0.09 	[initial value = 13.6 ]
m_tot [mag] =  11.95

--------------------------------------------
--------------------------------------------

Input ellipse file:  n2974_op_mos_nobrightstar_galfitsky_combscale.ell
Excluded data:  []
Axis Used:  maj
x-Axis units: pixel
pixels to arcsec scale:  1.2232836
Settings.zeropoint:  17.25585
Sky RMS:  0.03
Delta:  0.0185052956378
Convolution done?  True
PSF:  gaussian
Fit weighted with errors?  False
--------------------------------------------
Results from fit:
--------------------------------------------
Number of iterations: 192
Chisq:  1.92737267033e-05
Reduced chisq:  2.60455766261e-07
N_free:  74
Component 1: sersic.
R_e [pixel] =  8.18 +/- 0.37 	[initial value = 8.3 ]
mu_e [mag/pixel^2] =  15.62 +/- 0.04 	 [initial value = 15.6 ]
n =  1.45 +/- 0.10        [initial value = 1.5 ]
b_n =  2.58
m_tot [mag] =  8.18

Component 2: disc.
h [pixel] =  27.30 +/- 0.00        [initial value = 27.3 ]
mu_0 [mag/pixel^2] =  16.74 +/- 0.00 	 [initial value = 16.74 ]
m_tot [mag] =  7.56

Component 3: ferrer.
R_out [pixel] =  37.34 +/- 7.16 	[initial value = 37.0 ]
mu_0 [mag/pixel^2] =  17.20 +/- 0.39 	 [initial value = 17.2 ]
alpha [pixel] =  3.37 +/- 2.42        [initial value = 3.38 ]
beta =  0.01 +/- 0.46        [initial value = 0.5 ]
m_tot [mag] = -99

Component 4: gring.
fwhm [pixel] =  7.65 +/- 1.45 	 [initial value = 7.4 ]
mu_0 [mag/pixel^2] =  21.70 +/- 0.26 	[initial value = 21.6 ]
R_0 [pixel] =  51.10 +/- 0.00 	[initial value = 51.1 ]
m_tot [mag] = -99

Component 5: gaussian.
fwhm [pixel] =  2.27 +/- 0.80 	 [initial value = 2.4 ]
mu_0 [mag/pixel^2] =  13.82 +/- 0.61 	[initial value = 13.7 ]
m_tot [mag] =  11.91

--------------------------------------------
--------------------------------------------

Input ellipse file:  n2974_op_mos_nobrightstar_galfitsky_combscale.ell
Excluded data:  []
Axis Used:  eq
x-Axis units: pixel
pixels to arcsec scale:  1.2232836
Settings.zeropoint:  17.25585
Sky RMS:  0.03
Delta:  0.0144448333547
Convolution done?  True
PSF:  gaussian
Fit weighted with errors?  False
--------------------------------------------
Results from fit:
--------------------------------------------
Number of iterations: 201
Chisq:  7.26203620001e-06
Reduced chisq:  9.81356243244e-08
N_free:  74
Component 1: sersic.
R_e [pixel] =  6.84 +/- 0.43 	[initial value = 7.3 ]
mu_e [mag/pixel^2] =  15.59 +/- 0.09 	 [initial value = 15.6 ]
n =  1.24 +/- 0.08        [initial value = 1.3 ]
b_n =  2.15
m_tot [mag] =  8.62

Component 2: disc.
h [pixel] =  23.90 +/- 0.00        [initial value = 23.9 ]
mu_0 [mag/pixel^2] =  17.04 +/- 0.00 	 [initial value = 17.04 ]
m_tot [mag] =  8.15

Component 3: ferrer.
R_out [pixel] =  56.88 +/- 51.62 	[initial value = 58.0 ]
mu_0 [mag/pixel^2] =  16.71 +/- 1.08 	 [initial value = 17.7 ]
alpha [pixel] =  3.72 +/- 6.78        [initial value = 3.8 ]
beta =  1.14 +/- 0.86        [initial value = 0.5 ]
m_tot [mag] = -99

Component 4: gring.
fwhm [pixel] =  14.26 +/- 2.24 	 [initial value = 15.0 ]
mu_0 [mag/pixel^2] =  21.62 +/- 1.03 	[initial value = 21.7 ]
R_0 [pixel] =  38.80 +/- 0.00 	[initial value = 38.8 ]
m_tot [mag] = -99

Component 5: gaussian.
fwhm [pixel] =  3.07 +/- 0.15 	 [initial value = 3.0 ]
mu_0 [mag/pixel^2] =  13.78 +/- 0.09 	[initial value = 13.6 ]
m_tot [mag] =  11.21

--------------------------------------------
--------------------------------------------

Input ellipse file:  n2974_op_mos_nobrightstar_galfitsky_combscale.ell
Excluded data:  []
Axis Used:  maj
x-Axis units: pixel
pixels to arcsec scale:  1.2232836
Settings.zeropoint:  17.25585
Sky RMS:  0.03
Delta:  0.0186634960212
Convolution done?  True
PSF:  moffat
Fit weighted with errors?  False
--------------------------------------------
Results from fit:
--------------------------------------------
Number of iterations: 288
Chisq:  2.06454426922e-05
Reduced chisq:  2.78992468814e-07
N_free:  74
Component 1: sersic.
R_e [pixel] =  8.28 +/- 0.40 	[initial value = 8.3 ]
mu_e [mag/pixel^2] =  15.64 +/- 0.05 	 [initial value = 15.6 ]
n =  1.43 +/- 0.11        [initial value = 1.5 ]
b_n =  2.53
m_tot [mag] =  8.19

Component 2: disc.
h [pixel] =  27.30 +/- 0.00        [initial value = 27.3 ]
mu_0 [mag/pixel^2] =  16.74 +/- 0.00 	 [initial value = 16.74 ]
m_tot [mag] =  7.56

Component 3: ferrer.
R_out [pixel] =  36.99 +/- 6.88 	[initial value = 37.0 ]
mu_0 [mag/pixel^2] =  17.23 +/- 0.44 	 [initial value = 17.2 ]
alpha [pixel] =  3.28 +/- 2.03        [initial value = 3.38 ]
beta =  0.01 +/- 0.16        [initial value = 0.5 ]
m_tot [mag] = -99

Component 4: gring.
fwhm [pixel] =  7.60 +/- 1.51 	 [initial value = 7.4 ]
mu_0 [mag/pixel^2] =  21.68 +/- 0.27 	[initial value = 21.6 ]
R_0 [pixel] =  51.10 +/- 0.00 	[initial value = 51.1 ]
m_tot [mag] = -99

Component 5: gaussian.
fwhm [pixel] =  2.49 +/- 0.66 	 [initial value = 2.4 ]
mu_0 [mag/pixel^2] =  13.79 +/- 0.44 	[initial value = 13.7 ]
m_tot [mag] =  11.67

--------------------------------------------
--------------------------------------------

Input ellipse file:  n2974_op_mos_nobrightstar_galfitsky_combscale.ell
Excluded data:  []
Axis Used:  eq
x-Axis units: pixel
pixels to arcsec scale:  1.2232836
Settings.zeropoint:  17.25585
Sky RMS:  0.03
Delta:  0.0141826705805
Convolution done?  True
PSF:  moffat
Fit weighted with errors?  False
--------------------------------------------
Results from fit:
--------------------------------------------
Number of iterations: 326
Chisq:  7.12896617261e-06
Reduced chisq:  9.6337380711e-08
N_free:  74
Component 1: sersic.
R_e [pixel] =  6.92 +/- 0.48 	[initial value = 7.3 ]
mu_e [mag/pixel^2] =  15.63 +/- 0.10 	 [initial value = 15.6 ]
n =  1.20 +/- 0.09        [initial value = 1.3 ]
b_n =  2.07
m_tot [mag] =  8.65

Component 2: disc.
h [pixel] =  23.90 +/- 0.00        [initial value = 23.9 ]
mu_0 [mag/pixel^2] =  17.04 +/- 0.00 	 [initial value = 17.04 ]
m_tot [mag] =  8.15

Component 3: ferrer.
R_out [pixel] =  58.67 +/- 65.58 	[initial value = 58.0 ]
mu_0 [mag/pixel^2] =  16.70 +/- 1.01 	 [initial value = 17.7 ]
alpha [pixel] =  3.82 +/- 8.23        [initial value = 3.8 ]
beta =  1.15 +/- 0.92        [initial value = 0.5 ]
m_tot [mag] = -99

Component 4: gring.
fwhm [pixel] =  14.36 +/- 4.56 	 [initial value = 15.0 ]
mu_0 [mag/pixel^2] =  21.70 +/- 1.35 	[initial value = 21.7 ]
R_0 [pixel] =  38.80 +/- 0.00 	[initial value = 38.8 ]
m_tot [mag] = -99

Component 5: gaussian.
fwhm [pixel] =  3.10 +/- 0.15 	 [initial value = 3.0 ]
mu_0 [mag/pixel^2] =  13.63 +/- 0.08 	[initial value = 13.6 ]
m_tot [mag] =  11.04

--------------------------------------------
--------------------------------------------

Input ellipse file:  n2974_op_mos_nobrightstar_galfitsky_logscale.ell
Excluded data:  []
Axis Used:  maj
x-Axis units: pixel
pixels to arcsec scale:  1.2232836
Smoothing:  False sigma =  3.0
Zeropoint:  17.25585
Sky RMS:  0.03
Delta:  0.0156194132332
Convolution done?  True
PSF:  gaussian
Fit weighted with errors?  False
--------------------------------------------
Results from fit:
--------------------------------------------
Number of iterations: 259
Chisq:  4.57024328006e-06
Reduced chisq:  1.06284727443e-07
N_free:  43
Component 1: sersic.
R_e [pixel] =  8.56 +/- 0.25 	[initial value = 8.3 ]
mu_e [mag/pixel^2] =  15.68 +/- 0.03 	 [initial value = 15.6 ]
n =  1.40 +/- 0.04        [initial value = 1.5 ]
b_n =  2.47
m_tot [mag] =  8.16

Component 2: disc.
h [pixel] =  27.30 +/- 0.00        [initial value = 27.3 ]
mu_0 [mag/pixel^2] =  16.74 +/- 0.00 	 [initial value = 16.74 ]
m_tot [mag] =  7.56

Component 3: ferrer.
R_out [pixel] =  32.76 +/- 2.94 	[initial value = 37.0 ]
mu_0 [mag/pixel^2] =  17.48 +/- 0.23 	 [initial value = 17.2 ]
alpha [pixel] =  2.17 +/- 0.81        [initial value = 3.38 ]
beta =  0.01 +/- 0.15        [initial value = 0.5 ]
m_tot [mag] = -99

Component 4: gring.
fwhm [pixel] =  9.70 +/- 4.94 	 [initial value = 7.4 ]
mu_0 [mag/pixel^2] =  21.90 +/- 0.40 	[initial value = 21.6 ]
R_0 [pixel] =  51.10 +/- 0.00 	[initial value = 51.1 ]
m_tot [mag] = -99

Component 5: gaussian.
fwhm [pixel] =  1.29 +/- 0.21 	 [initial value = 2.4 ]
mu_0 [mag/pixel^2] =  12.84 +/- 0.40 	[initial value = 13.7 ]
m_tot [mag] =  12.15

--------------------------------------------
--------------------------------------------

Input ellipse file:  n2974_op_mos_nobrightstar_galfitsky_logscale.ell
Excluded data:  []
Axis Used:  eq
x-Axis units: pixel
pixels to arcsec scale:  1.2232836
Smoothing:  False sigma =  3.0
Zeropoint:  17.25585
Sky RMS:  0.03
Delta:  0.0125047385575
Convolution done?  True
PSF:  gaussian
Fit weighted with errors?  False
--------------------------------------------
Results from fit:
--------------------------------------------
Number of iterations: 485
Chisq:  1.89709198793e-06
Reduced chisq:  4.4118418324e-08
N_free:  43
Component 1: sersic.
R_e [pixel] =  7.08 +/- 0.26 	[initial value = 7.3 ]
mu_e [mag/pixel^2] =  15.76 +/- 0.04 	 [initial value = 15.6 ]
n =  1.50 +/- 0.03        [initial value = 1.3 ]
b_n =  2.67
m_tot [mag] =  8.62

Component 2: disc.
h [pixel] =  23.90 +/- 0.00        [initial value = 23.9 ]
mu_0 [mag/pixel^2] =  17.04 +/- 0.00 	 [initial value = 17.04 ]
m_tot [mag] =  8.15

Component 3: ferrer.
R_out [pixel] =  58.67 +/- 9.65 	[initial value = 58.0 ]
mu_0 [mag/pixel^2] =  15.76 +/- 0.65 	 [initial value = 17.7 ]
alpha [pixel] =  4.00 +/- 1.05        [initial value = 3.8 ]
beta =  1.40 +/- 0.16        [initial value = 0.5 ]
m_tot [mag] = -99

Component 4: gring.
fwhm [pixel] =  13.13 +/- 2.68 	 [initial value = 15.0 ]
mu_0 [mag/pixel^2] =  21.75 +/- 0.26 	[initial value = 21.7 ]
R_0 [pixel] =  38.80 +/- 0.00 	[initial value = 38.8 ]
m_tot [mag] = -99

Component 5: gaussian.
fwhm [pixel] =  1.15 +/- 0.16 	 [initial value = 3.0 ]
mu_0 [mag/pixel^2] =  12.74 +/- 0.40 	[initial value = 13.6 ]
m_tot [mag] =  12.30

--------------------------------------------
--------------------------------------------

Input ellipse file:  n2974_op_mos_nobrightstar_galfitsky_logscale.ell
Excluded data:  []
Axis Used:  maj
x-Axis units: pixel
pixels to arcsec scale:  1.2232836
Smoothing:  False sigma =  3.0
Zeropoint:  17.25585
Sky RMS:  0.03
Delta:  0.0139717249981
Convolution done?  True
PSF:  moffat
Fit weighted with errors?  False
--------------------------------------------
Results from fit:
--------------------------------------------
Number of iterations: 191
Chisq:  3.59513141159e-06
Reduced chisq:  8.36077072462e-08
N_free:  43
Component 1: sersic.
R_e [pixel] =  8.66 +/- 0.29 	[initial value = 8.3 ]
mu_e [mag/pixel^2] =  15.73 +/- 0.05 	 [initial value = 15.6 ]
n =  1.39 +/- 0.08        [initial value = 1.5 ]
b_n =  2.45
m_tot [mag] =  8.19

Component 2: disc.
h [pixel] =  27.30 +/- 0.00        [initial value = 27.3 ]
mu_0 [mag/pixel^2] =  16.74 +/- 0.00 	 [initial value = 16.74 ]
m_tot [mag] =  7.56

Component 3: ferrer.
R_out [pixel] =  33.30 +/- 4.02 	[initial value = 37.0 ]
mu_0 [mag/pixel^2] =  17.42 +/- 0.79 	 [initial value = 17.2 ]
alpha [pixel] =  2.36 +/- 1.70        [initial value = 3.38 ]
beta =  0.02 +/- 1.49        [initial value = 0.5 ]
m_tot [mag] = -99

Component 4: gring.
fwhm [pixel] =  9.76 +/- 4.33 	 [initial value = 7.4 ]
mu_0 [mag/pixel^2] =  21.90 +/- 0.35 	[initial value = 21.6 ]
R_0 [pixel] =  51.10 +/- 0.00 	[initial value = 51.1 ]
m_tot [mag] = -99

Component 5: gaussian.
fwhm [pixel] =  1.46 +/- 0.23 	 [initial value = 2.4 ]
mu_0 [mag/pixel^2] =  12.97 +/- 0.29 	[initial value = 13.7 ]
m_tot [mag] =  12.02

--------------------------------------------
--------------------------------------------

Input ellipse file:  n2974_op_mos_nobrightstar_galfitsky_logscale.ell
Excluded data:  []
Axis Used:  eq
x-Axis units: pixel
pixels to arcsec scale:  1.2232836
Smoothing:  False sigma =  3.0
Zeropoint:  17.25585
Sky RMS:  0.03
Delta:  0.011559802156
Convolution done?  True
PSF:  moffat
Fit weighted with errors?  False
--------------------------------------------
Results from fit:
--------------------------------------------
Number of iterations: 590
Chisq:  1.44054143035e-06
Reduced chisq:  3.35009634966e-08
N_free:  43
Component 1: sersic.
R_e [pixel] =  7.46 +/- 0.31 	[initial value = 7.3 ]
mu_e [mag/pixel^2] =  15.81 +/- 0.04 	 [initial value = 15.6 ]
n =  1.40 +/- 0.03        [initial value = 1.3 ]
b_n =  2.47
m_tot [mag] =  8.60

Component 2: disc.
h [pixel] =  23.90 +/- 0.00        [initial value = 23.9 ]
mu_0 [mag/pixel^2] =  17.04 +/- 0.00 	 [initial value = 17.04 ]
m_tot [mag] =  8.15

Component 3: ferrer.
R_out [pixel] =  60.16 +/- 6.39 	[initial value = 58.0 ]
mu_0 [mag/pixel^2] =  16.33 +/- 0.83 	 [initial value = 17.7 ]
alpha [pixel] =  4.00 +/- 0.81        [initial value = 3.8 ]
beta =  1.33 +/- 0.21        [initial value = 0.5 ]
m_tot [mag] = -99

Component 4: gring.
fwhm [pixel] =  12.99 +/- 2.85 	 [initial value = 15.0 ]
mu_0 [mag/pixel^2] =  21.85 +/- 0.23 	[initial value = 21.7 ]
R_0 [pixel] =  38.80 +/- 0.00 	[initial value = 38.8 ]
m_tot [mag] = -99

Component 5: gaussian.
fwhm [pixel] =  1.68 +/- 0.12 	 [initial value = 3.0 ]
mu_0 [mag/pixel^2] =  13.22 +/- 0.09 	[initial value = 13.6 ]
m_tot [mag] =  11.95

--------------------------------------------
--------------------------------------------

Input ellipse file:  n2974_op_mos_nobrightstar_galfitsky_combscale.ell
Excluded data:  []
Axis Used:  maj
x-Axis units: pixel
pixels to arcsec scale:  1.2232836
Smoothing:  False sigma =  3.0
Zeropoint:  17.25585
Sky RMS:  0.03
Delta:  0.0185052956378
Convolution done?  True
PSF:  gaussian
Fit weighted with errors?  False
--------------------------------------------
Results from fit:
--------------------------------------------
Number of iterations: 192
Chisq:  1.92737267033e-05
Reduced chisq:  2.60455766261e-07
N_free:  74
Component 1: sersic.
R_e [pixel] =  8.18 +/- 0.37 	[initial value = 8.3 ]
mu_e [mag/pixel^2] =  15.62 +/- 0.04 	 [initial value = 15.6 ]
n =  1.45 +/- 0.10        [initial value = 1.5 ]
b_n =  2.58
m_tot [mag] =  8.18

Component 2: disc.
h [pixel] =  27.30 +/- 0.00        [initial value = 27.3 ]
mu_0 [mag/pixel^2] =  16.74 +/- 0.00 	 [initial value = 16.74 ]
m_tot [mag] =  7.56

Component 3: ferrer.
R_out [pixel] =  37.34 +/- 7.16 	[initial value = 37.0 ]
mu_0 [mag/pixel^2] =  17.20 +/- 0.39 	 [initial value = 17.2 ]
alpha [pixel] =  3.37 +/- 2.42        [initial value = 3.38 ]
beta =  0.01 +/- 0.46        [initial value = 0.5 ]
m_tot [mag] = -99

Component 4: gring.
fwhm [pixel] =  7.65 +/- 1.45 	 [initial value = 7.4 ]
mu_0 [mag/pixel^2] =  21.70 +/- 0.26 	[initial value = 21.6 ]
R_0 [pixel] =  51.10 +/- 0.00 	[initial value = 51.1 ]
m_tot [mag] = -99

Component 5: gaussian.
fwhm [pixel] =  2.27 +/- 0.80 	 [initial value = 2.4 ]
mu_0 [mag/pixel^2] =  13.82 +/- 0.61 	[initial value = 13.7 ]
m_tot [mag] =  11.91

--------------------------------------------
--------------------------------------------

Input ellipse file:  n2974_op_mos_nobrightstar_galfitsky_combscale.ell
Excluded data:  []
Axis Used:  eq
x-Axis units: pixel
pixels to arcsec scale:  1.2232836
Smoothing:  False sigma =  3.0
Zeropoint:  17.25585
Sky RMS:  0.03
Delta:  0.0144448333547
Convolution done?  True
PSF:  gaussian
Fit weighted with errors?  False
--------------------------------------------
Results from fit:
--------------------------------------------
Number of iterations: 201
Chisq:  7.26203620001e-06
Reduced chisq:  9.81356243244e-08
N_free:  74
Component 1: sersic.
R_e [pixel] =  6.84 +/- 0.43 	[initial value = 7.3 ]
mu_e [mag/pixel^2] =  15.59 +/- 0.09 	 [initial value = 15.6 ]
n =  1.24 +/- 0.08        [initial value = 1.3 ]
b_n =  2.15
m_tot [mag] =  8.62

Component 2: disc.
h [pixel] =  23.90 +/- 0.00        [initial value = 23.9 ]
mu_0 [mag/pixel^2] =  17.04 +/- 0.00 	 [initial value = 17.04 ]
m_tot [mag] =  8.15

Component 3: ferrer.
R_out [pixel] =  56.88 +/- 51.62 	[initial value = 58.0 ]
mu_0 [mag/pixel^2] =  16.71 +/- 1.08 	 [initial value = 17.7 ]
alpha [pixel] =  3.72 +/- 6.78        [initial value = 3.8 ]
beta =  1.14 +/- 0.86        [initial value = 0.5 ]
m_tot [mag] = -99

Component 4: gring.
fwhm [pixel] =  14.26 +/- 2.24 	 [initial value = 15.0 ]
mu_0 [mag/pixel^2] =  21.62 +/- 1.03 	[initial value = 21.7 ]
R_0 [pixel] =  38.80 +/- 0.00 	[initial value = 38.8 ]
m_tot [mag] = -99

Component 5: gaussian.
fwhm [pixel] =  3.07 +/- 0.15 	 [initial value = 3.0 ]
mu_0 [mag/pixel^2] =  13.78 +/- 0.09 	[initial value = 13.6 ]
m_tot [mag] =  11.21

--------------------------------------------
--------------------------------------------

Input ellipse file:  n2974_op_mos_nobrightstar_galfitsky_combscale.ell
Excluded data:  []
Axis Used:  maj
x-Axis units: pixel
pixels to arcsec scale:  1.2232836
Smoothing:  False sigma =  3.0
Zeropoint:  17.25585
Sky RMS:  0.03
Delta:  0.0186634960212
Convolution done?  True
PSF:  moffat
Fit weighted with errors?  False
--------------------------------------------
Results from fit:
--------------------------------------------
Number of iterations: 288
Chisq:  2.06454426922e-05
Reduced chisq:  2.78992468814e-07
N_free:  74
Component 1: sersic.
R_e [pixel] =  8.28 +/- 0.40 	[initial value = 8.3 ]
mu_e [mag/pixel^2] =  15.64 +/- 0.05 	 [initial value = 15.6 ]
n =  1.43 +/- 0.11        [initial value = 1.5 ]
b_n =  2.53
m_tot [mag] =  8.19

Component 2: disc.
h [pixel] =  27.30 +/- 0.00        [initial value = 27.3 ]
mu_0 [mag/pixel^2] =  16.74 +/- 0.00 	 [initial value = 16.74 ]
m_tot [mag] =  7.56

Component 3: ferrer.
R_out [pixel] =  36.99 +/- 6.88 	[initial value = 37.0 ]
mu_0 [mag/pixel^2] =  17.23 +/- 0.44 	 [initial value = 17.2 ]
alpha [pixel] =  3.28 +/- 2.03        [initial value = 3.38 ]
beta =  0.01 +/- 0.16        [initial value = 0.5 ]
m_tot [mag] = -99

Component 4: gring.
fwhm [pixel] =  7.60 +/- 1.51 	 [initial value = 7.4 ]
mu_0 [mag/pixel^2] =  21.68 +/- 0.27 	[initial value = 21.6 ]
R_0 [pixel] =  51.10 +/- 0.00 	[initial value = 51.1 ]
m_tot [mag] = -99

Component 5: gaussian.
fwhm [pixel] =  2.49 +/- 0.66 	 [initial value = 2.4 ]
mu_0 [mag/pixel^2] =  13.79 +/- 0.44 	[initial value = 13.7 ]
m_tot [mag] =  11.67

--------------------------------------------
--------------------------------------------

Input ellipse file:  n2974_op_mos_nobrightstar_galfitsky_combscale.ell
Excluded data:  []
Axis Used:  eq
x-Axis units: pixel
pixels to arcsec scale:  1.2232836
Smoothing:  False sigma =  3.0
Zeropoint:  17.25585
Sky RMS:  0.03
Delta:  0.0141826705805
Convolution done?  True
PSF:  moffat
Fit weighted with errors?  False
--------------------------------------------
Results from fit:
--------------------------------------------
Number of iterations: 326
Chisq:  7.12896617261e-06
Reduced chisq:  9.6337380711e-08
N_free:  74
Component 1: sersic.
R_e [pixel] =  6.92 +/- 0.48 	[initial value = 7.3 ]
mu_e [mag/pixel^2] =  15.63 +/- 0.10 	 [initial value = 15.6 ]
n =  1.20 +/- 0.09        [initial value = 1.3 ]
b_n =  2.07
m_tot [mag] =  8.65

Component 2: disc.
h [pixel] =  23.90 +/- 0.00        [initial value = 23.9 ]
mu_0 [mag/pixel^2] =  17.04 +/- 0.00 	 [initial value = 17.04 ]
m_tot [mag] =  8.15

Component 3: ferrer.
R_out [pixel] =  58.67 +/- 65.58 	[initial value = 58.0 ]
mu_0 [mag/pixel^2] =  16.70 +/- 1.01 	 [initial value = 17.7 ]
alpha [pixel] =  3.82 +/- 8.23        [initial value = 3.8 ]
beta =  1.15 +/- 0.92        [initial value = 0.5 ]
m_tot [mag] = -99

Component 4: gring.
fwhm [pixel] =  14.36 +/- 4.56 	 [initial value = 15.0 ]
mu_0 [mag/pixel^2] =  21.70 +/- 1.35 	[initial value = 21.7 ]
R_0 [pixel] =  38.80 +/- 0.00 	[initial value = 38.8 ]
m_tot [mag] = -99

Component 5: gaussian.
fwhm [pixel] =  3.10 +/- 0.15 	 [initial value = 3.0 ]
mu_0 [mag/pixel^2] =  13.63 +/- 0.08 	[initial value = 13.6 ]
m_tot [mag] =  11.04

--------------------------------------------
--------------------------------------------

