Input ellipse file:  n1300_op_overmos_sky_logscale.ell
Excluded data:  []
Axis Used:  maj
x-Axis units: pixel
pixels to arcsec scale:  1.2232836
Settings.zeropoint:  17.25585
Sky RMS:  0.06
Delta:  0.0247044804369
Convolution done?  True
PSF:  gaussian
Fit weighted with errors?  False
--------------------------------------------
Results from fit:
--------------------------------------------
Number of iterations: 419
Chisq:  2.48569091577e-05
Reduced chisq:  6.71808355615e-07
N_free:  37
Component 1: sersic.
R_e [pixel] =  7.61 +/- 0.00 	[initial value = 6.3 ]
mu_e [mag/pixel^2] =  17.08 +/- 0.00 	 [initial value = 16.3 ]
n =  2.51 +/- 0.00        [initial value = 2.66 ]
b_n =  4.69
m_tot [mag] =  9.53

Component 2: disc.
h [pixel] =  67.13 +/- 0.00        [initial value = 60.4 ]
mu_0 [mag/pixel^2] =  17.68 +/- 0.00 	 [initial value = 17.59 ]
m_tot [mag] =  6.55

Component 6: ferrer.
R_out [pixel] =  6.63 +/- 0.00 	[initial value = 6.0 ]
mu_0 [mag/pixel^2] =  16.42 +/- 0.00 	 [initial value = 16.7 ]
alpha [pixel] =  0.37 +/- 0.00        [initial value = 0.1 ]
beta =  0.01 +/- 0.00        [initial value = 0.01 ]
m_tot [mag] = -99

--------------------------------------------
--------------------------------------------

Input ellipse file:  n1300_op_overmos_sky_logscale.ell
Excluded data:  []
Axis Used:  eq
x-Axis units: pixel
pixels to arcsec scale:  1.2232836
Settings.zeropoint:  17.25585
Sky RMS:  0.06
Delta:  0.0240965378848
Convolution done?  True
PSF:  gaussian
Fit weighted with errors?  False
--------------------------------------------
Results from fit:
--------------------------------------------
Number of iterations: 153
Chisq:  1.94568212943e-05
Reduced chisq:  5.2586003498e-07
N_free:  37
Component 1: sersic.
R_e [pixel] =  22.99 +/- 0.00 	[initial value = 8.0 ]
mu_e [mag/pixel^2] =  19.15 +/- 0.00 	 [initial value = 17.4 ]
n =  4.65 +/- 0.00        [initial value = 3.5 ]
b_n =  8.97
m_tot [mag] =  8.87

Component 2: disc.
h [pixel] =  75.56 +/- 0.00        [initial value = 43.7 ]
mu_0 [mag/pixel^2] =  18.40 +/- 0.00 	 [initial value = 17.8 ]
m_tot [mag] =  7.02

Component 6: ferrer.
R_out [pixel] =  7.11 +/- 0.00 	[initial value = 7.0 ]
mu_0 [mag/pixel^2] =  15.92 +/- 0.00 	 [initial value = 16.0 ]
alpha [pixel] =  1.19 +/- 0.00        [initial value = 1.0 ]
beta =  0.01 +/- 0.00        [initial value = 0.01 ]
m_tot [mag] = -99

--------------------------------------------
--------------------------------------------

Input ellipse file:  n1300_op_overmos_sky_logscale.ell
Excluded data:  []
Axis Used:  maj
x-Axis units: pixel
pixels to arcsec scale:  1.2232836
Settings.zeropoint:  17.25585
Sky RMS:  0.06
Delta:  0.0264227894557
Convolution done?  True
PSF:  moffat
Fit weighted with errors?  False
--------------------------------------------
Results from fit:
--------------------------------------------
Number of iterations: 255
Chisq:  3.76039812334e-05
Reduced chisq:  1.01632381712e-06
N_free:  37
Component 1: sersic.
R_e [pixel] =  5.75 +/- 0.00 	[initial value = 6.3 ]
mu_e [mag/pixel^2] =  16.56 +/- 0.00 	 [initial value = 16.3 ]
n =  2.03 +/- 0.00        [initial value = 2.66 ]
b_n =  3.74
m_tot [mag] =  9.72

Component 2: disc.
h [pixel] =  55.77 +/- 0.00        [initial value = 60.4 ]
mu_0 [mag/pixel^2] =  17.51 +/- 0.00 	 [initial value = 17.59 ]
m_tot [mag] =  6.79

Component 6: ferrer.
R_out [pixel] =  6.01 +/- 0.00 	[initial value = 6.0 ]
mu_0 [mag/pixel^2] =  16.88 +/- 0.00 	 [initial value = 16.7 ]
alpha [pixel] =  0.03 +/- 0.00        [initial value = 0.1 ]
beta =  0.01 +/- 0.00        [initial value = 0.01 ]
m_tot [mag] = -99

--------------------------------------------
--------------------------------------------

Input ellipse file:  n1300_op_overmos_sky_logscale.ell
Excluded data:  []
Axis Used:  eq
x-Axis units: pixel
pixels to arcsec scale:  1.2232836
Settings.zeropoint:  17.25585
Sky RMS:  0.06
Delta:  0.0211653065463
Convolution done?  True
PSF:  moffat
Fit weighted with errors?  False
--------------------------------------------
Results from fit:
--------------------------------------------
Number of iterations: 235
Chisq:  1.26126795093e-05
Reduced chisq:  3.4088322998e-07
N_free:  37
Component 1: sersic.
R_e [pixel] =  10.07 +/- 0.00 	[initial value = 8.0 ]
mu_e [mag/pixel^2] =  17.69 +/- 0.00 	 [initial value = 17.4 ]
n =  3.27 +/- 0.00        [initial value = 3.5 ]
b_n =  6.22
m_tot [mag] =  9.40

Component 2: disc.
h [pixel] =  69.38 +/- 0.00        [initial value = 43.7 ]
mu_0 [mag/pixel^2] =  18.14 +/- 0.00 	 [initial value = 17.8 ]
m_tot [mag] =  6.93

Component 6: ferrer.
R_out [pixel] =  6.16 +/- 0.00 	[initial value = 7.0 ]
mu_0 [mag/pixel^2] =  16.40 +/- 0.00 	 [initial value = 16.0 ]
alpha [pixel] =  0.43 +/- 0.00        [initial value = 1.0 ]
beta =  0.01 +/- 0.00        [initial value = 0.01 ]
m_tot [mag] = -99

--------------------------------------------
--------------------------------------------

Input ellipse file:  n1300_op_overmos_sky_combscale.ell
Excluded data:  []
Axis Used:  maj
x-Axis units: pixel
pixels to arcsec scale:  1.2232836
Settings.zeropoint:  17.25585
Sky RMS:  0.06
Delta:  0.0116097569114
Convolution done?  True
PSF:  gaussian
Fit weighted with errors?  False
--------------------------------------------
Results from fit:
--------------------------------------------
Number of iterations: 171
Chisq:  6.86617521208e-07
Reduced chisq:  2.28872507069e-08
N_free:  30
Component 1: sersic.
R_e [pixel] =  10.76 +/- 0.00 	[initial value = 6.3 ]
mu_e [mag/pixel^2] =  17.77 +/- 0.00 	 [initial value = 16.3 ]
n =  3.31 +/- 0.00        [initial value = 2.66 ]
b_n =  6.28
m_tot [mag] =  9.32

Component 2: disc.
h [pixel] =  74.32 +/- 0.00        [initial value = 60.4 ]
mu_0 [mag/pixel^2] =  17.79 +/- 0.00 	 [initial value = 17.59 ]
m_tot [mag] =  6.44

Component 6: ferrer.
R_out [pixel] =  8.35 +/- 0.00 	[initial value = 6.0 ]
mu_0 [mag/pixel^2] =  15.78 +/- 0.00 	 [initial value = 16.7 ]
alpha [pixel] =  1.76 +/- 0.00        [initial value = 0.1 ]
beta =  0.01 +/- 0.00        [initial value = 0.01 ]
m_tot [mag] = -99

--------------------------------------------
--------------------------------------------

Input ellipse file:  n1300_op_overmos_sky_combscale.ell
Excluded data:  []
Axis Used:  eq
x-Axis units: pixel
pixels to arcsec scale:  1.2232836
Settings.zeropoint:  17.25585
Sky RMS:  0.06
Delta:  0.00903548088819
Convolution done?  True
PSF:  gaussian
Fit weighted with errors?  False
--------------------------------------------
Results from fit:
--------------------------------------------
Number of iterations: 101
Chisq:  2.88525641433e-07
Reduced chisq:  9.61752138109e-09
N_free:  30
Component 1: sersic.
R_e [pixel] =  10.30 +/- 0.00 	[initial value = 8.0 ]
mu_e [mag/pixel^2] =  17.79 +/- 0.00 	 [initial value = 17.4 ]
n =  3.28 +/- 0.00        [initial value = 3.5 ]
b_n =  6.24
m_tot [mag] =  9.44

Component 2: disc.
h [pixel] =  54.92 +/- 0.00        [initial value = 43.7 ]
mu_0 [mag/pixel^2] =  18.02 +/- 0.00 	 [initial value = 17.8 ]
m_tot [mag] =  7.33

Component 6: ferrer.
R_out [pixel] =  8.67 +/- 0.00 	[initial value = 7.0 ]
mu_0 [mag/pixel^2] =  15.61 +/- 0.00 	 [initial value = 16.0 ]
alpha [pixel] =  2.76 +/- 0.00        [initial value = 1.0 ]
beta =  0.01 +/- 0.00        [initial value = 0.01 ]
m_tot [mag] = -99

--------------------------------------------
--------------------------------------------

Input ellipse file:  n1300_op_overmos_sky_combscale.ell
Excluded data:  []
Axis Used:  maj
x-Axis units: pixel
pixels to arcsec scale:  1.2232836
Settings.zeropoint:  17.25585
Sky RMS:  0.06
Delta:  0.0109527510795
Convolution done?  True
PSF:  moffat
Fit weighted with errors?  False
--------------------------------------------
Results from fit:
--------------------------------------------
Number of iterations: 162
Chisq:  5.48061052491e-07
Reduced chisq:  1.82687017497e-08
N_free:  30
Component 1: sersic.
R_e [pixel] =  13.40 +/- 0.00 	[initial value = 6.3 ]
mu_e [mag/pixel^2] =  18.17 +/- 0.00 	 [initial value = 16.3 ]
n =  3.86 +/- 0.00        [initial value = 2.66 ]
b_n =  7.39
m_tot [mag] =  9.16

Component 2: disc.
h [pixel] =  80.20 +/- 0.00        [initial value = 60.4 ]
mu_0 [mag/pixel^2] =  17.87 +/- 0.00 	 [initial value = 17.59 ]
m_tot [mag] =  6.35

Component 6: ferrer.
R_out [pixel] =  8.18 +/- 0.00 	[initial value = 6.0 ]
mu_0 [mag/pixel^2] =  15.78 +/- 0.00 	 [initial value = 16.7 ]
alpha [pixel] =  1.64 +/- 0.00        [initial value = 0.1 ]
beta =  0.01 +/- 0.00        [initial value = 0.01 ]
m_tot [mag] = -99

--------------------------------------------
--------------------------------------------

Input ellipse file:  n1300_op_overmos_sky_combscale.ell
Excluded data:  []
Axis Used:  eq
x-Axis units: pixel
pixels to arcsec scale:  1.2232836
Settings.zeropoint:  17.25585
Sky RMS:  0.06
Delta:  0.00811746223658
Convolution done?  True
PSF:  moffat
Fit weighted with errors?  False
--------------------------------------------
Results from fit:
--------------------------------------------
Number of iterations: 192
Chisq:  2.25857743356e-07
Reduced chisq:  7.52859144521e-09
N_free:  30
Component 1: sersic.
R_e [pixel] =  9.77 +/- 0.00 	[initial value = 8.0 ]
mu_e [mag/pixel^2] =  17.72 +/- 0.00 	 [initial value = 17.4 ]
n =  3.33 +/- 0.00        [initial value = 3.5 ]
b_n =  6.33
m_tot [mag] =  9.48

Component 2: disc.
h [pixel] =  50.02 +/- 0.00        [initial value = 43.7 ]
mu_0 [mag/pixel^2] =  17.95 +/- 0.00 	 [initial value = 17.8 ]
m_tot [mag] =  7.46

Component 6: ferrer.
R_out [pixel] =  8.47 +/- 0.00 	[initial value = 7.0 ]
mu_0 [mag/pixel^2] =  15.64 +/- 0.00 	 [initial value = 16.0 ]
alpha [pixel] =  2.58 +/- 0.00        [initial value = 1.0 ]
beta =  0.01 +/- 0.00        [initial value = 0.01 ]
m_tot [mag] = -99

--------------------------------------------
--------------------------------------------

Input ellipse file:  n1300_op_overmos_sky_logscale.ell
Excluded data:  []
Axis Used:  maj
x-Axis units: pixel
pixels to arcsec scale:  1.2232836
Settings.zeropoint:  17.25585
Sky RMS:  0.06
Delta:  0.0785717235618
Convolution done?  True
PSF:  gaussian
Fit weighted with errors?  False
--------------------------------------------
Results from fit:
--------------------------------------------
Number of iterations: 373
Chisq:  0.0025355124063
Reduced chisq:  6.85273623325e-05
N_free:  37
Component 1: sersic.
R_e [pixel] =  8.50 +/- 0.00 	[initial value = 6.3 ]
mu_e [mag/pixel^2] =  16.98 +/- 0.00 	 [initial value = 16.3 ]
n =  2.47 +/- 0.00        [initial value = 2.66 ]
b_n =  4.61
m_tot [mag] =  9.19

Component 2: disc.
h [pixel] =  179.29 +/- 0.00        [initial value = 60.4 ]
mu_0 [mag/pixel^2] =  18.11 +/- 0.00 	 [initial value = 17.59 ]
m_tot [mag] =  4.85

Component 6: ferrer.
R_out [pixel] =  7.27 +/- 0.00 	[initial value = 6.0 ]
mu_0 [mag/pixel^2] =  18.35 +/- 0.00 	 [initial value = 16.7 ]
alpha [pixel] =  0.39 +/- 0.00        [initial value = 0.1 ]
beta =  0.01 +/- 0.00        [initial value = 0.01 ]
m_tot [mag] = -99

--------------------------------------------
--------------------------------------------

Input ellipse file:  n1300_op_overmos_sky_logscale.ell
Excluded data:  []
Axis Used:  eq
x-Axis units: pixel
pixels to arcsec scale:  1.2232836
Settings.zeropoint:  17.25585
Sky RMS:  0.06
Delta:  0.0338058435022
Convolution done?  True
PSF:  gaussian
Fit weighted with errors?  False
--------------------------------------------
Results from fit:
--------------------------------------------
Number of iterations: 263
Chisq:  8.75677975455e-05
Reduced chisq:  2.36669723096e-06
N_free:  37
Component 1: sersic.
R_e [pixel] =  9.45 +/- 0.00 	[initial value = 8.0 ]
mu_e [mag/pixel^2] =  17.67 +/- 0.00 	 [initial value = 17.4 ]
n =  3.51 +/- 0.00        [initial value = 3.5 ]
b_n =  6.69
m_tot [mag] =  9.48

Component 2: disc.
h [pixel] =  43.52 +/- 0.00        [initial value = 43.7 ]
mu_0 [mag/pixel^2] =  17.87 +/- 0.00 	 [initial value = 17.8 ]
m_tot [mag] =  7.68

Component 6: ferrer.
R_out [pixel] =  5.53 +/- 0.00 	[initial value = 7.0 ]
mu_0 [mag/pixel^2] =  16.70 +/- 0.00 	 [initial value = 16.0 ]
alpha [pixel] =  0.01 +/- 0.00        [initial value = 1.0 ]
beta =  0.01 +/- 0.00        [initial value = 0.01 ]
m_tot [mag] = -99

--------------------------------------------
--------------------------------------------

Input ellipse file:  n1300_op_overmos_sky_logscale.ell
Excluded data:  []
Axis Used:  maj
x-Axis units: pixel
pixels to arcsec scale:  1.2232836
Settings.zeropoint:  17.25585
Sky RMS:  0.06
Delta:  0.0643204508911
Convolution done?  True
PSF:  moffat
Fit weighted with errors?  False
--------------------------------------------
Results from fit:
--------------------------------------------
Number of iterations: 264
Chisq:  0.00105305007106
Reduced chisq:  2.84608127313e-05
N_free:  37
Component 1: sersic.
R_e [pixel] =  5.25 +/- 0.00 	[initial value = 6.3 ]
mu_e [mag/pixel^2] =  16.13 +/- 0.00 	 [initial value = 16.3 ]
n =  1.60 +/- 0.00        [initial value = 2.66 ]
b_n =  2.87
m_tot [mag] =  9.60

Component 2: disc.
h [pixel] =  87.43 +/- 0.00        [initial value = 60.4 ]
mu_0 [mag/pixel^2] =  17.79 +/- 0.00 	 [initial value = 17.59 ]
m_tot [mag] =  6.09

Component 6: ferrer.
R_out [pixel] =  27.57 +/- 0.00 	[initial value = 6.0 ]
mu_0 [mag/pixel^2] =  20.29 +/- 0.00 	 [initial value = 16.7 ]
alpha [pixel] =  0.01 +/- 0.00        [initial value = 0.1 ]
beta =  0.01 +/- 0.00        [initial value = 0.01 ]
m_tot [mag] = -99

--------------------------------------------
--------------------------------------------

Input ellipse file:  n1300_op_overmos_sky_logscale.ell
Excluded data:  []
Axis Used:  eq
x-Axis units: pixel
pixels to arcsec scale:  1.2232836
Settings.zeropoint:  17.25585
Sky RMS:  0.06
Delta:  0.0286798863147
Convolution done?  True
PSF:  moffat
Fit weighted with errors?  False
--------------------------------------------
Results from fit:
--------------------------------------------
Number of iterations: 290
Chisq:  4.49802692175e-05
Reduced chisq:  1.21568295182e-06
N_free:  37
Component 1: sersic.
R_e [pixel] =  7.88 +/- 0.00 	[initial value = 8.0 ]
mu_e [mag/pixel^2] =  17.52 +/- 0.00 	 [initial value = 17.4 ]
n =  3.68 +/- 0.00        [initial value = 3.5 ]
b_n =  7.02
m_tot [mag] =  9.70

Component 2: disc.
h [pixel] =  33.00 +/- 0.00        [initial value = 43.7 ]
mu_0 [mag/pixel^2] =  17.58 +/- 0.00 	 [initial value = 17.8 ]
m_tot [mag] =  8.00

Component 6: ferrer.
R_out [pixel] =  6.10 +/- 0.00 	[initial value = 7.0 ]
mu_0 [mag/pixel^2] =  16.61 +/- 0.00 	 [initial value = 16.0 ]
alpha [pixel] =  0.16 +/- 0.00        [initial value = 1.0 ]
beta =  0.01 +/- 0.00        [initial value = 0.01 ]
m_tot [mag] = -99

--------------------------------------------
--------------------------------------------

Input ellipse file:  n1300_op_overmos_sky_combscale.ell
Excluded data:  []
Axis Used:  maj
x-Axis units: pixel
pixels to arcsec scale:  1.2232836
Settings.zeropoint:  17.25585
Sky RMS:  0.06
Delta:  0.0233969480917
Convolution done?  True
PSF:  gaussian
Fit weighted with errors?  False
--------------------------------------------
Results from fit:
--------------------------------------------
Number of iterations: 393
Chisq:  1.11084694524e-05
Reduced chisq:  3.70282315081e-07
N_free:  30
Component 1: sersic.
R_e [pixel] =  4.89 +/- 0.00 	[initial value = 6.3 ]
mu_e [mag/pixel^2] =  16.13 +/- 0.00 	 [initial value = 16.3 ]
n =  1.77 +/- 0.00        [initial value = 2.66 ]
b_n =  3.22
m_tot [mag] =  9.71

Component 2: disc.
h [pixel] =  50.82 +/- 0.00        [initial value = 60.4 ]
mu_0 [mag/pixel^2] =  17.44 +/- 0.00 	 [initial value = 17.59 ]
m_tot [mag] =  6.91

Component 6: ferrer.
R_out [pixel] =  6.36 +/- 0.00 	[initial value = 6.0 ]
mu_0 [mag/pixel^2] =  17.12 +/- 0.00 	 [initial value = 16.7 ]
alpha [pixel] =  0.02 +/- 0.00        [initial value = 0.1 ]
beta =  0.01 +/- 0.00        [initial value = 0.01 ]
m_tot [mag] = -99

--------------------------------------------
--------------------------------------------

Input ellipse file:  n1300_op_overmos_sky_combscale.ell
Excluded data:  []
Axis Used:  eq
x-Axis units: pixel
pixels to arcsec scale:  1.2232836
Settings.zeropoint:  17.25585
Sky RMS:  0.06
Delta:  0.0105304707067
Convolution done?  True
PSF:  gaussian
Fit weighted with errors?  False
--------------------------------------------
Results from fit:
--------------------------------------------
Number of iterations: 192
Chisq:  8.22160856412e-07
Reduced chisq:  2.74053618804e-08
N_free:  30
Component 1: sersic.
R_e [pixel] =  10.58 +/- 0.00 	[initial value = 8.0 ]
mu_e [mag/pixel^2] =  17.88 +/- 0.00 	 [initial value = 17.4 ]
n =  3.84 +/- 0.00        [initial value = 3.5 ]
b_n =  7.35
m_tot [mag] =  9.39

Component 2: disc.
h [pixel] =  47.36 +/- 0.00        [initial value = 43.7 ]
mu_0 [mag/pixel^2] =  17.95 +/- 0.00 	 [initial value = 17.8 ]
m_tot [mag] =  7.58

Component 6: ferrer.
R_out [pixel] =  7.82 +/- 0.00 	[initial value = 7.0 ]
mu_0 [mag/pixel^2] =  15.82 +/- 0.00 	 [initial value = 16.0 ]
alpha [pixel] =  1.80 +/- 0.00        [initial value = 1.0 ]
beta =  0.01 +/- 0.00        [initial value = 0.01 ]
m_tot [mag] = -99

--------------------------------------------
--------------------------------------------

Input ellipse file:  n1300_op_overmos_sky_combscale.ell
Excluded data:  []
Axis Used:  maj
x-Axis units: pixel
pixels to arcsec scale:  1.2232836
Settings.zeropoint:  17.25585
Sky RMS:  0.06
Delta:  0.0197818155803
Convolution done?  True
PSF:  moffat
Fit weighted with errors?  False
--------------------------------------------
Results from fit:
--------------------------------------------
Number of iterations: 391
Chisq:  6.02861376178e-06
Reduced chisq:  2.00953792059e-07
N_free:  30
Component 1: sersic.
R_e [pixel] =  5.40 +/- 0.00 	[initial value = 6.3 ]
mu_e [mag/pixel^2] =  16.37 +/- 0.00 	 [initial value = 16.3 ]
n =  2.21 +/- 0.00        [initial value = 2.66 ]
b_n =  4.09
m_tot [mag] =  9.62

Component 2: disc.
h [pixel] =  55.98 +/- 0.00        [initial value = 60.4 ]
mu_0 [mag/pixel^2] =  17.53 +/- 0.00 	 [initial value = 17.59 ]
m_tot [mag] =  6.79

Component 6: ferrer.
R_out [pixel] =  6.36 +/- 0.00 	[initial value = 6.0 ]
mu_0 [mag/pixel^2] =  17.04 +/- 0.00 	 [initial value = 16.7 ]
alpha [pixel] =  0.01 +/- 0.00        [initial value = 0.1 ]
beta =  0.01 +/- 0.00        [initial value = 0.01 ]
m_tot [mag] = -99

--------------------------------------------
--------------------------------------------

Input ellipse file:  n1300_op_overmos_sky_combscale.ell
Excluded data:  []
Axis Used:  eq
x-Axis units: pixel
pixels to arcsec scale:  1.2232836
Settings.zeropoint:  17.25585
Sky RMS:  0.06
Delta:  0.00912948663237
Convolution done?  True
PSF:  moffat
Fit weighted with errors?  False
--------------------------------------------
Results from fit:
--------------------------------------------
Number of iterations: 184
Chisq:  5.15847813782e-07
Reduced chisq:  1.71949271261e-08
N_free:  30
Component 1: sersic.
R_e [pixel] =  11.00 +/- 0.00 	[initial value = 8.0 ]
mu_e [mag/pixel^2] =  17.99 +/- 0.00 	 [initial value = 17.4 ]
n =  4.16 +/- 0.00        [initial value = 3.5 ]
b_n =  7.99
m_tot [mag] =  9.38

Component 2: disc.
h [pixel] =  44.49 +/- 0.00        [initial value = 43.7 ]
mu_0 [mag/pixel^2] =  17.91 +/- 0.00 	 [initial value = 17.8 ]
m_tot [mag] =  7.67

Component 6: ferrer.
R_out [pixel] =  7.75 +/- 0.00 	[initial value = 7.0 ]
mu_0 [mag/pixel^2] =  15.81 +/- 0.00 	 [initial value = 16.0 ]
alpha [pixel] =  1.79 +/- 0.00        [initial value = 1.0 ]
beta =  0.01 +/- 0.00        [initial value = 0.01 ]
m_tot [mag] = -99

--------------------------------------------
--------------------------------------------

Input ellipse file:  n1300_op_overmos_sky_logscale.ell
Excluded data:  []
Axis Used:  maj
x-Axis units: pixel
pixels to arcsec scale:  1.2232836
Smoothing:  False sigma =  3.0
Zeropoint:  17.25585
Sky RMS:  0.06
Delta:  0.0785717235618
Convolution done?  True
PSF:  gaussian
Fit weighted with errors?  False
--------------------------------------------
Results from fit:
--------------------------------------------
Number of iterations: 373
Chisq:  0.0025355124063
Reduced chisq:  6.85273623325e-05
N_free:  37
Component 1: sersic.
R_e [pixel] =  8.50 +/- 0.00 	[initial value = 6.3 ]
mu_e [mag/pixel^2] =  16.98 +/- 0.00 	 [initial value = 16.3 ]
n =  2.47 +/- 0.00        [initial value = 2.66 ]
b_n =  4.61
m_tot [mag] =  9.19

Component 2: disc.
h [pixel] =  179.29 +/- 0.00        [initial value = 60.4 ]
mu_0 [mag/pixel^2] =  18.11 +/- 0.00 	 [initial value = 17.59 ]
m_tot [mag] =  4.85

Component 6: ferrer.
R_out [pixel] =  7.27 +/- 0.00 	[initial value = 6.0 ]
mu_0 [mag/pixel^2] =  18.35 +/- 0.00 	 [initial value = 16.7 ]
alpha [pixel] =  0.39 +/- 0.00        [initial value = 0.1 ]
beta =  0.01 +/- 0.00        [initial value = 0.01 ]
m_tot [mag] = -99

--------------------------------------------
--------------------------------------------

Input ellipse file:  n1300_op_overmos_sky_logscale.ell
Excluded data:  []
Axis Used:  eq
x-Axis units: pixel
pixels to arcsec scale:  1.2232836
Smoothing:  False sigma =  3.0
Zeropoint:  17.25585
Sky RMS:  0.06
Delta:  0.0338058435022
Convolution done?  True
PSF:  gaussian
Fit weighted with errors?  False
--------------------------------------------
Results from fit:
--------------------------------------------
Number of iterations: 263
Chisq:  8.75677975455e-05
Reduced chisq:  2.36669723096e-06
N_free:  37
Component 1: sersic.
R_e [pixel] =  9.45 +/- 0.00 	[initial value = 8.0 ]
mu_e [mag/pixel^2] =  17.67 +/- 0.00 	 [initial value = 17.4 ]
n =  3.51 +/- 0.00        [initial value = 3.5 ]
b_n =  6.69
m_tot [mag] =  9.48

Component 2: disc.
h [pixel] =  43.52 +/- 0.00        [initial value = 43.7 ]
mu_0 [mag/pixel^2] =  17.87 +/- 0.00 	 [initial value = 17.8 ]
m_tot [mag] =  7.68

Component 6: ferrer.
R_out [pixel] =  5.53 +/- 0.00 	[initial value = 7.0 ]
mu_0 [mag/pixel^2] =  16.70 +/- 0.00 	 [initial value = 16.0 ]
alpha [pixel] =  0.01 +/- 0.00        [initial value = 1.0 ]
beta =  0.01 +/- 0.00        [initial value = 0.01 ]
m_tot [mag] = -99

--------------------------------------------
--------------------------------------------

Input ellipse file:  n1300_op_overmos_sky_logscale.ell
Excluded data:  []
Axis Used:  maj
x-Axis units: pixel
pixels to arcsec scale:  1.2232836
Smoothing:  False sigma =  3.0
Zeropoint:  17.25585
Sky RMS:  0.06
Delta:  0.0643204508911
Convolution done?  True
PSF:  moffat
Fit weighted with errors?  False
--------------------------------------------
Results from fit:
--------------------------------------------
Number of iterations: 264
Chisq:  0.00105305007106
Reduced chisq:  2.84608127313e-05
N_free:  37
Component 1: sersic.
R_e [pixel] =  5.25 +/- 0.00 	[initial value = 6.3 ]
mu_e [mag/pixel^2] =  16.13 +/- 0.00 	 [initial value = 16.3 ]
n =  1.60 +/- 0.00        [initial value = 2.66 ]
b_n =  2.87
m_tot [mag] =  9.60

Component 2: disc.
h [pixel] =  87.43 +/- 0.00        [initial value = 60.4 ]
mu_0 [mag/pixel^2] =  17.79 +/- 0.00 	 [initial value = 17.59 ]
m_tot [mag] =  6.09

Component 6: ferrer.
R_out [pixel] =  27.57 +/- 0.00 	[initial value = 6.0 ]
mu_0 [mag/pixel^2] =  20.29 +/- 0.00 	 [initial value = 16.7 ]
alpha [pixel] =  0.01 +/- 0.00        [initial value = 0.1 ]
beta =  0.01 +/- 0.00        [initial value = 0.01 ]
m_tot [mag] = -99

--------------------------------------------
--------------------------------------------

Input ellipse file:  n1300_op_overmos_sky_logscale.ell
Excluded data:  []
Axis Used:  eq
x-Axis units: pixel
pixels to arcsec scale:  1.2232836
Smoothing:  False sigma =  3.0
Zeropoint:  17.25585
Sky RMS:  0.06
Delta:  0.0286798863147
Convolution done?  True
PSF:  moffat
Fit weighted with errors?  False
--------------------------------------------
Results from fit:
--------------------------------------------
Number of iterations: 290
Chisq:  4.49802692175e-05
Reduced chisq:  1.21568295182e-06
N_free:  37
Component 1: sersic.
R_e [pixel] =  7.88 +/- 0.00 	[initial value = 8.0 ]
mu_e [mag/pixel^2] =  17.52 +/- 0.00 	 [initial value = 17.4 ]
n =  3.68 +/- 0.00        [initial value = 3.5 ]
b_n =  7.02
m_tot [mag] =  9.70

Component 2: disc.
h [pixel] =  33.00 +/- 0.00        [initial value = 43.7 ]
mu_0 [mag/pixel^2] =  17.58 +/- 0.00 	 [initial value = 17.8 ]
m_tot [mag] =  8.00

Component 6: ferrer.
R_out [pixel] =  6.10 +/- 0.00 	[initial value = 7.0 ]
mu_0 [mag/pixel^2] =  16.61 +/- 0.00 	 [initial value = 16.0 ]
alpha [pixel] =  0.16 +/- 0.00        [initial value = 1.0 ]
beta =  0.01 +/- 0.00        [initial value = 0.01 ]
m_tot [mag] = -99

--------------------------------------------
--------------------------------------------

Input ellipse file:  n1300_op_overmos_sky_combscale.ell
Excluded data:  []
Axis Used:  maj
x-Axis units: pixel
pixels to arcsec scale:  1.2232836
Smoothing:  False sigma =  3.0
Zeropoint:  17.25585
Sky RMS:  0.06
Delta:  0.0233969480917
Convolution done?  True
PSF:  gaussian
Fit weighted with errors?  False
--------------------------------------------
Results from fit:
--------------------------------------------
Number of iterations: 393
Chisq:  1.11084694524e-05
Reduced chisq:  3.70282315081e-07
N_free:  30
Component 1: sersic.
R_e [pixel] =  4.89 +/- 0.00 	[initial value = 6.3 ]
mu_e [mag/pixel^2] =  16.13 +/- 0.00 	 [initial value = 16.3 ]
n =  1.77 +/- 0.00        [initial value = 2.66 ]
b_n =  3.22
m_tot [mag] =  9.71

Component 2: disc.
h [pixel] =  50.82 +/- 0.00        [initial value = 60.4 ]
mu_0 [mag/pixel^2] =  17.44 +/- 0.00 	 [initial value = 17.59 ]
m_tot [mag] =  6.91

Component 6: ferrer.
R_out [pixel] =  6.36 +/- 0.00 	[initial value = 6.0 ]
mu_0 [mag/pixel^2] =  17.12 +/- 0.00 	 [initial value = 16.7 ]
alpha [pixel] =  0.02 +/- 0.00        [initial value = 0.1 ]
beta =  0.01 +/- 0.00        [initial value = 0.01 ]
m_tot [mag] = -99

--------------------------------------------
--------------------------------------------

Input ellipse file:  n1300_op_overmos_sky_combscale.ell
Excluded data:  []
Axis Used:  eq
x-Axis units: pixel
pixels to arcsec scale:  1.2232836
Smoothing:  False sigma =  3.0
Zeropoint:  17.25585
Sky RMS:  0.06
Delta:  0.0105304707067
Convolution done?  True
PSF:  gaussian
Fit weighted with errors?  False
--------------------------------------------
Results from fit:
--------------------------------------------
Number of iterations: 192
Chisq:  8.22160856412e-07
Reduced chisq:  2.74053618804e-08
N_free:  30
Component 1: sersic.
R_e [pixel] =  10.58 +/- 0.00 	[initial value = 8.0 ]
mu_e [mag/pixel^2] =  17.88 +/- 0.00 	 [initial value = 17.4 ]
n =  3.84 +/- 0.00        [initial value = 3.5 ]
b_n =  7.35
m_tot [mag] =  9.39

Component 2: disc.
h [pixel] =  47.36 +/- 0.00        [initial value = 43.7 ]
mu_0 [mag/pixel^2] =  17.95 +/- 0.00 	 [initial value = 17.8 ]
m_tot [mag] =  7.58

Component 6: ferrer.
R_out [pixel] =  7.82 +/- 0.00 	[initial value = 7.0 ]
mu_0 [mag/pixel^2] =  15.82 +/- 0.00 	 [initial value = 16.0 ]
alpha [pixel] =  1.80 +/- 0.00        [initial value = 1.0 ]
beta =  0.01 +/- 0.00        [initial value = 0.01 ]
m_tot [mag] = -99

--------------------------------------------
--------------------------------------------

Input ellipse file:  n1300_op_overmos_sky_combscale.ell
Excluded data:  []
Axis Used:  maj
x-Axis units: pixel
pixels to arcsec scale:  1.2232836
Smoothing:  False sigma =  3.0
Zeropoint:  17.25585
Sky RMS:  0.06
Delta:  0.0197818155803
Convolution done?  True
PSF:  moffat
Fit weighted with errors?  False
--------------------------------------------
Results from fit:
--------------------------------------------
Number of iterations: 391
Chisq:  6.02861376178e-06
Reduced chisq:  2.00953792059e-07
N_free:  30
Component 1: sersic.
R_e [pixel] =  5.40 +/- 0.00 	[initial value = 6.3 ]
mu_e [mag/pixel^2] =  16.37 +/- 0.00 	 [initial value = 16.3 ]
n =  2.21 +/- 0.00        [initial value = 2.66 ]
b_n =  4.09
m_tot [mag] =  9.62

Component 2: disc.
h [pixel] =  55.98 +/- 0.00        [initial value = 60.4 ]
mu_0 [mag/pixel^2] =  17.53 +/- 0.00 	 [initial value = 17.59 ]
m_tot [mag] =  6.79

Component 6: ferrer.
R_out [pixel] =  6.36 +/- 0.00 	[initial value = 6.0 ]
mu_0 [mag/pixel^2] =  17.04 +/- 0.00 	 [initial value = 16.7 ]
alpha [pixel] =  0.01 +/- 0.00        [initial value = 0.1 ]
beta =  0.01 +/- 0.00        [initial value = 0.01 ]
m_tot [mag] = -99

--------------------------------------------
--------------------------------------------

Input ellipse file:  n1300_op_overmos_sky_combscale.ell
Excluded data:  []
Axis Used:  eq
x-Axis units: pixel
pixels to arcsec scale:  1.2232836
Smoothing:  False sigma =  3.0
Zeropoint:  17.25585
Sky RMS:  0.06
Delta:  0.00912948663237
Convolution done?  True
PSF:  moffat
Fit weighted with errors?  False
--------------------------------------------
Results from fit:
--------------------------------------------
Number of iterations: 184
Chisq:  5.15847813782e-07
Reduced chisq:  1.71949271261e-08
N_free:  30
Component 1: sersic.
R_e [pixel] =  11.00 +/- 0.00 	[initial value = 8.0 ]
mu_e [mag/pixel^2] =  17.99 +/- 0.00 	 [initial value = 17.4 ]
n =  4.16 +/- 0.00        [initial value = 3.5 ]
b_n =  7.99
m_tot [mag] =  9.38

Component 2: disc.
h [pixel] =  44.49 +/- 0.00        [initial value = 43.7 ]
mu_0 [mag/pixel^2] =  17.91 +/- 0.00 	 [initial value = 17.8 ]
m_tot [mag] =  7.67

Component 6: ferrer.
R_out [pixel] =  7.75 +/- 0.00 	[initial value = 7.0 ]
mu_0 [mag/pixel^2] =  15.81 +/- 0.00 	 [initial value = 16.0 ]
alpha [pixel] =  1.79 +/- 0.00        [initial value = 1.0 ]
beta =  0.01 +/- 0.00        [initial value = 0.01 ]
m_tot [mag] = -99

--------------------------------------------
--------------------------------------------

Input ellipse file:  n1300_op_overmos_sky_logscale.ell
Excluded data:  []
Axis Used:  maj
x-Axis units: pixel
pixels to arcsec scale:  1.2232836
Smoothing:  False sigma =  5.0
Zeropoint:  17.25585
Sky RMS:  0.06
Delta:  0.0303580456226
Convolution done?  True
PSF:  gaussian
Fit weighted with errors?  False
--------------------------------------------
Results from fit:
--------------------------------------------
Number of iterations: 269
Chisq:  6.64015555815e-05
Reduced chisq:  1.74740935741e-06
N_free:  38
Component 1: sersic.
R_e [pixel] =  15.63 +/- 1.89 	[initial value = 6.3 ]
mu_e [mag/pixel^2] =  18.52 +/- 0.21 	 [initial value = 16.3 ]
n =  4.47 +/- 0.26        [initial value = 2.66 ]
b_n =  8.62
m_tot [mag] =  9.11

Component 2: disc.
h [pixel] =  71.12 +/- 7.06        [initial value = 60.4 ]
mu_0 [mag/pixel^2] =  17.80 +/- 0.07 	 [initial value = 17.59 ]
m_tot [mag] =  6.54

Component 7: sersic.
R_e [pixel] =  4.32 +/- 0.06 	[initial value = 3.0 ]
mu_e [mag/pixel^2] =  16.49 +/- 0.06 	 [initial value = 16.0 ]
n =  0.11 +/- 0.03        [initial value = 1.0 ]
b_n =  0.03
m_tot [mag] =  11.30

--------------------------------------------
--------------------------------------------

Input ellipse file:  n1300_op_overmos_sky_logscale.ell
Excluded data:  []
Axis Used:  eq
x-Axis units: pixel
pixels to arcsec scale:  1.2232836
Smoothing:  False sigma =  5.0
Zeropoint:  17.25585
Sky RMS:  0.06
Delta:  0.0308795396676
Convolution done?  True
PSF:  gaussian
Fit weighted with errors?  False
--------------------------------------------
Results from fit:
--------------------------------------------
Number of iterations: 203
Chisq:  6.1285421638e-05
Reduced chisq:  1.61277425363e-06
N_free:  38
Component 1: sersic.
R_e [pixel] =  14.77 +/- 1.75 	[initial value = 8.0 ]
mu_e [mag/pixel^2] =  18.61 +/- 0.20 	 [initial value = 17.4 ]
n =  4.81 +/- 0.28        [initial value = 3.5 ]
b_n =  9.28
m_tot [mag] =  9.27

Component 2: disc.
h [pixel] =  39.27 +/- 5.32        [initial value = 43.7 ]
mu_0 [mag/pixel^2] =  17.85 +/- 0.12 	 [initial value = 17.8 ]
m_tot [mag] =  7.89

Component 7: sersic.
R_e [pixel] =  4.00 +/- 0.05 	[initial value = 3.0 ]
mu_e [mag/pixel^2] =  16.47 +/- 0.06 	 [initial value = 16.0 ]
n =  0.14 +/- 0.04        [initial value = 1.0 ]
b_n =  0.07
m_tot [mag] =  11.41

--------------------------------------------
--------------------------------------------

Input ellipse file:  n1300_op_overmos_sky_logscale.ell
Excluded data:  []
Axis Used:  maj
x-Axis units: pixel
pixels to arcsec scale:  1.2232836
Smoothing:  False sigma =  5.0
Zeropoint:  17.25585
Sky RMS:  0.06
Delta:  0.0250730223206
Convolution done?  True
PSF:  moffat
Fit weighted with errors?  False
--------------------------------------------
Results from fit:
--------------------------------------------
Number of iterations: 282
Chisq:  3.45324190139e-05
Reduced chisq:  9.08747868788e-07
N_free:  38
Component 1: sersic.
R_e [pixel] =  25.63 +/- 2.43 	[initial value = 6.3 ]
mu_e [mag/pixel^2] =  19.43 +/- 0.16 	 [initial value = 16.3 ]
n =  5.75 +/- 0.22        [initial value = 2.66 ]
b_n =  11.17
m_tot [mag] =  8.80

Component 2: disc.
h [pixel] =  77.24 +/- 6.86        [initial value = 60.4 ]
mu_0 [mag/pixel^2] =  17.89 +/- 0.06 	 [initial value = 17.59 ]
m_tot [mag] =  6.46

Component 7: sersic.
R_e [pixel] =  4.34 +/- 0.05 	[initial value = 3.0 ]
mu_e [mag/pixel^2] =  16.58 +/- 0.06 	 [initial value = 16.0 ]
n =  0.07 +/- 0.04        [initial value = 1.0 ]
b_n =  0.01
m_tot [mag] =  11.39

--------------------------------------------
--------------------------------------------

Input ellipse file:  n1300_op_overmos_sky_logscale.ell
Excluded data:  []
Axis Used:  eq
x-Axis units: pixel
pixels to arcsec scale:  1.2232836
Smoothing:  False sigma =  5.0
Zeropoint:  17.25585
Sky RMS:  0.06
Delta:  0.0255129621508
Convolution done?  True
PSF:  moffat
Fit weighted with errors?  False
--------------------------------------------
Results from fit:
--------------------------------------------
Number of iterations: 275
Chisq:  3.17767848569e-05
Reduced chisq:  8.36231180445e-07
N_free:  38
Component 1: sersic.
R_e [pixel] =  10.34 +/- 0.79 	[initial value = 8.0 ]
mu_e [mag/pixel^2] =  18.02 +/- 0.13 	 [initial value = 17.4 ]
n =  4.33 +/- 0.20        [initial value = 3.5 ]
b_n =  8.33
m_tot [mag] =  9.51

Component 2: disc.
h [pixel] =  35.75 +/- 2.86        [initial value = 43.7 ]
mu_0 [mag/pixel^2] =  17.70 +/- 0.08 	 [initial value = 17.8 ]
m_tot [mag] =  7.94

Component 7: sersic.
R_e [pixel] =  4.05 +/- 0.06 	[initial value = 3.0 ]
mu_e [mag/pixel^2] =  16.64 +/- 0.07 	 [initial value = 16.0 ]
n =  0.10 +/- 0.04        [initial value = 1.0 ]
b_n =  0.02
m_tot [mag] =  11.58

--------------------------------------------
--------------------------------------------

Input ellipse file:  n1300_op_overmos_sky_combscale.ell
Excluded data:  []
Axis Used:  maj
x-Axis units: pixel
pixels to arcsec scale:  1.2232836
Smoothing:  False sigma =  5.0
Zeropoint:  17.25585
Sky RMS:  0.06
Delta:  0.0108531252355
Convolution done?  True
PSF:  gaussian
Fit weighted with errors?  False
--------------------------------------------
Results from fit:
--------------------------------------------
Number of iterations: 145
Chisq:  5.50006083882e-07
Reduced chisq:  1.77421317381e-08
N_free:  31
Component 1: sersic.
R_e [pixel] =  11.87 +/- 0.28 	[initial value = 6.3 ]
mu_e [mag/pixel^2] =  17.95 +/- 0.04 	 [initial value = 16.3 ]
n =  4.08 +/- 0.06        [initial value = 2.66 ]
b_n =  7.83
m_tot [mag] =  9.18

Component 2: disc.
h [pixel] =  76.24 +/- 1.38        [initial value = 60.4 ]
mu_0 [mag/pixel^2] =  17.83 +/- 0.01 	 [initial value = 17.59 ]
m_tot [mag] =  6.42

Component 7: sersic.
R_e [pixel] =  4.18 +/- 0.03 	[initial value = 3.0 ]
mu_e [mag/pixel^2] =  16.40 +/- 0.02 	 [initial value = 16.0 ]
n =  0.18 +/- 0.01        [initial value = 1.0 ]
b_n =  0.11
m_tot [mag] =  11.21

--------------------------------------------
--------------------------------------------

Input ellipse file:  n1300_op_overmos_sky_combscale.ell
Excluded data:  []
Axis Used:  eq
x-Axis units: pixel
pixels to arcsec scale:  1.2232836
Smoothing:  False sigma =  5.0
Zeropoint:  17.25585
Sky RMS:  0.06
Delta:  0.00791412425133
Convolution done?  True
PSF:  gaussian
Fit weighted with errors?  False
--------------------------------------------
Results from fit:
--------------------------------------------
Number of iterations: 131
Chisq:  2.22993874692e-07
Reduced chisq:  7.19335079653e-09
N_free:  31
Component 1: sersic.
R_e [pixel] =  8.94 +/- 0.12 	[initial value = 8.0 ]
mu_e [mag/pixel^2] =  17.56 +/- 0.03 	 [initial value = 17.4 ]
n =  3.63 +/- 0.05        [initial value = 3.5 ]
b_n =  6.93
m_tot [mag] =  9.47

Component 2: disc.
h [pixel] =  47.09 +/- 1.43        [initial value = 43.7 ]
mu_0 [mag/pixel^2] =  17.90 +/- 0.02 	 [initial value = 17.8 ]
m_tot [mag] =  7.54

Component 7: sersic.
R_e [pixel] =  3.77 +/- 0.02 	[initial value = 3.0 ]
mu_e [mag/pixel^2] =  16.36 +/- 0.02 	 [initial value = 16.0 ]
n =  0.24 +/- 0.01        [initial value = 1.0 ]
b_n =  0.20
m_tot [mag] =  11.33

--------------------------------------------
--------------------------------------------

Input ellipse file:  n1300_op_overmos_sky_combscale.ell
Excluded data:  []
Axis Used:  maj
x-Axis units: pixel
pixels to arcsec scale:  1.2232836
Smoothing:  False sigma =  5.0
Zeropoint:  17.25585
Sky RMS:  0.06
Delta:  0.0108656723395
Convolution done?  True
PSF:  moffat
Fit weighted with errors?  False
--------------------------------------------
Results from fit:
--------------------------------------------
Number of iterations: 135
Chisq:  5.31291780338e-07
Reduced chisq:  1.7138444527e-08
N_free:  31
Component 1: sersic.
R_e [pixel] =  9.88 +/- 0.21 	[initial value = 6.3 ]
mu_e [mag/pixel^2] =  17.62 +/- 0.04 	 [initial value = 16.3 ]
n =  3.81 +/- 0.07        [initial value = 2.66 ]
b_n =  7.30
m_tot [mag] =  9.28

Component 2: disc.
h [pixel] =  71.56 +/- 1.10        [initial value = 60.4 ]
mu_0 [mag/pixel^2] =  17.77 +/- 0.01 	 [initial value = 17.59 ]
m_tot [mag] =  6.50

Component 7: sersic.
R_e [pixel] =  4.21 +/- 0.04 	[initial value = 3.0 ]
mu_e [mag/pixel^2] =  16.48 +/- 0.03 	 [initial value = 16.0 ]
n =  0.13 +/- 0.02        [initial value = 1.0 ]
b_n =  0.05
m_tot [mag] =  11.32

--------------------------------------------
--------------------------------------------

Input ellipse file:  n1300_op_overmos_sky_combscale.ell
Excluded data:  []
Axis Used:  eq
x-Axis units: pixel
pixels to arcsec scale:  1.2232836
Smoothing:  False sigma =  5.0
Zeropoint:  17.25585
Sky RMS:  0.06
Delta:  0.00668192829991
Convolution done?  True
PSF:  moffat
Fit weighted with errors?  False
--------------------------------------------
Results from fit:
--------------------------------------------
Number of iterations: 122
Chisq:  1.09611584418e-07
Reduced chisq:  3.53585756186e-09
N_free:  31
Component 1: sersic.
R_e [pixel] =  8.14 +/- 0.08 	[initial value = 8.0 ]
mu_e [mag/pixel^2] =  17.41 +/- 0.02 	 [initial value = 17.4 ]
n =  3.60 +/- 0.04        [initial value = 3.5 ]
b_n =  6.86
m_tot [mag] =  9.52

Component 2: disc.
h [pixel] =  43.91 +/- 0.84        [initial value = 43.7 ]
mu_0 [mag/pixel^2] =  17.84 +/- 0.01 	 [initial value = 17.8 ]
m_tot [mag] =  7.63

Component 7: sersic.
R_e [pixel] =  3.76 +/- 0.02 	[initial value = 3.0 ]
mu_e [mag/pixel^2] =  16.40 +/- 0.02 	 [initial value = 16.0 ]
n =  0.22 +/- 0.01        [initial value = 1.0 ]
b_n =  0.17
m_tot [mag] =  11.39

--------------------------------------------
--------------------------------------------

