\BOOKMARK [0][-]{chapter.1}{Introduction}{}% 1
\BOOKMARK [1][-]{section.1.1}{Supermassive Black Holes}{chapter.1}% 2
\BOOKMARK [2][-]{subsection.1.1.1}{Measuring Black Hole Masses}{section.1.1}% 3
\BOOKMARK [2][-]{subsection.1.1.2}{Scaling Relations}{section.1.1}% 4
\BOOKMARK [2][-]{subsection.1.1.3}{Spheroid}{section.1.1}% 5
\BOOKMARK [2][-]{subsection.1.1.4}{Co-evolution and AGN Feedback}{section.1.1}% 6
\BOOKMARK [2][-]{subsection.1.1.5}{The S\351rsic/Core-S\351rsic Paradigm}{section.1.1}% 7
\BOOKMARK [2][-]{subsection.1.1.6}{S\351rsic and Core-S\351rsic Spheroids}{section.1.1}% 8
\BOOKMARK [2][-]{subsection.1.1.7}{Origin of Supermassive Black Holes}{section.1.1}% 9
\BOOKMARK [2][-]{subsection.1.1.8}{Monster Black Holes}{section.1.1}% 10
\BOOKMARK [1][-]{section.1.2}{Galaxy Decomposition}{chapter.1}% 11
\BOOKMARK [2][-]{subsection.1.2.1}{Photometry and Kinematics}{section.1.2}% 12
\BOOKMARK [2][-]{subsection.1.2.2}{A Compendium of the Previous Literature }{section.1.2}% 13
\BOOKMARK [1][-]{section.1.3}{Thesis Outline}{chapter.1}% 14
\BOOKMARK [0][-]{chapter.2}{The Recovery of the MBH - nsph Relation}{}% 15
\BOOKMARK [0][-]{chapter.3}{Galaxy Vivisection}{}% 16
\BOOKMARK [0][-]{chapter.4}{MBH - Lgal, MBH - Lsph and MBH - M*,sph }{}% 17
\BOOKMARK [0][-]{chapter.5}{MBH - nsph}{}% 18
\BOOKMARK [0][-]{chapter.6}{Monster Black Holes in Massive Galaxies}{}% 19
\BOOKMARK [0][-]{chapter.7}{Monster Black Holes in \(Compact\) Massive Spheroids with Intermediate-Scale Discs}{}% 20
\BOOKMARK [0][-]{chapter.8}{Final Remarks and Future Perspectives}{}% 21
\BOOKMARK [0][-]{section*.5}{Bibliography}{}% 22
