--------------------------------------------------------- 

y = a + bx 

Mode fit: y|x 
a =9.05686093364+0.0867973471932-0.0832026528068
b =-0.25621594237+0.0732106634454-0.0767893365546
epsilon =0.365737165165
absolute scatter Delta =0.3962212527

Mode fit: x|y 
a =9.03263844658+0.145188601948-0.154811398052
b =-0.718181577107+0.169695761388-0.310304238612
epsilon =0.852887039929
absolute scatter Delta =0.64275383675

Bisector FITEXY 
a =9.0458137931+0.169155282552-0.175753379487
b =-0.466904435266+0.160853135691-0.257685127653
--------------------------------------------------------- 
--------------------------------------------------------- 

y = a + bx 

Mode fit: y|x 
a =7.71704324875+0.0844815262308-0.0855184737692
b =-0.411007684694+0.0686758066752-0.0713241933248
epsilon =0.537256869111
absolute scatter Delta =0.595215769289

Mode fit: x|y 
a =7.71845067271+0.131350719782-0.128649280218
b =-0.863267702981+0.126103763526-0.193896236474
epsilon =0.893544830073
absolute scatter Delta =0.911130034577

Bisector FITEXY 
a =7.71767668374+0.156173428795-0.15447992315
b =-0.614554965873+0.127268623745-0.17490433088
--------------------------------------------------------- 
--------------------------------------------------------- 

y = a + bx 

Mode fit: y|x 
a =8.81533836613+0.0656362506199-0.0643637493801
b =-0.421062525087+0.0630531443575-0.0669468556425
epsilon =0.341394119383
absolute scatter Delta =0.40479015934

Mode fit: x|y 
a =8.79952734045+0.0884914844726-0.101508515527
b =-0.686613587629+0.0965511533884-0.143448846612
epsilon =0.644299296254
absolute scatter Delta =0.510862626949

Bisector FITEXY 
a =8.80787317296+0.110176495768-0.120194305018
b =-0.546442751336+0.10902467163-0.147705860556
--------------------------------------------------------- 
--------------------------------------------------------- 

y = a + bx 

Mode fit: y|x 
a =7.5500530737+0.112657160205-0.107342839795
b =-0.461691273971+0.137568752074-0.152431247926
epsilon =0.622770250212
absolute scatter Delta =0.671019708371

Mode fit: x|y 
a =7.58215554723+0.240263192971-0.229736807029
b =-1.52909032353+0.361890022054-0.698109977946
epsilon =0.712839473261
absolute scatter Delta =1.38852360372

Bisector FITEXY 
a =7.56212715557+0.265363972012-0.253577376276
b =-0.863151413835+0.268684693367-0.419840884282
--------------------------------------------------------- 
