--------------------------------------------------------- 

y = a + bx 

Mode fit: y|x 
a =-23.9488160634+0.119055438997-0.120944561003
b =-6.68324164037+0.449265522412-0.470734477588
epsilon =0.571594801301+0.133-0.111
absolute scatter Delta =1.10820262013

Mode fit: x|y 
a =-23.9368670648+0.154593109346-0.145406890654
b =-7.30385633971+0.337046249339-0.802953750661
epsilon =0.618051755008+0.124165557775-0.153380983134
absolute scatter Delta =1.19951780603

Bisector FITEXY 
a =-23.9431013342+0.137973234745-0.133736215525
b =-6.98005688457+0.409973431043-0.629762104158
--------------------------------------------------------- 
--------------------------------------------------------- 

y = a + bx 

Mode fit: y|x 
a =-23.9488160634+0.119055438997-0.120944561003
b =-6.68324164037+0.449265522412-0.470734477588
epsilon =0.571594801301+0.133-0.111
absolute scatter Delta =1.10820262013

Mode fit: x|y 
a =-23.9368670648+0.154593109346-0.145406890654
b =-7.30385633971+0.337046249339-0.802953750661
epsilon =0.618051755008+0.124165557775-0.153380983134
absolute scatter Delta =1.19951780603

Bisector FITEXY 
a =-23.9431013342+0.137973234745-0.133736215525
b =-6.98005688457+0.409973431043-0.629762104158
--------------------------------------------------------- 
--------------------------------------------------------- 

y = a + bx 

Mode fit: y|x 
a =-24.736720028+0.439411294211-0.430588705789
b =-10.903250017+4.16250752775-0.177492472255
epsilon =0.430501391371+0.244-0.279
absolute scatter Delta =1.34266463877
--------------------------------------------------------- 

y = a + bx 

Mode fit: y|x 
a =-24.736720028+0.439411294211-0.430588705789
b =-10.903250017+4.16250752775-0.177492472255
epsilon =0.430501391371+0.244-0.279
absolute scatter Delta =1.34266463877
--------------------------------------------------------- 

y = a + bx 

Mode fit: y|x 
a =-22.1781464446+0.327397062446-0.372602937554
b =-4.97506648463+3.90260093643-0.277399063567
epsilon =0.620165936783+0.193-0.135
absolute scatter Delta =1.03180535834

Mode fit: x|y 
a =-22.1709050827+0.28987826485-0.28012173515
b =-6.75565786609+1.22098960192-5.30901039808
epsilon =0.78873447333+0.243203683179-0.175647104518
absolute scatter Delta =1.30031130564

Bisector FITEXY 
a =-22.1750594734+0.309207248404-0.329621855751
b =-5.73412734824+4.15210247958-2.1194914487
--------------------------------------------------------- 
--------------------------------------------------------- 

y = a + bx 

Mode fit: y|x 
a =-23.9488160634+0.119055438997-0.120944561003
b =-6.68324164037+0.449265522412-0.470734477588
epsilon =0.571594801301+0.133-0.111
absolute scatter Delta =1.10820262013

Mode fit: x|y 
a =-23.9368670648+0.154593109346-0.145406890654
b =-7.30385633971+0.337046249339-0.802953750661
epsilon =0.618051755008+0.124165557775-0.153380983134
absolute scatter Delta =1.19951780603

Bisector FITEXY 
a =-23.9431013342+0.137973234745-0.133736215525
b =-6.98005688457+0.409973431043-0.629762104158
--------------------------------------------------------- 
--------------------------------------------------------- 

y = a + bx 

Mode fit: y|x 
a =-23.9488160634+0.119055438997-0.120944561003
b =-6.68324164037+0.449265522412-0.470734477588
epsilon =0.571594801301+0.133-0.111
absolute scatter Delta =1.10820262013

Mode fit: x|y 
a =-23.9368670648+0.154593109346-0.145406890654
b =-7.30385633971+0.337046249339-0.802953750661
epsilon =0.618051755008+0.124165557775-0.153380983134
absolute scatter Delta =1.19951780603

Bisector FITEXY 
a =-23.9431013342+0.137973234745-0.133736215525
b =-6.98005688457+0.409973431043-0.629762104158
--------------------------------------------------------- 
