Input ellipse file:  m31_op_overmos_sky_gauss60_logscale.ell
Excluded data:  [[-1.2232836, 79.403338476], [1935.4389435612, 3389.510897388]]
Axis Used:  maj
x-Axis units: pixel
pixels to arcsec scale:  1.2232836
Settings.zeropoint:  17.25585
Sky RMS:  0.03
Delta:  0.0234266715403
Convolution done?  True
PSF:  gaussian
Fit weighted with errors?  False
--------------------------------------------
Results from fit:
--------------------------------------------
Number of iterations: 929
Chisq:  1.20666408291e-05
Reduced chisq:  4.469126233e-07
N_free:  27
Component 1: sersic.
R_e [pixel] =  565.38 +/- 0.00 	[initial value = 400.0 ]
mu_e [mag/pixel^2] =  17.22 +/- 0.00 	 [initial value = 16.7 ]
n =  2.33 +/- 0.00        [initial value = 2.15 ]
b_n =  4.33
m_tot [mag] =  0.35

Component 3: disc.
h [pixel] =  2459.93 +/- 0.00        [initial value = 2383.0 ]
mu_0 [mag/pixel^2] =  17.45 +/- 0.00 	 [initial value = 17.3 ]
m_tot [mag] =  -1.50

Component 6: ferrer.
R_out [pixel] =  448.42 +/- 0.00 	[initial value = 1215.0 ]
mu_0 [mag/pixel^2] =  16.08 +/- 0.00 	 [initial value = 19.7 ]
alpha [pixel] =  4.00 +/- 0.00        [initial value = 0.1 ]
beta =  0.01 +/- 0.00        [initial value = 0.01 ]
m_tot [mag] = -99

--------------------------------------------
--------------------------------------------

Input ellipse file:  m31_op_overmos_sky_gauss60_logscale.ell
Excluded data:  [[-1.2232836, 79.403338476], [1935.4389435612, 3389.510897388]]
Axis Used:  eq
x-Axis units: pixel
pixels to arcsec scale:  1.2232836
Settings.zeropoint:  17.25585
Sky RMS:  0.03
Delta:  0.0111227212888
Convolution done?  True
PSF:  gaussian
Fit weighted with errors?  False
--------------------------------------------
Results from fit:
--------------------------------------------
Number of iterations: 100
Chisq:  5.54994786259e-07
Reduced chisq:  2.0555362454e-08
N_free:  27
Component 1: sersic.
R_e [pixel] =  162.26 +/- 0.00 	[initial value = 177.0 ]
mu_e [mag/pixel^2] =  15.35 +/- 0.00 	 [initial value = 15.7 ]
n =  0.84 +/- 0.00        [initial value = 1.45 ]
b_n =  1.37
m_tot [mag] =  1.69

Component 3: disc.
h [pixel] =  988.47 +/- 0.00        [initial value = 989.0 ]
mu_0 [mag/pixel^2] =  16.89 +/- 0.00 	 [initial value = 16.9 ]
m_tot [mag] =  -0.08

Component 6: ferrer.
R_out [pixel] =  1158.39 +/- 0.00 	[initial value = 878.0 ]
mu_0 [mag/pixel^2] =  17.41 +/- 0.00 	 [initial value = 18.2 ]
alpha [pixel] =  3.99 +/- 0.00        [initial value = 1.8 ]
beta =  0.01 +/- 0.00        [initial value = 0.01 ]
m_tot [mag] = -99

--------------------------------------------
--------------------------------------------

Input ellipse file:  m31_op_overmos_sky_gauss60_logscale.ell
Excluded data:  [[-1.2232836, 79.403338476], [1935.4389435612, 3389.510897388]]
Axis Used:  maj
x-Axis units: pixel
pixels to arcsec scale:  1.2232836
Settings.zeropoint:  17.25585
Sky RMS:  0.03
Delta:  0.0427959066307
Convolution done?  True
PSF:  gaussian
Fit weighted with errors?  False
--------------------------------------------
Results from fit:
--------------------------------------------
Number of iterations: 141
Chisq:  0.000140113983703
Reduced chisq:  5.18940680382e-06
N_free:  27
Component 1: sersic.
R_e [pixel] =  656.84 +/- 0.00 	[initial value = 400.0 ]
mu_e [mag/pixel^2] =  17.47 +/- 0.00 	 [initial value = 16.7 ]
n =  1.78 +/- 0.00        [initial value = 2.15 ]
b_n =  3.23
m_tot [mag] =  0.41

Component 3: disc.
h [pixel] =  2702.27 +/- 0.00        [initial value = 2383.0 ]
mu_0 [mag/pixel^2] =  17.58 +/- 0.00 	 [initial value = 17.3 ]
m_tot [mag] =  -1.57

Component 6: ferrer.
R_out [pixel] =  31863.23 +/- 0.00 	[initial value = 1215.0 ]
mu_0 [mag/pixel^2] =  34.09 +/- 0.00 	 [initial value = 19.7 ]
alpha [pixel] =  1.92 +/- 0.00        [initial value = 0.1 ]
beta =  0.01 +/- 0.00        [initial value = 0.01 ]
m_tot [mag] = -99

--------------------------------------------
--------------------------------------------

Input ellipse file:  m31_op_overmos_sky_gauss60_logscale.ell
Excluded data:  [[-1.2232836, 79.403338476], [1935.4389435612, 3389.510897388]]
Axis Used:  maj
x-Axis units: pixel
pixels to arcsec scale:  1.2232836
Settings.zeropoint:  17.25585
Sky RMS:  0.03
Delta:  0.0427959066307
Convolution done?  True
PSF:  gaussian
Fit weighted with errors?  False
--------------------------------------------
Results from fit:
--------------------------------------------
Number of iterations: 141
Chisq:  0.000140113983703
Reduced chisq:  5.18940680382e-06
N_free:  27
Component 1: sersic.
R_e [pixel] =  656.84 +/- 0.00 	[initial value = 400.0 ]
mu_e [mag/pixel^2] =  17.47 +/- 0.00 	 [initial value = 16.7 ]
n =  1.78 +/- 0.00        [initial value = 2.15 ]
b_n =  3.23
m_tot [mag] =  0.41

Component 3: disc.
h [pixel] =  2702.27 +/- 0.00        [initial value = 2383.0 ]
mu_0 [mag/pixel^2] =  17.58 +/- 0.00 	 [initial value = 17.3 ]
m_tot [mag] =  -1.57

Component 6: ferrer.
R_out [pixel] =  31863.23 +/- 0.00 	[initial value = 1215.0 ]
mu_0 [mag/pixel^2] =  34.09 +/- 0.00 	 [initial value = 19.7 ]
alpha [pixel] =  1.92 +/- 0.00        [initial value = 0.1 ]
beta =  0.01 +/- 0.00        [initial value = 0.01 ]
m_tot [mag] = -99

--------------------------------------------
--------------------------------------------

Input ellipse file:  m31_op_overmos_sky_gauss60_logscale.ell
Excluded data:  [[-1.2232836, 79.403338476], [1935.4389435612, 3389.510897388]]
Axis Used:  eq
x-Axis units: pixel
pixels to arcsec scale:  1.2232836
Settings.zeropoint:  17.25585
Sky RMS:  0.03
Delta:  0.0401702210776
Convolution done?  True
PSF:  gaussian
Fit weighted with errors?  False
--------------------------------------------
Results from fit:
--------------------------------------------
Number of iterations: 274
Chisq:  0.000114957360313
Reduced chisq:  4.2576800116e-06
N_free:  27
Component 1: sersic.
R_e [pixel] =  1066.61 +/- 0.00 	[initial value = 177.0 ]
mu_e [mag/pixel^2] =  20.69 +/- 0.00 	 [initial value = 15.7 ]
n =  3.78 +/- 0.00        [initial value = 1.45 ]
b_n =  7.22
m_tot [mag] =  2.19

Component 3: disc.
h [pixel] =  218.29 +/- 0.00        [initial value = 989.0 ]
mu_0 [mag/pixel^2] =  15.16 +/- 0.00 	 [initial value = 16.9 ]
m_tot [mag] =  1.47

Component 6: ferrer.
R_out [pixel] =  4064.52 +/- 0.00 	[initial value = 878.0 ]
mu_0 [mag/pixel^2] =  18.05 +/- 0.00 	 [initial value = 18.2 ]
alpha [pixel] =  3.58 +/- 0.00        [initial value = 1.8 ]
beta =  0.01 +/- 0.00        [initial value = 0.01 ]
m_tot [mag] = -99

--------------------------------------------
--------------------------------------------

Input ellipse file:  m31_op_overmos_sky_gauss60_logscale.ell
Excluded data:  [[-1.2232836, 79.403338476], [1935.4389435612, 3389.510897388]]
Axis Used:  maj
x-Axis units: pixel
pixels to arcsec scale:  1.2232836
Settings.zeropoint:  17.25585
Sky RMS:  0.03
Delta:  0.042918816195
Convolution done?  True
PSF:  moffat
Fit weighted with errors?  False
--------------------------------------------
Results from fit:
--------------------------------------------
Number of iterations: 151
Chisq:  0.000140425861214
Reduced chisq:  5.20095782273e-06
N_free:  27
Component 1: sersic.
R_e [pixel] =  659.66 +/- 0.00 	[initial value = 400.0 ]
mu_e [mag/pixel^2] =  17.48 +/- 0.00 	 [initial value = 16.7 ]
n =  1.78 +/- 0.00        [initial value = 2.15 ]
b_n =  3.24
m_tot [mag] =  0.41

Component 3: disc.
h [pixel] =  2717.08 +/- 0.00        [initial value = 2383.0 ]
mu_0 [mag/pixel^2] =  17.59 +/- 0.00 	 [initial value = 17.3 ]
m_tot [mag] =  -1.58

Component 6: ferrer.
R_out [pixel] =  31863.19 +/- 0.00 	[initial value = 1215.0 ]
mu_0 [mag/pixel^2] =  34.09 +/- 0.00 	 [initial value = 19.7 ]
alpha [pixel] =  1.92 +/- 0.00        [initial value = 0.1 ]
beta =  0.01 +/- 0.00        [initial value = 0.01 ]
m_tot [mag] = -99

--------------------------------------------
--------------------------------------------

Input ellipse file:  m31_op_overmos_sky_gauss60_logscale.ell
Excluded data:  [[-1.2232836, 79.403338476], [1935.4389435612, 3389.510897388]]
Axis Used:  eq
x-Axis units: pixel
pixels to arcsec scale:  1.2232836
Settings.zeropoint:  17.25585
Sky RMS:  0.03
Delta:  0.0374157016709
Convolution done?  True
PSF:  moffat
Fit weighted with errors?  False
--------------------------------------------
Results from fit:
--------------------------------------------
Number of iterations: 990
Chisq:  7.29588679494e-05
Reduced chisq:  2.70218029442e-06
N_free:  27
Component 1: sersic.
R_e [pixel] =  1006.62 +/- 0.00 	[initial value = 177.0 ]
mu_e [mag/pixel^2] =  24.34 +/- 0.00 	 [initial value = 15.7 ]
n =  9.91 +/- 0.00        [initial value = 1.45 ]
b_n =  19.49
m_tot [mag] =  5.46

Component 3: disc.
h [pixel] =  208.49 +/- 0.00        [initial value = 989.0 ]
mu_0 [mag/pixel^2] =  14.93 +/- 0.00 	 [initial value = 16.9 ]
m_tot [mag] =  1.34

Component 6: ferrer.
R_out [pixel] =  4152.12 +/- 0.00 	[initial value = 878.0 ]
mu_0 [mag/pixel^2] =  17.91 +/- 0.00 	 [initial value = 18.2 ]
alpha [pixel] =  4.00 +/- 0.00        [initial value = 1.8 ]
beta =  0.01 +/- 0.00        [initial value = 0.01 ]
m_tot [mag] = -99

--------------------------------------------
--------------------------------------------

Input ellipse file:  m31_op_overmos_sky_gauss60_combscale.ell
Excluded data:  [[-1.2232836, 79.403338476], [1935.4389435612, 3389.510897388]]
Axis Used:  maj
x-Axis units: pixel
pixels to arcsec scale:  1.2232836
Settings.zeropoint:  17.25585
Sky RMS:  0.03
Delta:  0.0126527319815
Convolution done?  True
PSF:  gaussian
Fit weighted with errors?  False
--------------------------------------------
Results from fit:
--------------------------------------------
Number of iterations: 154
Chisq:  2.2077162762e-05
Reduced chisq:  9.16064844898e-08
N_free:  241
Component 1: sersic.
R_e [pixel] =  379.95 +/- 0.00 	[initial value = 400.0 ]
mu_e [mag/pixel^2] =  16.64 +/- 0.00 	 [initial value = 16.7 ]
n =  2.05 +/- 0.00        [initial value = 2.15 ]
b_n =  3.77
m_tot [mag] =  0.70

Component 3: disc.
h [pixel] =  2343.79 +/- 0.00        [initial value = 2383.0 ]
mu_0 [mag/pixel^2] =  17.33 +/- 0.00 	 [initial value = 17.3 ]
m_tot [mag] =  -1.52

Component 6: ferrer.
R_out [pixel] =  1206.47 +/- 0.00 	[initial value = 1215.0 ]
mu_0 [mag/pixel^2] =  19.72 +/- 0.00 	 [initial value = 19.7 ]
alpha [pixel] =  0.03 +/- 0.00        [initial value = 0.1 ]
beta =  0.01 +/- 0.00        [initial value = 0.01 ]
m_tot [mag] = -99

--------------------------------------------
--------------------------------------------

Input ellipse file:  m31_op_overmos_sky_gauss60_combscale.ell
Excluded data:  [[-1.2232836, 79.403338476], [1935.4389435612, 3389.510897388]]
Axis Used:  eq
x-Axis units: pixel
pixels to arcsec scale:  1.2232836
Settings.zeropoint:  17.25585
Sky RMS:  0.03
Delta:  0.0105608047927
Convolution done?  True
PSF:  gaussian
Fit weighted with errors?  False
--------------------------------------------
Results from fit:
--------------------------------------------
Number of iterations: 80
Chisq:  1.1466878203e-05
Reduced chisq:  4.75804074815e-08
N_free:  241
Component 1: sersic.
R_e [pixel] =  170.61 +/- 0.00 	[initial value = 177.0 ]
mu_e [mag/pixel^2] =  15.64 +/- 0.00 	 [initial value = 15.7 ]
n =  1.41 +/- 0.00        [initial value = 1.45 ]
b_n =  2.49
m_tot [mag] =  1.62

Component 3: disc.
h [pixel] =  985.29 +/- 0.00        [initial value = 989.0 ]
mu_0 [mag/pixel^2] =  16.88 +/- 0.00 	 [initial value = 16.9 ]
m_tot [mag] =  -0.08

Component 6: ferrer.
R_out [pixel] =  923.07 +/- 0.00 	[initial value = 878.0 ]
mu_0 [mag/pixel^2] =  17.99 +/- 0.00 	 [initial value = 18.2 ]
alpha [pixel] =  2.34 +/- 0.00        [initial value = 1.8 ]
beta =  0.01 +/- 0.00        [initial value = 0.01 ]
m_tot [mag] = -99

--------------------------------------------
--------------------------------------------

Input ellipse file:  m31_op_overmos_sky_gauss60_combscale.ell
Excluded data:  [[-1.2232836, 79.403338476], [1935.4389435612, 3389.510897388]]
Axis Used:  maj
x-Axis units: pixel
pixels to arcsec scale:  1.2232836
Settings.zeropoint:  17.25585
Sky RMS:  0.03
Delta:  0.012624045129
Convolution done?  True
PSF:  moffat
Fit weighted with errors?  False
--------------------------------------------
Results from fit:
--------------------------------------------
Number of iterations: 99
Chisq:  2.21740426613e-05
Reduced chisq:  9.20084757731e-08
N_free:  241
Component 1: sersic.
R_e [pixel] =  400.52 +/- 0.00 	[initial value = 400.0 ]
mu_e [mag/pixel^2] =  16.73 +/- 0.00 	 [initial value = 16.7 ]
n =  2.14 +/- 0.00        [initial value = 2.15 ]
b_n =  3.96
m_tot [mag] =  0.65

Component 3: disc.
h [pixel] =  2377.10 +/- 0.00        [initial value = 2383.0 ]
mu_0 [mag/pixel^2] =  17.36 +/- 0.00 	 [initial value = 17.3 ]
m_tot [mag] =  -1.52

Component 6: ferrer.
R_out [pixel] =  1208.64 +/- 0.00 	[initial value = 1215.0 ]
mu_0 [mag/pixel^2] =  19.81 +/- 0.00 	 [initial value = 19.7 ]
alpha [pixel] =  0.01 +/- 0.00        [initial value = 0.1 ]
beta =  0.01 +/- 0.00        [initial value = 0.01 ]
m_tot [mag] = -99

--------------------------------------------
--------------------------------------------

Input ellipse file:  m31_op_overmos_sky_gauss60_combscale.ell
Excluded data:  [[-1.2232836, 79.403338476], [1935.4389435612, 3389.510897388]]
Axis Used:  eq
x-Axis units: pixel
pixels to arcsec scale:  1.2232836
Settings.zeropoint:  17.25585
Sky RMS:  0.03
Delta:  0.0105873718084
Convolution done?  True
PSF:  moffat
Fit weighted with errors?  False
--------------------------------------------
Results from fit:
--------------------------------------------
Number of iterations: 60
Chisq:  1.13931616431e-05
Reduced chisq:  4.72745296396e-08
N_free:  241
Component 1: sersic.
R_e [pixel] =  170.97 +/- 0.00 	[initial value = 177.0 ]
mu_e [mag/pixel^2] =  15.64 +/- 0.00 	 [initial value = 15.7 ]
n =  1.41 +/- 0.00        [initial value = 1.45 ]
b_n =  2.49
m_tot [mag] =  1.62

Component 3: disc.
h [pixel] =  984.94 +/- 0.00        [initial value = 989.0 ]
mu_0 [mag/pixel^2] =  16.88 +/- 0.00 	 [initial value = 16.9 ]
m_tot [mag] =  -0.08

Component 6: ferrer.
R_out [pixel] =  915.89 +/- 0.00 	[initial value = 878.0 ]
mu_0 [mag/pixel^2] =  18.01 +/- 0.00 	 [initial value = 18.2 ]
alpha [pixel] =  2.27 +/- 0.00        [initial value = 1.8 ]
beta =  0.01 +/- 0.00        [initial value = 0.01 ]
m_tot [mag] = -99

--------------------------------------------
--------------------------------------------

Input ellipse file:  m31_op_overmos_sky_gauss60_logscale.ell
Excluded data:  [[-1.2232836, 79.403338476], [1935.4389435612, 3389.510897388]]
Axis Used:  maj
x-Axis units: pixel
pixels to arcsec scale:  1.2232836
Settings.zeropoint:  17.25585
Sky RMS:  0.03
Delta:  0.0234266715403
Convolution done?  True
PSF:  gaussian
Fit weighted with errors?  False
--------------------------------------------
Results from fit:
--------------------------------------------
Number of iterations: 929
Chisq:  1.20666408291e-05
Reduced chisq:  4.469126233e-07
N_free:  27
Component 1: sersic.
R_e [pixel] =  565.38 +/- 0.00 	[initial value = 400.0 ]
mu_e [mag/pixel^2] =  17.22 +/- 0.00 	 [initial value = 16.7 ]
n =  2.33 +/- 0.00        [initial value = 2.15 ]
b_n =  4.33
m_tot [mag] =  0.35

Component 3: disc.
h [pixel] =  2459.93 +/- 0.00        [initial value = 2383.0 ]
mu_0 [mag/pixel^2] =  17.45 +/- 0.00 	 [initial value = 17.3 ]
m_tot [mag] =  -1.50

Component 6: ferrer.
R_out [pixel] =  448.42 +/- 0.00 	[initial value = 1215.0 ]
mu_0 [mag/pixel^2] =  16.08 +/- 0.00 	 [initial value = 19.7 ]
alpha [pixel] =  4.00 +/- 0.00        [initial value = 0.1 ]
beta =  0.01 +/- 0.00        [initial value = 0.01 ]
m_tot [mag] = -99

--------------------------------------------
--------------------------------------------

Input ellipse file:  m31_op_overmos_sky_gauss60_logscale.ell
Excluded data:  [[-1.2232836, 79.403338476], [1935.4389435612, 3389.510897388]]
Axis Used:  eq
x-Axis units: pixel
pixels to arcsec scale:  1.2232836
Settings.zeropoint:  17.25585
Sky RMS:  0.03
Delta:  0.0111227212888
Convolution done?  True
PSF:  gaussian
Fit weighted with errors?  False
--------------------------------------------
Results from fit:
--------------------------------------------
Number of iterations: 100
Chisq:  5.54994786259e-07
Reduced chisq:  2.0555362454e-08
N_free:  27
Component 1: sersic.
R_e [pixel] =  162.26 +/- 0.00 	[initial value = 177.0 ]
mu_e [mag/pixel^2] =  15.35 +/- 0.00 	 [initial value = 15.7 ]
n =  0.84 +/- 0.00        [initial value = 1.45 ]
b_n =  1.37
m_tot [mag] =  1.69

Component 3: disc.
h [pixel] =  988.47 +/- 0.00        [initial value = 989.0 ]
mu_0 [mag/pixel^2] =  16.89 +/- 0.00 	 [initial value = 16.9 ]
m_tot [mag] =  -0.08

Component 6: ferrer.
R_out [pixel] =  1158.39 +/- 0.00 	[initial value = 878.0 ]
mu_0 [mag/pixel^2] =  17.41 +/- 0.00 	 [initial value = 18.2 ]
alpha [pixel] =  3.99 +/- 0.00        [initial value = 1.8 ]
beta =  0.01 +/- 0.00        [initial value = 0.01 ]
m_tot [mag] = -99

--------------------------------------------
--------------------------------------------

Input ellipse file:  m31_op_overmos_sky_gauss60_combscale.ell
Excluded data:  [[-1.2232836, 79.403338476], [1935.4389435612, 3389.510897388]]
Axis Used:  maj
x-Axis units: pixel
pixels to arcsec scale:  1.2232836
Settings.zeropoint:  17.25585
Sky RMS:  0.03
Delta:  0.0654364658102
Convolution done?  True
PSF:  gaussian
Fit weighted with errors?  False
--------------------------------------------
Results from fit:
--------------------------------------------
Number of iterations: 33
Chisq:  0.00669044682694
Reduced chisq:  2.68692643652e-05
N_free:  249
Component 1: sersic.
R_e [pixel] =  412.08 +/- 1.61 	[initial value = 400.0 ]
mu_e [mag/pixel^2] =  16.70 +/- 0.00 	 [initial value = 16.7 ]
n =  2.15 +/- 0.00        [initial value = 2.15 ]
b_n =  3.97
m_tot [mag] =  0.56

Component 3: disc.
h [pixel] =  2383.00 +/- 0.00        [initial value = 2383.0 ]
mu_0 [mag/pixel^2] =  17.30 +/- 0.00 	 [initial value = 17.3 ]
m_tot [mag] =  -1.58

Component 6: ferrer.
R_out [pixel] =  1215.00 +/- 0.00 	[initial value = 1215.0 ]
mu_0 [mag/pixel^2] =  19.70 +/- 0.00 	 [initial value = 19.7 ]
alpha [pixel] =  0.10 +/- 0.00        [initial value = 0.1 ]
beta =  0.01 +/- 0.00        [initial value = 0.01 ]
m_tot [mag] = -99

--------------------------------------------
--------------------------------------------

Input ellipse file:  m31_op_overmos_sky_gauss60_combscale.ell
Excluded data:  [[-1.2232836, 79.403338476], [1935.4389435612, 3389.510897388]]
Axis Used:  maj
x-Axis units: pixel
pixels to arcsec scale:  1.2232836
Settings.zeropoint:  17.25585
Sky RMS:  0.03
Delta:  0.0654364658102
Convolution done?  True
PSF:  gaussian
Fit weighted with errors?  False
--------------------------------------------
Results from fit:
--------------------------------------------
Number of iterations: 33
Chisq:  0.00669044682694
Reduced chisq:  2.68692643652e-05
N_free:  249
Component 1: sersic.
R_e [pixel] =  412.08 +/- 1.61 	[initial value = 400.0 ]
mu_e [mag/pixel^2] =  16.70 +/- 0.00 	 [initial value = 16.7 ]
n =  2.15 +/- 0.00        [initial value = 2.15 ]
b_n =  3.97
m_tot [mag] =  0.56

Component 3: disc.
h [pixel] =  2383.00 +/- 0.00        [initial value = 2383.0 ]
mu_0 [mag/pixel^2] =  17.30 +/- 0.00 	 [initial value = 17.3 ]
m_tot [mag] =  -1.58

Component 6: ferrer.
R_out [pixel] =  1215.00 +/- 0.00 	[initial value = 1215.0 ]
mu_0 [mag/pixel^2] =  19.70 +/- 0.00 	 [initial value = 19.7 ]
alpha [pixel] =  0.10 +/- 0.00        [initial value = 0.1 ]
beta =  0.01 +/- 0.00        [initial value = 0.01 ]
m_tot [mag] = -99

--------------------------------------------
--------------------------------------------

Input ellipse file:  m31_op_overmos_sky_gauss60_combscale.ell
Excluded data:  [[-1.2232836, 79.403338476], [1935.4389435612, 3389.510897388]]
Axis Used:  eq
x-Axis units: pixel
pixels to arcsec scale:  1.2232836
Settings.zeropoint:  17.25585
Sky RMS:  0.03
Delta:  0.0318536225766
Convolution done?  True
PSF:  gaussian
Fit weighted with errors?  False
--------------------------------------------
Results from fit:
--------------------------------------------
Number of iterations: 27
Chisq:  0.000926908582738
Reduced chisq:  3.72252442867e-06
N_free:  249
Component 1: sersic.
R_e [pixel] =  193.11 +/- 0.36 	[initial value = 177.0 ]
mu_e [mag/pixel^2] =  15.70 +/- 0.00 	 [initial value = 15.7 ]
n =  1.45 +/- 0.00        [initial value = 1.45 ]
b_n =  2.57
m_tot [mag] =  1.40

Component 3: disc.
h [pixel] =  989.00 +/- 0.00        [initial value = 989.0 ]
mu_0 [mag/pixel^2] =  16.90 +/- 0.00 	 [initial value = 16.9 ]
m_tot [mag] =  -0.07

Component 6: ferrer.
R_out [pixel] =  878.00 +/- 0.00 	[initial value = 878.0 ]
mu_0 [mag/pixel^2] =  18.20 +/- 0.00 	 [initial value = 18.2 ]
alpha [pixel] =  1.80 +/- 0.00        [initial value = 1.8 ]
beta =  0.01 +/- 0.00        [initial value = 0.01 ]
m_tot [mag] = -99

--------------------------------------------
--------------------------------------------

Input ellipse file:  m31_op_overmos_sky_gauss60_combscale.ell
Excluded data:  [[-1.2232836, 79.403338476], [1935.4389435612, 3389.510897388]]
Axis Used:  maj
x-Axis units: pixel
pixels to arcsec scale:  1.2232836
Settings.zeropoint:  17.25585
Sky RMS:  0.03
Delta:  0.0654350678912
Convolution done?  True
PSF:  moffat
Fit weighted with errors?  False
--------------------------------------------
Results from fit:
--------------------------------------------
Number of iterations: 38
Chisq:  0.00669045348993
Reduced chisq:  2.68692911242e-05
N_free:  249
Component 1: sersic.
R_e [pixel] =  412.07 +/- 1.61 	[initial value = 400.0 ]
mu_e [mag/pixel^2] =  16.70 +/- 0.00 	 [initial value = 16.7 ]
n =  2.15 +/- 0.00        [initial value = 2.15 ]
b_n =  3.97
m_tot [mag] =  0.56

Component 3: disc.
h [pixel] =  2383.00 +/- 0.00        [initial value = 2383.0 ]
mu_0 [mag/pixel^2] =  17.30 +/- 0.00 	 [initial value = 17.3 ]
m_tot [mag] =  -1.58

Component 6: ferrer.
R_out [pixel] =  1215.00 +/- 0.00 	[initial value = 1215.0 ]
mu_0 [mag/pixel^2] =  19.70 +/- 0.00 	 [initial value = 19.7 ]
alpha [pixel] =  0.10 +/- 0.00        [initial value = 0.1 ]
beta =  0.01 +/- 0.00        [initial value = 0.01 ]
m_tot [mag] = -99

--------------------------------------------
--------------------------------------------

Input ellipse file:  m31_op_overmos_sky_gauss60_combscale.ell
Excluded data:  [[-1.2232836, 79.403338476], [1935.4389435612, 3389.510897388]]
Axis Used:  eq
x-Axis units: pixel
pixels to arcsec scale:  1.2232836
Settings.zeropoint:  17.25585
Sky RMS:  0.03
Delta:  0.0318569997096
Convolution done?  True
PSF:  moffat
Fit weighted with errors?  False
--------------------------------------------
Results from fit:
--------------------------------------------
Number of iterations: 28
Chisq:  0.000926879757406
Reduced chisq:  3.72240866428e-06
N_free:  249
Component 1: sersic.
R_e [pixel] =  193.11 +/- 0.36 	[initial value = 177.0 ]
mu_e [mag/pixel^2] =  15.70 +/- 0.00 	 [initial value = 15.7 ]
n =  1.45 +/- 0.00        [initial value = 1.45 ]
b_n =  2.57
m_tot [mag] =  1.40

Component 3: disc.
h [pixel] =  989.00 +/- 0.00        [initial value = 989.0 ]
mu_0 [mag/pixel^2] =  16.90 +/- 0.00 	 [initial value = 16.9 ]
m_tot [mag] =  -0.07

Component 6: ferrer.
R_out [pixel] =  878.00 +/- 0.00 	[initial value = 878.0 ]
mu_0 [mag/pixel^2] =  18.20 +/- 0.00 	 [initial value = 18.2 ]
alpha [pixel] =  1.80 +/- 0.00        [initial value = 1.8 ]
beta =  0.01 +/- 0.00        [initial value = 0.01 ]
m_tot [mag] = -99

--------------------------------------------
--------------------------------------------

Input ellipse file:  m31_op_overmos_sky_gauss60_combscale.ell
Excluded data:  [[-1.2232836, 79.403338476], [1935.4389435612, 3389.510897388]]
Axis Used:  maj
x-Axis units: pixel
pixels to arcsec scale:  1.2232836
Settings.zeropoint:  17.25585
Sky RMS:  0.03
Delta:  0.0654364658102
Convolution done?  True
PSF:  gaussian
Fit weighted with errors?  False
--------------------------------------------
Results from fit:
--------------------------------------------
Number of iterations: 33
Chisq:  0.00669044682694
Reduced chisq:  2.68692643652e-05
N_free:  249
Component 1: sersic.
R_e [pixel] =  412.08 +/- 1.61 	[initial value = 400.0 ]
mu_e [mag/pixel^2] =  16.70 +/- 0.00 	 [initial value = 16.7 ]
n =  2.15 +/- 0.00        [initial value = 2.15 ]
b_n =  3.97
m_tot [mag] =  0.56

Component 3: disc.
h [pixel] =  2383.00 +/- 0.00        [initial value = 2383.0 ]
mu_0 [mag/pixel^2] =  17.30 +/- 0.00 	 [initial value = 17.3 ]
m_tot [mag] =  -1.58

Component 6: ferrer.
R_out [pixel] =  1215.00 +/- 0.00 	[initial value = 1215.0 ]
mu_0 [mag/pixel^2] =  19.70 +/- 0.00 	 [initial value = 19.7 ]
alpha [pixel] =  0.10 +/- 0.00        [initial value = 0.1 ]
beta =  0.01 +/- 0.00        [initial value = 0.01 ]
m_tot [mag] = -99

--------------------------------------------
--------------------------------------------

Input ellipse file:  m31_op_overmos_sky_gauss60_combscale.ell
Excluded data:  [[-1.2232836, 79.403338476], [1935.4389435612, 3389.510897388]]
Axis Used:  eq
x-Axis units: pixel
pixels to arcsec scale:  1.2232836
Settings.zeropoint:  17.25585
Sky RMS:  0.03
Delta:  0.0318536225766
Convolution done?  True
PSF:  gaussian
Fit weighted with errors?  False
--------------------------------------------
Results from fit:
--------------------------------------------
Number of iterations: 27
Chisq:  0.000926908582738
Reduced chisq:  3.72252442867e-06
N_free:  249
Component 1: sersic.
R_e [pixel] =  193.11 +/- 0.36 	[initial value = 177.0 ]
mu_e [mag/pixel^2] =  15.70 +/- 0.00 	 [initial value = 15.7 ]
n =  1.45 +/- 0.00        [initial value = 1.45 ]
b_n =  2.57
m_tot [mag] =  1.40

Component 3: disc.
h [pixel] =  989.00 +/- 0.00        [initial value = 989.0 ]
mu_0 [mag/pixel^2] =  16.90 +/- 0.00 	 [initial value = 16.9 ]
m_tot [mag] =  -0.07

Component 6: ferrer.
R_out [pixel] =  878.00 +/- 0.00 	[initial value = 878.0 ]
mu_0 [mag/pixel^2] =  18.20 +/- 0.00 	 [initial value = 18.2 ]
alpha [pixel] =  1.80 +/- 0.00        [initial value = 1.8 ]
beta =  0.01 +/- 0.00        [initial value = 0.01 ]
m_tot [mag] = -99

--------------------------------------------
--------------------------------------------

Input ellipse file:  m31_op_overmos_sky_gauss60_combscale.ell
Excluded data:  [[-1.2232836, 79.403338476], [1935.4389435612, 3389.510897388]]
Axis Used:  maj
x-Axis units: pixel
pixels to arcsec scale:  1.2232836
Settings.zeropoint:  17.25585
Sky RMS:  0.03
Delta:  0.0654364658102
Convolution done?  True
PSF:  gaussian
Fit weighted with errors?  False
--------------------------------------------
Results from fit:
--------------------------------------------
Number of iterations: 33
Chisq:  0.00669044682694
Reduced chisq:  2.68692643652e-05
N_free:  249
Component 1: sersic.
R_e [pixel] =  412.08 +/- 1.61 	[initial value = 400.0 ]
mu_e [mag/pixel^2] =  16.70 +/- 0.00 	 [initial value = 16.7 ]
n =  2.15 +/- 0.00        [initial value = 2.15 ]
b_n =  3.97
m_tot [mag] =  0.56

Component 3: disc.
h [pixel] =  2383.00 +/- 0.00        [initial value = 2383.0 ]
mu_0 [mag/pixel^2] =  17.30 +/- 0.00 	 [initial value = 17.3 ]
m_tot [mag] =  -1.58

Component 6: ferrer.
R_out [pixel] =  1215.00 +/- 0.00 	[initial value = 1215.0 ]
mu_0 [mag/pixel^2] =  19.70 +/- 0.00 	 [initial value = 19.7 ]
alpha [pixel] =  0.10 +/- 0.00        [initial value = 0.1 ]
beta =  0.01 +/- 0.00        [initial value = 0.01 ]
m_tot [mag] = -99

--------------------------------------------
--------------------------------------------

Input ellipse file:  m31_op_overmos_sky_gauss60_combscale.ell
Excluded data:  [[-1.2232836, 79.403338476], [1935.4389435612, 3389.510897388]]
Axis Used:  maj
x-Axis units: pixel
pixels to arcsec scale:  1.2232836
Settings.zeropoint:  17.25585
Sky RMS:  0.03
Delta:  0.0578256060532
Convolution done?  True
PSF:  gaussian
Fit weighted with errors?  False
--------------------------------------------
Results from fit:
--------------------------------------------
Number of iterations: 24
Chisq:  0.000115807782987
Reduced chisq:  1.65439689982e-05
N_free:  7
Component 1: sersic.
R_e [pixel] =  379.06 +/- 13.71 	[initial value = 400.0 ]
mu_e [mag/pixel^2] =  16.70 +/- 0.00 	 [initial value = 16.7 ]
n =  2.15 +/- 0.00        [initial value = 2.15 ]
b_n =  3.97
m_tot [mag] =  0.74

Component 3: disc.
h [pixel] =  2383.00 +/- 0.00        [initial value = 2383.0 ]
mu_0 [mag/pixel^2] =  17.30 +/- 0.00 	 [initial value = 17.3 ]
m_tot [mag] =  -1.58

Component 6: ferrer.
R_out [pixel] =  1215.00 +/- 0.00 	[initial value = 1215.0 ]
mu_0 [mag/pixel^2] =  19.70 +/- 0.00 	 [initial value = 19.7 ]
alpha [pixel] =  0.10 +/- 0.00        [initial value = 0.1 ]
beta =  0.01 +/- 0.00        [initial value = 0.01 ]
m_tot [mag] = -99

--------------------------------------------
--------------------------------------------

Input ellipse file:  m31_op_overmos_sky_gauss60_combscale.ell
Excluded data:  [[-1.2232836, 79.403338476], [1935.4389435612, 3389.510897388]]
Axis Used:  eq
x-Axis units: pixel
pixels to arcsec scale:  1.2232836
Settings.zeropoint:  17.25585
Sky RMS:  0.03
Delta:  0.00865053507967
Convolution done?  True
PSF:  gaussian
Fit weighted with errors?  False
--------------------------------------------
Results from fit:
--------------------------------------------
Number of iterations: 21
Chisq:  6.39748909473e-08
Reduced chisq:  9.13927013532e-09
N_free:  7
Component 1: sersic.
R_e [pixel] =  177.81 +/- 0.58 	[initial value = 177.0 ]
mu_e [mag/pixel^2] =  15.70 +/- 0.00 	 [initial value = 15.7 ]
n =  1.45 +/- 0.00        [initial value = 1.45 ]
b_n =  2.57
m_tot [mag] =  1.58

Component 3: disc.
h [pixel] =  989.00 +/- 0.00        [initial value = 989.0 ]
mu_0 [mag/pixel^2] =  16.90 +/- 0.00 	 [initial value = 16.9 ]
m_tot [mag] =  -0.07

Component 6: ferrer.
R_out [pixel] =  878.00 +/- 0.00 	[initial value = 878.0 ]
mu_0 [mag/pixel^2] =  18.20 +/- 0.00 	 [initial value = 18.2 ]
alpha [pixel] =  1.80 +/- 0.00        [initial value = 1.8 ]
beta =  0.01 +/- 0.00        [initial value = 0.01 ]
m_tot [mag] = -99

--------------------------------------------
--------------------------------------------

Input ellipse file:  m31_op_overmos_sky_gauss60_combscale.ell
Excluded data:  [[-1.2232836, 79.403338476], [1935.4389435612, 3389.510897388]]
Axis Used:  maj
x-Axis units: pixel
pixels to arcsec scale:  1.2232836
Settings.zeropoint:  17.25585
Sky RMS:  0.03
Delta:  0.057826205796
Convolution done?  True
PSF:  moffat
Fit weighted with errors?  False
--------------------------------------------
Results from fit:
--------------------------------------------
Number of iterations: 22
Chisq:  0.000115808093551
Reduced chisq:  1.65440133644e-05
N_free:  7
Component 1: sersic.
R_e [pixel] =  379.05 +/- 13.70 	[initial value = 400.0 ]
mu_e [mag/pixel^2] =  16.70 +/- 0.00 	 [initial value = 16.7 ]
n =  2.15 +/- 0.00        [initial value = 2.15 ]
b_n =  3.97
m_tot [mag] =  0.74

Component 3: disc.
h [pixel] =  2383.00 +/- 0.00        [initial value = 2383.0 ]
mu_0 [mag/pixel^2] =  17.30 +/- 0.00 	 [initial value = 17.3 ]
m_tot [mag] =  -1.58

Component 6: ferrer.
R_out [pixel] =  1215.00 +/- 0.00 	[initial value = 1215.0 ]
mu_0 [mag/pixel^2] =  19.70 +/- 0.00 	 [initial value = 19.7 ]
alpha [pixel] =  0.10 +/- 0.00        [initial value = 0.1 ]
beta =  0.01 +/- 0.00        [initial value = 0.01 ]
m_tot [mag] = -99

--------------------------------------------
--------------------------------------------

Input ellipse file:  m31_op_overmos_sky_gauss60_combscale.ell
Excluded data:  [[-1.2232836, 79.403338476], [1935.4389435612, 3389.510897388]]
Axis Used:  eq
x-Axis units: pixel
pixels to arcsec scale:  1.2232836
Settings.zeropoint:  17.25585
Sky RMS:  0.03
Delta:  0.00865211516063
Convolution done?  True
PSF:  moffat
Fit weighted with errors?  False
--------------------------------------------
Results from fit:
--------------------------------------------
Number of iterations: 24
Chisq:  6.39903759952e-08
Reduced chisq:  9.14148228504e-09
N_free:  7
Component 1: sersic.
R_e [pixel] =  177.81 +/- 0.58 	[initial value = 177.0 ]
mu_e [mag/pixel^2] =  15.70 +/- 0.00 	 [initial value = 15.7 ]
n =  1.45 +/- 0.00        [initial value = 1.45 ]
b_n =  2.57
m_tot [mag] =  1.58

Component 3: disc.
h [pixel] =  989.00 +/- 0.00        [initial value = 989.0 ]
mu_0 [mag/pixel^2] =  16.90 +/- 0.00 	 [initial value = 16.9 ]
m_tot [mag] =  -0.07

Component 6: ferrer.
R_out [pixel] =  878.00 +/- 0.00 	[initial value = 878.0 ]
mu_0 [mag/pixel^2] =  18.20 +/- 0.00 	 [initial value = 18.2 ]
alpha [pixel] =  1.80 +/- 0.00        [initial value = 1.8 ]
beta =  0.01 +/- 0.00        [initial value = 0.01 ]
m_tot [mag] = -99

--------------------------------------------
--------------------------------------------

Input ellipse file:  m31_op_overmos_sky_gauss60_combscale.ell
Excluded data:  [[-1.2232836, 79.403338476], [1935.4389435612, 3389.510897388]]
Axis Used:  maj
x-Axis units: pixel
pixels to arcsec scale:  1.2232836
Settings.zeropoint:  17.25585
Sky RMS:  0.03
Delta:  0.0496719202523
Convolution done?  True
PSF:  moffat
Fit weighted with errors?  False
--------------------------------------------
Results from fit:
--------------------------------------------
Number of iterations: 25
Chisq:  0.000213989279921
Reduced chisq:  1.0699463996e-05
N_free:  20
Component 1: sersic.
R_e [pixel] =  378.26 +/- 8.02 	[initial value = 400.0 ]
mu_e [mag/pixel^2] =  16.70 +/- 0.00 	 [initial value = 16.7 ]
n =  2.15 +/- 0.00        [initial value = 2.15 ]
b_n =  3.97
m_tot [mag] =  0.74

Component 3: disc.
h [pixel] =  2383.00 +/- 0.00        [initial value = 2383.0 ]
mu_0 [mag/pixel^2] =  17.30 +/- 0.00 	 [initial value = 17.3 ]
m_tot [mag] =  -1.58

Component 6: ferrer.
R_out [pixel] =  1215.00 +/- 0.00 	[initial value = 1215.0 ]
mu_0 [mag/pixel^2] =  19.70 +/- 0.00 	 [initial value = 19.7 ]
alpha [pixel] =  0.10 +/- 0.00        [initial value = 0.1 ]
beta =  0.01 +/- 0.00        [initial value = 0.01 ]
m_tot [mag] = -99

--------------------------------------------
--------------------------------------------

Input ellipse file:  m31_op_overmos_sky_gauss60_combscale.ell
Excluded data:  [[-1.2232836, 79.403338476], [1935.4389435612, 3389.510897388]]
Axis Used:  maj
x-Axis units: pixel
pixels to arcsec scale:  1.2232836
Settings.zeropoint:  17.25585
Sky RMS:  0.03
Delta:  0.0472165590834
Convolution done?  True
PSF:  moffat
Fit weighted with errors?  False
--------------------------------------------
Results from fit:
--------------------------------------------
Number of iterations: 33
Chisq:  0.00036563135526
Reduced chisq:  9.14078388151e-06
N_free:  40
Component 1: sersic.
R_e [pixel] =  378.51 +/- 5.45 	[initial value = 400.0 ]
mu_e [mag/pixel^2] =  16.70 +/- 0.00 	 [initial value = 16.7 ]
n =  2.15 +/- 0.00        [initial value = 2.15 ]
b_n =  3.97
m_tot [mag] =  0.74

Component 3: disc.
h [pixel] =  2383.00 +/- 0.00        [initial value = 2383.0 ]
mu_0 [mag/pixel^2] =  17.30 +/- 0.00 	 [initial value = 17.3 ]
m_tot [mag] =  -1.58

Component 6: ferrer.
R_out [pixel] =  1215.00 +/- 0.00 	[initial value = 1215.0 ]
mu_0 [mag/pixel^2] =  19.70 +/- 0.00 	 [initial value = 19.7 ]
alpha [pixel] =  0.10 +/- 0.00        [initial value = 0.1 ]
beta =  0.01 +/- 0.00        [initial value = 0.01 ]
m_tot [mag] = -99

--------------------------------------------
--------------------------------------------

Input ellipse file:  m31_op_overmos_sky_gauss60_combscale.ell
Excluded data:  [[-1.2232836, 79.403338476], [1935.4389435612, 3389.510897388]]
Axis Used:  maj
x-Axis units: pixel
pixels to arcsec scale:  1.2232836
Settings.zeropoint:  17.25585
Sky RMS:  0.03
Delta:  0.0472165590834
Convolution done?  True
PSF:  moffat
Fit weighted with errors?  False
--------------------------------------------
Results from fit:
--------------------------------------------
Number of iterations: 33
Chisq:  0.00036563135526
Reduced chisq:  9.14078388151e-06
N_free:  40
Component 1: sersic.
R_e [pixel] =  378.51 +/- 5.45 	[initial value = 400.0 ]
mu_e [mag/pixel^2] =  16.70 +/- 0.00 	 [initial value = 16.7 ]
n =  2.15 +/- 0.00        [initial value = 2.15 ]
b_n =  3.97
m_tot [mag] =  0.74

Component 3: disc.
h [pixel] =  2383.00 +/- 0.00        [initial value = 2383.0 ]
mu_0 [mag/pixel^2] =  17.30 +/- 0.00 	 [initial value = 17.3 ]
m_tot [mag] =  -1.58

Component 6: ferrer.
R_out [pixel] =  1215.00 +/- 0.00 	[initial value = 1215.0 ]
mu_0 [mag/pixel^2] =  19.70 +/- 0.00 	 [initial value = 19.7 ]
alpha [pixel] =  0.10 +/- 0.00        [initial value = 0.1 ]
beta =  0.01 +/- 0.00        [initial value = 0.01 ]
m_tot [mag] = -99

--------------------------------------------
--------------------------------------------

Input ellipse file:  m31_op_overmos_sky_gauss60_combscale.ell
Excluded data:  [[-1.2232836, 79.403338476], [1935.4389435612, 3389.510897388]]
Axis Used:  maj
x-Axis units: pixel
pixels to arcsec scale:  1.2232836
Settings.zeropoint:  17.25585
Sky RMS:  0.03
Delta:  0.0472165590834
Convolution done?  True
PSF:  moffat
Fit weighted with errors?  False
--------------------------------------------
Results from fit:
--------------------------------------------
Number of iterations: 33
Chisq:  0.00036563135526
Reduced chisq:  9.14078388151e-06
N_free:  40
Component 1: sersic.
R_e [pixel] =  378.51 +/- 5.45 	[initial value = 400.0 ]
mu_e [mag/pixel^2] =  16.70 +/- 0.00 	 [initial value = 16.7 ]
n =  2.15 +/- 0.00        [initial value = 2.15 ]
b_n =  3.97
m_tot [mag] =  0.74

Component 3: disc.
h [pixel] =  2383.00 +/- 0.00        [initial value = 2383.0 ]
mu_0 [mag/pixel^2] =  17.30 +/- 0.00 	 [initial value = 17.3 ]
m_tot [mag] =  -1.58

Component 6: ferrer.
R_out [pixel] =  1215.00 +/- 0.00 	[initial value = 1215.0 ]
mu_0 [mag/pixel^2] =  19.70 +/- 0.00 	 [initial value = 19.7 ]
alpha [pixel] =  0.10 +/- 0.00        [initial value = 0.1 ]
beta =  0.01 +/- 0.00        [initial value = 0.01 ]
m_tot [mag] = -99

--------------------------------------------
--------------------------------------------

Input ellipse file:  m31_op_overmos_sky_gauss60_logscale.ell
Excluded data:  [[-1.2232836, 79.403338476], [1935.4389435612, 3389.510897388]]
Axis Used:  maj
x-Axis units: pixel
pixels to arcsec scale:  1.2232836
Settings.zeropoint:  17.25585
Sky RMS:  0.03
Delta:  0.477952618664
Convolution done?  True
PSF:  gaussian
Fit weighted with errors?  False
--------------------------------------------
Results from fit:
--------------------------------------------
Number of iterations: 27
Chisq:  3.43434231669
Reduced chisq:  0.0981240661912
N_free:  35
Component 1: sersic.
R_e [pixel] =  217.01 +/- 17.82 	[initial value = 400.0 ]
mu_e [mag/pixel^2] =  16.70 +/- 0.00 	 [initial value = 16.7 ]
n =  2.15 +/- 0.00        [initial value = 2.15 ]
b_n =  3.97
m_tot [mag] =  1.95

Component 3: disc.
h [pixel] =  2383.00 +/- 0.00        [initial value = 2383.0 ]
mu_0 [mag/pixel^2] =  17.30 +/- 0.00 	 [initial value = 17.3 ]
m_tot [mag] =  -1.58

Component 6: ferrer.
R_out [pixel] =  1215.00 +/- 0.00 	[initial value = 1215.0 ]
mu_0 [mag/pixel^2] =  19.70 +/- 0.00 	 [initial value = 19.7 ]
alpha [pixel] =  0.10 +/- 0.00        [initial value = 0.1 ]
beta =  0.01 +/- 0.00        [initial value = 0.01 ]
m_tot [mag] = -99

--------------------------------------------
--------------------------------------------

Input ellipse file:  m31_op_overmos_sky_gauss60_logscale.ell
Excluded data:  [[-1.2232836, 79.403338476], [1935.4389435612, 3389.510897388]]
Axis Used:  eq
x-Axis units: pixel
pixels to arcsec scale:  1.2232836
Settings.zeropoint:  17.25585
Sky RMS:  0.03
Delta:  0.389346343099
Convolution done?  True
PSF:  gaussian
Fit weighted with errors?  False
--------------------------------------------
Results from fit:
--------------------------------------------
Number of iterations: 23
Chisq:  1.57948957403
Reduced chisq:  0.0451282735438
N_free:  35
Component 1: sersic.
R_e [pixel] =  68.09 +/- 7.84 	[initial value = 177.0 ]
mu_e [mag/pixel^2] =  15.70 +/- 0.00 	 [initial value = 15.7 ]
n =  1.45 +/- 0.00        [initial value = 1.45 ]
b_n =  2.57
m_tot [mag] =  3.66

Component 3: disc.
h [pixel] =  989.00 +/- 0.00        [initial value = 989.0 ]
mu_0 [mag/pixel^2] =  16.90 +/- 0.00 	 [initial value = 16.9 ]
m_tot [mag] =  -0.07

Component 6: ferrer.
R_out [pixel] =  878.00 +/- 0.00 	[initial value = 878.0 ]
mu_0 [mag/pixel^2] =  18.20 +/- 0.00 	 [initial value = 18.2 ]
alpha [pixel] =  1.80 +/- 0.00        [initial value = 1.8 ]
beta =  0.01 +/- 0.00        [initial value = 0.01 ]
m_tot [mag] = -99

--------------------------------------------
--------------------------------------------

Input ellipse file:  m31_op_overmos_sky_gauss60_logscale.ell
Excluded data:  [[-1.2232836, 79.403338476], [1935.4389435612, 3389.510897388]]
Axis Used:  maj
x-Axis units: pixel
pixels to arcsec scale:  1.2232836
Settings.zeropoint:  17.25585
Sky RMS:  0.03
Delta:  0.478336184431
Convolution done?  True
PSF:  moffat
Fit weighted with errors?  False
--------------------------------------------
Results from fit:
--------------------------------------------
Number of iterations: 29
Chisq:  3.44620854261
Reduced chisq:  0.0984631012175
N_free:  35
Component 1: sersic.
R_e [pixel] =  216.92 +/- 17.81 	[initial value = 400.0 ]
mu_e [mag/pixel^2] =  16.70 +/- 0.00 	 [initial value = 16.7 ]
n =  2.15 +/- 0.00        [initial value = 2.15 ]
b_n =  3.97
m_tot [mag] =  1.95

Component 3: disc.
h [pixel] =  2383.00 +/- 0.00        [initial value = 2383.0 ]
mu_0 [mag/pixel^2] =  17.30 +/- 0.00 	 [initial value = 17.3 ]
m_tot [mag] =  -1.58

Component 6: ferrer.
R_out [pixel] =  1215.00 +/- 0.00 	[initial value = 1215.0 ]
mu_0 [mag/pixel^2] =  19.70 +/- 0.00 	 [initial value = 19.7 ]
alpha [pixel] =  0.10 +/- 0.00        [initial value = 0.1 ]
beta =  0.01 +/- 0.00        [initial value = 0.01 ]
m_tot [mag] = -99

--------------------------------------------
--------------------------------------------

Input ellipse file:  m31_op_overmos_sky_gauss60_logscale.ell
Excluded data:  [[-1.2232836, 79.403338476], [1935.4389435612, 3389.510897388]]
Axis Used:  eq
x-Axis units: pixel
pixels to arcsec scale:  1.2232836
Settings.zeropoint:  17.25585
Sky RMS:  0.03
Delta:  0.389536154178
Convolution done?  True
PSF:  moffat
Fit weighted with errors?  False
--------------------------------------------
Results from fit:
--------------------------------------------
Number of iterations: 21
Chisq:  1.58300095207
Reduced chisq:  0.0452285986306
N_free:  35
Component 1: sersic.
R_e [pixel] =  67.98 +/- 7.85 	[initial value = 177.0 ]
mu_e [mag/pixel^2] =  15.70 +/- 0.00 	 [initial value = 15.7 ]
n =  1.45 +/- 0.00        [initial value = 1.45 ]
b_n =  2.57
m_tot [mag] =  3.67

Component 3: disc.
h [pixel] =  989.00 +/- 0.00        [initial value = 989.0 ]
mu_0 [mag/pixel^2] =  16.90 +/- 0.00 	 [initial value = 16.9 ]
m_tot [mag] =  -0.07

Component 6: ferrer.
R_out [pixel] =  878.00 +/- 0.00 	[initial value = 878.0 ]
mu_0 [mag/pixel^2] =  18.20 +/- 0.00 	 [initial value = 18.2 ]
alpha [pixel] =  1.80 +/- 0.00        [initial value = 1.8 ]
beta =  0.01 +/- 0.00        [initial value = 0.01 ]
m_tot [mag] = -99

--------------------------------------------
--------------------------------------------

Input ellipse file:  m31_op_overmos_sky_gauss60_logscale.ell
Excluded data:  [[-1.2232836, 79.403338476], [1935.4389435612, 3389.510897388]]
Axis Used:  maj
x-Axis units: pixel
pixels to arcsec scale:  1.2232836
Settings.zeropoint:  17.25585
Sky RMS:  0.03
Delta:  0.0427959066307
Convolution done?  True
PSF:  gaussian
Fit weighted with errors?  False
--------------------------------------------
Results from fit:
--------------------------------------------
Number of iterations: 141
Chisq:  0.000140113983703
Reduced chisq:  5.18940680382e-06
N_free:  27
Component 1: sersic.
R_e [pixel] =  656.84 +/- 0.00 	[initial value = 400.0 ]
mu_e [mag/pixel^2] =  17.47 +/- 0.00 	 [initial value = 16.7 ]
n =  1.78 +/- 0.00        [initial value = 2.15 ]
b_n =  3.23
m_tot [mag] =  0.41

Component 3: disc.
h [pixel] =  2702.27 +/- 0.00        [initial value = 2383.0 ]
mu_0 [mag/pixel^2] =  17.58 +/- 0.00 	 [initial value = 17.3 ]
m_tot [mag] =  -1.57

Component 6: ferrer.
R_out [pixel] =  31863.23 +/- 0.00 	[initial value = 1215.0 ]
mu_0 [mag/pixel^2] =  34.09 +/- 0.00 	 [initial value = 19.7 ]
alpha [pixel] =  1.92 +/- 0.00        [initial value = 0.1 ]
beta =  0.01 +/- 0.00        [initial value = 0.01 ]
m_tot [mag] = -99

--------------------------------------------
--------------------------------------------

Input ellipse file:  m31_op_overmos_sky_gauss60_logscale.ell
Excluded data:  [[-1.2232836, 79.403338476], [1935.4389435612, 3389.510897388]]
Axis Used:  eq
x-Axis units: pixel
pixels to arcsec scale:  1.2232836
Settings.zeropoint:  17.25585
Sky RMS:  0.03
Delta:  0.0401702210776
Convolution done?  True
PSF:  gaussian
Fit weighted with errors?  False
--------------------------------------------
Results from fit:
--------------------------------------------
Number of iterations: 274
Chisq:  0.000114957360313
Reduced chisq:  4.2576800116e-06
N_free:  27
Component 1: sersic.
R_e [pixel] =  1066.61 +/- 0.00 	[initial value = 177.0 ]
mu_e [mag/pixel^2] =  20.69 +/- 0.00 	 [initial value = 15.7 ]
n =  3.78 +/- 0.00        [initial value = 1.45 ]
b_n =  7.22
m_tot [mag] =  2.19

Component 3: disc.
h [pixel] =  218.29 +/- 0.00        [initial value = 989.0 ]
mu_0 [mag/pixel^2] =  15.16 +/- 0.00 	 [initial value = 16.9 ]
m_tot [mag] =  1.47

Component 6: ferrer.
R_out [pixel] =  4064.52 +/- 0.00 	[initial value = 878.0 ]
mu_0 [mag/pixel^2] =  18.05 +/- 0.00 	 [initial value = 18.2 ]
alpha [pixel] =  3.58 +/- 0.00        [initial value = 1.8 ]
beta =  0.01 +/- 0.00        [initial value = 0.01 ]
m_tot [mag] = -99

--------------------------------------------
--------------------------------------------

Input ellipse file:  m31_op_overmos_sky_gauss60_logscale.ell
Excluded data:  [[-1.2232836, 79.403338476], [1935.4389435612, 3389.510897388]]
Axis Used:  maj
x-Axis units: pixel
pixels to arcsec scale:  1.2232836
Settings.zeropoint:  17.25585
Sky RMS:  0.03
Delta:  0.042918816195
Convolution done?  True
PSF:  moffat
Fit weighted with errors?  False
--------------------------------------------
Results from fit:
--------------------------------------------
Number of iterations: 151
Chisq:  0.000140425861214
Reduced chisq:  5.20095782273e-06
N_free:  27
Component 1: sersic.
R_e [pixel] =  659.66 +/- 0.00 	[initial value = 400.0 ]
mu_e [mag/pixel^2] =  17.48 +/- 0.00 	 [initial value = 16.7 ]
n =  1.78 +/- 0.00        [initial value = 2.15 ]
b_n =  3.24
m_tot [mag] =  0.41

Component 3: disc.
h [pixel] =  2717.08 +/- 0.00        [initial value = 2383.0 ]
mu_0 [mag/pixel^2] =  17.59 +/- 0.00 	 [initial value = 17.3 ]
m_tot [mag] =  -1.58

Component 6: ferrer.
R_out [pixel] =  31863.19 +/- 0.00 	[initial value = 1215.0 ]
mu_0 [mag/pixel^2] =  34.09 +/- 0.00 	 [initial value = 19.7 ]
alpha [pixel] =  1.92 +/- 0.00        [initial value = 0.1 ]
beta =  0.01 +/- 0.00        [initial value = 0.01 ]
m_tot [mag] = -99

--------------------------------------------
--------------------------------------------

Input ellipse file:  m31_op_overmos_sky_gauss60_logscale.ell
Excluded data:  [[-1.2232836, 79.403338476], [1935.4389435612, 3389.510897388]]
Axis Used:  maj
x-Axis units: pixel
pixels to arcsec scale:  1.2232836
Settings.zeropoint:  17.25585
Sky RMS:  0.03
Delta:  0.0427959066307
Convolution done?  True
PSF:  gaussian
Fit weighted with errors?  False
--------------------------------------------
Results from fit:
--------------------------------------------
Number of iterations: 141
Chisq:  0.000140113983703
Reduced chisq:  5.18940680382e-06
N_free:  27
Component 1: sersic.
R_e [pixel] =  656.84 +/- 0.00 	[initial value = 400.0 ]
mu_e [mag/pixel^2] =  17.47 +/- 0.00 	 [initial value = 16.7 ]
n =  1.78 +/- 0.00        [initial value = 2.15 ]
b_n =  3.23
m_tot [mag] =  0.41

Component 2: disc.
h [pixel] =  2702.27 +/- 0.00        [initial value = 2383.0 ]
mu_0 [mag/pixel^2] =  17.58 +/- 0.00 	 [initial value = 17.3 ]
m_tot [mag] =  -1.57

Component 6: ferrer.
R_out [pixel] =  31863.23 +/- 0.00 	[initial value = 1215.0 ]
mu_0 [mag/pixel^2] =  34.09 +/- 0.00 	 [initial value = 19.7 ]
alpha [pixel] =  1.92 +/- 0.00        [initial value = 0.1 ]
beta =  0.01 +/- 0.00        [initial value = 0.01 ]
m_tot [mag] = -99

--------------------------------------------
--------------------------------------------

Input ellipse file:  m31_op_overmos_sky_gauss60_logscale.ell
Excluded data:  [[-1.2232836, 79.403338476], [1935.4389435612, 3389.510897388]]
Axis Used:  eq
x-Axis units: pixel
pixels to arcsec scale:  1.2232836
Settings.zeropoint:  17.25585
Sky RMS:  0.03
Delta:  0.0401702210776
Convolution done?  True
PSF:  gaussian
Fit weighted with errors?  False
--------------------------------------------
Results from fit:
--------------------------------------------
Number of iterations: 274
Chisq:  0.000114957360313
Reduced chisq:  4.2576800116e-06
N_free:  27
Component 1: sersic.
R_e [pixel] =  1066.61 +/- 0.00 	[initial value = 177.0 ]
mu_e [mag/pixel^2] =  20.69 +/- 0.00 	 [initial value = 15.7 ]
n =  3.78 +/- 0.00        [initial value = 1.45 ]
b_n =  7.22
m_tot [mag] =  2.19

Component 2: disc.
h [pixel] =  218.29 +/- 0.00        [initial value = 989.0 ]
mu_0 [mag/pixel^2] =  15.16 +/- 0.00 	 [initial value = 16.9 ]
m_tot [mag] =  1.47

Component 6: ferrer.
R_out [pixel] =  4064.52 +/- 0.00 	[initial value = 878.0 ]
mu_0 [mag/pixel^2] =  18.05 +/- 0.00 	 [initial value = 18.2 ]
alpha [pixel] =  3.58 +/- 0.00        [initial value = 1.8 ]
beta =  0.01 +/- 0.00        [initial value = 0.01 ]
m_tot [mag] = -99

--------------------------------------------
--------------------------------------------

Input ellipse file:  m31_op_overmos_sky_gauss60_logscale.ell
Excluded data:  [[-1.2232836, 79.403338476], [1935.4389435612, 3389.510897388]]
Axis Used:  maj
x-Axis units: pixel
pixels to arcsec scale:  1.2232836
Settings.zeropoint:  17.25585
Sky RMS:  0.03
Delta:  0.042918816195
Convolution done?  True
PSF:  moffat
Fit weighted with errors?  False
--------------------------------------------
Results from fit:
--------------------------------------------
Number of iterations: 151
Chisq:  0.000140425861214
Reduced chisq:  5.20095782273e-06
N_free:  27
Component 1: sersic.
R_e [pixel] =  659.66 +/- 0.00 	[initial value = 400.0 ]
mu_e [mag/pixel^2] =  17.48 +/- 0.00 	 [initial value = 16.7 ]
n =  1.78 +/- 0.00        [initial value = 2.15 ]
b_n =  3.24
m_tot [mag] =  0.41

Component 2: disc.
h [pixel] =  2717.08 +/- 0.00        [initial value = 2383.0 ]
mu_0 [mag/pixel^2] =  17.59 +/- 0.00 	 [initial value = 17.3 ]
m_tot [mag] =  -1.58

Component 6: ferrer.
R_out [pixel] =  31863.19 +/- 0.00 	[initial value = 1215.0 ]
mu_0 [mag/pixel^2] =  34.09 +/- 0.00 	 [initial value = 19.7 ]
alpha [pixel] =  1.92 +/- 0.00        [initial value = 0.1 ]
beta =  0.01 +/- 0.00        [initial value = 0.01 ]
m_tot [mag] = -99

--------------------------------------------
--------------------------------------------

Input ellipse file:  m31_op_overmos_sky_gauss60_logscale.ell
Excluded data:  [[-1.2232836, 79.403338476], [1935.4389435612, 3389.510897388]]
Axis Used:  eq
x-Axis units: pixel
pixels to arcsec scale:  1.2232836
Settings.zeropoint:  17.25585
Sky RMS:  0.03
Delta:  0.0374157016709
Convolution done?  True
PSF:  moffat
Fit weighted with errors?  False
--------------------------------------------
Results from fit:
--------------------------------------------
Number of iterations: 990
Chisq:  7.29588679494e-05
Reduced chisq:  2.70218029442e-06
N_free:  27
Component 1: sersic.
R_e [pixel] =  1006.62 +/- 0.00 	[initial value = 177.0 ]
mu_e [mag/pixel^2] =  24.34 +/- 0.00 	 [initial value = 15.7 ]
n =  9.91 +/- 0.00        [initial value = 1.45 ]
b_n =  19.49
m_tot [mag] =  5.46

Component 2: disc.
h [pixel] =  208.49 +/- 0.00        [initial value = 989.0 ]
mu_0 [mag/pixel^2] =  14.93 +/- 0.00 	 [initial value = 16.9 ]
m_tot [mag] =  1.34

Component 6: ferrer.
R_out [pixel] =  4152.12 +/- 0.00 	[initial value = 878.0 ]
mu_0 [mag/pixel^2] =  17.91 +/- 0.00 	 [initial value = 18.2 ]
alpha [pixel] =  4.00 +/- 0.00        [initial value = 1.8 ]
beta =  0.01 +/- 0.00        [initial value = 0.01 ]
m_tot [mag] = -99

--------------------------------------------
--------------------------------------------

Input ellipse file:  m31_op_overmos_sky_gauss60_combscale.ell
Excluded data:  [[-1.2232836, 79.403338476], [1935.4389435612, 3389.510897388]]
Axis Used:  maj
x-Axis units: pixel
pixels to arcsec scale:  1.2232836
Settings.zeropoint:  17.25585
Sky RMS:  0.03
Delta:  0.0141202630945
Convolution done?  True
PSF:  gaussian
Fit weighted with errors?  False
--------------------------------------------
Results from fit:
--------------------------------------------
Number of iterations: 138
Chisq:  2.91083652309e-06
Reduced chisq:  9.09636413466e-08
N_free:  32
Component 1: sersic.
R_e [pixel] =  424.73 +/- 0.00 	[initial value = 400.0 ]
mu_e [mag/pixel^2] =  16.83 +/- 0.00 	 [initial value = 16.7 ]
n =  2.25 +/- 0.00        [initial value = 2.15 ]
b_n =  4.17
m_tot [mag] =  0.60

Component 2: disc.
h [pixel] =  2426.38 +/- 0.00        [initial value = 2383.0 ]
mu_0 [mag/pixel^2] =  17.39 +/- 0.00 	 [initial value = 17.3 ]
m_tot [mag] =  -1.53

Component 6: ferrer.
R_out [pixel] =  1210.91 +/- 0.00 	[initial value = 1215.0 ]
mu_0 [mag/pixel^2] =  19.86 +/- 0.00 	 [initial value = 19.7 ]
alpha [pixel] =  0.01 +/- 0.00        [initial value = 0.1 ]
beta =  0.01 +/- 0.00        [initial value = 0.01 ]
m_tot [mag] = -99

--------------------------------------------
--------------------------------------------

Input ellipse file:  m31_op_overmos_sky_gauss60_combscale.ell
Excluded data:  [[-1.2232836, 79.403338476], [1935.4389435612, 3389.510897388]]
Axis Used:  eq
x-Axis units: pixel
pixels to arcsec scale:  1.2232836
Settings.zeropoint:  17.25585
Sky RMS:  0.03
Delta:  0.0108063478327
Convolution done?  True
PSF:  gaussian
Fit weighted with errors?  False
--------------------------------------------
Results from fit:
--------------------------------------------
Number of iterations: 58
Chisq:  1.2361592112e-06
Reduced chisq:  3.862997535e-08
N_free:  32
Component 1: sersic.
R_e [pixel] =  173.61 +/- 0.00 	[initial value = 177.0 ]
mu_e [mag/pixel^2] =  15.63 +/- 0.00 	 [initial value = 15.7 ]
n =  1.34 +/- 0.00        [initial value = 1.45 ]
b_n =  2.35
m_tot [mag] =  1.61

Component 2: disc.
h [pixel] =  988.20 +/- 0.00        [initial value = 989.0 ]
mu_0 [mag/pixel^2] =  16.89 +/- 0.00 	 [initial value = 16.9 ]
m_tot [mag] =  -0.08

Component 6: ferrer.
R_out [pixel] =  868.22 +/- 0.00 	[initial value = 878.0 ]
mu_0 [mag/pixel^2] =  18.20 +/- 0.00 	 [initial value = 18.2 ]
alpha [pixel] =  1.66 +/- 0.00        [initial value = 1.8 ]
beta =  0.01 +/- 0.00        [initial value = 0.01 ]
m_tot [mag] = -99

--------------------------------------------
--------------------------------------------

Input ellipse file:  m31_op_overmos_sky_gauss60_combscale.ell
Excluded data:  [[-1.2232836, 79.403338476], [1935.4389435612, 3389.510897388]]
Axis Used:  maj
x-Axis units: pixel
pixels to arcsec scale:  1.2232836
Settings.zeropoint:  17.25585
Sky RMS:  0.03
Delta:  0.0140608720214
Convolution done?  True
PSF:  moffat
Fit weighted with errors?  False
--------------------------------------------
Results from fit:
--------------------------------------------
Number of iterations: 168
Chisq:  2.87906315502e-06
Reduced chisq:  8.99707235945e-08
N_free:  32
Component 1: sersic.
R_e [pixel] =  418.62 +/- 0.00 	[initial value = 400.0 ]
mu_e [mag/pixel^2] =  16.80 +/- 0.00 	 [initial value = 16.7 ]
n =  2.23 +/- 0.00        [initial value = 2.15 ]
b_n =  4.13
m_tot [mag] =  0.61

Component 2: disc.
h [pixel] =  2418.65 +/- 0.00        [initial value = 2383.0 ]
mu_0 [mag/pixel^2] =  17.39 +/- 0.00 	 [initial value = 17.3 ]
m_tot [mag] =  -1.53

Component 6: ferrer.
R_out [pixel] =  1210.34 +/- 0.00 	[initial value = 1215.0 ]
mu_0 [mag/pixel^2] =  19.83 +/- 0.00 	 [initial value = 19.7 ]
alpha [pixel] =  0.01 +/- 0.00        [initial value = 0.1 ]
beta =  0.01 +/- 0.00        [initial value = 0.01 ]
m_tot [mag] = -99

--------------------------------------------
--------------------------------------------

Input ellipse file:  m31_op_overmos_sky_gauss60_combscale.ell
Excluded data:  [[-1.2232836, 79.403338476], [1935.4389435612, 3389.510897388]]
Axis Used:  eq
x-Axis units: pixel
pixels to arcsec scale:  1.2232836
Settings.zeropoint:  17.25585
Sky RMS:  0.03
Delta:  0.0108116830837
Convolution done?  True
PSF:  moffat
Fit weighted with errors?  False
--------------------------------------------
Results from fit:
--------------------------------------------
Number of iterations: 58
Chisq:  1.2345533151e-06
Reduced chisq:  3.85797910969e-08
N_free:  32
Component 1: sersic.
R_e [pixel] =  173.57 +/- 0.00 	[initial value = 177.0 ]
mu_e [mag/pixel^2] =  15.64 +/- 0.00 	 [initial value = 15.7 ]
n =  1.34 +/- 0.00        [initial value = 1.45 ]
b_n =  2.35
m_tot [mag] =  1.61

Component 2: disc.
h [pixel] =  988.10 +/- 0.00        [initial value = 989.0 ]
mu_0 [mag/pixel^2] =  16.89 +/- 0.00 	 [initial value = 16.9 ]
m_tot [mag] =  -0.08

Component 6: ferrer.
R_out [pixel] =  867.42 +/- 0.00 	[initial value = 878.0 ]
mu_0 [mag/pixel^2] =  18.20 +/- 0.00 	 [initial value = 18.2 ]
alpha [pixel] =  1.66 +/- 0.00        [initial value = 1.8 ]
beta =  0.01 +/- 0.00        [initial value = 0.01 ]
m_tot [mag] = -99

--------------------------------------------
--------------------------------------------

Input ellipse file:  m31_op_overmos_sky_gauss60_logscale.ell
Excluded data:  [[-1.2232836, 79.403338476], [1935.4389435612, 3389.510897388]]
Axis Used:  maj
x-Axis units: pixel
pixels to arcsec scale:  1.2232836
Smoothing:  True sigma =  60.0
Zeropoint:  17.25585
Sky RMS:  0.03
Delta:  0.0427959066307
Convolution done?  True
PSF:  gaussian
Fit weighted with errors?  False
--------------------------------------------
Results from fit:
--------------------------------------------
Number of iterations: 141
Chisq:  0.000140113983703
Reduced chisq:  5.18940680382e-06
N_free:  27
Component 1: sersic.
R_e [pixel] =  656.84 +/- 0.00 	[initial value = 400.0 ]
mu_e [mag/pixel^2] =  17.47 +/- 0.00 	 [initial value = 16.7 ]
n =  1.78 +/- 0.00        [initial value = 2.15 ]
b_n =  3.23
m_tot [mag] =  0.41

Component 2: disc.
h [pixel] =  2702.27 +/- 0.00        [initial value = 2383.0 ]
mu_0 [mag/pixel^2] =  17.58 +/- 0.00 	 [initial value = 17.3 ]
m_tot [mag] =  -1.57

Component 6: ferrer.
R_out [pixel] =  31863.23 +/- 0.00 	[initial value = 1215.0 ]
mu_0 [mag/pixel^2] =  34.09 +/- 0.00 	 [initial value = 19.7 ]
alpha [pixel] =  1.92 +/- 0.00        [initial value = 0.1 ]
beta =  0.01 +/- 0.00        [initial value = 0.01 ]
m_tot [mag] = -99

--------------------------------------------
--------------------------------------------

Input ellipse file:  m31_op_overmos_sky_gauss60_logscale.ell
Excluded data:  [[-1.2232836, 79.403338476], [1935.4389435612, 3389.510897388]]
Axis Used:  eq
x-Axis units: pixel
pixels to arcsec scale:  1.2232836
Smoothing:  True sigma =  60.0
Zeropoint:  17.25585
Sky RMS:  0.03
Delta:  0.0401702210776
Convolution done?  True
PSF:  gaussian
Fit weighted with errors?  False
--------------------------------------------
Results from fit:
--------------------------------------------
Number of iterations: 274
Chisq:  0.000114957360313
Reduced chisq:  4.2576800116e-06
N_free:  27
Component 1: sersic.
R_e [pixel] =  1066.61 +/- 0.00 	[initial value = 177.0 ]
mu_e [mag/pixel^2] =  20.69 +/- 0.00 	 [initial value = 15.7 ]
n =  3.78 +/- 0.00        [initial value = 1.45 ]
b_n =  7.22
m_tot [mag] =  2.19

Component 2: disc.
h [pixel] =  218.29 +/- 0.00        [initial value = 989.0 ]
mu_0 [mag/pixel^2] =  15.16 +/- 0.00 	 [initial value = 16.9 ]
m_tot [mag] =  1.47

Component 6: ferrer.
R_out [pixel] =  4064.52 +/- 0.00 	[initial value = 878.0 ]
mu_0 [mag/pixel^2] =  18.05 +/- 0.00 	 [initial value = 18.2 ]
alpha [pixel] =  3.58 +/- 0.00        [initial value = 1.8 ]
beta =  0.01 +/- 0.00        [initial value = 0.01 ]
m_tot [mag] = -99

--------------------------------------------
--------------------------------------------

Input ellipse file:  m31_op_overmos_sky_gauss60_logscale.ell
Excluded data:  [[-1.2232836, 79.403338476], [1935.4389435612, 3389.510897388]]
Axis Used:  maj
x-Axis units: pixel
pixels to arcsec scale:  1.2232836
Smoothing:  True sigma =  60.0
Zeropoint:  17.25585
Sky RMS:  0.03
Delta:  0.042918816195
Convolution done?  True
PSF:  moffat
Fit weighted with errors?  False
--------------------------------------------
Results from fit:
--------------------------------------------
Number of iterations: 151
Chisq:  0.000140425861214
Reduced chisq:  5.20095782273e-06
N_free:  27
Component 1: sersic.
R_e [pixel] =  659.66 +/- 0.00 	[initial value = 400.0 ]
mu_e [mag/pixel^2] =  17.48 +/- 0.00 	 [initial value = 16.7 ]
n =  1.78 +/- 0.00        [initial value = 2.15 ]
b_n =  3.24
m_tot [mag] =  0.41

Component 2: disc.
h [pixel] =  2717.08 +/- 0.00        [initial value = 2383.0 ]
mu_0 [mag/pixel^2] =  17.59 +/- 0.00 	 [initial value = 17.3 ]
m_tot [mag] =  -1.58

Component 6: ferrer.
R_out [pixel] =  31863.19 +/- 0.00 	[initial value = 1215.0 ]
mu_0 [mag/pixel^2] =  34.09 +/- 0.00 	 [initial value = 19.7 ]
alpha [pixel] =  1.92 +/- 0.00        [initial value = 0.1 ]
beta =  0.01 +/- 0.00        [initial value = 0.01 ]
m_tot [mag] = -99

--------------------------------------------
--------------------------------------------

Input ellipse file:  m31_op_overmos_sky_gauss60_logscale.ell
Excluded data:  [[-1.2232836, 79.403338476], [1935.4389435612, 3389.510897388]]
Axis Used:  eq
x-Axis units: pixel
pixels to arcsec scale:  1.2232836
Smoothing:  True sigma =  60.0
Zeropoint:  17.25585
Sky RMS:  0.03
Delta:  0.0374157016709
Convolution done?  True
PSF:  moffat
Fit weighted with errors?  False
--------------------------------------------
Results from fit:
--------------------------------------------
Number of iterations: 990
Chisq:  7.29588679494e-05
Reduced chisq:  2.70218029442e-06
N_free:  27
Component 1: sersic.
R_e [pixel] =  1006.62 +/- 0.00 	[initial value = 177.0 ]
mu_e [mag/pixel^2] =  24.34 +/- 0.00 	 [initial value = 15.7 ]
n =  9.91 +/- 0.00        [initial value = 1.45 ]
b_n =  19.49
m_tot [mag] =  5.46

Component 2: disc.
h [pixel] =  208.49 +/- 0.00        [initial value = 989.0 ]
mu_0 [mag/pixel^2] =  14.93 +/- 0.00 	 [initial value = 16.9 ]
m_tot [mag] =  1.34

Component 6: ferrer.
R_out [pixel] =  4152.12 +/- 0.00 	[initial value = 878.0 ]
mu_0 [mag/pixel^2] =  17.91 +/- 0.00 	 [initial value = 18.2 ]
alpha [pixel] =  4.00 +/- 0.00        [initial value = 1.8 ]
beta =  0.01 +/- 0.00        [initial value = 0.01 ]
m_tot [mag] = -99

--------------------------------------------
--------------------------------------------

Input ellipse file:  m31_op_overmos_sky_gauss60_combscale.ell
Excluded data:  [[-1.2232836, 79.403338476], [1935.4389435612, 3389.510897388]]
Axis Used:  maj
x-Axis units: pixel
pixels to arcsec scale:  1.2232836
Smoothing:  True sigma =  60.0
Zeropoint:  17.25585
Sky RMS:  0.03
Delta:  0.0141202630945
Convolution done?  True
PSF:  gaussian
Fit weighted with errors?  False
--------------------------------------------
Results from fit:
--------------------------------------------
Number of iterations: 138
Chisq:  2.91083652309e-06
Reduced chisq:  9.09636413466e-08
N_free:  32
Component 1: sersic.
R_e [pixel] =  424.73 +/- 0.00 	[initial value = 400.0 ]
mu_e [mag/pixel^2] =  16.83 +/- 0.00 	 [initial value = 16.7 ]
n =  2.25 +/- 0.00        [initial value = 2.15 ]
b_n =  4.17
m_tot [mag] =  0.60

Component 2: disc.
h [pixel] =  2426.38 +/- 0.00        [initial value = 2383.0 ]
mu_0 [mag/pixel^2] =  17.39 +/- 0.00 	 [initial value = 17.3 ]
m_tot [mag] =  -1.53

Component 6: ferrer.
R_out [pixel] =  1210.91 +/- 0.00 	[initial value = 1215.0 ]
mu_0 [mag/pixel^2] =  19.86 +/- 0.00 	 [initial value = 19.7 ]
alpha [pixel] =  0.01 +/- 0.00        [initial value = 0.1 ]
beta =  0.01 +/- 0.00        [initial value = 0.01 ]
m_tot [mag] = -99

--------------------------------------------
--------------------------------------------

Input ellipse file:  m31_op_overmos_sky_gauss60_combscale.ell
Excluded data:  [[-1.2232836, 79.403338476], [1935.4389435612, 3389.510897388]]
Axis Used:  eq
x-Axis units: pixel
pixels to arcsec scale:  1.2232836
Smoothing:  True sigma =  60.0
Zeropoint:  17.25585
Sky RMS:  0.03
Delta:  0.0108063478327
Convolution done?  True
PSF:  gaussian
Fit weighted with errors?  False
--------------------------------------------
Results from fit:
--------------------------------------------
Number of iterations: 58
Chisq:  1.2361592112e-06
Reduced chisq:  3.862997535e-08
N_free:  32
Component 1: sersic.
R_e [pixel] =  173.61 +/- 0.00 	[initial value = 177.0 ]
mu_e [mag/pixel^2] =  15.63 +/- 0.00 	 [initial value = 15.7 ]
n =  1.34 +/- 0.00        [initial value = 1.45 ]
b_n =  2.35
m_tot [mag] =  1.61

Component 2: disc.
h [pixel] =  988.20 +/- 0.00        [initial value = 989.0 ]
mu_0 [mag/pixel^2] =  16.89 +/- 0.00 	 [initial value = 16.9 ]
m_tot [mag] =  -0.08

Component 6: ferrer.
R_out [pixel] =  868.22 +/- 0.00 	[initial value = 878.0 ]
mu_0 [mag/pixel^2] =  18.20 +/- 0.00 	 [initial value = 18.2 ]
alpha [pixel] =  1.66 +/- 0.00        [initial value = 1.8 ]
beta =  0.01 +/- 0.00        [initial value = 0.01 ]
m_tot [mag] = -99

--------------------------------------------
--------------------------------------------

Input ellipse file:  m31_op_overmos_sky_gauss60_combscale.ell
Excluded data:  [[-1.2232836, 79.403338476], [1935.4389435612, 3389.510897388]]
Axis Used:  maj
x-Axis units: pixel
pixels to arcsec scale:  1.2232836
Smoothing:  True sigma =  60.0
Zeropoint:  17.25585
Sky RMS:  0.03
Delta:  0.0140608720214
Convolution done?  True
PSF:  moffat
Fit weighted with errors?  False
--------------------------------------------
Results from fit:
--------------------------------------------
Number of iterations: 168
Chisq:  2.87906315502e-06
Reduced chisq:  8.99707235945e-08
N_free:  32
Component 1: sersic.
R_e [pixel] =  418.62 +/- 0.00 	[initial value = 400.0 ]
mu_e [mag/pixel^2] =  16.80 +/- 0.00 	 [initial value = 16.7 ]
n =  2.23 +/- 0.00        [initial value = 2.15 ]
b_n =  4.13
m_tot [mag] =  0.61

Component 2: disc.
h [pixel] =  2418.65 +/- 0.00        [initial value = 2383.0 ]
mu_0 [mag/pixel^2] =  17.39 +/- 0.00 	 [initial value = 17.3 ]
m_tot [mag] =  -1.53

Component 6: ferrer.
R_out [pixel] =  1210.34 +/- 0.00 	[initial value = 1215.0 ]
mu_0 [mag/pixel^2] =  19.83 +/- 0.00 	 [initial value = 19.7 ]
alpha [pixel] =  0.01 +/- 0.00        [initial value = 0.1 ]
beta =  0.01 +/- 0.00        [initial value = 0.01 ]
m_tot [mag] = -99

--------------------------------------------
--------------------------------------------

Input ellipse file:  m31_op_overmos_sky_gauss60_combscale.ell
Excluded data:  [[-1.2232836, 79.403338476], [1935.4389435612, 3389.510897388]]
Axis Used:  eq
x-Axis units: pixel
pixels to arcsec scale:  1.2232836
Smoothing:  True sigma =  60.0
Zeropoint:  17.25585
Sky RMS:  0.03
Delta:  0.0108116830837
Convolution done?  True
PSF:  moffat
Fit weighted with errors?  False
--------------------------------------------
Results from fit:
--------------------------------------------
Number of iterations: 58
Chisq:  1.2345533151e-06
Reduced chisq:  3.85797910969e-08
N_free:  32
Component 1: sersic.
R_e [pixel] =  173.57 +/- 0.00 	[initial value = 177.0 ]
mu_e [mag/pixel^2] =  15.64 +/- 0.00 	 [initial value = 15.7 ]
n =  1.34 +/- 0.00        [initial value = 1.45 ]
b_n =  2.35
m_tot [mag] =  1.61

Component 2: disc.
h [pixel] =  988.10 +/- 0.00        [initial value = 989.0 ]
mu_0 [mag/pixel^2] =  16.89 +/- 0.00 	 [initial value = 16.9 ]
m_tot [mag] =  -0.08

Component 6: ferrer.
R_out [pixel] =  867.42 +/- 0.00 	[initial value = 878.0 ]
mu_0 [mag/pixel^2] =  18.20 +/- 0.00 	 [initial value = 18.2 ]
alpha [pixel] =  1.66 +/- 0.00        [initial value = 1.8 ]
beta =  0.01 +/- 0.00        [initial value = 0.01 ]
m_tot [mag] = -99

--------------------------------------------
--------------------------------------------

